Log file open, 09/09/19 15:13:33
LogWindows: Failed to load 'aqProf.dll' (GetLastError=126)
LogWindows: File 'aqProf.dll' does not exist
LogWindows: Failed to load 'VtuneApi.dll' (GetLastError=126)
LogWindows: File 'VtuneApi.dll' does not exist
LogWindows: Failed to load 'VtuneApi32e.dll' (GetLastError=126)
LogWindows: File 'VtuneApi32e.dll' does not exist
LogConsoleResponse: Display: Failed to find resolution value strings in scalability ini. Falling back to default.
LogInit: Display: Running engine for game: CoopVR
LogPakFile: Registered encryption key '00000000000000000000000000000000': 0 pak files mounted, 0 remain pending
LogPlatformFile: Not using cached read wrapper
LogTaskGraph: Started task graph with 5 named threads and 23 total threads with 3 sets of task threads.
LogStats: Stats thread started at 0.325000
LogD3D11RHI: Loaded GFSDK_Aftermath_Lib.x64.dll
LogICUInternationalization: ICU TimeZone Detection - Raw Offset: -8:00, Platform Override: ''
LogPluginManager: Mounting plugin Paper2D
LogPluginManager: Mounting plugin AISupport
LogPluginManager: Mounting plugin LightPropagationVolume
LogPluginManager: Mounting plugin ActorLayerUtilities
LogPluginManager: Mounting plugin AnimationSharing
LogPluginManager: Mounting plugin CLionSourceCodeAccess
LogPluginManager: Mounting plugin CodeLiteSourceCodeAccess
LogPluginManager: Mounting plugin GitSourceControl
LogPluginManager: Mounting plugin KDevelopSourceCodeAccess
LogPluginManager: Mounting plugin NullSourceCodeAccess
LogPluginManager: Mounting plugin PerforceSourceControl
LogPluginManager: Mounting plugin SubversionSourceControl
LogPluginManager: Mounting plugin UObjectPlugin
LogPluginManager: Mounting plugin VisualStudioCodeSourceCodeAccess
LogPluginManager: Mounting plugin VisualStudioSourceCodeAccess
LogPluginManager: Mounting plugin XCodeSourceCodeAccess
LogPluginManager: Mounting plugin AssetManagerEditor
LogPluginManager: Mounting plugin CryptoKeys
LogPluginManager: Mounting plugin DataValidation
LogPluginManager: Mounting plugin EditorScriptingUtilities
LogPluginManager: Mounting plugin FacialAnimation
LogPluginManager: Mounting plugin GameplayTagsEditor
LogPluginManager: Mounting plugin GLTFImporter
LogPluginManager: Mounting plugin MacGraphicsSwitching
LogPluginManager: Mounting plugin MaterialAnalyzer
LogPluginManager: Mounting plugin MeshEditor
LogPluginManager: Mounting plugin MobileLauncherProfileWizard
LogPluginManager: Mounting plugin PluginBrowser
LogPluginManager: Mounting plugin SpeedTreeImporter
LogPluginManager: Mounting plugin DatasmithContent
LogPluginManager: Mounting plugin VariantManagerContent
LogPluginManager: Mounting plugin AlembicImporter
LogPluginManager: Mounting plugin AppleImageUtils
LogPluginManager: Mounting plugin AppleVision
LogPluginManager: Mounting plugin BackChannel
LogPluginManager: Mounting plugin BlastPlugin
LogPluginManager: Mounting plugin ChaosSolverPlugin
LogPluginManager: Mounting plugin CharacterAI
LogPluginManager: Mounting plugin GeometryCache
LogPluginManager: Mounting plugin GeometryCollectionPlugin
LogPluginManager: Mounting plugin HTML5Networking
LogPluginManager: Mounting plugin ProxyLODPlugin
LogPluginManager: Mounting plugin SkeletalReduction
LogPluginManager: Mounting plugin MagicLeap
LogPluginManager: Mounting plugin MagicLeapMedia
LogPluginManager: Mounting plugin AndroidMedia
LogPluginManager: Mounting plugin AvfMedia
LogPluginManager: Mounting plugin ImgMedia
LogPluginManager: Mounting plugin LinearTimecode
LogPluginManager: Mounting plugin MediaCompositing
LogPluginManager: Mounting plugin MediaPlayerEditor
LogPluginManager: Mounting plugin WebMMedia
LogPluginManager: Mounting plugin WmfMedia
LogPluginManager: Mounting plugin TcpMessaging
LogPluginManager: Mounting plugin UdpMessaging
LogPluginManager: Mounting plugin ActorSequence
LogPluginManager: Mounting plugin LevelSequenceEditor
LogPluginManager: Mounting plugin MatineeToLevelSequence
LogPluginManager: Mounting plugin NetcodeUnitTest
LogPluginManager: Mounting plugin NUTUnrealEngine4
LogPluginManager: Mounting plugin OnlineSubsystemGooglePlay
LogPluginManager: Mounting plugin OnlineSubsystemIOS
LogPluginManager: Mounting plugin OnlineSubsystem
LogPluginManager: Mounting plugin OnlineSubsystemNull
LogPluginManager: Mounting plugin OnlineSubsystemSteam
LogPluginManager: Mounting plugin OnlineSubsystemUtils
LogPluginManager: Mounting plugin LauncherChunkInstaller
LogPluginManager: Mounting plugin AndroidDeviceProfileSelector
LogPluginManager: Mounting plugin AndroidMoviePlayer
LogPluginManager: Mounting plugin AndroidPermission
LogPluginManager: Mounting plugin AppleMoviePlayer
LogPluginManager: Mounting plugin ArchVisCharacter
LogPluginManager: Mounting plugin AudioCapture
LogPluginManager: Mounting plugin CableComponent
LogPluginManager: Mounting plugin CustomMeshComponent
LogPluginManager: Mounting plugin EditableMesh
LogPluginManager: Mounting plugin ExampleDeviceProfileSelector
LogPluginManager: Mounting plugin Firebase
LogPluginManager: Mounting plugin GoogleCloudMessaging
LogPluginManager: Mounting plugin IOSDeviceProfileSelector
LogPluginManager: Mounting plugin LinuxDeviceProfileSelector
LogPluginManager: Mounting plugin LocationServicesBPLibrary
LogPluginManager: Mounting plugin MobilePatchingUtils
LogPluginManager: Mounting plugin OculusVR
LogPluginManager: Mounting plugin PhysXVehicles
LogPluginManager: Mounting plugin ProceduralMeshComponent
LogPluginManager: Mounting plugin RuntimePhysXCooking
LogPluginManager: Mounting plugin SignificanceManager
LogPluginManager: Mounting plugin SteamVR
LogPluginManager: Mounting plugin WebMMoviePlayer
LogPluginManager: Mounting plugin WindowsMoviePlayer
LogPluginManager: Mounting plugin DatasmithCADImporter
LogPluginManager: Mounting plugin DatasmithDataPrepEditor
LogPluginManager: Mounting plugin DatasmithFBXImporter
LogPluginManager: Mounting plugin DatasmithGLTFImporter
LogPluginManager: Mounting plugin DatasmithImporter
LogPluginManager: Mounting plugin MDLImporter
LogPluginManager: Mounting plugin StaticMeshEditorExtension
LogPluginManager: Mounting plugin VariantManager
LogInit: Using libcurl 7.55.1-DEV
LogInit:  - built for x86_64-pc-win32
LogInit:  - supports SSL with OpenSSL/1.1.1
LogInit:  - supports HTTP deflate (compression) using libz 1.2.8
LogInit:  - other features:
LogInit:      CURL_VERSION_SSL
LogInit:      CURL_VERSION_LIBZ
LogInit:      CURL_VERSION_IPV6
LogInit:      CURL_VERSION_ASYNCHDNS
LogInit:      CURL_VERSION_LARGEFILE
LogInit:      CURL_VERSION_IDN
LogInit:  CurlRequestOptions (configurable via config and command line):
LogInit:  - bVerifyPeer = true  - Libcurl will verify peer certificate
LogInit:  - bUseHttpProxy = false  - Libcurl will NOT use HTTP proxy
LogInit:  - bDontReuseConnections = false  - Libcurl will reuse connections
LogInit:  - MaxHostConnections = 16  - Libcurl will limit the number of connections to a host
LogInit:  - LocalHostAddr = Default
LogInit:  - BufferSize = 65536
LogOnline: Display: STEAM: Loading Steam SDK 1.39
LogOnline: STEAM: Steam User is subscribed 1
LogOnline: STEAM: [AppId: 480] Client API initialized 1
LogOnline: STEAM: [AppId: 480] Game Server API initialized 1
LogOnline: STEAM: Missing P2PCleanupTimeout key in OnlineSubsystemSteam of DefaultEngine.ini, using default
LogInit: WinSock: version 1.1 (2.2), MaxSocks=32767, MaxUdp=65467
LogInit: Build: ++UE4+Release-4.22-CL-7053642
LogInit: Engine Version: 4.22.3-7053642+++UE4+Release-4.22
LogInit: Compatible Engine Version: 4.22.0-5660361+++UE4+Release-4.22
LogInit: Net CL: 5660361
LogInit: OS: Windows 10 (Release 1803) (), CPU:        Intel(R) Core(TM) i7-3770K CPU @ 3.50GHz, GPU: NVIDIA GeForce RTX 2070
LogInit: Compiled (64-bit): Jun 18 2019 03:09:11
LogInit: Compiled with Visual C++: 19.16.27025.01
LogInit: Build Configuration: Development
LogInit: Branch Name: ++UE4+Release-4.22
LogInit: Command Line:  -game
LogInit: Base Directory: C:/Program Files (x86)/Epic Games/UE_4.22/Engine/Binaries/Win64/
LogInit: Installed Engine Build: 1
LogDevObjectVersion: Number of dev versions registered: 23
LogDevObjectVersion:   Dev-Blueprints (B0D832E4-1F89-4F0D-ACCF-7EB736FD4AA2): 10
LogDevObjectVersion:   Dev-Build (E1C64328-A22C-4D53-A36C-8E866417BD8C): 0
LogDevObjectVersion:   Dev-Core (375EC13C-06E4-48FB-B500-84F0262A717E): 3
LogDevObjectVersion:   Dev-Editor (E4B068ED-F494-42E9-A231-DA0B2E46BB41): 30
LogDevObjectVersion:   Dev-Framework (CFFC743F-43B0-4480-9391-14DF171D2073): 35
LogDevObjectVersion:   Dev-Mobile (B02B49B5-BB20-44E9-A304-32B752E40360): 2
LogDevObjectVersion:   Dev-Networking (A4E4105C-59A1-49B5-A7C5-40C4547EDFEE): 0
LogDevObjectVersion:   Dev-Online (39C831C9-5AE6-47DC-9A44-9C173E1C8E7C): 0
LogDevObjectVersion:   Dev-Physics (78F01B33-EBEA-4F98-B9B4-84EACCB95AA2): 0
LogDevObjectVersion:   Dev-Platform (6631380F-2D4D-43E0-8009-CF276956A95A): 0
LogDevObjectVersion:   Dev-Rendering (12F88B9F-8875-4AFC-A67C-D90C383ABD29): 28
LogDevObjectVersion:   Dev-Sequencer (7B5AE74C-D270-4C10-A958-57980B212A5A): 11
LogDevObjectVersion:   Dev-VR (D7296918-1DD6-4BDD-9DE2-64A83CC13884): 2
LogDevObjectVersion:   Dev-LoadTimes (C2A15278-BFE7-4AFE-6C17-90FF531DF755): 1
LogDevObjectVersion:   Private-Geometry (6EACA3D4-40EC-4CC1-B786-8BED09428FC5): 3
LogDevObjectVersion:   Dev-AnimPhys (29E575DD-E0A3-4627-9D10-D276232CDCEA): 17
LogDevObjectVersion:   Dev-Anim (AF43A65D-7FD3-4947-9873-3E8ED9C1BB05): 2
LogDevObjectVersion:   Dev-ReflectionCapture (6B266CEC-1EC7-4B8F-A30B-E4D90942FC07): 1
LogDevObjectVersion:   Dev-Automation (0DF73D61-A23F-47EA-B727-89E90C41499A): 1
LogDevObjectVersion:   FortniteMain (601D1886-AC64-4F84-AA16-D3DE0DEAC7D6): 25
LogDevObjectVersion:   Dev-Enterprise (9DFFBCD6-494F-0158-E221-12823C92A888): 6
LogDevObjectVersion:   Dev-Niagara (F2AED0AC-9AFE-416F-8664-AA7FFA26D6FC): 1
LogDevObjectVersion:   Dev-Destruction (174F1F0B-B4C6-45A5-B13F-2EE8D0FB917D): 2
LogInit: Presizing for max 16777216 objects, including 0 objects not considered by GC, pre-allocating 0 bytes for permanent pool.
LogInit: Object subsystem initialized
LogConfig: Setting CVar [[con.DebugEarlyDefault:1]]
LogConfig: Setting CVar [[r.setres:1280x720]]
[2019.09.09-22.13.34:437][  0]LogConfig: Setting CVar [[con.DebugEarlyDefault:1]]
[2019.09.09-22.13.34:437][  0]LogConfig: Setting CVar [[r.setres:1280x720]]
[2019.09.09-22.13.34:437][  0]LogConfig: Applying CVar settings from Section [/Script/Engine.RendererSettings] File [G:/Epic Games/UnrealProjects/CoopVR/Saved/Config/Windows/Engine.ini]
[2019.09.09-22.13.34:437][  0]LogConfig: Setting CVar [[r.GPUCrashDebugging:0]]
[2019.09.09-22.13.34:437][  0]LogConfig: Applying CVar settings from Section [/Script/Engine.RendererOverrideSettings] File [G:/Epic Games/UnrealProjects/CoopVR/Saved/Config/Windows/Engine.ini]
[2019.09.09-22.13.34:437][  0]LogConfig: Applying CVar settings from Section [/Script/Engine.StreamingSettings] File [G:/Epic Games/UnrealProjects/CoopVR/Saved/Config/Windows/Engine.ini]
[2019.09.09-22.13.34:437][  0]LogConfig: Setting CVar [[s.MinBulkDataSizeForAsyncLoading:131072]]
[2019.09.09-22.13.34:437][  0]LogConfig: Setting CVar [[s.AsyncLoadingThreadEnabled:0]]
[2019.09.09-22.13.34:437][  0]LogConfig: Setting CVar [[s.EventDrivenLoaderEnabled:1]]
[2019.09.09-22.13.34:437][  0]LogConfig: Setting CVar [[s.WarnIfTimeLimitExceeded:0]]
[2019.09.09-22.13.34:437][  0]LogConfig: Setting CVar [[s.TimeLimitExceededMultiplier:1.5]]
[2019.09.09-22.13.34:437][  0]LogConfig: Setting CVar [[s.TimeLimitExceededMinTime:0.005]]
[2019.09.09-22.13.34:437][  0]LogConfig: Setting CVar [[s.UseBackgroundLevelStreaming:1]]
[2019.09.09-22.13.34:437][  0]LogConfig: Setting CVar [[s.PriorityAsyncLoadingExtraTime:15.0]]
[2019.09.09-22.13.34:437][  0]LogConfig: Setting CVar [[s.LevelStreamingActorsUpdateTimeLimit:5.0]]
[2019.09.09-22.13.34:437][  0]LogConfig: Setting CVar [[s.PriorityLevelStreamingActorsUpdateExtraTime:5.0]]
[2019.09.09-22.13.34:437][  0]LogConfig: Setting CVar [[s.LevelStreamingComponentsRegistrationGranularity:10]]
[2019.09.09-22.13.34:437][  0]LogConfig: Setting CVar [[s.UnregisterComponentsTimeLimit:1.0]]
[2019.09.09-22.13.34:437][  0]LogConfig: Setting CVar [[s.LevelStreamingComponentsUnregistrationGranularity:5]]
[2019.09.09-22.13.34:437][  0]LogConfig: Applying CVar settings from Section [/Script/Engine.GarbageCollectionSettings] File [G:/Epic Games/UnrealProjects/CoopVR/Saved/Config/Windows/Engine.ini]
[2019.09.09-22.13.34:437][  0]LogConfig: Setting CVar [[gc.MaxObjectsNotConsideredByGC:1]]
[2019.09.09-22.13.34:437][  0]LogConfig: Setting CVar [[gc.SizeOfPermanentObjectPool:0]]
[2019.09.09-22.13.34:437][  0]LogConfig: Setting CVar [[gc.FlushStreamingOnGC:0]]
[2019.09.09-22.13.34:437][  0]LogConfig: Setting CVar [[gc.NumRetriesBeforeForcingGC:10]]
[2019.09.09-22.13.34:437][  0]LogConfig: Setting CVar [[gc.AllowParallelGC:1]]
[2019.09.09-22.13.34:437][  0]LogConfig: Setting CVar [[gc.TimeBetweenPurgingPendingKillObjects:61.1]]
[2019.09.09-22.13.34:437][  0]LogConfig: Setting CVar [[gc.MaxObjectsInEditor:16777216]]
[2019.09.09-22.13.34:437][  0]LogConfig: Setting CVar [[gc.IncrementalBeginDestroyEnabled:1]]
[2019.09.09-22.13.34:438][  0]LogConfig: Setting CVar [[gc.CreateGCClusters:1]]
[2019.09.09-22.13.34:438][  0]LogConfig: Setting CVar [[gc.MinGCClusterSize:5]]
[2019.09.09-22.13.34:438][  0]LogConfig: Setting CVar [[gc.ActorClusteringEnabled:0]]
[2019.09.09-22.13.34:438][  0]LogConfig: Setting CVar [[gc.BlueprintClusteringEnabled:0]]
[2019.09.09-22.13.34:438][  0]LogConfig: Setting CVar [[gc.UseDisregardForGCOnDedicatedServers:0]]
[2019.09.09-22.13.34:438][  0]LogConfig: Applying CVar settings from Section [/Script/Engine.NetworkSettings] File [G:/Epic Games/UnrealProjects/CoopVR/Saved/Config/Windows/Engine.ini]
[2019.09.09-22.13.34:438][  0]LogConfig: Applying CVar settings from Section [/Script/UnrealEd.CookerSettings] File [G:/Epic Games/UnrealProjects/CoopVR/Saved/Config/Windows/Engine.ini]
[2019.09.09-22.13.34:444][  0]LogConfig: Applying CVar settings from Section [ViewDistanceQuality@3] File [G:/Epic Games/UnrealProjects/CoopVR/Saved/Config/Windows/Scalability.ini]
[2019.09.09-22.13.34:444][  0]LogConfig: Setting CVar [[r.SkeletalMeshLODBias:0]]
[2019.09.09-22.13.34:444][  0]LogConfig: Setting CVar [[r.ViewDistanceScale:1.0]]
[2019.09.09-22.13.34:444][  0]LogConfig: Applying CVar settings from Section [AntiAliasingQuality@3] File [G:/Epic Games/UnrealProjects/CoopVR/Saved/Config/Windows/Scalability.ini]
[2019.09.09-22.13.34:444][  0]LogConfig: Setting CVar [[r.PostProcessAAQuality:4]]
[2019.09.09-22.13.34:444][  0]LogConfig: Applying CVar settings from Section [ShadowQuality@3] File [G:/Epic Games/UnrealProjects/CoopVR/Saved/Config/Windows/Scalability.ini]
[2019.09.09-22.13.34:444][  0]LogConfig: Setting CVar [[r.LightFunctionQuality:1]]
[2019.09.09-22.13.34:444][  0]LogConfig: Setting CVar [[r.ShadowQuality:5]]
[2019.09.09-22.13.34:444][  0]LogConfig: Setting CVar [[r.Shadow.CSM.MaxCascades:10]]
[2019.09.09-22.13.34:444][  0]LogConfig: Setting CVar [[r.Shadow.MaxResolution:2048]]
[2019.09.09-22.13.34:444][  0]LogConfig: Setting CVar [[r.Shadow.MaxCSMResolution:2048]]
[2019.09.09-22.13.34:444][  0]LogConfig: Setting CVar [[r.Shadow.RadiusThreshold:0.01]]
[2019.09.09-22.13.34:444][  0]LogConfig: Setting CVar [[r.Shadow.DistanceScale:1.0]]
[2019.09.09-22.13.34:444][  0]LogConfig: Setting CVar [[r.Shadow.CSM.TransitionScale:1.0]]
[2019.09.09-22.13.34:444][  0]LogConfig: Setting CVar [[r.Shadow.PreShadowResolutionFactor:1.0]]
[2019.09.09-22.13.34:444][  0]LogConfig: Setting CVar [[r.DistanceFieldShadowing:1]]
[2019.09.09-22.13.34:444][  0]LogConfig: Setting CVar [[r.DistanceFieldAO:1]]
[2019.09.09-22.13.34:444][  0]LogConfig: Setting CVar [[r.AOQuality:2]]
[2019.09.09-22.13.34:444][  0]LogConfig: Setting CVar [[r.VolumetricFog:1]]
[2019.09.09-22.13.34:444][  0]LogConfig: Setting CVar [[r.VolumetricFog.GridPixelSize:8]]
[2019.09.09-22.13.34:444][  0]LogConfig: Setting CVar [[r.VolumetricFog.GridSizeZ:128]]
[2019.09.09-22.13.34:444][  0]LogConfig: Setting CVar [[r.VolumetricFog.HistoryMissSupersampleCount:4]]
[2019.09.09-22.13.34:444][  0]LogConfig: Setting CVar [[r.LightMaxDrawDistanceScale:1]]
[2019.09.09-22.13.34:444][  0]LogConfig: Setting CVar [[r.CapsuleShadows:1]]
[2019.09.09-22.13.34:444][  0]LogConfig: Applying CVar settings from Section [PostProcessQuality@3] File [G:/Epic Games/UnrealProjects/CoopVR/Saved/Config/Windows/Scalability.ini]
[2019.09.09-22.13.34:444][  0]LogConfig: Setting CVar [[r.MotionBlurQuality:4]]
[2019.09.09-22.13.34:444][  0]LogConfig: Setting CVar [[r.AmbientOcclusionMipLevelFactor:0.4]]
[2019.09.09-22.13.34:444][  0]LogConfig: Setting CVar [[r.AmbientOcclusionMaxQuality:100]]
[2019.09.09-22.13.34:444][  0]LogConfig: Setting CVar [[r.AmbientOcclusionLevels:-1]]
[2019.09.09-22.13.34:444][  0]LogConfig: Setting CVar [[r.AmbientOcclusionRadiusScale:1.0]]
[2019.09.09-22.13.34:444][  0]LogConfig: Setting CVar [[r.DepthOfFieldQuality:2]]
[2019.09.09-22.13.34:444][  0]LogConfig: Setting CVar [[r.RenderTargetPoolMin:400]]
[2019.09.09-22.13.34:444][  0]LogConfig: Setting CVar [[r.LensFlareQuality:2]]
[2019.09.09-22.13.34:444][  0]LogConfig: Setting CVar [[r.SceneColorFringeQuality:1]]
[2019.09.09-22.13.34:444][  0]LogConfig: Setting CVar [[r.EyeAdaptationQuality:2]]
[2019.09.09-22.13.34:444][  0]LogConfig: Setting CVar [[r.BloomQuality:5]]
[2019.09.09-22.13.34:444][  0]LogConfig: Setting CVar [[r.FastBlurThreshold:100]]
[2019.09.09-22.13.34:444][  0]LogConfig: Setting CVar [[r.Upscale.Quality:3]]
[2019.09.09-22.13.34:444][  0]LogConfig: Setting CVar [[r.Tonemapper.GrainQuantization:1]]
[2019.09.09-22.13.34:444][  0]LogConfig: Setting CVar [[r.LightShaftQuality:1]]
[2019.09.09-22.13.34:444][  0]LogConfig: Setting CVar [[r.Filter.SizeScale:1]]
[2019.09.09-22.13.34:444][  0]LogConfig: Setting CVar [[r.Tonemapper.Quality:5]]
[2019.09.09-22.13.34:444][  0]LogConfig: Setting CVar [[r.DOF.Gather.AccumulatorQuality:1        ; higher gathering accumulator quality]]
[2019.09.09-22.13.34:444][  0]LogConfig: Setting CVar [[r.DOF.Gather.PostfilterMethod:1          ; Median3x3 postfilering method]]
[2019.09.09-22.13.34:444][  0]LogConfig: Setting CVar [[r.DOF.Gather.EnableBokehSettings:0       ; no bokeh simulation when gathering]]
[2019.09.09-22.13.34:444][  0]LogConfig: Setting CVar [[r.DOF.Gather.RingCount:4                 ; medium number of samples when gathering]]
[2019.09.09-22.13.34:444][  0]LogConfig: Setting CVar [[r.DOF.Scatter.ForegroundCompositing:1    ; additive foreground scattering]]
[2019.09.09-22.13.34:444][  0]LogConfig: Setting CVar [[r.DOF.Scatter.BackgroundCompositing:2    ; additive background scattering]]
[2019.09.09-22.13.34:444][  0]LogConfig: Setting CVar [[r.DOF.Scatter.EnableBokehSettings:1      ; bokeh simulation when scattering]]
[2019.09.09-22.13.34:444][  0]LogConfig: Setting CVar [[r.DOF.Scatter.MaxSpriteRatio:0.1         ; only a maximum of 10% of scattered bokeh]]
[2019.09.09-22.13.34:444][  0]LogConfig: Setting CVar [[r.DOF.Recombine.Quality:1                ; cheap slight out of focus]]
[2019.09.09-22.13.34:444][  0]LogConfig: Setting CVar [[r.DOF.Recombine.EnableBokehSettings:0    ; no bokeh simulation on slight out of focus]]
[2019.09.09-22.13.34:444][  0]LogConfig: Setting CVar [[r.DOF.TemporalAAQuality:1                ; more stable temporal accumulation]]
[2019.09.09-22.13.34:444][  0]LogConfig: Setting CVar [[r.DOF.Kernel.MaxForegroundRadius:0.025]]
[2019.09.09-22.13.34:444][  0]LogConfig: Setting CVar [[r.DOF.Kernel.MaxBackgroundRadius:0.025]]
[2019.09.09-22.13.34:444][  0]LogConfig: Applying CVar settings from Section [TextureQuality@3] File [G:/Epic Games/UnrealProjects/CoopVR/Saved/Config/Windows/Scalability.ini]
[2019.09.09-22.13.34:444][  0]LogConfig: Setting CVar [[r.Streaming.MipBias:0]]
[2019.09.09-22.13.34:444][  0]LogConfig: Setting CVar [[r.Streaming.AmortizeCPUToGPUCopy:0]]
[2019.09.09-22.13.34:444][  0]LogConfig: Setting CVar [[r.Streaming.MaxNumTexturesToStreamPerFrame:0]]
[2019.09.09-22.13.34:444][  0]LogConfig: Setting CVar [[r.Streaming.Boost:1]]
[2019.09.09-22.13.34:444][  0]LogConfig: Setting CVar [[r.MaxAnisotropy:8]]
[2019.09.09-22.13.34:444][  0]LogConfig: Setting CVar [[r.Streaming.LimitPoolSizeToVRAM:0]]
[2019.09.09-22.13.34:444][  0]LogConfig: Setting CVar [[r.Streaming.PoolSize:1000]]
[2019.09.09-22.13.34:445][  0]LogConfig: Setting CVar [[r.Streaming.MaxEffectiveScreenSize:0]]
[2019.09.09-22.13.34:445][  0]LogConfig: Applying CVar settings from Section [EffectsQuality@3] File [G:/Epic Games/UnrealProjects/CoopVR/Saved/Config/Windows/Scalability.ini]
[2019.09.09-22.13.34:445][  0]LogConfig: Setting CVar [[r.TranslucencyLightingVolumeDim:64]]
[2019.09.09-22.13.34:445][  0]LogConfig: Setting CVar [[r.RefractionQuality:2]]
[2019.09.09-22.13.34:445][  0]LogConfig: Setting CVar [[r.SSR.Quality:3]]
[2019.09.09-22.13.34:445][  0]LogConfig: Setting CVar [[r.SceneColorFormat:4]]
[2019.09.09-22.13.34:445][  0]LogConfig: Setting CVar [[r.DetailMode:2]]
[2019.09.09-22.13.34:445][  0]LogConfig: Setting CVar [[r.TranslucencyVolumeBlur:1]]
[2019.09.09-22.13.34:445][  0]LogConfig: Setting CVar [[r.MaterialQualityLevel:1 ; High quality]]
[2019.09.09-22.13.34:445][  0]LogConfig: Setting CVar [[r.SSS.Scale:1]]
[2019.09.09-22.13.34:445][  0]LogConfig: Setting CVar [[r.SSS.SampleSet:2]]
[2019.09.09-22.13.34:445][  0]LogConfig: Setting CVar [[r.SSS.Quality:1]]
[2019.09.09-22.13.34:445][  0]LogConfig: Setting CVar [[r.SSS.HalfRes:1]]
[2019.09.09-22.13.34:445][  0]LogConfig: Setting CVar [[r.EmitterSpawnRateScale:1.0]]
[2019.09.09-22.13.34:445][  0]LogConfig: Setting CVar [[r.ParticleLightQuality:2]]
[2019.09.09-22.13.34:445][  0]LogConfig: Applying CVar settings from Section [FoliageQuality@3] File [G:/Epic Games/UnrealProjects/CoopVR/Saved/Config/Windows/Scalability.ini]
[2019.09.09-22.13.34:445][  0]LogConfig: Setting CVar [[foliage.DensityScale:1.0]]
[2019.09.09-22.13.34:445][  0]LogConfig: Setting CVar [[grass.DensityScale:1.0]]
[2019.09.09-22.13.34:445][  0]LogInit: Selected Device Profile: [Windows]
[2019.09.09-22.13.34:445][  0]LogInit: Applying CVar settings loaded from the selected device profile: [Windows]
[2019.09.09-22.13.34:453][  0]LogHAL: Display: Platform has ~ 16 GB [17124184064 / 17179869184 / 16], which maps to Larger [LargestMinGB=32, LargerMinGB=12, DefaultMinGB=8, SmallerMinGB=6, SmallestMinGB=0)
[2019.09.09-22.13.34:453][  0]LogConfig: Setting CVar [[r.Vulkan.UseRealUBs:0		; Required until we fix HLR fall-out]]
[2019.09.09-22.13.34:453][  0]LogInit: Going up to parent DeviceProfile []
[2019.09.09-22.13.34:453][  0]LogConfig: Applying CVar settings from Section [ViewDistanceQuality@3] File [G:/Epic Games/UnrealProjects/CoopVR/Saved/Config/Windows/Scalability.ini]
[2019.09.09-22.13.34:453][  0]LogConfig: Setting CVar [[r.SkeletalMeshLODBias:0]]
[2019.09.09-22.13.34:453][  0]LogConfig: Setting CVar [[r.ViewDistanceScale:1.0]]
[2019.09.09-22.13.34:453][  0]LogConfig: Applying CVar settings from Section [AntiAliasingQuality@3] File [G:/Epic Games/UnrealProjects/CoopVR/Saved/Config/Windows/Scalability.ini]
[2019.09.09-22.13.34:453][  0]LogConfig: Setting CVar [[r.PostProcessAAQuality:4]]
[2019.09.09-22.13.34:453][  0]LogConfig: Applying CVar settings from Section [ShadowQuality@3] File [G:/Epic Games/UnrealProjects/CoopVR/Saved/Config/Windows/Scalability.ini]
[2019.09.09-22.13.34:453][  0]LogConfig: Setting CVar [[r.LightFunctionQuality:1]]
[2019.09.09-22.13.34:453][  0]LogConfig: Setting CVar [[r.ShadowQuality:5]]
[2019.09.09-22.13.34:453][  0]LogConfig: Setting CVar [[r.Shadow.CSM.MaxCascades:10]]
[2019.09.09-22.13.34:453][  0]LogConfig: Setting CVar [[r.Shadow.MaxResolution:2048]]
[2019.09.09-22.13.34:453][  0]LogConfig: Setting CVar [[r.Shadow.MaxCSMResolution:2048]]
[2019.09.09-22.13.34:454][  0]LogConfig: Setting CVar [[r.Shadow.RadiusThreshold:0.01]]
[2019.09.09-22.13.34:454][  0]LogConfig: Setting CVar [[r.Shadow.DistanceScale:1.0]]
[2019.09.09-22.13.34:454][  0]LogConfig: Setting CVar [[r.Shadow.CSM.TransitionScale:1.0]]
[2019.09.09-22.13.34:454][  0]LogConfig: Setting CVar [[r.Shadow.PreShadowResolutionFactor:1.0]]
[2019.09.09-22.13.34:454][  0]LogConfig: Setting CVar [[r.DistanceFieldShadowing:1]]
[2019.09.09-22.13.34:454][  0]LogConfig: Setting CVar [[r.DistanceFieldAO:1]]
[2019.09.09-22.13.34:454][  0]LogConfig: Setting CVar [[r.AOQuality:2]]
[2019.09.09-22.13.34:454][  0]LogConfig: Setting CVar [[r.VolumetricFog:1]]
[2019.09.09-22.13.34:454][  0]LogConfig: Setting CVar [[r.VolumetricFog.GridPixelSize:8]]
[2019.09.09-22.13.34:454][  0]LogConfig: Setting CVar [[r.VolumetricFog.GridSizeZ:128]]
[2019.09.09-22.13.34:454][  0]LogConfig: Setting CVar [[r.VolumetricFog.HistoryMissSupersampleCount:4]]
[2019.09.09-22.13.34:454][  0]LogConfig: Setting CVar [[r.LightMaxDrawDistanceScale:1]]
[2019.09.09-22.13.34:454][  0]LogConfig: Setting CVar [[r.CapsuleShadows:1]]
[2019.09.09-22.13.34:454][  0]LogConfig: Applying CVar settings from Section [PostProcessQuality@3] File [G:/Epic Games/UnrealProjects/CoopVR/Saved/Config/Windows/Scalability.ini]
[2019.09.09-22.13.34:454][  0]LogConfig: Setting CVar [[r.MotionBlurQuality:4]]
[2019.09.09-22.13.34:454][  0]LogConfig: Setting CVar [[r.AmbientOcclusionMipLevelFactor:0.4]]
[2019.09.09-22.13.34:454][  0]LogConfig: Setting CVar [[r.AmbientOcclusionMaxQuality:100]]
[2019.09.09-22.13.34:454][  0]LogConfig: Setting CVar [[r.AmbientOcclusionLevels:-1]]
[2019.09.09-22.13.34:454][  0]LogConfig: Setting CVar [[r.AmbientOcclusionRadiusScale:1.0]]
[2019.09.09-22.13.34:454][  0]LogConfig: Setting CVar [[r.DepthOfFieldQuality:2]]
[2019.09.09-22.13.34:454][  0]LogConfig: Setting CVar [[r.RenderTargetPoolMin:400]]
[2019.09.09-22.13.34:454][  0]LogConfig: Setting CVar [[r.LensFlareQuality:2]]
[2019.09.09-22.13.34:454][  0]LogConfig: Setting CVar [[r.SceneColorFringeQuality:1]]
[2019.09.09-22.13.34:454][  0]LogConfig: Setting CVar [[r.EyeAdaptationQuality:2]]
[2019.09.09-22.13.34:454][  0]LogConfig: Setting CVar [[r.BloomQuality:5]]
[2019.09.09-22.13.34:454][  0]LogConfig: Setting CVar [[r.FastBlurThreshold:100]]
[2019.09.09-22.13.34:454][  0]LogConfig: Setting CVar [[r.Upscale.Quality:3]]
[2019.09.09-22.13.34:454][  0]LogConfig: Setting CVar [[r.Tonemapper.GrainQuantization:1]]
[2019.09.09-22.13.34:454][  0]LogConfig: Setting CVar [[r.LightShaftQuality:1]]
[2019.09.09-22.13.34:454][  0]LogConfig: Setting CVar [[r.Filter.SizeScale:1]]
[2019.09.09-22.13.34:454][  0]LogConfig: Setting CVar [[r.Tonemapper.Quality:5]]
[2019.09.09-22.13.34:454][  0]LogConfig: Setting CVar [[r.DOF.Gather.AccumulatorQuality:1        ; higher gathering accumulator quality]]
[2019.09.09-22.13.34:454][  0]LogConfig: Setting CVar [[r.DOF.Gather.PostfilterMethod:1          ; Median3x3 postfilering method]]
[2019.09.09-22.13.34:454][  0]LogConfig: Setting CVar [[r.DOF.Gather.EnableBokehSettings:0       ; no bokeh simulation when gathering]]
[2019.09.09-22.13.34:454][  0]LogConfig: Setting CVar [[r.DOF.Gather.RingCount:4                 ; medium number of samples when gathering]]
[2019.09.09-22.13.34:454][  0]LogConfig: Setting CVar [[r.DOF.Scatter.ForegroundCompositing:1    ; additive foreground scattering]]
[2019.09.09-22.13.34:454][  0]LogConfig: Setting CVar [[r.DOF.Scatter.BackgroundCompositing:2    ; additive background scattering]]
[2019.09.09-22.13.34:454][  0]LogConfig: Setting CVar [[r.DOF.Scatter.EnableBokehSettings:1      ; bokeh simulation when scattering]]
[2019.09.09-22.13.34:454][  0]LogConfig: Setting CVar [[r.DOF.Scatter.MaxSpriteRatio:0.1         ; only a maximum of 10% of scattered bokeh]]
[2019.09.09-22.13.34:454][  0]LogConfig: Setting CVar [[r.DOF.Recombine.Quality:1                ; cheap slight out of focus]]
[2019.09.09-22.13.34:454][  0]LogConfig: Setting CVar [[r.DOF.Recombine.EnableBokehSettings:0    ; no bokeh simulation on slight out of focus]]
[2019.09.09-22.13.34:454][  0]LogConfig: Setting CVar [[r.DOF.TemporalAAQuality:1                ; more stable temporal accumulation]]
[2019.09.09-22.13.34:454][  0]LogConfig: Setting CVar [[r.DOF.Kernel.MaxForegroundRadius:0.025]]
[2019.09.09-22.13.34:454][  0]LogConfig: Setting CVar [[r.DOF.Kernel.MaxBackgroundRadius:0.025]]
[2019.09.09-22.13.34:454][  0]LogConfig: Applying CVar settings from Section [TextureQuality@3] File [G:/Epic Games/UnrealProjects/CoopVR/Saved/Config/Windows/Scalability.ini]
[2019.09.09-22.13.34:454][  0]LogConfig: Setting CVar [[r.Streaming.MipBias:0]]
[2019.09.09-22.13.34:454][  0]LogConfig: Setting CVar [[r.Streaming.AmortizeCPUToGPUCopy:0]]
[2019.09.09-22.13.34:454][  0]LogConfig: Setting CVar [[r.Streaming.MaxNumTexturesToStreamPerFrame:0]]
[2019.09.09-22.13.34:454][  0]LogConfig: Setting CVar [[r.Streaming.Boost:1]]
[2019.09.09-22.13.34:454][  0]LogConfig: Setting CVar [[r.MaxAnisotropy:8]]
[2019.09.09-22.13.34:454][  0]LogConfig: Setting CVar [[r.Streaming.LimitPoolSizeToVRAM:0]]
[2019.09.09-22.13.34:454][  0]LogConfig: Setting CVar [[r.Streaming.PoolSize:1000]]
[2019.09.09-22.13.34:454][  0]LogConfig: Setting CVar [[r.Streaming.MaxEffectiveScreenSize:0]]
[2019.09.09-22.13.34:454][  0]LogConfig: Applying CVar settings from Section [EffectsQuality@3] File [G:/Epic Games/UnrealProjects/CoopVR/Saved/Config/Windows/Scalability.ini]
[2019.09.09-22.13.34:454][  0]LogConfig: Setting CVar [[r.TranslucencyLightingVolumeDim:64]]
[2019.09.09-22.13.34:454][  0]LogConfig: Setting CVar [[r.RefractionQuality:2]]
[2019.09.09-22.13.34:454][  0]LogConfig: Setting CVar [[r.SSR.Quality:3]]
[2019.09.09-22.13.34:454][  0]LogConfig: Setting CVar [[r.SceneColorFormat:4]]
[2019.09.09-22.13.34:454][  0]LogConfig: Setting CVar [[r.DetailMode:2]]
[2019.09.09-22.13.34:454][  0]LogConfig: Setting CVar [[r.TranslucencyVolumeBlur:1]]
[2019.09.09-22.13.34:454][  0]LogConfig: Setting CVar [[r.MaterialQualityLevel:1 ; High quality]]
[2019.09.09-22.13.34:454][  0]LogConfig: Setting CVar [[r.SSS.Scale:1]]
[2019.09.09-22.13.34:454][  0]LogConfig: Setting CVar [[r.SSS.SampleSet:2]]
[2019.09.09-22.13.34:454][  0]LogConfig: Setting CVar [[r.SSS.Quality:1]]
[2019.09.09-22.13.34:454][  0]LogConfig: Setting CVar [[r.SSS.HalfRes:1]]
[2019.09.09-22.13.34:454][  0]LogConfig: Setting CVar [[r.EmitterSpawnRateScale:1.0]]
[2019.09.09-22.13.34:454][  0]LogConfig: Setting CVar [[r.ParticleLightQuality:2]]
[2019.09.09-22.13.34:454][  0]LogConfig: Applying CVar settings from Section [FoliageQuality@3] File [G:/Epic Games/UnrealProjects/CoopVR/Saved/Config/Windows/Scalability.ini]
[2019.09.09-22.13.34:454][  0]LogConfig: Setting CVar [[foliage.DensityScale:1.0]]
[2019.09.09-22.13.34:454][  0]LogConfig: Setting CVar [[grass.DensityScale:1.0]]
[2019.09.09-22.13.34:455][  0]LogConfig: Applying CVar settings from Section [Startup] File [../../../Engine/Config/ConsoleVariables.ini]
[2019.09.09-22.13.34:455][  0]LogConfig: Setting CVar [[net.UseAdaptiveNetUpdateFrequency:0]]
[2019.09.09-22.13.34:455][  0]LogConfig: Setting CVar [[p.chaos.AllowCreatePhysxBodies:1]]
[2019.09.09-22.13.34:455][  0]LogConfig: Applying CVar settings from Section [ConsoleVariables] File [G:/Epic Games/UnrealProjects/CoopVR/Saved/Config/Windows/Engine.ini]
[2019.09.09-22.13.34:455][  0]LogInit: Computer: DESKTOP-21FRT5R
[2019.09.09-22.13.34:455][  0]LogInit: User: broki
[2019.09.09-22.13.34:455][  0]LogInit: CPU Page size=4096, Cores=4
[2019.09.09-22.13.34:455][  0]LogInit: High frequency timer resolution =3.417995 MHz
[2019.09.09-22.13.34:455][  0]LogMemory: Memory total: Physical=15.9GB (16GB approx)
[2019.09.09-22.13.34:455][  0]LogMemory: Platform Memory Stats for Windows
[2019.09.09-22.13.34:455][  0]LogMemory: Process Physical Memory: 127.68 MB used, 127.68 MB peak
[2019.09.09-22.13.34:455][  0]LogMemory: Process Virtual Memory: 96.34 MB used, 96.34 MB peak
[2019.09.09-22.13.34:455][  0]LogMemory: Physical Memory: 7307.52 MB used,  9023.38 MB free, 16330.89 MB total
[2019.09.09-22.13.34:455][  0]LogMemory: Virtual Memory: 4758.22 MB used,  134212968.00 MB free, 134217728.00 MB total
[2019.09.09-22.13.34:510][  0]LogInit: Using OS detected language (en-US).
[2019.09.09-22.13.34:510][  0]LogInit: Using OS detected locale (en-US).
[2019.09.09-22.13.34:511][  0]LogTextLocalizationManager: No specific localization for 'en-US' exists, so the 'en' localization will be used.
[2019.09.09-22.13.34:748][  0]LogSlate: New Slate User Created.  User Index 0, Is Virtual User: 0
[2019.09.09-22.13.34:748][  0]LogSlate: Slate User Registered.  User Index 0, Is Virtual User: 0
[2019.09.09-22.13.36:977][  0]LogD3D11RHI: D3D11 adapters:
[2019.09.09-22.13.37:093][  0]LogD3D11RHI:    0. 'NVIDIA GeForce RTX 2070' (Feature Level 11_0)
[2019.09.09-22.13.37:093][  0]LogD3D11RHI:       8031/0/8165 MB DedicatedVideo/DedicatedSystem/SharedSystem, Outputs:2, VendorId:0x10de
[2019.09.09-22.13.37:098][  0]LogD3D11RHI:    1. 'Microsoft Basic Render Driver' (Feature Level 11_0)
[2019.09.09-22.13.37:098][  0]LogD3D11RHI:       0/0/8165 MB DedicatedVideo/DedicatedSystem/SharedSystem, Outputs:0, VendorId:0x1414
[2019.09.09-22.13.37:098][  0]LogD3D11RHI: Chosen D3D11 Adapter: 0
[2019.09.09-22.13.37:108][  0]LogD3D11RHI: Creating new Direct3DDevice
[2019.09.09-22.13.37:109][  0]LogD3D11RHI:     GPU DeviceId: 0x1f02 (for the marketing name, search the web for "GPU Device Id")
[2019.09.09-22.13.37:109][  0]LogWindows: EnumDisplayDevices:
[2019.09.09-22.13.37:109][  0]LogWindows:    0. 'NVIDIA GeForce RTX 2070' (P:1 D:1)
[2019.09.09-22.13.37:110][  0]LogWindows:    1. 'NVIDIA GeForce RTX 2070' (P:0 D:1)
[2019.09.09-22.13.37:110][  0]LogWindows:    2. 'NVIDIA GeForce RTX 2070' (P:0 D:0)
[2019.09.09-22.13.37:111][  0]LogWindows:    3. 'NVIDIA GeForce RTX 2070' (P:0 D:0)
[2019.09.09-22.13.37:111][  0]LogWindows: DebugString: FoundDriverCount:4 
[2019.09.09-22.13.37:111][  0]LogD3D11RHI:     Adapter Name: NVIDIA GeForce RTX 2070
[2019.09.09-22.13.37:111][  0]LogD3D11RHI:   Driver Version: 431.36 (internal:26.21.14.3136, unified:431.36)
[2019.09.09-22.13.37:111][  0]LogD3D11RHI:      Driver Date: 7-3-2019
[2019.09.09-22.13.37:111][  0]LogRHI: Texture pool is 5621 MB (70% of 8031 MB)
[2019.09.09-22.13.37:192][  0]LogD3D11RHI: Async texture creation enabled
[2019.09.09-22.13.37:204][  0]LogRendererCore: FGlobalReadBuffer::InitRHI
[2019.09.09-22.13.37:204][  0]LogRendererCore: FGlobalReadBuffer::InitRHI
[2019.09.09-22.13.37:204][  0]LogRendererCore: FGlobalReadBuffer::InitRHI
[2019.09.09-22.13.37:212][  0]LogD3D11RHI: GPU Timing Frequency: 1000.000000 (Debug: 2 1)
[2019.09.09-22.13.37:783][  0]LogTemp: Display: Module 'WindowsClientTargetPlatform' loaded TargetPlatform 'WindowsClient'
[2019.09.09-22.13.37:802][  0]LogTemp: Display: Module 'WindowsNoEditorTargetPlatform' loaded TargetPlatform 'WindowsNoEditor'
[2019.09.09-22.13.37:820][  0]LogTemp: Display: Module 'WindowsServerTargetPlatform' loaded TargetPlatform 'WindowsServer'
[2019.09.09-22.13.37:832][  0]LogTemp: Display: Module 'WindowsTargetPlatform' loaded TargetPlatform 'Windows'
[2019.09.09-22.13.37:832][  0]LogTargetPlatformManager: Display: Building Assets For Windows
[2019.09.09-22.13.37:851][  0]LogAudioDebug: Display: Lib vorbis DLL was dynamically loaded.
[2019.09.09-22.13.37:952][  0]LogShaderCompilers: Guid format shader working directory is 10 characters bigger than the processId version (G:/Epic Games/UnrealProjects/CoopVR/Intermediate/Shaders/WorkingDirectory/10592/).
[2019.09.09-22.13.37:953][  0]LogShaderCompilers: Cleaned the shader compiler working directory 'C:/Users/broki/AppData/Local/Temp/UnrealShaderWorkingDir/DBCE85154C8DA9E211A8049B85691292/'.
[2019.09.09-22.13.37:958][  0]LogXGEController: Cannot use XGE Controller as Incredibuild is not installed on this machine.
[2019.09.09-22.13.37:958][  0]LogShaderCompilers: Cannot use XGE Shader Compiler as Incredibuild is not installed on this machine.
[2019.09.09-22.13.37:958][  0]LogShaderCompilers: Display: Using Local Shader Compiler.
[2019.09.09-22.13.38:559][  0]LogDerivedDataCache: Display: Max Cache Size: 512 MB
[2019.09.09-22.13.38:619][  0]LogDerivedDataCache: Loaded boot cache 0.06s 67MB C:/Users/broki/AppData/Local/UnrealEngine/4.22/DerivedDataCache/Boot.ddc.
[2019.09.09-22.13.38:619][  0]LogDerivedDataCache: Display: Loaded Boot cache: C:/Users/broki/AppData/Local/UnrealEngine/4.22/DerivedDataCache/Boot.ddc
[2019.09.09-22.13.38:620][  0]LogDerivedDataCache: FDerivedDataBackendGraph:  Pak pak cache file G:/Epic Games/UnrealProjects/CoopVR/DerivedDataCache/DDC.ddp not found, will not use a pak cache.
[2019.09.09-22.13.38:620][  0]LogDerivedDataCache: Unable to find inner node Pak for hierarchical cache Hierarchy.
[2019.09.09-22.13.38:620][  0]LogDerivedDataCache: FDerivedDataBackendGraph:  CompressedPak pak cache file G:/Epic Games/UnrealProjects/CoopVR/DerivedDataCache/Compressed.ddp not found, will not use a pak cache.
[2019.09.09-22.13.38:620][  0]LogDerivedDataCache: Unable to find inner node CompressedPak for hierarchical cache Hierarchy.
[2019.09.09-22.13.38:632][  0]LogDerivedDataCache: Display: Pak cache opened for reading ../../../Engine/DerivedDataCache/Compressed.ddp.
[2019.09.09-22.13.38:635][  0]LogDerivedDataCache: Display: Pak cache opened for reading ../../../Enterprise/DerivedDataCache/Compressed.ddp.
[2019.09.09-22.13.38:647][  0]LogDerivedDataCache: Using Local data cache path C:/Users/broki/AppData/Local/UnrealEngine/Common/DerivedDataCache: Writable
[2019.09.09-22.13.38:647][  0]LogDerivedDataCache: Shared data cache path not found in *engine.ini, will not use an Shared cache.
[2019.09.09-22.13.38:647][  0]LogDerivedDataCache: Unable to find inner node Shared for hierarchical cache Hierarchy.
[2019.09.09-22.13.38:671][  0]LogMaterial: Verifying Global Shaders for PCD3D_SM5
[2019.09.09-22.13.38:672][  0]LogSlate: Using FreeType 2.6.0
[2019.09.09-22.13.38:673][  0]LogSlate: SlateFontServices - WITH_FREETYPE: 1, WITH_HARFBUZZ: 1
[2019.09.09-22.13.38:873][  0]LogInit: Using OS detected language (en-US).
[2019.09.09-22.13.38:873][  0]LogInit: Using OS detected locale (en-US).
[2019.09.09-22.13.38:874][  0]LogTextLocalizationManager: No localization for 'en-US' exists, so 'en' will be used for the language.
[2019.09.09-22.13.38:874][  0]LogTextLocalizationManager: No localization for 'en-US' exists, so 'en' will be used for the locale.
[2019.09.09-22.13.38:874][  0]LogSlate: FontCache flush requested. Reason: Culture for localization was changed
[2019.09.09-22.13.38:874][  0]LogSlate: FontCache flush requested. Reason: Culture for localization was changed
[2019.09.09-22.13.38:875][  0]LogTextLocalizationManager: Compacting localization data took   0.00ms
[2019.09.09-22.13.38:887][  0]LogAssetRegistry: FAssetRegistry took 0.0048 seconds to start up
[2019.09.09-22.13.39:193][  0]LogPackageLocalizationCache: Processed 16 localized package path(s) for 1 prioritized culture(s) in 0.019723 seconds
[2019.09.09-22.13.39:368][  0]LogInit: Selected Device Profile: [Windows]
[2019.09.09-22.13.39:542][  0]LogMeshReduction: Using QuadricMeshReduction for automatic static mesh reduction
[2019.09.09-22.13.39:542][  0]LogMeshReduction: Using SimplygonMeshReduction for automatic skeletal mesh reduction
[2019.09.09-22.13.39:542][  0]LogMeshReduction: Using ProxyLODMeshReduction for automatic mesh merging
[2019.09.09-22.13.39:542][  0]LogMeshReduction: No distributed automatic mesh merging module available
[2019.09.09-22.13.39:542][  0]LogMeshMerging: No distributed automatic mesh merging module available
[2019.09.09-22.13.39:552][  0]LogNetVersion: CoopVR 1.0.0, NetCL: 5660361, EngineNetVer: 10, GameNetVer: 0 (Checksum: 1173904992)
[2019.09.09-22.13.40:256][  0]LogMoviePlayer: Initializing movie player
[2019.09.09-22.13.40:459][  0]SourceControl: Source control is disabled
[2019.09.09-22.13.40:459][  0]SourceControl: Source control is disabled
[2019.09.09-22.13.40:461][  0]SourceControl: Source control is disabled
[2019.09.09-22.13.40:561][  0]LogAndroidPermission: UAndroidPermissionCallbackProxy::GetInstance
[2019.09.09-22.13.40:995][  0]LogOcInput: OculusInput pre-init called
[2019.09.09-22.13.41:007][  0]LogUObjectArray: 46468 objects as part of root set at end of initial load.
[2019.09.09-22.13.41:007][  0]LogUObjectAllocator: 8170472 out of 0 bytes used by permanent object pool.
[2019.09.09-22.13.41:007][  0]LogUObjectArray: CloseDisregardForGC: 0/0 objects in disregard for GC pool
[2019.09.09-22.13.41:161][  0]LogEngine: Initializing Engine...
[2019.09.09-22.13.41:173][  0]LogHMD: SteamVR initialized.  Driver: lighthouse  Display: LHR-4883A031
[2019.09.09-22.13.41:185][  0]LogStats: UGameplayTagsManager::InitializeManager -  0.000 s
[2019.09.09-22.13.41:361][  0]LogInit: Initializing FReadOnlyCVARCache
[2019.09.09-22.13.41:505][  0]LogInit: XAudio2 using 'Speakers (8- HTC Vive)' : 2 channels at 44.1 kHz using 16 bits per sample (channel mask 0x3)
[2019.09.09-22.13.41:528][  0]LogInit: FAudioDevice initialized.
[2019.09.09-22.13.41:540][  0]LogNetVersion: Set ProjectVersion to 1.0.0.0. Version Checksum will be recalculated on next use.
[2019.09.09-22.13.41:648][  0]LogDerivedDataCache: Saved boot cache 0.11s 67MB C:/Users/broki/AppData/Local/UnrealEngine/4.22/DerivedDataCache/Boot.ddc.
[2019.09.09-22.13.41:693][  0]LogInit: Texture streaming: Enabled
[2019.09.09-22.13.41:868][  0]LogConsoleManager: Warning: Setting the console variable 'r.VSync' with 'SetByGameSetting' was ignored as it is lower priority than the previous 'SetByCode'. Value remains '0'
[2019.09.09-22.13.42:254][  0]LogSlate: Updating window title bar state: overlay mode, drag disabled, window buttons hidden, title bar hidden
[2019.09.09-22.13.42:254][  0]LogInit: Display: Game Engine Initialized.
[2019.09.09-22.13.42:328][  0]LogInit: Display: Starting Game.
[2019.09.09-22.13.42:328][  0]LogNet: Browse: /Game/Maps/MainMenu?Name=Player
[2019.09.09-22.13.42:329][  0]LogLoad: LoadMap: /Game/Maps/MainMenu?Name=Player
[2019.09.09-22.13.42:355][  0]LogUObjectHash: Compacting FUObjectHashTables data took   2.27ms
[2019.09.09-22.13.42:387][  0]LogAIModule: Creating AISystem for world MainMenu
[2019.09.09-22.13.42:521][  0]LogLoad: Game class is 'ThirdPersonGameMode_C'
[2019.09.09-22.13.42:522][  0]LogWorld: Bringing World /Game/Maps/MainMenu.MainMenu up for play (max tick rate 0) at 2019.09.09-15.13.42
[2019.09.09-22.13.42:522][  0]LogWorld: Bringing up level for play took: 0.000643
[2019.09.09-22.13.42:523][  0]LogGameMode: FindPlayerStart: PATHS NOT DEFINED or NO PLAYERSTART with positive rating
[2019.09.09-22.13.42:535][  0]LogLoad: Took 0.206185 seconds to LoadMap(/Game/Maps/MainMenu)
[2019.09.09-22.13.42:611][  0]LogRenderer: Reallocating scene render targets to support 2048x1152 Format 10 NumSamples 1 (Frame:1).
[2019.09.09-22.13.42:611][  0]LogLoad: (Engine Initialization) Total time: 12.31 seconds
[2019.09.09-22.13.42:611][  0]LogLoad: (Engine Initialization) Total Blueprint compile time: 0.00 seconds
[2019.09.09-22.13.42:630][  0]LogWindowsTextInputMethodSystem: Display: IME system now deactivated.
[2019.09.09-22.13.42:643][  0]LogContentStreaming: Texture pool size now 1000 MB
[2019.09.09-22.13.44:059][ 88]LogSlate: FSceneViewport::OnFocusLost() reason 0
[2019.09.09-22.13.44:113][ 91]LogSlate: Took 0.000358 seconds to synchronously load lazily loaded font '../../../Engine/Content/Slate/Fonts/Roboto-Regular.ttf' (155K)
[2019.09.09-22.13.45:273][163]LogInit: WinSock: I am DESKTOP-21FRT5R (10.8.0.9:0)
[2019.09.09-22.13.45:584][163]LogPackageName: SearchForPackageOnDisk took   0.311s to resolve Lobby.umap.
[2019.09.09-22.13.45:880][163]LogPackageName: SearchForPackageOnDisk took   0.295s to resolve Lobby.umap.
[2019.09.09-22.13.45:880][163]LogNet: Browse: /Game/Maps/Lobby?listen
[2019.09.09-22.13.45:881][163]LogLoad: LoadMap: /Game/Maps/Lobby?listen
[2019.09.09-22.13.45:905][163]LogUObjectHash: Compacting FUObjectHashTables data took   2.07ms
[2019.09.09-22.13.47:930][163]LogAIModule: Creating AISystem for world Lobby
[2019.09.09-22.13.47:930][163]LogLoad: Game class is 'LobbyGM_C'
[2019.09.09-22.13.47:930][163]LogTemp: Display: ParseSettings for GameNetDriver
[2019.09.09-22.13.47:930][163]LogTemp: Display: ParseSettings for SteamNetDriver_0
[2019.09.09-22.13.47:930][163]LogTemp: Display: ParseSettings for GameNetDriver
[2019.09.09-22.13.47:931][163]LogNet: ReplicationDriverClass is null! Not using ReplicationDriver.
[2019.09.09-22.13.47:931][163]PacketHandlerLog: DDoS detection status: detection enabled: 0 analytics enabled: 0
[2019.09.09-22.13.47:931][163]LogNet: Display: SteamNetDriver_0 bound to port 7777
[2019.09.09-22.13.47:931][163]PacketHandlerLog: Loaded PacketHandler component: Engine.EngineHandlerComponentFactory (StatelessConnectHandlerComponent)
[2019.09.09-22.13.47:931][163]LogNet: GameNetDriver SteamNetDriver_0 IpNetDriver listening on port 7777
[2019.09.09-22.13.47:936][163]LogWorld: Bringing World /Game/Maps/Lobby.Lobby up for play (max tick rate 0) at 2019.09.09-15.13.47
[2019.09.09-22.13.47:937][163]LogWorld: Bringing up level for play took: 0.005691
[2019.09.09-22.13.47:955][163]LogLoad: Took 2.074291 seconds to LoadMap(/Game/Maps/Lobby)
[2019.09.09-22.13.49:321][247]PIE: Warning: This widget does not support focus.  If this is a UserWidget, you should set bIsFocusable to true.
[2019.09.09-22.13.50:022][288]LogRenderer: Reallocating scene render targets to support 2160x1200 Format 10 NumSamples 1 (Frame:127).
[2019.09.09-22.13.50:066][289]LogRenderer: Reallocating scene render targets to support 3704x2056 Format 10 NumSamples 1 (Frame:128).
[2019.09.09-22.13.50:100][290]LogProfilingDebugging: Allocated a 1024 x 1024 texture for HMD canvas layer
[2019.09.09-22.15.01:990][619]LogSlate: FSceneViewport::OnFocusLost() reason 2
[2019.09.09-22.15.04:813][869]Closing by request
[2019.09.09-22.15.04:813][869]LogWindows: FPlatformMisc::RequestExit(0)
[2019.09.09-22.15.04:813][869]LogSlate: FSceneViewport::OnFocusLost() reason 2
[2019.09.09-22.15.04:846][870]LogNet: World NetDriver shutdown SteamNetDriver_0 [GameNetDriver]
[2019.09.09-22.15.04:846][870]LogNet: DestroyNamedNetDriver SteamNetDriver_0 [GameNetDriver]
[2019.09.09-22.15.04:846][870]LogExit: GameNetDriver SteamNetDriver_0 shut down
[2019.09.09-22.15.05:215][870]LogHMD: SteamVR Shutting down.
[2019.09.09-22.15.05:244][870]LogSlate: Window 'CoopVR (64-bit Development PCD3D_SM5) ' being destroyed
[2019.09.09-22.15.05:244][870]LogWindowsTextInputMethodSystem: Display: IME system now deactivated.
[2019.09.09-22.15.05:247][870]LogWindowsTextInputMethodSystem: Display: IME system now deactivated.
[2019.09.09-22.15.05:255][870]LogExit: Preparing to exit.
[2019.09.09-22.15.05:255][870]LogMoviePlayer: Shutting down movie player
[2019.09.09-22.15.05:281][870]LogSlate: Updating window title bar state: overlay mode, drag disabled, window buttons hidden, title bar hidden
[2019.09.09-22.15.05:310][870]LogExit: Game engine shut down
[2019.09.09-22.15.05:401][870]LogExit: Object subsystem successfully closed.
[2019.09.09-22.15.05:422][870]LogShaderCompilers: Display: Shaders left to compile 0
[2019.09.09-22.15.05:426][870]LogD3D11RHI: Shutdown
[2019.09.09-22.15.05:426][870]LogD3D11RHI: CleanupD3DDevice
[2019.09.09-22.15.05:426][870]LogRendererCore: FGlobalReadBuffer::ReleaseRHI
[2019.09.09-22.15.05:426][870]LogRendererCore: FGlobalDynamicReadBuffer::Cleanup()
[2019.09.09-22.15.05:426][870]LogRendererCore: FGlobalReadBuffer::ReleaseRHI
[2019.09.09-22.15.05:426][870]LogRendererCore: FGlobalDynamicReadBuffer::Cleanup()
[2019.09.09-22.15.05:426][870]LogRendererCore: FGlobalReadBuffer::ReleaseRHI
[2019.09.09-22.15.05:426][870]LogRendererCore: FGlobalDynamicReadBuffer::Cleanup()
[2019.09.09-22.15.05:427][870]LogD3D11RHI: ~FD3D11DynamicRHI
[2019.09.09-22.15.05:449][870]LogModuleManager: Shutting down and abandoning module SequenceRecorderSections (402)
[2019.09.09-22.15.05:449][870]LogModuleManager: Shutting down and abandoning module SequenceRecorder (400)
[2019.09.09-22.15.05:449][870]LogModuleManager: Shutting down and abandoning module AutomationController (398)
[2019.09.09-22.15.05:449][870]LogModuleManager: Shutting down and abandoning module AutomationWorker (396)
[2019.09.09-22.15.05:449][870]LogModuleManager: Shutting down and abandoning module Voice (394)
[2019.09.09-22.15.05:449][870]LogModuleManager: Shutting down and abandoning module AIModule (392)
[2019.09.09-22.15.05:449][870]LogModuleManager: Shutting down and abandoning module GameplayDebugger (391)
[2019.09.09-22.15.05:449][870]LogModuleManager: Shutting down and abandoning module AITestSuite (389)
[2019.09.09-22.15.05:449][870]LogModuleManager: Shutting down and abandoning module NavigationSystem (387)
[2019.09.09-22.15.05:449][870]LogModuleManager: Shutting down and abandoning module OculusMR (384)
[2019.09.09-22.15.05:449][870]LogModuleManager: Shutting down and abandoning module WmfMediaFactory (382)
[2019.09.09-22.15.05:449][870]LogModuleManager: Shutting down and abandoning module WebMMediaFactory (380)
[2019.09.09-22.15.05:449][870]LogModuleManager: Shutting down and abandoning module WebMMedia (378)
[2019.09.09-22.15.05:449][870]LogModuleManager: Shutting down and abandoning module OpenExrWrapper (376)
[2019.09.09-22.15.05:449][870]LogModuleManager: Shutting down and abandoning module ImgMediaFactory (374)
[2019.09.09-22.15.05:449][870]LogModuleManager: Shutting down and abandoning module AvfMediaFactory (372)
[2019.09.09-22.15.05:449][870]LogModuleManager: Shutting down and abandoning module MagicLeapCameraPreviewFactory (370)
[2019.09.09-22.15.05:449][870]LogModuleManager: Shutting down and abandoning module MagicLeapMediaCodecFactory (368)
[2019.09.09-22.15.05:449][870]LogModuleManager: Shutting down and abandoning module MagicLeapMediaFactory (366)
[2019.09.09-22.15.05:449][870]LogModuleManager: Shutting down and abandoning module CharacterAI (364)
[2019.09.09-22.15.05:449][870]LogModuleManager: Shutting down and abandoning module SessionServices (362)
[2019.09.09-22.15.05:449][870]LogModuleManager: Shutting down and abandoning module MovieSceneCapture (360)
[2019.09.09-22.15.05:449][870]LogModuleManager: Shutting down and abandoning module LiveCoding (358)
[2019.09.09-22.15.05:449][870]LogModuleManager: Shutting down and abandoning module LevelSequence (356)
[2019.09.09-22.15.05:450][870]LogModuleManager: Shutting down and abandoning module MovieSceneTracks (354)
[2019.09.09-22.15.05:450][870]LogModuleManager: Shutting down and abandoning module MovieScene (352)
[2019.09.09-22.15.05:450][870]LogModuleManager: Shutting down and abandoning module StreamingPauseRendering (350)
[2019.09.09-22.15.05:450][870]LogModuleManager: Shutting down and abandoning module PortalServices (348)
[2019.09.09-22.15.05:450][870]LogModuleManager: Shutting down and abandoning module PortalRpc (346)
[2019.09.09-22.15.05:450][870]LogModuleManager: Shutting down and abandoning module MessagingRpc (344)
[2019.09.09-22.15.05:450][870]LogModuleManager: Shutting down and abandoning module ImageWriteQueue (342)
[2019.09.09-22.15.05:452][870]LogModuleManager: Shutting down and abandoning module ProfilerService (340)
[2019.09.09-22.15.05:453][870]LogModuleManager: Shutting down and abandoning module TaskGraph (338)
[2019.09.09-22.15.05:453][870]LogModuleManager: Shutting down and abandoning module SteamVRController (336)
[2019.09.09-22.15.05:453][870]LogModuleManager: Shutting down and abandoning module ProceduralMeshComponent (334)
[2019.09.09-22.15.05:453][870]LogModuleManager: Shutting down and abandoning module OculusInput (332)
[2019.09.09-22.15.05:453][870]LogModuleManager: Shutting down and abandoning module MobilePatchingUtils (330)
[2019.09.09-22.15.05:453][870]LogModuleManager: Shutting down and abandoning module EditableMesh (328)
[2019.09.09-22.15.05:453][870]LogModuleManager: Shutting down and abandoning module CustomMeshComponent (326)
[2019.09.09-22.15.05:453][870]LogModuleManager: Shutting down and abandoning module CableComponent (324)
[2019.09.09-22.15.05:453][870]LogModuleManager: Shutting down and abandoning module AudioCapture (322)
[2019.09.09-22.15.05:453][870]LogModuleManager: Shutting down and abandoning module ArchVisCharacter (320)
[2019.09.09-22.15.05:453][870]LogModuleManager: Shutting down and abandoning module AndroidPermission (318)
[2019.09.09-22.15.05:453][870]LogModuleManager: Shutting down and abandoning module NUTUnrealEngine4 (314)
[2019.09.09-22.15.05:453][870]LogModuleManager: Shutting down and abandoning module NetcodeUnitTest (312)
[2019.09.09-22.15.05:453][870]LogModuleManager: Shutting down and abandoning module MediaCompositing (310)
[2019.09.09-22.15.05:453][870]LogModuleManager: Shutting down and abandoning module LinearTimecode (308)
[2019.09.09-22.15.05:453][870]LogModuleManager: Shutting down and abandoning module ImgMedia (306)
[2019.09.09-22.15.05:453][870]LogModuleManager: Shutting down and abandoning module MagicLeapHelperVulkan (304)
[2019.09.09-22.15.05:453][870]LogModuleManager: Shutting down and abandoning module MagicLeapHelperOpenGL (302)
[2019.09.09-22.15.05:453][870]LogModuleManager: Shutting down and abandoning module MagicLeapAudio (300)
[2019.09.09-22.15.05:453][870]LogModuleManager: Shutting down and abandoning module HTML5Networking (298)
[2019.09.09-22.15.05:453][870]LogModuleManager: Shutting down and abandoning module GeometryCollectionExampleCore (296)
[2019.09.09-22.15.05:453][870]LogModuleManager: Shutting down and abandoning module GeometryCacheTracks (294)
[2019.09.09-22.15.05:453][870]LogModuleManager: Shutting down and abandoning module GeometryCacheSequencer (293)
[2019.09.09-22.15.05:453][870]LogModuleManager: Shutting down and abandoning module GeometryCache (290)
[2019.09.09-22.15.05:453][870]LogModuleManager: Shutting down and abandoning module GeometryCacheEd (289)
[2019.09.09-22.15.05:453][870]LogModuleManager: Shutting down and abandoning module BackChannel (286)
[2019.09.09-22.15.05:453][870]LogModuleManager: Shutting down and abandoning module AppleVision (284)
[2019.09.09-22.15.05:453][870]LogModuleManager: Shutting down and abandoning module AppleImageUtilsBlueprintSupport (282)
[2019.09.09-22.15.05:453][870]LogModuleManager: Shutting down and abandoning module AppleImageUtils (280)
[2019.09.09-22.15.05:453][870]LogModuleManager: Shutting down and abandoning module VariantManagerContent (278)
[2019.09.09-22.15.05:453][870]LogModuleManager: Shutting down and abandoning module CryptoKeysOpenSSL (276)
[2019.09.09-22.15.05:453][870]LogModuleManager: Shutting down and abandoning module CryptoKeys (274)
[2019.09.09-22.15.05:453][870]LogModuleManager: Shutting down and abandoning module VisualStudioSourceCodeAccess (272)
[2019.09.09-22.15.05:454][870]LogModuleManager: Shutting down and abandoning module HotReload (271)
[2019.09.09-22.15.05:454][870]LogModuleManager: Shutting down and abandoning module DirectoryWatcher (270)
[2019.09.09-22.15.05:454][870]LogModuleManager: Shutting down and abandoning module VisualStudioCodeSourceCodeAccess (266)
[2019.09.09-22.15.05:454][870]LogModuleManager: Shutting down and abandoning module UObjectPlugin (264)
[2019.09.09-22.15.05:454][870]LogModuleManager: Shutting down and abandoning module SubversionSourceControl (262)
[2019.09.09-22.15.05:454][870]LogModuleManager: Shutting down and abandoning module PerforceSourceControl (260)
[2019.09.09-22.15.05:454][870]LogModuleManager: Shutting down and abandoning module SourceControl (259)
[2019.09.09-22.15.05:454][870]LogModuleManager: Shutting down and abandoning module CLionSourceCodeAccess (256)
[2019.09.09-22.15.05:454][870]LogModuleManager: Shutting down and abandoning module ActorLayerUtilities (254)
[2019.09.09-22.15.05:454][870]LogModuleManager: Shutting down and abandoning module SignificanceManager (252)
[2019.09.09-22.15.05:454][870]LogModuleManager: Shutting down and abandoning module RuntimePhysXCooking (250)
[2019.09.09-22.15.05:454][870]LogModuleManager: Shutting down and abandoning module PhysXVehiclesEditor (248)
[2019.09.09-22.15.05:454][870]LogModuleManager: Shutting down and abandoning module PhysXVehicles (246)
[2019.09.09-22.15.05:454][870]LogModuleManager: Shutting down and abandoning module LocationServicesBPLibrary (244)
[2019.09.09-22.15.05:454][870]LogModuleManager: Shutting down and abandoning module ActorSequence (242)
[2019.09.09-22.15.05:454][870]LogModuleManager: Shutting down and abandoning module UdpMessaging (240)
[2019.09.09-22.15.05:454][870]LogModuleManager: Shutting down and abandoning module TcpMessaging (238)
[2019.09.09-22.15.05:454][870]LogModuleManager: Shutting down and abandoning module MagicLeapIdentity (236)
[2019.09.09-22.15.05:454][870]LogModuleManager: Shutting down and abandoning module MagicLeapSecureStorage (234)
[2019.09.09-22.15.05:454][870]LogModuleManager: Shutting down and abandoning module MagicLeapHandTracking (232)
[2019.09.09-22.15.05:454][870]LogModuleManager: Shutting down and abandoning module MagicLeapEyeTracker (230)
[2019.09.09-22.15.05:454][870]LogModuleManager: Shutting down and abandoning module MagicLeapController (228)
[2019.09.09-22.15.05:454][870]LogSlate: Slate User Destroyed.  User Index 0, Is Virtual User: 0
[2019.09.09-22.15.05:454][870]LogModuleManager: Shutting down and abandoning module MagicLeapAR (226)
[2019.09.09-22.15.05:454][870]LogModuleManager: Shutting down and abandoning module AugmentedReality (225)
[2019.09.09-22.15.05:454][870]LogModuleManager: Shutting down and abandoning module GameplayTagsEditor (222)
[2019.09.09-22.15.05:454][870]LogModuleManager: Shutting down and abandoning module FacialAnimation (220)
[2019.09.09-22.15.05:454][870]LogModuleManager: Shutting down and abandoning module DataValidation (218)
[2019.09.09-22.15.05:454][870]LogModuleManager: Shutting down and abandoning module AssetManagerEditor (216)
[2019.09.09-22.15.05:454][870]LogModuleManager: Shutting down and abandoning module TreeMap (215)
[2019.09.09-22.15.05:454][870]LogModuleManager: Shutting down and abandoning module AnimationSharing (212)
[2019.09.09-22.15.05:454][870]LogModuleManager: Shutting down and abandoning module LightPropagationVolumeRuntime (210)
[2019.09.09-22.15.05:454][870]LogModuleManager: Shutting down and abandoning module AISupportModule (208)
[2019.09.09-22.15.05:454][870]LogModuleManager: Shutting down and abandoning module Paper2D (206)
[2019.09.09-22.15.05:454][870]LogModuleManager: Shutting down and abandoning module WindowsMoviePlayer (204)
[2019.09.09-22.15.05:455][870]LogModuleManager: Shutting down and abandoning module WebMMoviePlayer (202)
[2019.09.09-22.15.05:455][870]LogModuleManager: Shutting down and abandoning module PacketHandler (200)
[2019.09.09-22.15.05:455][870]LogModuleManager: Shutting down and abandoning module ClothingSystemEditor (198)
[2019.09.09-22.15.05:455][870]LogModuleManager: Shutting down and abandoning module ClothingSystemRuntime (196)
[2019.09.09-22.15.05:455][870]LogModuleManager: Shutting down and abandoning module MediaAssets (194)
[2019.09.09-22.15.05:455][870]LogModuleManager: Shutting down and abandoning module Overlay (192)
[2019.09.09-22.15.05:455][870]LogModuleManager: Shutting down and abandoning module OverlayEditor (191)
[2019.09.09-22.15.05:455][870]LogModuleManager: Shutting down and abandoning module VREditor (188)
[2019.09.09-22.15.05:455][870]LogModuleManager: Shutting down and abandoning module StringTableEditor (186)
[2019.09.09-22.15.05:455][870]LogModuleManager: Shutting down and abandoning module GameplayTasksEditor (184)
[2019.09.09-22.15.05:455][870]LogModuleManager: Shutting down and abandoning module BehaviorTreeEditor (182)
[2019.09.09-22.15.05:455][870]LogModuleManager: Shutting down and abandoning module FunctionalTesting (180)
[2019.09.09-22.15.05:455][870]LogModuleManager: Shutting down and abandoning module CollisionAnalyzer (178)
[2019.09.09-22.15.05:455][870]LogModuleManager: Shutting down and abandoning module WorkspaceMenuStructure (177)
[2019.09.09-22.15.05:455][870]LogModuleManager: Shutting down and abandoning module UMG (174)
[2019.09.09-22.15.05:455][870]LogModuleManager: Shutting down and abandoning module UMGEditor (173)
[2019.09.09-22.15.05:455][870]LogModuleManager: Shutting down and abandoning module Sequencer (172)
[2019.09.09-22.15.05:455][870]LogModuleManager: Shutting down and abandoning module MessageLog (169)
[2019.09.09-22.15.05:455][870]LogModuleManager: Shutting down and abandoning module SlateReflector (164)
[2019.09.09-22.15.05:455][870]LogModuleManager: Shutting down and abandoning module Slate (162)
[2019.09.09-22.15.05:455][870]LogModuleManager: Shutting down and abandoning module EditorStyle (160)
[2019.09.09-22.15.05:456][870]LogModuleManager: Shutting down and abandoning module UnrealEd (158)
[2019.09.09-22.15.05:456][870]LogModuleManager: Shutting down and abandoning module MRMesh (156)
[2019.09.09-22.15.05:456][870]LogModuleManager: Shutting down and abandoning module Messaging (154)
[2019.09.09-22.15.05:456][870]LogModuleManager: Shutting down and abandoning module SourceCodeAccess (152)
[2019.09.09-22.15.05:456][870]LogModuleManager: Shutting down and abandoning module HeadMountedDisplay (150)
[2019.09.09-22.15.05:456][870]LogModuleManager: Shutting down and abandoning module XAudio2 (148)
[2019.09.09-22.15.05:456][870]LogModuleManager: Shutting down and abandoning module Networking (146)
[2019.09.09-22.15.05:456][870]LogModuleManager: Shutting down and abandoning module Core (144)
[2019.09.09-22.15.05:456][870]LogModuleManager: Shutting down and abandoning module KismetCompiler (142)
[2019.09.09-22.15.05:456][870]LogModuleManager: Shutting down and abandoning module MeshUtilities (140)
[2019.09.09-22.15.05:456][870]LogModuleManager: Shutting down and abandoning module MeshMergeUtilities (139)
[2019.09.09-22.15.05:456][870]LogModuleManager: Shutting down and abandoning module MeshReductionInterface (138)
[2019.09.09-22.15.05:456][870]LogModuleManager: Shutting down and abandoning module SkeletalMeshReduction (137)
[2019.09.09-22.15.05:457][870]LogModuleManager: Shutting down and abandoning module ProxyLODMeshReduction (135)
[2019.09.09-22.15.05:457][870]LogModuleManager: Shutting down and abandoning module QuadricMeshReduction (133)
[2019.09.09-22.15.05:457][870]LogModuleManager: Shutting down and abandoning module MaterialBaking (129)
[2019.09.09-22.15.05:457][870]LogModuleManager: Shutting down and abandoning module PIEPreviewDeviceProfileSelector (124)
[2019.09.09-22.15.05:457][870]LogModuleManager: Shutting down and abandoning module DerivedDataCache (122)
[2019.09.09-22.15.05:728][870]LogDerivedDataCache: Shutdown
[2019.09.09-22.15.05:728][870]LogModuleManager: Shutting down and abandoning module XGEController (120)
[2019.09.09-22.15.05:728][870]LogModuleManager: Shutting down and abandoning module TargetPlatform (118)
[2019.09.09-22.15.05:728][870]LogModuleManager: Shutting down and abandoning module VulkanShaderFormat (117)
[2019.09.09-22.15.05:728][870]LogModuleManager: Shutting down and abandoning module ShaderFormatVectorVM (115)
[2019.09.09-22.15.05:728][870]LogModuleManager: Shutting down and abandoning module ShaderFormatOpenGL (113)
[2019.09.09-22.15.05:728][870]LogModuleManager: Shutting down and abandoning module ShaderFormatD3D (111)
[2019.09.09-22.15.05:728][870]LogModuleManager: Shutting down and abandoning module MetalShaderFormat (109)
[2019.09.09-22.15.05:728][870]LogModuleManager: Shutting down and abandoning module TextureFormatUncompressed (107)
[2019.09.09-22.15.05:728][870]LogModuleManager: Shutting down and abandoning module TextureFormatPVR (105)
[2019.09.09-22.15.05:728][870]LogModuleManager: Shutting down and abandoning module TextureFormatDXT (103)
[2019.09.09-22.15.05:728][870]LogModuleManager: Shutting down and abandoning module TextureFormatIntelISPCTexComp (101)
[2019.09.09-22.15.05:729][870]LogModuleManager: Shutting down and abandoning module TextureFormatASTC (99)
[2019.09.09-22.15.05:729][870]LogModuleManager: Shutting down and abandoning module ImageWrapper (98)
[2019.09.09-22.15.05:729][870]LogModuleManager: Shutting down and abandoning module TextureFormatAndroid (95)
[2019.09.09-22.15.05:729][870]LogModuleManager: Shutting down and abandoning module AudioFormatOpus (93)
[2019.09.09-22.15.05:729][870]LogModuleManager: Shutting down and abandoning module AudioFormatOgg (91)
[2019.09.09-22.15.05:729][870]LogModuleManager: Shutting down and abandoning module AudioFormatADPCM (89)
[2019.09.09-22.15.05:729][870]LogModuleManager: Shutting down and abandoning module WindowsTargetPlatform (87)
[2019.09.09-22.15.05:729][870]LogModuleManager: Shutting down and abandoning module WindowsServerTargetPlatform (85)
[2019.09.09-22.15.05:729][870]LogModuleManager: Shutting down and abandoning module WindowsNoEditorTargetPlatform (83)
[2019.09.09-22.15.05:729][870]LogModuleManager: Shutting down and abandoning module WindowsClientTargetPlatform (81)
[2019.09.09-22.15.05:729][870]LogModuleManager: Shutting down and abandoning module InputCore (78)
[2019.09.09-22.15.05:729][870]LogModuleManager: Shutting down and abandoning module Settings (76)
[2019.09.09-22.15.05:729][870]LogModuleManager: Shutting down and abandoning module PhysXCooking (74)
[2019.09.09-22.15.05:729][870]LogModuleManager: Shutting down and abandoning module SteamVR (72)
[2019.09.09-22.15.05:729][870]LogHMD: Freeing OpenVRDLLHandle.
[2019.09.09-22.15.05:729][870]LogModuleManager: Shutting down and abandoning module OculusHMD (70)
[2019.09.09-22.15.05:729][870]LogModuleManager: Shutting down and abandoning module ExampleDeviceProfileSelector (68)
[2019.09.09-22.15.05:729][870]LogModuleManager: Shutting down and abandoning module LauncherChunkInstaller (66)
[2019.09.09-22.15.05:729][870]LogModuleManager: Shutting down and abandoning module OnlineBlueprintSupport (64)
[2019.09.09-22.15.05:729][870]LogModuleManager: Shutting down and abandoning module OnlineSubsystem (60)
[2019.09.09-22.15.05:729][870]LogOnline: Display: STEAM: OnlineSubsystemSteam::Shutdown()
[2019.09.09-22.15.05:730][870]LogOnline: STEAM: AUTH: Revoking all tickets.
[2019.09.09-22.15.05:770][870]LogOnline: Display: STEAM: OnlineSubsystemSteam::Shutdown()
[2019.09.09-22.15.05:770][870]LogModuleManager: Shutting down and abandoning module XMPP (55)
[2019.09.09-22.15.05:770][870]LogModuleManager: Shutting down and abandoning module WebSockets (54)
[2019.09.09-22.15.05:793][870]LogModuleManager: Shutting down and abandoning module HTTP (51)
[2019.09.09-22.15.05:825][870]LogModuleManager: Shutting down and abandoning module SSL (50)
[2019.09.09-22.15.05:826][870]LogModuleManager: Shutting down and abandoning module WmfMedia (46)
[2019.09.09-22.15.05:827][870]LogModuleManager: Shutting down and abandoning module Media (45)
[2019.09.09-22.15.05:833][870]LogModuleManager: Shutting down and abandoning module MagicLeap (42)
[2019.09.09-22.15.05:833][870]LogModuleManager: Shutting down and abandoning module DatasmithContent (40)
[2019.09.09-22.15.05:833][870]LogModuleManager: Shutting down and abandoning module AnimationModifiers (38)
[2019.09.09-22.15.05:833][870]LogModuleManager: Shutting down and abandoning module PropertyEditor (37)
[2019.09.09-22.15.05:834][870]LogModuleManager: Shutting down and abandoning module AudioEditor (34)
[2019.09.09-22.15.05:834][870]LogModuleManager: Shutting down and abandoning module TextureCompressor (32)
[2019.09.09-22.15.05:834][870]LogModuleManager: Shutting down and abandoning module RenderCore (30)
[2019.09.09-22.15.05:834][870]LogModuleManager: Shutting down and abandoning module Landscape (28)
[2019.09.09-22.15.05:834][870]LogModuleManager: Shutting down and abandoning module SlateRHIRenderer (26)
[2019.09.09-22.15.05:834][870]LogModuleManager: Shutting down and abandoning module OpenGLDrv (24)
[2019.09.09-22.15.05:834][870]LogModuleManager: Shutting down and abandoning module D3D11RHI (22)
[2019.09.09-22.15.05:834][870]LogModuleManager: Shutting down and abandoning module AnimGraphRuntime (20)
[2019.09.09-22.15.05:834][870]LogModuleManager: Shutting down and abandoning module Renderer (18)
[2019.09.09-22.15.05:834][870]LogModuleManager: Shutting down and abandoning module Engine (16)
[2019.09.09-22.15.05:834][870]LogModuleManager: Shutting down and abandoning module CoreUObject (14)
[2019.09.09-22.15.05:834][870]LogModuleManager: Shutting down and abandoning module NetworkFile (12)
[2019.09.09-22.15.05:834][870]LogModuleManager: Shutting down and abandoning module CookedIterativeFile (10)
[2019.09.09-22.15.05:834][870]LogModuleManager: Shutting down and abandoning module StreamingFile (8)
[2019.09.09-22.15.05:834][870]LogModuleManager: Shutting down and abandoning module SandboxFile (6)
[2019.09.09-22.15.05:834][870]LogModuleManager: Shutting down and abandoning module PakFile (4)
[2019.09.09-22.15.05:834][870]LogModuleManager: Shutting down and abandoning module RSA (3)
[2019.09.09-22.15.05:838][870]LogExit: Exiting.
[2019.09.09-22.15.05:894][870]Log file closed, 09/09/19 15:15:05
