Log file open, 09/09/19 15:02:47
LogWindows: Failed to load 'aqProf.dll' (GetLastError=126)
LogWindows: File 'aqProf.dll' does not exist
LogWindows: Failed to load 'VtuneApi.dll' (GetLastError=126)
LogWindows: File 'VtuneApi.dll' does not exist
LogWindows: Failed to load 'VtuneApi32e.dll' (GetLastError=126)
LogWindows: File 'VtuneApi32e.dll' does not exist
LogConsoleResponse: Display: Failed to find resolution value strings in scalability ini. Falling back to default.
LogInit: Display: Running engine for game: CoopVR
LogPakFile: Registered encryption key '00000000000000000000000000000000': 0 pak files mounted, 0 remain pending
LogPlatformFile: Not using cached read wrapper
LogTaskGraph: Started task graph with 5 named threads and 23 total threads with 3 sets of task threads.
LogStats: Stats thread started at 0.318575
LogD3D11RHI: Loaded GFSDK_Aftermath_Lib.x64.dll
LogICUInternationalization: ICU TimeZone Detection - Raw Offset: -8:00, Platform Override: ''
LogPluginManager: Mounting plugin Paper2D
LogPluginManager: Mounting plugin AISupport
LogPluginManager: Mounting plugin LightPropagationVolume
LogPluginManager: Mounting plugin ActorLayerUtilities
LogPluginManager: Mounting plugin AnimationSharing
LogPluginManager: Mounting plugin CLionSourceCodeAccess
LogPluginManager: Mounting plugin CodeLiteSourceCodeAccess
LogPluginManager: Mounting plugin GitSourceControl
LogPluginManager: Mounting plugin KDevelopSourceCodeAccess
LogPluginManager: Mounting plugin NullSourceCodeAccess
LogPluginManager: Mounting plugin PerforceSourceControl
LogPluginManager: Mounting plugin SubversionSourceControl
LogPluginManager: Mounting plugin UObjectPlugin
LogPluginManager: Mounting plugin VisualStudioCodeSourceCodeAccess
LogPluginManager: Mounting plugin VisualStudioSourceCodeAccess
LogPluginManager: Mounting plugin XCodeSourceCodeAccess
LogPluginManager: Mounting plugin AssetManagerEditor
LogPluginManager: Mounting plugin CryptoKeys
LogPluginManager: Mounting plugin DataValidation
LogPluginManager: Mounting plugin EditorScriptingUtilities
LogPluginManager: Mounting plugin FacialAnimation
LogPluginManager: Mounting plugin GameplayTagsEditor
LogPluginManager: Mounting plugin GLTFImporter
LogPluginManager: Mounting plugin MacGraphicsSwitching
LogPluginManager: Mounting plugin MaterialAnalyzer
LogPluginManager: Mounting plugin MeshEditor
LogPluginManager: Mounting plugin MobileLauncherProfileWizard
LogPluginManager: Mounting plugin PluginBrowser
LogPluginManager: Mounting plugin SpeedTreeImporter
LogPluginManager: Mounting plugin DatasmithContent
LogPluginManager: Mounting plugin VariantManagerContent
LogPluginManager: Mounting plugin AlembicImporter
LogPluginManager: Mounting plugin AppleImageUtils
LogPluginManager: Mounting plugin AppleVision
LogPluginManager: Mounting plugin BackChannel
LogPluginManager: Mounting plugin BlastPlugin
LogPluginManager: Mounting plugin ChaosSolverPlugin
LogPluginManager: Mounting plugin CharacterAI
LogPluginManager: Mounting plugin GeometryCache
LogPluginManager: Mounting plugin GeometryCollectionPlugin
LogPluginManager: Mounting plugin HTML5Networking
LogPluginManager: Mounting plugin ProxyLODPlugin
LogPluginManager: Mounting plugin SkeletalReduction
LogPluginManager: Mounting plugin MagicLeap
LogPluginManager: Mounting plugin MagicLeapMedia
LogPluginManager: Mounting plugin AndroidMedia
LogPluginManager: Mounting plugin AvfMedia
LogPluginManager: Mounting plugin ImgMedia
LogPluginManager: Mounting plugin LinearTimecode
LogPluginManager: Mounting plugin MediaCompositing
LogPluginManager: Mounting plugin MediaPlayerEditor
LogPluginManager: Mounting plugin WebMMedia
LogPluginManager: Mounting plugin WmfMedia
LogPluginManager: Mounting plugin TcpMessaging
LogPluginManager: Mounting plugin UdpMessaging
LogPluginManager: Mounting plugin ActorSequence
LogPluginManager: Mounting plugin LevelSequenceEditor
LogPluginManager: Mounting plugin MatineeToLevelSequence
LogPluginManager: Mounting plugin NetcodeUnitTest
LogPluginManager: Mounting plugin NUTUnrealEngine4
LogPluginManager: Mounting plugin OnlineSubsystemGooglePlay
LogPluginManager: Mounting plugin OnlineSubsystemIOS
LogPluginManager: Mounting plugin OnlineSubsystem
LogPluginManager: Mounting plugin OnlineSubsystemNull
LogPluginManager: Mounting plugin OnlineSubsystemSteam
LogPluginManager: Mounting plugin OnlineSubsystemUtils
LogPluginManager: Mounting plugin LauncherChunkInstaller
LogPluginManager: Mounting plugin AndroidDeviceProfileSelector
LogPluginManager: Mounting plugin AndroidMoviePlayer
LogPluginManager: Mounting plugin AndroidPermission
LogPluginManager: Mounting plugin AppleMoviePlayer
LogPluginManager: Mounting plugin ArchVisCharacter
LogPluginManager: Mounting plugin AudioCapture
LogPluginManager: Mounting plugin CableComponent
LogPluginManager: Mounting plugin CustomMeshComponent
LogPluginManager: Mounting plugin EditableMesh
LogPluginManager: Mounting plugin ExampleDeviceProfileSelector
LogPluginManager: Mounting plugin Firebase
LogPluginManager: Mounting plugin GoogleCloudMessaging
LogPluginManager: Mounting plugin IOSDeviceProfileSelector
LogPluginManager: Mounting plugin LinuxDeviceProfileSelector
LogPluginManager: Mounting plugin LocationServicesBPLibrary
LogPluginManager: Mounting plugin MobilePatchingUtils
LogPluginManager: Mounting plugin OculusVR
LogPluginManager: Mounting plugin PhysXVehicles
LogPluginManager: Mounting plugin ProceduralMeshComponent
LogPluginManager: Mounting plugin RuntimePhysXCooking
LogPluginManager: Mounting plugin SignificanceManager
LogPluginManager: Mounting plugin SteamVR
LogPluginManager: Mounting plugin WebMMoviePlayer
LogPluginManager: Mounting plugin WindowsMoviePlayer
LogPluginManager: Mounting plugin DatasmithCADImporter
LogPluginManager: Mounting plugin DatasmithDataPrepEditor
LogPluginManager: Mounting plugin DatasmithFBXImporter
LogPluginManager: Mounting plugin DatasmithGLTFImporter
LogPluginManager: Mounting plugin DatasmithImporter
LogPluginManager: Mounting plugin MDLImporter
LogPluginManager: Mounting plugin StaticMeshEditorExtension
LogPluginManager: Mounting plugin VariantManager
LogInit: Using libcurl 7.55.1-DEV
LogInit:  - built for x86_64-pc-win32
LogInit:  - supports SSL with OpenSSL/1.1.1
LogInit:  - supports HTTP deflate (compression) using libz 1.2.8
LogInit:  - other features:
LogInit:      CURL_VERSION_SSL
LogInit:      CURL_VERSION_LIBZ
LogInit:      CURL_VERSION_IPV6
LogInit:      CURL_VERSION_ASYNCHDNS
LogInit:      CURL_VERSION_LARGEFILE
LogInit:      CURL_VERSION_IDN
LogInit:  CurlRequestOptions (configurable via config and command line):
LogInit:  - bVerifyPeer = true  - Libcurl will verify peer certificate
LogInit:  - bUseHttpProxy = false  - Libcurl will NOT use HTTP proxy
LogInit:  - bDontReuseConnections = false  - Libcurl will reuse connections
LogInit:  - MaxHostConnections = 16  - Libcurl will limit the number of connections to a host
LogInit:  - LocalHostAddr = Default
LogInit:  - BufferSize = 65536
LogOnline: Display: STEAM: Loading Steam SDK 1.39
LogOnline: Display: STEAM: OnlineSubsystemSteam::Shutdown()
LogOnline: OSS: Unable to create OnlineSubsystem module Steam
LogInit: WinSock: version 1.1 (2.2), MaxSocks=32767, MaxUdp=65467
LogInit: Build: ++UE4+Release-4.22-CL-7053642
LogInit: Engine Version: 4.22.3-7053642+++UE4+Release-4.22
LogInit: Compatible Engine Version: 4.22.0-5660361+++UE4+Release-4.22
LogInit: Net CL: 5660361
LogInit: OS: Windows 10 (Release 1803) (), CPU:        Intel(R) Core(TM) i7-3770K CPU @ 3.50GHz, GPU: NVIDIA GeForce RTX 2070
LogInit: Compiled (64-bit): Jun 18 2019 03:09:11
LogInit: Compiled with Visual C++: 19.16.27025.01
LogInit: Build Configuration: Development
LogInit: Branch Name: ++UE4+Release-4.22
LogInit: Command Line: 
LogInit: Base Directory: C:/Program Files (x86)/Epic Games/UE_4.22/Engine/Binaries/Win64/
LogInit: Installed Engine Build: 1
LogDevObjectVersion: Number of dev versions registered: 23
LogDevObjectVersion:   Dev-Blueprints (B0D832E4-1F89-4F0D-ACCF-7EB736FD4AA2): 10
LogDevObjectVersion:   Dev-Build (E1C64328-A22C-4D53-A36C-8E866417BD8C): 0
LogDevObjectVersion:   Dev-Core (375EC13C-06E4-48FB-B500-84F0262A717E): 3
LogDevObjectVersion:   Dev-Editor (E4B068ED-F494-42E9-A231-DA0B2E46BB41): 30
LogDevObjectVersion:   Dev-Framework (CFFC743F-43B0-4480-9391-14DF171D2073): 35
LogDevObjectVersion:   Dev-Mobile (B02B49B5-BB20-44E9-A304-32B752E40360): 2
LogDevObjectVersion:   Dev-Networking (A4E4105C-59A1-49B5-A7C5-40C4547EDFEE): 0
LogDevObjectVersion:   Dev-Online (39C831C9-5AE6-47DC-9A44-9C173E1C8E7C): 0
LogDevObjectVersion:   Dev-Physics (78F01B33-EBEA-4F98-B9B4-84EACCB95AA2): 0
LogDevObjectVersion:   Dev-Platform (6631380F-2D4D-43E0-8009-CF276956A95A): 0
LogDevObjectVersion:   Dev-Rendering (12F88B9F-8875-4AFC-A67C-D90C383ABD29): 28
LogDevObjectVersion:   Dev-Sequencer (7B5AE74C-D270-4C10-A958-57980B212A5A): 11
LogDevObjectVersion:   Dev-VR (D7296918-1DD6-4BDD-9DE2-64A83CC13884): 2
LogDevObjectVersion:   Dev-LoadTimes (C2A15278-BFE7-4AFE-6C17-90FF531DF755): 1
LogDevObjectVersion:   Private-Geometry (6EACA3D4-40EC-4CC1-B786-8BED09428FC5): 3
LogDevObjectVersion:   Dev-AnimPhys (29E575DD-E0A3-4627-9D10-D276232CDCEA): 17
LogDevObjectVersion:   Dev-Anim (AF43A65D-7FD3-4947-9873-3E8ED9C1BB05): 2
LogDevObjectVersion:   Dev-ReflectionCapture (6B266CEC-1EC7-4B8F-A30B-E4D90942FC07): 1
LogDevObjectVersion:   Dev-Automation (0DF73D61-A23F-47EA-B727-89E90C41499A): 1
LogDevObjectVersion:   FortniteMain (601D1886-AC64-4F84-AA16-D3DE0DEAC7D6): 25
LogDevObjectVersion:   Dev-Enterprise (9DFFBCD6-494F-0158-E221-12823C92A888): 6
LogDevObjectVersion:   Dev-Niagara (F2AED0AC-9AFE-416F-8664-AA7FFA26D6FC): 1
LogDevObjectVersion:   Dev-Destruction (174F1F0B-B4C6-45A5-B13F-2EE8D0FB917D): 2
LogInit: Presizing for max 16777216 objects, including 0 objects not considered by GC, pre-allocating 0 bytes for permanent pool.
LogInit: Object subsystem initialized
LogConfig: Setting CVar [[con.DebugEarlyDefault:1]]
LogConfig: Setting CVar [[r.setres:1280x720]]
[2019.09.09-22.02.47:584][  0]LogConfig: Setting CVar [[r.VSync:0]]
[2019.09.09-22.02.47:584][  0]LogConfig: Setting CVar [[r.RHICmdBypass:0]]
[2019.09.09-22.02.47:584][  0]LogConfig: Applying CVar settings from Section [/Script/Engine.RendererSettings] File [G:/Epic Games/UnrealProjects/CoopVR/Saved/Config/Windows/Engine.ini]
[2019.09.09-22.02.47:584][  0]LogConfig: Setting CVar [[r.GPUCrashDebugging:0]]
[2019.09.09-22.02.47:584][  0]LogConfig: Applying CVar settings from Section [/Script/Engine.RendererOverrideSettings] File [G:/Epic Games/UnrealProjects/CoopVR/Saved/Config/Windows/Engine.ini]
[2019.09.09-22.02.47:584][  0]LogConfig: Applying CVar settings from Section [/Script/Engine.StreamingSettings] File [G:/Epic Games/UnrealProjects/CoopVR/Saved/Config/Windows/Engine.ini]
[2019.09.09-22.02.47:584][  0]LogConfig: Setting CVar [[s.MinBulkDataSizeForAsyncLoading:131072]]
[2019.09.09-22.02.47:584][  0]LogConfig: Setting CVar [[s.AsyncLoadingThreadEnabled:0]]
[2019.09.09-22.02.47:584][  0]LogConfig: Setting CVar [[s.EventDrivenLoaderEnabled:1]]
[2019.09.09-22.02.47:584][  0]LogConfig: Setting CVar [[s.WarnIfTimeLimitExceeded:0]]
[2019.09.09-22.02.47:584][  0]LogConfig: Setting CVar [[s.TimeLimitExceededMultiplier:1.5]]
[2019.09.09-22.02.47:584][  0]LogConfig: Setting CVar [[s.TimeLimitExceededMinTime:0.005]]
[2019.09.09-22.02.47:584][  0]LogConfig: Setting CVar [[s.UseBackgroundLevelStreaming:1]]
[2019.09.09-22.02.47:584][  0]LogConfig: Setting CVar [[s.PriorityAsyncLoadingExtraTime:15.0]]
[2019.09.09-22.02.47:584][  0]LogConfig: Setting CVar [[s.LevelStreamingActorsUpdateTimeLimit:5.0]]
[2019.09.09-22.02.47:584][  0]LogConfig: Setting CVar [[s.PriorityLevelStreamingActorsUpdateExtraTime:5.0]]
[2019.09.09-22.02.47:584][  0]LogConfig: Setting CVar [[s.LevelStreamingComponentsRegistrationGranularity:10]]
[2019.09.09-22.02.47:585][  0]LogConfig: Setting CVar [[s.UnregisterComponentsTimeLimit:1.0]]
[2019.09.09-22.02.47:585][  0]LogConfig: Setting CVar [[s.LevelStreamingComponentsUnregistrationGranularity:5]]
[2019.09.09-22.02.47:585][  0]LogConfig: Applying CVar settings from Section [/Script/Engine.GarbageCollectionSettings] File [G:/Epic Games/UnrealProjects/CoopVR/Saved/Config/Windows/Engine.ini]
[2019.09.09-22.02.47:585][  0]LogConfig: Setting CVar [[gc.MaxObjectsNotConsideredByGC:1]]
[2019.09.09-22.02.47:585][  0]LogConfig: Setting CVar [[gc.SizeOfPermanentObjectPool:0]]
[2019.09.09-22.02.47:585][  0]LogConfig: Setting CVar [[gc.FlushStreamingOnGC:0]]
[2019.09.09-22.02.47:585][  0]LogConfig: Setting CVar [[gc.NumRetriesBeforeForcingGC:10]]
[2019.09.09-22.02.47:585][  0]LogConfig: Setting CVar [[gc.AllowParallelGC:1]]
[2019.09.09-22.02.47:585][  0]LogConfig: Setting CVar [[gc.TimeBetweenPurgingPendingKillObjects:61.1]]
[2019.09.09-22.02.47:585][  0]LogConfig: Setting CVar [[gc.MaxObjectsInEditor:16777216]]
[2019.09.09-22.02.47:585][  0]LogConfig: Setting CVar [[gc.IncrementalBeginDestroyEnabled:1]]
[2019.09.09-22.02.47:585][  0]LogConfig: Setting CVar [[gc.CreateGCClusters:1]]
[2019.09.09-22.02.47:585][  0]LogConfig: Setting CVar [[gc.MinGCClusterSize:5]]
[2019.09.09-22.02.47:585][  0]LogConfig: Setting CVar [[gc.ActorClusteringEnabled:0]]
[2019.09.09-22.02.47:585][  0]LogConfig: Setting CVar [[gc.BlueprintClusteringEnabled:0]]
[2019.09.09-22.02.47:585][  0]LogConfig: Setting CVar [[gc.UseDisregardForGCOnDedicatedServers:0]]
[2019.09.09-22.02.47:585][  0]LogConfig: Applying CVar settings from Section [/Script/Engine.NetworkSettings] File [G:/Epic Games/UnrealProjects/CoopVR/Saved/Config/Windows/Engine.ini]
[2019.09.09-22.02.47:585][  0]LogConfig: Applying CVar settings from Section [/Script/UnrealEd.CookerSettings] File [G:/Epic Games/UnrealProjects/CoopVR/Saved/Config/Windows/Engine.ini]
[2019.09.09-22.02.47:592][  0]LogConfig: Applying CVar settings from Section [ViewDistanceQuality@3] File [G:/Epic Games/UnrealProjects/CoopVR/Saved/Config/Windows/Scalability.ini]
[2019.09.09-22.02.47:592][  0]LogConfig: Setting CVar [[r.SkeletalMeshLODBias:0]]
[2019.09.09-22.02.47:592][  0]LogConfig: Setting CVar [[r.ViewDistanceScale:1.0]]
[2019.09.09-22.02.47:592][  0]LogConfig: Applying CVar settings from Section [AntiAliasingQuality@3] File [G:/Epic Games/UnrealProjects/CoopVR/Saved/Config/Windows/Scalability.ini]
[2019.09.09-22.02.47:592][  0]LogConfig: Setting CVar [[r.PostProcessAAQuality:4]]
[2019.09.09-22.02.47:592][  0]LogConfig: Applying CVar settings from Section [ShadowQuality@3] File [G:/Epic Games/UnrealProjects/CoopVR/Saved/Config/Windows/Scalability.ini]
[2019.09.09-22.02.47:592][  0]LogConfig: Setting CVar [[r.LightFunctionQuality:1]]
[2019.09.09-22.02.47:592][  0]LogConfig: Setting CVar [[r.ShadowQuality:5]]
[2019.09.09-22.02.47:592][  0]LogConfig: Setting CVar [[r.Shadow.CSM.MaxCascades:10]]
[2019.09.09-22.02.47:592][  0]LogConfig: Setting CVar [[r.Shadow.MaxResolution:2048]]
[2019.09.09-22.02.47:592][  0]LogConfig: Setting CVar [[r.Shadow.MaxCSMResolution:2048]]
[2019.09.09-22.02.47:592][  0]LogConfig: Setting CVar [[r.Shadow.RadiusThreshold:0.01]]
[2019.09.09-22.02.47:592][  0]LogConfig: Setting CVar [[r.Shadow.DistanceScale:1.0]]
[2019.09.09-22.02.47:592][  0]LogConfig: Setting CVar [[r.Shadow.CSM.TransitionScale:1.0]]
[2019.09.09-22.02.47:592][  0]LogConfig: Setting CVar [[r.Shadow.PreShadowResolutionFactor:1.0]]
[2019.09.09-22.02.47:592][  0]LogConfig: Setting CVar [[r.DistanceFieldShadowing:1]]
[2019.09.09-22.02.47:592][  0]LogConfig: Setting CVar [[r.DistanceFieldAO:1]]
[2019.09.09-22.02.47:592][  0]LogConfig: Setting CVar [[r.AOQuality:2]]
[2019.09.09-22.02.47:592][  0]LogConfig: Setting CVar [[r.VolumetricFog:1]]
[2019.09.09-22.02.47:592][  0]LogConfig: Setting CVar [[r.VolumetricFog.GridPixelSize:8]]
[2019.09.09-22.02.47:592][  0]LogConfig: Setting CVar [[r.VolumetricFog.GridSizeZ:128]]
[2019.09.09-22.02.47:592][  0]LogConfig: Setting CVar [[r.VolumetricFog.HistoryMissSupersampleCount:4]]
[2019.09.09-22.02.47:592][  0]LogConfig: Setting CVar [[r.LightMaxDrawDistanceScale:1]]
[2019.09.09-22.02.47:592][  0]LogConfig: Setting CVar [[r.CapsuleShadows:1]]
[2019.09.09-22.02.47:592][  0]LogConfig: Applying CVar settings from Section [PostProcessQuality@3] File [G:/Epic Games/UnrealProjects/CoopVR/Saved/Config/Windows/Scalability.ini]
[2019.09.09-22.02.47:592][  0]LogConfig: Setting CVar [[r.MotionBlurQuality:4]]
[2019.09.09-22.02.47:592][  0]LogConfig: Setting CVar [[r.AmbientOcclusionMipLevelFactor:0.4]]
[2019.09.09-22.02.47:592][  0]LogConfig: Setting CVar [[r.AmbientOcclusionMaxQuality:100]]
[2019.09.09-22.02.47:592][  0]LogConfig: Setting CVar [[r.AmbientOcclusionLevels:-1]]
[2019.09.09-22.02.47:592][  0]LogConfig: Setting CVar [[r.AmbientOcclusionRadiusScale:1.0]]
[2019.09.09-22.02.47:592][  0]LogConfig: Setting CVar [[r.DepthOfFieldQuality:2]]
[2019.09.09-22.02.47:592][  0]LogConfig: Setting CVar [[r.RenderTargetPoolMin:400]]
[2019.09.09-22.02.47:592][  0]LogConfig: Setting CVar [[r.LensFlareQuality:2]]
[2019.09.09-22.02.47:592][  0]LogConfig: Setting CVar [[r.SceneColorFringeQuality:1]]
[2019.09.09-22.02.47:592][  0]LogConfig: Setting CVar [[r.EyeAdaptationQuality:2]]
[2019.09.09-22.02.47:592][  0]LogConfig: Setting CVar [[r.BloomQuality:5]]
[2019.09.09-22.02.47:592][  0]LogConfig: Setting CVar [[r.FastBlurThreshold:100]]
[2019.09.09-22.02.47:592][  0]LogConfig: Setting CVar [[r.Upscale.Quality:3]]
[2019.09.09-22.02.47:592][  0]LogConfig: Setting CVar [[r.Tonemapper.GrainQuantization:1]]
[2019.09.09-22.02.47:592][  0]LogConfig: Setting CVar [[r.LightShaftQuality:1]]
[2019.09.09-22.02.47:592][  0]LogConfig: Setting CVar [[r.Filter.SizeScale:1]]
[2019.09.09-22.02.47:592][  0]LogConfig: Setting CVar [[r.Tonemapper.Quality:5]]
[2019.09.09-22.02.47:592][  0]LogConfig: Setting CVar [[r.DOF.Gather.AccumulatorQuality:1        ; higher gathering accumulator quality]]
[2019.09.09-22.02.47:592][  0]LogConfig: Setting CVar [[r.DOF.Gather.PostfilterMethod:1          ; Median3x3 postfilering method]]
[2019.09.09-22.02.47:592][  0]LogConfig: Setting CVar [[r.DOF.Gather.EnableBokehSettings:0       ; no bokeh simulation when gathering]]
[2019.09.09-22.02.47:592][  0]LogConfig: Setting CVar [[r.DOF.Gather.RingCount:4                 ; medium number of samples when gathering]]
[2019.09.09-22.02.47:592][  0]LogConfig: Setting CVar [[r.DOF.Scatter.ForegroundCompositing:1    ; additive foreground scattering]]
[2019.09.09-22.02.47:592][  0]LogConfig: Setting CVar [[r.DOF.Scatter.BackgroundCompositing:2    ; additive background scattering]]
[2019.09.09-22.02.47:592][  0]LogConfig: Setting CVar [[r.DOF.Scatter.EnableBokehSettings:1      ; bokeh simulation when scattering]]
[2019.09.09-22.02.47:592][  0]LogConfig: Setting CVar [[r.DOF.Scatter.MaxSpriteRatio:0.1         ; only a maximum of 10% of scattered bokeh]]
[2019.09.09-22.02.47:592][  0]LogConfig: Setting CVar [[r.DOF.Recombine.Quality:1                ; cheap slight out of focus]]
[2019.09.09-22.02.47:592][  0]LogConfig: Setting CVar [[r.DOF.Recombine.EnableBokehSettings:0    ; no bokeh simulation on slight out of focus]]
[2019.09.09-22.02.47:592][  0]LogConfig: Setting CVar [[r.DOF.TemporalAAQuality:1                ; more stable temporal accumulation]]
[2019.09.09-22.02.47:592][  0]LogConfig: Setting CVar [[r.DOF.Kernel.MaxForegroundRadius:0.025]]
[2019.09.09-22.02.47:592][  0]LogConfig: Setting CVar [[r.DOF.Kernel.MaxBackgroundRadius:0.025]]
[2019.09.09-22.02.47:592][  0]LogConfig: Applying CVar settings from Section [TextureQuality@3] File [G:/Epic Games/UnrealProjects/CoopVR/Saved/Config/Windows/Scalability.ini]
[2019.09.09-22.02.47:593][  0]LogConfig: Setting CVar [[r.Streaming.MipBias:0]]
[2019.09.09-22.02.47:593][  0]LogConfig: Setting CVar [[r.Streaming.AmortizeCPUToGPUCopy:0]]
[2019.09.09-22.02.47:593][  0]LogConfig: Setting CVar [[r.Streaming.MaxNumTexturesToStreamPerFrame:0]]
[2019.09.09-22.02.47:593][  0]LogConfig: Setting CVar [[r.Streaming.Boost:1]]
[2019.09.09-22.02.47:593][  0]LogConfig: Setting CVar [[r.MaxAnisotropy:8]]
[2019.09.09-22.02.47:593][  0]LogConfig: Setting CVar [[r.Streaming.LimitPoolSizeToVRAM:0]]
[2019.09.09-22.02.47:593][  0]LogConfig: Setting CVar [[r.Streaming.PoolSize:1000]]
[2019.09.09-22.02.47:593][  0]LogConfig: Setting CVar [[r.Streaming.MaxEffectiveScreenSize:0]]
[2019.09.09-22.02.47:593][  0]LogConfig: Applying CVar settings from Section [EffectsQuality@3] File [G:/Epic Games/UnrealProjects/CoopVR/Saved/Config/Windows/Scalability.ini]
[2019.09.09-22.02.47:593][  0]LogConfig: Setting CVar [[r.TranslucencyLightingVolumeDim:64]]
[2019.09.09-22.02.47:593][  0]LogConfig: Setting CVar [[r.RefractionQuality:2]]
[2019.09.09-22.02.47:593][  0]LogConfig: Setting CVar [[r.SSR.Quality:3]]
[2019.09.09-22.02.47:593][  0]LogConfig: Setting CVar [[r.SceneColorFormat:4]]
[2019.09.09-22.02.47:593][  0]LogConfig: Setting CVar [[r.DetailMode:2]]
[2019.09.09-22.02.47:593][  0]LogConfig: Setting CVar [[r.TranslucencyVolumeBlur:1]]
[2019.09.09-22.02.47:593][  0]LogConfig: Setting CVar [[r.MaterialQualityLevel:1 ; High quality]]
[2019.09.09-22.02.47:593][  0]LogConfig: Setting CVar [[r.SSS.Scale:1]]
[2019.09.09-22.02.47:593][  0]LogConfig: Setting CVar [[r.SSS.SampleSet:2]]
[2019.09.09-22.02.47:593][  0]LogConfig: Setting CVar [[r.SSS.Quality:1]]
[2019.09.09-22.02.47:593][  0]LogConfig: Setting CVar [[r.SSS.HalfRes:1]]
[2019.09.09-22.02.47:593][  0]LogConfig: Setting CVar [[r.EmitterSpawnRateScale:1.0]]
[2019.09.09-22.02.47:593][  0]LogConfig: Setting CVar [[r.ParticleLightQuality:2]]
[2019.09.09-22.02.47:593][  0]LogConfig: Applying CVar settings from Section [FoliageQuality@3] File [G:/Epic Games/UnrealProjects/CoopVR/Saved/Config/Windows/Scalability.ini]
[2019.09.09-22.02.47:593][  0]LogConfig: Setting CVar [[foliage.DensityScale:1.0]]
[2019.09.09-22.02.47:593][  0]LogConfig: Setting CVar [[grass.DensityScale:1.0]]
[2019.09.09-22.02.47:593][  0]LogInit: Selected Device Profile: [Windows]
[2019.09.09-22.02.47:593][  0]LogInit: Applying CVar settings loaded from the selected device profile: [Windows]
[2019.09.09-22.02.47:601][  0]LogHAL: Display: Platform has ~ 16 GB [17124184064 / 17179869184 / 16], which maps to Larger [LargestMinGB=32, LargerMinGB=12, DefaultMinGB=8, SmallerMinGB=6, SmallestMinGB=0)
[2019.09.09-22.02.47:601][  0]LogConfig: Setting CVar [[r.Vulkan.UseRealUBs:0		; Required until we fix HLR fall-out]]
[2019.09.09-22.02.47:601][  0]LogInit: Going up to parent DeviceProfile []
[2019.09.09-22.02.47:601][  0]LogConfig: Applying CVar settings from Section [ViewDistanceQuality@3] File [G:/Epic Games/UnrealProjects/CoopVR/Saved/Config/Windows/Scalability.ini]
[2019.09.09-22.02.47:601][  0]LogConfig: Setting CVar [[r.SkeletalMeshLODBias:0]]
[2019.09.09-22.02.47:601][  0]LogConfig: Setting CVar [[r.ViewDistanceScale:1.0]]
[2019.09.09-22.02.47:601][  0]LogConfig: Applying CVar settings from Section [AntiAliasingQuality@3] File [G:/Epic Games/UnrealProjects/CoopVR/Saved/Config/Windows/Scalability.ini]
[2019.09.09-22.02.47:601][  0]LogConfig: Setting CVar [[r.PostProcessAAQuality:4]]
[2019.09.09-22.02.47:601][  0]LogConfig: Applying CVar settings from Section [ShadowQuality@3] File [G:/Epic Games/UnrealProjects/CoopVR/Saved/Config/Windows/Scalability.ini]
[2019.09.09-22.02.47:601][  0]LogConfig: Setting CVar [[r.LightFunctionQuality:1]]
[2019.09.09-22.02.47:601][  0]LogConfig: Setting CVar [[r.ShadowQuality:5]]
[2019.09.09-22.02.47:601][  0]LogConfig: Setting CVar [[r.Shadow.CSM.MaxCascades:10]]
[2019.09.09-22.02.47:601][  0]LogConfig: Setting CVar [[r.Shadow.MaxResolution:2048]]
[2019.09.09-22.02.47:601][  0]LogConfig: Setting CVar [[r.Shadow.MaxCSMResolution:2048]]
[2019.09.09-22.02.47:601][  0]LogConfig: Setting CVar [[r.Shadow.RadiusThreshold:0.01]]
[2019.09.09-22.02.47:602][  0]LogConfig: Setting CVar [[r.Shadow.DistanceScale:1.0]]
[2019.09.09-22.02.47:602][  0]LogConfig: Setting CVar [[r.Shadow.CSM.TransitionScale:1.0]]
[2019.09.09-22.02.47:602][  0]LogConfig: Setting CVar [[r.Shadow.PreShadowResolutionFactor:1.0]]
[2019.09.09-22.02.47:602][  0]LogConfig: Setting CVar [[r.DistanceFieldShadowing:1]]
[2019.09.09-22.02.47:602][  0]LogConfig: Setting CVar [[r.DistanceFieldAO:1]]
[2019.09.09-22.02.47:602][  0]LogConfig: Setting CVar [[r.AOQuality:2]]
[2019.09.09-22.02.47:602][  0]LogConfig: Setting CVar [[r.VolumetricFog:1]]
[2019.09.09-22.02.47:602][  0]LogConfig: Setting CVar [[r.VolumetricFog.GridPixelSize:8]]
[2019.09.09-22.02.47:602][  0]LogConfig: Setting CVar [[r.VolumetricFog.GridSizeZ:128]]
[2019.09.09-22.02.47:602][  0]LogConfig: Setting CVar [[r.VolumetricFog.HistoryMissSupersampleCount:4]]
[2019.09.09-22.02.47:602][  0]LogConfig: Setting CVar [[r.LightMaxDrawDistanceScale:1]]
[2019.09.09-22.02.47:602][  0]LogConfig: Setting CVar [[r.CapsuleShadows:1]]
[2019.09.09-22.02.47:602][  0]LogConfig: Applying CVar settings from Section [PostProcessQuality@3] File [G:/Epic Games/UnrealProjects/CoopVR/Saved/Config/Windows/Scalability.ini]
[2019.09.09-22.02.47:602][  0]LogConfig: Setting CVar [[r.MotionBlurQuality:4]]
[2019.09.09-22.02.47:602][  0]LogConfig: Setting CVar [[r.AmbientOcclusionMipLevelFactor:0.4]]
[2019.09.09-22.02.47:602][  0]LogConfig: Setting CVar [[r.AmbientOcclusionMaxQuality:100]]
[2019.09.09-22.02.47:602][  0]LogConfig: Setting CVar [[r.AmbientOcclusionLevels:-1]]
[2019.09.09-22.02.47:602][  0]LogConfig: Setting CVar [[r.AmbientOcclusionRadiusScale:1.0]]
[2019.09.09-22.02.47:602][  0]LogConfig: Setting CVar [[r.DepthOfFieldQuality:2]]
[2019.09.09-22.02.47:602][  0]LogConfig: Setting CVar [[r.RenderTargetPoolMin:400]]
[2019.09.09-22.02.47:602][  0]LogConfig: Setting CVar [[r.LensFlareQuality:2]]
[2019.09.09-22.02.47:602][  0]LogConfig: Setting CVar [[r.SceneColorFringeQuality:1]]
[2019.09.09-22.02.47:602][  0]LogConfig: Setting CVar [[r.EyeAdaptationQuality:2]]
[2019.09.09-22.02.47:602][  0]LogConfig: Setting CVar [[r.BloomQuality:5]]
[2019.09.09-22.02.47:602][  0]LogConfig: Setting CVar [[r.FastBlurThreshold:100]]
[2019.09.09-22.02.47:602][  0]LogConfig: Setting CVar [[r.Upscale.Quality:3]]
[2019.09.09-22.02.47:602][  0]LogConfig: Setting CVar [[r.Tonemapper.GrainQuantization:1]]
[2019.09.09-22.02.47:602][  0]LogConfig: Setting CVar [[r.LightShaftQuality:1]]
[2019.09.09-22.02.47:602][  0]LogConfig: Setting CVar [[r.Filter.SizeScale:1]]
[2019.09.09-22.02.47:602][  0]LogConfig: Setting CVar [[r.Tonemapper.Quality:5]]
[2019.09.09-22.02.47:602][  0]LogConfig: Setting CVar [[r.DOF.Gather.AccumulatorQuality:1        ; higher gathering accumulator quality]]
[2019.09.09-22.02.47:602][  0]LogConfig: Setting CVar [[r.DOF.Gather.PostfilterMethod:1          ; Median3x3 postfilering method]]
[2019.09.09-22.02.47:602][  0]LogConfig: Setting CVar [[r.DOF.Gather.EnableBokehSettings:0       ; no bokeh simulation when gathering]]
[2019.09.09-22.02.47:602][  0]LogConfig: Setting CVar [[r.DOF.Gather.RingCount:4                 ; medium number of samples when gathering]]
[2019.09.09-22.02.47:602][  0]LogConfig: Setting CVar [[r.DOF.Scatter.ForegroundCompositing:1    ; additive foreground scattering]]
[2019.09.09-22.02.47:602][  0]LogConfig: Setting CVar [[r.DOF.Scatter.BackgroundCompositing:2    ; additive background scattering]]
[2019.09.09-22.02.47:602][  0]LogConfig: Setting CVar [[r.DOF.Scatter.EnableBokehSettings:1      ; bokeh simulation when scattering]]
[2019.09.09-22.02.47:602][  0]LogConfig: Setting CVar [[r.DOF.Scatter.MaxSpriteRatio:0.1         ; only a maximum of 10% of scattered bokeh]]
[2019.09.09-22.02.47:602][  0]LogConfig: Setting CVar [[r.DOF.Recombine.Quality:1                ; cheap slight out of focus]]
[2019.09.09-22.02.47:602][  0]LogConfig: Setting CVar [[r.DOF.Recombine.EnableBokehSettings:0    ; no bokeh simulation on slight out of focus]]
[2019.09.09-22.02.47:602][  0]LogConfig: Setting CVar [[r.DOF.TemporalAAQuality:1                ; more stable temporal accumulation]]
[2019.09.09-22.02.47:602][  0]LogConfig: Setting CVar [[r.DOF.Kernel.MaxForegroundRadius:0.025]]
[2019.09.09-22.02.47:602][  0]LogConfig: Setting CVar [[r.DOF.Kernel.MaxBackgroundRadius:0.025]]
[2019.09.09-22.02.47:602][  0]LogConfig: Applying CVar settings from Section [TextureQuality@3] File [G:/Epic Games/UnrealProjects/CoopVR/Saved/Config/Windows/Scalability.ini]
[2019.09.09-22.02.47:602][  0]LogConfig: Setting CVar [[r.Streaming.MipBias:0]]
[2019.09.09-22.02.47:602][  0]LogConfig: Setting CVar [[r.Streaming.AmortizeCPUToGPUCopy:0]]
[2019.09.09-22.02.47:602][  0]LogConfig: Setting CVar [[r.Streaming.MaxNumTexturesToStreamPerFrame:0]]
[2019.09.09-22.02.47:602][  0]LogConfig: Setting CVar [[r.Streaming.Boost:1]]
[2019.09.09-22.02.47:602][  0]LogConfig: Setting CVar [[r.MaxAnisotropy:8]]
[2019.09.09-22.02.47:602][  0]LogConfig: Setting CVar [[r.Streaming.LimitPoolSizeToVRAM:0]]
[2019.09.09-22.02.47:602][  0]LogConfig: Setting CVar [[r.Streaming.PoolSize:1000]]
[2019.09.09-22.02.47:602][  0]LogConfig: Setting CVar [[r.Streaming.MaxEffectiveScreenSize:0]]
[2019.09.09-22.02.47:602][  0]LogConfig: Applying CVar settings from Section [EffectsQuality@3] File [G:/Epic Games/UnrealProjects/CoopVR/Saved/Config/Windows/Scalability.ini]
[2019.09.09-22.02.47:602][  0]LogConfig: Setting CVar [[r.TranslucencyLightingVolumeDim:64]]
[2019.09.09-22.02.47:602][  0]LogConfig: Setting CVar [[r.RefractionQuality:2]]
[2019.09.09-22.02.47:602][  0]LogConfig: Setting CVar [[r.SSR.Quality:3]]
[2019.09.09-22.02.47:602][  0]LogConfig: Setting CVar [[r.SceneColorFormat:4]]
[2019.09.09-22.02.47:602][  0]LogConfig: Setting CVar [[r.DetailMode:2]]
[2019.09.09-22.02.47:602][  0]LogConfig: Setting CVar [[r.TranslucencyVolumeBlur:1]]
[2019.09.09-22.02.47:602][  0]LogConfig: Setting CVar [[r.MaterialQualityLevel:1 ; High quality]]
[2019.09.09-22.02.47:602][  0]LogConfig: Setting CVar [[r.SSS.Scale:1]]
[2019.09.09-22.02.47:602][  0]LogConfig: Setting CVar [[r.SSS.SampleSet:2]]
[2019.09.09-22.02.47:602][  0]LogConfig: Setting CVar [[r.SSS.Quality:1]]
[2019.09.09-22.02.47:603][  0]LogConfig: Setting CVar [[r.SSS.HalfRes:1]]
[2019.09.09-22.02.47:603][  0]LogConfig: Setting CVar [[r.EmitterSpawnRateScale:1.0]]
[2019.09.09-22.02.47:603][  0]LogConfig: Setting CVar [[r.ParticleLightQuality:2]]
[2019.09.09-22.02.47:603][  0]LogConfig: Applying CVar settings from Section [FoliageQuality@3] File [G:/Epic Games/UnrealProjects/CoopVR/Saved/Config/Windows/Scalability.ini]
[2019.09.09-22.02.47:603][  0]LogConfig: Setting CVar [[foliage.DensityScale:1.0]]
[2019.09.09-22.02.47:603][  0]LogConfig: Setting CVar [[grass.DensityScale:1.0]]
[2019.09.09-22.02.47:603][  0]LogConfig: Applying CVar settings from Section [Startup] File [../../../Engine/Config/ConsoleVariables.ini]
[2019.09.09-22.02.47:603][  0]LogConfig: Setting CVar [[net.UseAdaptiveNetUpdateFrequency:0]]
[2019.09.09-22.02.47:603][  0]LogConfig: Setting CVar [[p.chaos.AllowCreatePhysxBodies:1]]
[2019.09.09-22.02.47:603][  0]LogConfig: Applying CVar settings from Section [ConsoleVariables] File [G:/Epic Games/UnrealProjects/CoopVR/Saved/Config/Windows/Engine.ini]
[2019.09.09-22.02.47:603][  0]LogInit: Computer: DESKTOP-21FRT5R
[2019.09.09-22.02.47:603][  0]LogInit: User: broki
[2019.09.09-22.02.47:603][  0]LogInit: CPU Page size=4096, Cores=4
[2019.09.09-22.02.47:603][  0]LogInit: High frequency timer resolution =3.417995 MHz
[2019.09.09-22.02.47:603][  0]LogMemory: Memory total: Physical=15.9GB (16GB approx)
[2019.09.09-22.02.47:603][  0]LogMemory: Platform Memory Stats for Windows
[2019.09.09-22.02.47:603][  0]LogMemory: Process Physical Memory: 99.77 MB used, 99.77 MB peak
[2019.09.09-22.02.47:603][  0]LogMemory: Process Virtual Memory: 102.68 MB used, 102.68 MB peak
[2019.09.09-22.02.47:603][  0]LogMemory: Physical Memory: 5936.18 MB used,  10394.71 MB free, 16330.89 MB total
[2019.09.09-22.02.47:603][  0]LogMemory: Virtual Memory: 4655.27 MB used,  134213072.00 MB free, 134217728.00 MB total
[2019.09.09-22.02.47:648][  0]LogInit: Using OS detected language (en-US).
[2019.09.09-22.02.47:648][  0]LogInit: Using OS detected locale (en-US).
[2019.09.09-22.02.47:650][  0]LogTextLocalizationManager: No specific localization for 'en-US' exists, so the 'en' localization will be used.
[2019.09.09-22.02.47:853][  0]LogInit: Setting process to per monitor DPI aware
[2019.09.09-22.02.47:913][  0]LogSlate: New Slate User Created.  User Index 0, Is Virtual User: 0
[2019.09.09-22.02.47:913][  0]LogSlate: Slate User Registered.  User Index 0, Is Virtual User: 0
[2019.09.09-22.02.48:309][  0]LogD3D11RHI: D3D11 adapters:
[2019.09.09-22.02.48:402][  0]LogD3D11RHI:    0. 'NVIDIA GeForce RTX 2070' (Feature Level 11_0)
[2019.09.09-22.02.48:402][  0]LogD3D11RHI:       8031/0/8165 MB DedicatedVideo/DedicatedSystem/SharedSystem, Outputs:2, VendorId:0x10de
[2019.09.09-22.02.48:405][  0]LogD3D11RHI:    1. 'Microsoft Basic Render Driver' (Feature Level 11_0)
[2019.09.09-22.02.48:405][  0]LogD3D11RHI:       0/0/8165 MB DedicatedVideo/DedicatedSystem/SharedSystem, Outputs:0, VendorId:0x1414
[2019.09.09-22.02.48:405][  0]LogD3D11RHI: Chosen D3D11 Adapter: 0
[2019.09.09-22.02.48:416][  0]LogD3D11RHI: Creating new Direct3DDevice
[2019.09.09-22.02.48:416][  0]LogD3D11RHI:     GPU DeviceId: 0x1f02 (for the marketing name, search the web for "GPU Device Id")
[2019.09.09-22.02.48:416][  0]LogWindows: EnumDisplayDevices:
[2019.09.09-22.02.48:416][  0]LogWindows:    0. 'NVIDIA GeForce RTX 2070' (P:1 D:1)
[2019.09.09-22.02.48:417][  0]LogWindows:    1. 'NVIDIA GeForce RTX 2070' (P:0 D:1)
[2019.09.09-22.02.48:417][  0]LogWindows:    2. 'NVIDIA GeForce RTX 2070' (P:0 D:0)
[2019.09.09-22.02.48:418][  0]LogWindows:    3. 'NVIDIA GeForce RTX 2070' (P:0 D:0)
[2019.09.09-22.02.48:418][  0]LogWindows: DebugString: FoundDriverCount:4 
[2019.09.09-22.02.48:418][  0]LogD3D11RHI:     Adapter Name: NVIDIA GeForce RTX 2070
[2019.09.09-22.02.48:418][  0]LogD3D11RHI:   Driver Version: 431.36 (internal:26.21.14.3136, unified:431.36)
[2019.09.09-22.02.48:418][  0]LogD3D11RHI:      Driver Date: 7-3-2019
[2019.09.09-22.02.48:418][  0]LogRHI: Texture pool is 5621 MB (70% of 8031 MB)
[2019.09.09-22.02.48:490][  0]LogD3D11RHI: Async texture creation enabled
[2019.09.09-22.02.48:504][  0]LogRendererCore: FGlobalReadBuffer::InitRHI
[2019.09.09-22.02.48:505][  0]LogRendererCore: FGlobalReadBuffer::InitRHI
[2019.09.09-22.02.48:505][  0]LogRendererCore: FGlobalReadBuffer::InitRHI
[2019.09.09-22.02.48:513][  0]LogD3D11RHI: GPU Timing Frequency: 1000.000000 (Debug: 2 1)
[2019.09.09-22.02.48:965][  0]LogTemp: Display: Module 'AllDesktopTargetPlatform' loaded TargetPlatform 'AllDesktop'
[2019.09.09-22.02.48:988][  0]LogTemp: Display: Module 'MacClientTargetPlatform' loaded TargetPlatform 'MacClient'
[2019.09.09-22.02.49:009][  0]LogTemp: Display: Module 'MacNoEditorTargetPlatform' loaded TargetPlatform 'MacNoEditor'
[2019.09.09-22.02.49:028][  0]LogTemp: Display: Module 'MacServerTargetPlatform' loaded TargetPlatform 'MacServer'
[2019.09.09-22.02.49:046][  0]LogTemp: Display: Module 'MacTargetPlatform' loaded TargetPlatform 'Mac'
[2019.09.09-22.02.49:065][  0]LogTemp: Display: Module 'WindowsClientTargetPlatform' loaded TargetPlatform 'WindowsClient'
[2019.09.09-22.02.49:084][  0]LogTemp: Display: Module 'WindowsNoEditorTargetPlatform' loaded TargetPlatform 'WindowsNoEditor'
[2019.09.09-22.02.49:104][  0]LogTemp: Display: Module 'WindowsServerTargetPlatform' loaded TargetPlatform 'WindowsServer'
[2019.09.09-22.02.49:115][  0]LogTemp: Display: Module 'WindowsTargetPlatform' loaded TargetPlatform 'Windows'
[2019.09.09-22.02.49:208][  0]LogTemp: Display: Module 'AndroidTargetPlatform' loaded TargetPlatform 'Android'
[2019.09.09-22.02.49:208][  0]LogTemp: Display: Module 'AndroidTargetPlatform' loaded TargetPlatform 'Android_ASTC'
[2019.09.09-22.02.49:208][  0]LogTemp: Display: Module 'AndroidTargetPlatform' loaded TargetPlatform 'Android_ATC'
[2019.09.09-22.02.49:208][  0]LogTemp: Display: Module 'AndroidTargetPlatform' loaded TargetPlatform 'Android_DXT'
[2019.09.09-22.02.49:208][  0]LogTemp: Display: Module 'AndroidTargetPlatform' loaded TargetPlatform 'Android_ETC1'
[2019.09.09-22.02.49:208][  0]LogTemp: Display: Module 'AndroidTargetPlatform' loaded TargetPlatform 'Android_ETC1a'
[2019.09.09-22.02.49:208][  0]LogTemp: Display: Module 'AndroidTargetPlatform' loaded TargetPlatform 'Android_ETC2'
[2019.09.09-22.02.49:208][  0]LogTemp: Display: Module 'AndroidTargetPlatform' loaded TargetPlatform 'Android_PVRTC'
[2019.09.09-22.02.49:208][  0]LogTemp: Display: Module 'AndroidTargetPlatform' loaded TargetPlatform 'AndroidClient'
[2019.09.09-22.02.49:208][  0]LogTemp: Display: Module 'AndroidTargetPlatform' loaded TargetPlatform 'Android_ASTCClient'
[2019.09.09-22.02.49:208][  0]LogTemp: Display: Module 'AndroidTargetPlatform' loaded TargetPlatform 'Android_ATCClient'
[2019.09.09-22.02.49:208][  0]LogTemp: Display: Module 'AndroidTargetPlatform' loaded TargetPlatform 'Android_DXTClient'
[2019.09.09-22.02.49:208][  0]LogTemp: Display: Module 'AndroidTargetPlatform' loaded TargetPlatform 'Android_ETC1Client'
[2019.09.09-22.02.49:208][  0]LogTemp: Display: Module 'AndroidTargetPlatform' loaded TargetPlatform 'Android_ETC1aClient'
[2019.09.09-22.02.49:208][  0]LogTemp: Display: Module 'AndroidTargetPlatform' loaded TargetPlatform 'Android_ETC2Client'
[2019.09.09-22.02.49:208][  0]LogTemp: Display: Module 'AndroidTargetPlatform' loaded TargetPlatform 'Android_PVRTCClient'
[2019.09.09-22.02.49:208][  0]LogTemp: Display: Module 'AndroidTargetPlatform' loaded TargetPlatform 'Android_Multi'
[2019.09.09-22.02.49:208][  0]LogTemp: Display: Module 'AndroidTargetPlatform' loaded TargetPlatform 'Android_MultiClient'
[2019.09.09-22.02.49:210][  0]LogTemp: Display: Module 'HTML5TargetPlatform' loaded TargetPlatform 'HTML5'
[2019.09.09-22.02.49:266][  0]LogTemp: Display: Module 'IOSTargetPlatform' loaded TargetPlatform 'IOSClient'
[2019.09.09-22.02.49:266][  0]LogTemp: Display: Module 'IOSTargetPlatform' loaded TargetPlatform 'IOS'
[2019.09.09-22.02.49:293][  0]LogTemp: Display: Module 'TVOSTargetPlatform' loaded TargetPlatform 'TVOSClient'
[2019.09.09-22.02.49:293][  0]LogTemp: Display: Module 'TVOSTargetPlatform' loaded TargetPlatform 'TVOS'
[2019.09.09-22.02.49:307][  0]LogTemp: Display: Module 'LinuxClientTargetPlatform' loaded TargetPlatform 'LinuxClient'
[2019.09.09-22.02.49:323][  0]LogTemp: Display: Module 'LinuxNoEditorTargetPlatform' loaded TargetPlatform 'LinuxNoEditor'
[2019.09.09-22.02.49:338][  0]LogTemp: Display: Module 'LinuxServerTargetPlatform' loaded TargetPlatform 'LinuxServer'
[2019.09.09-22.02.49:354][  0]LogTemp: Display: Module 'LinuxTargetPlatform' loaded TargetPlatform 'Linux'
[2019.09.09-22.02.49:416][  0]LogTemp: Display: Module 'LuminTargetPlatform' loaded TargetPlatform 'Lumin'
[2019.09.09-22.02.49:416][  0]LogTemp: Display: Module 'LuminTargetPlatform' loaded TargetPlatform 'LuminClient'
[2019.09.09-22.02.49:416][  0]LogTargetPlatformManager: Display: Building Assets For Windows
[2019.09.09-22.02.49:432][  0]LogAudioDebug: Display: Lib vorbis DLL was dynamically loaded.
[2019.09.09-22.02.49:532][  0]LogShaderCompilers: Guid format shader working directory is 10 characters bigger than the processId version (G:/Epic Games/UnrealProjects/CoopVR/Intermediate/Shaders/WorkingDirectory/21668/).
[2019.09.09-22.02.49:532][  0]LogShaderCompilers: Cleaned the shader compiler working directory 'C:/Users/broki/AppData/Local/Temp/UnrealShaderWorkingDir/B008B8A8456CEC5491048698823C9D63/'.
[2019.09.09-22.02.49:537][  0]LogXGEController: Cleaning working directory: C:/Users/broki/AppData/Local/Temp/UnrealXGEWorkingDir/
[2019.09.09-22.02.49:537][  0]LogXGEController: Cannot use XGE Controller as Incredibuild is not installed on this machine.
[2019.09.09-22.02.49:537][  0]LogShaderCompilers: Cannot use XGE Shader Compiler as Incredibuild is not installed on this machine.
[2019.09.09-22.02.49:537][  0]LogShaderCompilers: Display: Using Local Shader Compiler.
[2019.09.09-22.02.50:163][  0]LogDerivedDataCache: Display: Max Cache Size: 512 MB
[2019.09.09-22.02.50:236][  0]LogDerivedDataCache: Loaded boot cache 0.07s 72MB C:/Users/broki/AppData/Local/UnrealEngine/4.22/DerivedDataCache/Boot.ddc.
[2019.09.09-22.02.50:236][  0]LogDerivedDataCache: Display: Loaded Boot cache: C:/Users/broki/AppData/Local/UnrealEngine/4.22/DerivedDataCache/Boot.ddc
[2019.09.09-22.02.50:236][  0]LogDerivedDataCache: FDerivedDataBackendGraph:  Pak pak cache file G:/Epic Games/UnrealProjects/CoopVR/DerivedDataCache/DDC.ddp not found, will not use a pak cache.
[2019.09.09-22.02.50:236][  0]LogDerivedDataCache: Unable to find inner node Pak for hierarchical cache Hierarchy.
[2019.09.09-22.02.50:236][  0]LogDerivedDataCache: FDerivedDataBackendGraph:  CompressedPak pak cache file G:/Epic Games/UnrealProjects/CoopVR/DerivedDataCache/Compressed.ddp not found, will not use a pak cache.
[2019.09.09-22.02.50:236][  0]LogDerivedDataCache: Unable to find inner node CompressedPak for hierarchical cache Hierarchy.
[2019.09.09-22.02.50:248][  0]LogDerivedDataCache: Display: Pak cache opened for reading ../../../Engine/DerivedDataCache/Compressed.ddp.
[2019.09.09-22.02.50:251][  0]LogDerivedDataCache: Display: Pak cache opened for reading ../../../Enterprise/DerivedDataCache/Compressed.ddp.
[2019.09.09-22.02.50:263][  0]LogDerivedDataCache: Using Local data cache path C:/Users/broki/AppData/Local/UnrealEngine/Common/DerivedDataCache: Writable
[2019.09.09-22.02.50:263][  0]LogDerivedDataCache: Shared data cache path not found in *engine.ini, will not use an Shared cache.
[2019.09.09-22.02.50:263][  0]LogDerivedDataCache: Unable to find inner node Shared for hierarchical cache Hierarchy.
[2019.09.09-22.02.50:290][  0]LogMaterial: Verifying Global Shaders for PCD3D_SM5
[2019.09.09-22.02.50:291][  0]LogSlate: Using FreeType 2.6.0
[2019.09.09-22.02.50:292][  0]LogSlate: SlateFontServices - WITH_FREETYPE: 1, WITH_HARFBUZZ: 1
[2019.09.09-22.02.50:401][  0]LogAssetRegistry: FAssetRegistry took 0.0343 seconds to start up
[2019.09.09-22.02.50:887][  0]LogInit: Selected Device Profile: [Windows]
[2019.09.09-22.02.50:978][  0]LogMeshReduction: Using QuadricMeshReduction for automatic static mesh reduction
[2019.09.09-22.02.50:978][  0]LogMeshReduction: Using SimplygonMeshReduction for automatic skeletal mesh reduction
[2019.09.09-22.02.50:978][  0]LogMeshReduction: Using ProxyLODMeshReduction for automatic mesh merging
[2019.09.09-22.02.50:978][  0]LogMeshReduction: No distributed automatic mesh merging module available
[2019.09.09-22.02.50:978][  0]LogMeshMerging: No distributed automatic mesh merging module available
[2019.09.09-22.02.51:086][  0]LogNetVersion: CoopVR 1.0.0, NetCL: 5660361, EngineNetVer: 10, GameNetVer: 0 (Checksum: 1173904992)
[2019.09.09-22.02.51:604][  0]LogPackageLocalizationCache: Processed 16 localized package path(s) for 1 prioritized culture(s) in 0.059391 seconds
[2019.09.09-22.02.51:612][  0]LogUObjectArray: 42214 objects as part of root set at end of initial load.
[2019.09.09-22.02.51:612][  0]LogUObjectAllocator: 7335800 out of 0 bytes used by permanent object pool.
[2019.09.09-22.02.51:612][  0]LogUObjectArray: CloseDisregardForGC: 0/0 objects in disregard for GC pool
[2019.09.09-22.02.52:865][  0]LogTcpMessaging: Initializing TcpMessaging bridge
[2019.09.09-22.02.52:880][  0]LogUdpMessaging: Initializing bridge on interface 0.0.0.0:0 to multicast group 230.0.0.1:6666.
[2019.09.09-22.02.53:001][  0]SourceControl: Source control is disabled
[2019.09.09-22.02.53:001][  0]SourceControl: Source control is disabled
[2019.09.09-22.02.53:003][  0]SourceControl: Source control is disabled
[2019.09.09-22.02.53:005][  0]SourceControl: Source control is disabled
[2019.09.09-22.02.53:193][  0]LogAndroidPermission: UAndroidPermissionCallbackProxy::GetInstance
[2019.09.09-22.02.53:592][  0]LogOcInput: OculusInput pre-init called
[2019.09.09-22.02.57:100][  0]LogEngine: Initializing Engine...
[2019.09.09-22.02.57:112][  0]LogHMD: SteamVR initialized.  Driver: lighthouse  Display: LHR-4883A031
[2019.09.09-22.02.57:114][  0]LogStats: UGameplayTagsManager::InitializeManager -  0.000 s
[2019.09.09-22.02.57:351][  0]LogInit: Initializing FReadOnlyCVARCache
[2019.09.09-22.02.57:377][  0]LogAIModule: Creating AISystem for world Untitled
[2019.09.09-22.02.57:517][  0]LogInit: XAudio2 using 'Speakers (8- HTC Vive)' : 2 channels at 44.1 kHz using 16 bits per sample (channel mask 0x3)
[2019.09.09-22.02.57:582][  0]LogInit: FAudioDevice initialized.
[2019.09.09-22.02.57:582][  0]LogNetVersion: Set ProjectVersion to 1.0.0.0. Version Checksum will be recalculated on next use.
[2019.09.09-22.02.57:698][  0]LogDerivedDataCache: Saved boot cache 0.12s 72MB C:/Users/broki/AppData/Local/UnrealEngine/4.22/DerivedDataCache/Boot.ddc.
[2019.09.09-22.02.57:739][  0]LogInit: Texture streaming: Enabled
[2019.09.09-22.02.57:780][  0]LogEngineSessionManager: EngineSessionManager initialized
[2019.09.09-22.02.57:819][  0]LogInit: Transaction tracking system initialized
[2019.09.09-22.02.57:872][  0]BlueprintLog: New page: Editor Load
[2019.09.09-22.02.58:025][  0]LocalizationService: Localization service is disabled
[2019.09.09-22.02.58:410][  0]LogFileCache: Scanning file cache for directory 'G:/Epic Games/UnrealProjects/CoopVR/Content/' took 0.03s
[2019.09.09-22.02.58:410][  0]LogCook: Display: Max memory allowance for cook 16384mb min free memory 0mb
[2019.09.09-22.02.58:410][  0]LogCook: Display: Mobile HDR setting 1
[2019.09.09-22.03.00:574][  0]SourceControl: Source control is disabled
[2019.09.09-22.03.00:574][  0]Cmd: MAP LOAD FILE="G:/Epic Games/UnrealProjects/CoopVR/Content/Maps/MainMenu.umap" TEMPLATE=0 SHOWPROGRESS=1 FEATURELEVEL=3
[2019.09.09-22.03.00:575][  0]LightingResults: New page: Lighting Build
[2019.09.09-22.03.00:580][  0]MapCheck: New page: Map Check
[2019.09.09-22.03.00:580][  0]LightingResults: New page: Lighting Build
[2019.09.09-22.03.00:603][  0]LogUObjectHash: Compacting FUObjectHashTables data took   2.21ms
[2019.09.09-22.03.01:084][  0]LogAIModule: Creating AISystem for world MainMenu
[2019.09.09-22.03.01:085][  0]LogEditorServer: Finished looking for orphan Actors (0.000 secs)
[2019.09.09-22.03.01:112][  0]LogUObjectHash: Compacting FUObjectHashTables data took   2.80ms
[2019.09.09-22.03.01:112][  0]Cmd: MAP CHECKDEP NOCLEARLOG
[2019.09.09-22.03.01:113][  0]MapCheck: Map check complete: 0 Error(s), 0 Warning(s), took 0.126ms to complete.
[2019.09.09-22.03.01:113][  0]LogFileHelpers: Loading map 'MainMenu' took 0.539
[2019.09.09-22.03.01:264][  0]LogSlate: Updating window title bar state: overlay mode, drag disabled, window buttons hidden, title bar hidden
[2019.09.09-22.03.01:276][  0]LogSlate: Updating window title bar state: overlay mode, drag disabled, window buttons hidden, title bar hidden
[2019.09.09-22.03.01:286][  0]LogSlate: Updating window title bar state: overlay mode, drag disabled, window buttons hidden, title bar hidden
[2019.09.09-22.03.01:297][  0]LogSlate: Updating window title bar state: overlay mode, drag disabled, window buttons hidden, title bar hidden
[2019.09.09-22.03.01:312][  0]LogCollectionManager: Loaded 0 collections in 0.004962 seconds
[2019.09.09-22.03.01:332][  0]LogFileCache: Scanning file cache for directory 'G:/Epic Games/UnrealProjects/CoopVR/Saved/Collections/' took 0.01s
[2019.09.09-22.03.01:332][  0]LogFileCache: Scanning file cache for directory 'G:/Epic Games/UnrealProjects/CoopVR/Content/Developers/broki/Collections/' took 0.00s
[2019.09.09-22.03.01:332][  0]LogFileCache: Scanning file cache for directory 'G:/Epic Games/UnrealProjects/CoopVR/Content/Collections/' took 0.00s
[2019.09.09-22.03.01:332][  0]LogCollectionManager: Rebuilt the GUID cache for 0 collections in 0.000001 seconds
[2019.09.09-22.03.01:346][  0]LogContentBrowser: Native class hierarchy populated in 0.0141 seconds. Added 2867 classes and 730 folders.
[2019.09.09-22.03.01:360][  0]LogContentBrowser: Native class hierarchy updated for 'WidgetCarousel' in 0.0004 seconds. Added 0 classes and 0 folders.
[2019.09.09-22.03.01:363][  0]LogPakFile: Registered encryption key '00000000000000000000000000000000': 0 pak files mounted, 0 remain pending
[2019.09.09-22.03.01:364][  0]LogPakFile: Registered encryption key '00000000000000000000000000000000': 0 pak files mounted, 0 remain pending
[2019.09.09-22.03.01:365][  0]LogPakFile: Registered encryption key '00000000000000000000000000000000': 0 pak files mounted, 0 remain pending
[2019.09.09-22.03.01:365][  0]LogPakFile: Registered encryption key '00000000000000000000000000000000': 0 pak files mounted, 0 remain pending
[2019.09.09-22.03.01:366][  0]LogPakFile: Registered encryption key '00000000000000000000000000000000': 0 pak files mounted, 0 remain pending
[2019.09.09-22.03.01:367][  0]LogPakFile: Registered encryption key '00000000000000000000000000000000': 0 pak files mounted, 0 remain pending
[2019.09.09-22.03.01:367][  0]LogPakFile: Registered encryption key '00000000000000000000000000000000': 0 pak files mounted, 0 remain pending
[2019.09.09-22.03.01:368][  0]LogPakFile: Registered encryption key '00000000000000000000000000000000': 0 pak files mounted, 0 remain pending
[2019.09.09-22.03.01:369][  0]LogPakFile: Registered encryption key '00000000000000000000000000000000': 0 pak files mounted, 0 remain pending
[2019.09.09-22.03.01:370][  0]LogPakFile: Registered encryption key '00000000000000000000000000000000': 0 pak files mounted, 0 remain pending
[2019.09.09-22.03.01:371][  0]LogPakFile: Registered encryption key '00000000000000000000000000000000': 0 pak files mounted, 0 remain pending
[2019.09.09-22.03.01:372][  0]LogPakFile: Registered encryption key '00000000000000000000000000000000': 0 pak files mounted, 0 remain pending
[2019.09.09-22.03.01:372][  0]LogPakFile: Registered encryption key '00000000000000000000000000000000': 0 pak files mounted, 0 remain pending
[2019.09.09-22.03.01:373][  0]LogPakFile: Registered encryption key '00000000000000000000000000000000': 0 pak files mounted, 0 remain pending
[2019.09.09-22.03.01:374][  0]LogPakFile: Registered encryption key '00000000000000000000000000000000': 0 pak files mounted, 0 remain pending
[2019.09.09-22.03.01:374][  0]LogPakFile: Registered encryption key '00000000000000000000000000000000': 0 pak files mounted, 0 remain pending
[2019.09.09-22.03.01:375][  0]LogPakFile: Registered encryption key '00000000000000000000000000000000': 0 pak files mounted, 0 remain pending
[2019.09.09-22.03.01:376][  0]LogPakFile: Registered encryption key '00000000000000000000000000000000': 0 pak files mounted, 0 remain pending
[2019.09.09-22.03.01:376][  0]LogPakFile: Registered encryption key '00000000000000000000000000000000': 0 pak files mounted, 0 remain pending
[2019.09.09-22.03.01:377][  0]LogPakFile: Registered encryption key '00000000000000000000000000000000': 0 pak files mounted, 0 remain pending
[2019.09.09-22.03.01:378][  0]LogPakFile: Registered encryption key '00000000000000000000000000000000': 0 pak files mounted, 0 remain pending
[2019.09.09-22.03.01:379][  0]LogPakFile: Registered encryption key '00000000000000000000000000000000': 0 pak files mounted, 0 remain pending
[2019.09.09-22.03.01:379][  0]LogPakFile: Registered encryption key '00000000000000000000000000000000': 0 pak files mounted, 0 remain pending
[2019.09.09-22.03.01:380][  0]LogPakFile: Registered encryption key '00000000000000000000000000000000': 0 pak files mounted, 0 remain pending
[2019.09.09-22.03.01:381][  0]LogPakFile: Registered encryption key '00000000000000000000000000000000': 0 pak files mounted, 0 remain pending
[2019.09.09-22.03.01:382][  0]LogPakFile: Registered encryption key '00000000000000000000000000000000': 0 pak files mounted, 0 remain pending
[2019.09.09-22.03.01:382][  0]LogPakFile: Registered encryption key '00000000000000000000000000000000': 0 pak files mounted, 0 remain pending
[2019.09.09-22.03.01:383][  0]LogPakFile: Registered encryption key '00000000000000000000000000000000': 0 pak files mounted, 0 remain pending
[2019.09.09-22.03.01:485][  0]LogContentBrowser: Native class hierarchy updated for 'AddContentDialog' in 0.0003 seconds. Added 0 classes and 0 folders.
[2019.09.09-22.03.01:493][  0]LogContentBrowser: Native class hierarchy updated for 'SceneOutliner' in 0.0003 seconds. Added 1 classes and 0 folders.
[2019.09.09-22.03.01:620][  0]LogContentBrowser: Native class hierarchy updated for 'HierarchicalLODOutliner' in 0.0003 seconds. Added 0 classes and 0 folders.
[2019.09.09-22.03.01:620][  0]LogLoad: (Engine Initialization) Total time: 17.84 seconds
[2019.09.09-22.03.01:620][  0]LogLoad: (Engine Initialization) Total Blueprint compile time: 0.00 seconds
[2019.09.09-22.03.01:631][  0]LogWindowsTextInputMethodSystem: Display: IME system now deactivated.
[2019.09.09-22.03.01:682][  0]LogAssetRegistry: Asset discovery search completed in 11.3034 seconds
[2019.09.09-22.03.01:685][  0]LogCollectionManager: Rebuilt the object cache for 0 collections in 0.000001 seconds (found 0 objects)
[2019.09.09-22.03.01:685][  0]LogCollectionManager: Fixed up redirectors for 0 collections in 0.000078 seconds (updated 0 objects)
[2019.09.09-22.03.01:687][  0]LogContentStreaming: Texture pool size now 1000 MB
[2019.09.09-22.03.01:698][  0]LogSlate: Took 0.000387 seconds to synchronously load lazily loaded font '../../../Engine/Content/Slate/Fonts/Roboto-Regular.ttf' (155K)
[2019.09.09-22.03.01:700][  0]LogSlate: Took 0.000196 seconds to synchronously load lazily loaded font '../../../Engine/Content/Slate/Fonts/Roboto-Bold.ttf' (160K)
[2019.09.09-22.03.01:705][  0]LogSlate: Took 0.000241 seconds to synchronously load lazily loaded font '../../../Engine/Content/Editor/Slate/Fonts/FontAwesome.ttf' (139K)
[2019.09.09-22.03.01:829][  1]LogRenderer: Reallocating scene render targets to support 752x364 Format 10 NumSamples 1 (Frame:1).
[2019.09.09-22.03.02:663][ 85]LogSlate: Took 0.000280 seconds to synchronously load lazily loaded font '../../../Engine/Content/Slate/Fonts/Roboto-Light.ttf' (167K)
[2019.09.09-22.03.03:946][227]LogSlate: FSceneViewport::OnFocusLost() reason 0
[2019.09.09-22.03.04:085][237]LogRenderer: Reallocating scene render targets to support 1212x660 Format 10 NumSamples 1 (Frame:228).
[2019.09.09-22.03.14:504][151]LogAssetEditorManager: Opening Asset editor for Blueprint /Game/Blueprints/Gameplay/GameplayGM.GameplayGM
[2019.09.09-22.03.14:869][151]LogContentBrowser: Native class hierarchy updated for 'BlueprintGraph' in 0.0006 seconds. Added 121 classes and 0 folders.
[2019.09.09-22.03.16:169][151]LogSlate: Took 0.000247 seconds to synchronously load lazily loaded font '../../../Engine/Content/Slate/Fonts/Roboto-BoldCondensed.ttf' (158K)
[2019.09.09-22.03.16:258][152]LogSlate: Took 0.000347 seconds to synchronously load lazily loaded font '../../../Engine/Content/Slate/Fonts/Roboto-Italic.ttf' (157K)
[2019.09.09-22.03.31:865][740]LogAssetEditorManager: Opening Asset editor for Blueprint /Game/Blueprints/Lobby/LobbyGM.LobbyGM
[2019.09.09-22.04.03:925][532]LogScript: Warning: Accessed None trying to read property MotionController_R
	ThirdPerson_AnimBP_VR_C /Engine/Transient.World_4:PersistentLevel.VRbodyWithLocomotion_C_0.CharacterMesh0.ThirdPerson_AnimBP_VR_C_0
	Function /Game/VirtualRealityBP/VRMannequin/Animations/ThirdPerson_AnimBP_VR.ThirdPerson_AnimBP_VR_C:ExecuteUbergraph_ThirdPerson_AnimBP_VR:01B0
[2019.09.09-22.04.03:926][532]LogScript: Warning: Accessed None trying to read property MotionController_L
	ThirdPerson_AnimBP_VR_C /Engine/Transient.World_4:PersistentLevel.VRbodyWithLocomotion_C_0.CharacterMesh0.ThirdPerson_AnimBP_VR_C_0
	Function /Game/VirtualRealityBP/VRMannequin/Animations/ThirdPerson_AnimBP_VR.ThirdPerson_AnimBP_VR_C:ExecuteUbergraph_ThirdPerson_AnimBP_VR:026E
[2019.09.09-22.04.06:045][732]LogAssetEditorManager: Opening Asset editor for Blueprint /Game/VirtualRealityBP/Blueprints/MotionControllerPawn_tester.MotionControllerPawn_tester
[2019.09.09-22.04.25:626][605]LogHMD: SteamVR Shutting down.
[2019.09.09-22.05.01:343][894]BlueprintLog: New page: Compile MotionControllerPawn_tester
[2019.09.09-22.05.01:698][894]LogUObjectHash: Compacting FUObjectHashTables data took   5.68ms
[2019.09.09-22.05.02:410][923]LogSavePackage: Moving 'G:/Epic Games/UnrealProjects/CoopVR/Saved/MotionControllerPawn_testerEAF38ECC41A929A7D75571B63733E589.tmp' to 'G:/Epic Games/UnrealProjects/CoopVR/Content/VirtualRealityBP/Blueprints/MotionControllerPawn_tester.uasset'
[2019.09.09-22.05.55:119][242]BlueprintLog: New page: Compile MotionControllerPawn_tester
[2019.09.09-22.05.55:417][242]LogUObjectHash: Compacting FUObjectHashTables data took   4.38ms
[2019.09.09-22.05.56:080][266]LogSavePackage: Moving 'G:/Epic Games/UnrealProjects/CoopVR/Saved/MotionControllerPawn_testerF3318F124BCD93F836D6C2BA951EA7EC.tmp' to 'G:/Epic Games/UnrealProjects/CoopVR/Content/VirtualRealityBP/Blueprints/MotionControllerPawn_tester.uasset'
[2019.09.09-22.06.42:255][406]BlueprintLog: New page: Compile MotionControllerPawn_tester
[2019.09.09-22.06.42:518][406]LogUObjectHash: Compacting FUObjectHashTables data took   4.33ms
[2019.09.09-22.06.43:161][438]LogSavePackage: Moving 'G:/Epic Games/UnrealProjects/CoopVR/Saved/MotionControllerPawn_testerDA24F37440206D0E81E2A4903AF8F510.tmp' to 'G:/Epic Games/UnrealProjects/CoopVR/Content/VirtualRealityBP/Blueprints/MotionControllerPawn_tester.uasset'
[2019.09.09-22.07.14:489][728]LogEditorTransaction: Undo Break Pin Links
[2019.09.09-22.07.14:995][758]LogEditorTransaction: Undo Break Pin Links
[2019.09.09-22.07.15:266][773]LogEditorTransaction: Undo Break Pin Links
[2019.09.09-22.07.15:653][801]LogEditorTransaction: Undo Break Pin Links
[2019.09.09-22.07.16:262][853]LogEditorTransaction: Undo Break Pin Links
[2019.09.09-22.07.16:735][888]LogEditorTransaction: Undo Break Pin Links
[2019.09.09-22.07.19:455][177]LogEditorTransaction: Redo Break Pin Links
[2019.09.09-22.07.25:236][734]BlueprintLog: New page: Compile MotionControllerPawn_tester
[2019.09.09-22.07.25:576][734]LogUObjectHash: Compacting FUObjectHashTables data took   4.66ms
[2019.09.09-22.07.30:825][202]LogRenderer: Reallocating scene render targets to support 1312x800 Format 10 NumSamples 1 (Frame:1).
[2019.09.09-22.07.47:421][129]LogSlate: FSceneViewport::OnFocusLost() reason 0
[2019.09.09-22.07.54:538][960]LogSlate: FSceneViewport::OnFocusLost() reason 0
[2019.09.09-22.07.54:630][971]BlueprintLog: New page: Compile MotionControllerPawn_tester
[2019.09.09-22.07.54:963][971]LogUObjectHash: Compacting FUObjectHashTables data took   5.02ms
[2019.09.09-22.07.55:725][ 28]LogSavePackage: Moving 'G:/Epic Games/UnrealProjects/CoopVR/Saved/MotionControllerPawn_testerA49C6C9C4488F374B7B14C9E1C20E393.tmp' to 'G:/Epic Games/UnrealProjects/CoopVR/Content/VirtualRealityBP/Blueprints/MotionControllerPawn_tester.uasset'
[2019.09.09-22.11.11:302][118]LogSlate: FSceneViewport::OnFocusLost() reason 0
[2019.09.09-22.11.16:936][760]LogSlate: FSceneViewport::OnFocusLost() reason 0
[2019.09.09-22.11.23:897][555]LogSlate: FSceneViewport::OnFocusLost() reason 0
[2019.09.09-22.11.38:221][219]LogEditorTransaction: Undo Modify Component(s)
[2019.09.09-22.11.39:788][401]LogSlate: FSceneViewport::OnFocusLost() reason 0
[2019.09.09-22.11.39:862][410]BlueprintLog: New page: Compile MotionControllerPawn_tester
[2019.09.09-22.11.40:170][410]LogUObjectHash: Compacting FUObjectHashTables data took   4.64ms
[2019.09.09-22.11.40:851][465]LogSavePackage: Moving 'G:/Epic Games/UnrealProjects/CoopVR/Saved/MotionControllerPawn_testerDA91D069433B94A94D6C528609DEC217.tmp' to 'G:/Epic Games/UnrealProjects/CoopVR/Content/VirtualRealityBP/Blueprints/MotionControllerPawn_tester.uasset'
[2019.09.09-22.12.01:284][755]LogUObjectHash: Compacting FUObjectHashTables data took   4.52ms
[2019.09.09-22.12.13:551][133]Cmd: OBJ SAVEPACKAGE PACKAGE="/Game/Blueprints/Gameplay/GameplayGM" FILE="G:/Epic Games/UnrealProjects/CoopVR/Content/Blueprints/Gameplay/GameplayGM.uasset" SILENT=true
[2019.09.09-22.12.13:618][133]LogSavePackage: Moving 'G:/Epic Games/UnrealProjects/CoopVR/Saved/GameplayGM71077A9D41F00C25955F65983C352140.tmp' to 'G:/Epic Games/UnrealProjects/CoopVR/Content/Blueprints/Gameplay/GameplayGM.uasset'
[2019.09.09-22.13.25:238][ 55]BlueprintLog: New page: Compile MotionControllerPawn_tester
[2019.09.09-22.13.25:572][ 55]LogUObjectHash: Compacting FUObjectHashTables data took   4.06ms
[2019.09.09-22.13.26:327][102]LogSavePackage: Moving 'G:/Epic Games/UnrealProjects/CoopVR/Saved/MotionControllerPawn_tester5FA2468C4385537789644EA74FEBC638.tmp' to 'G:/Epic Games/UnrealProjects/CoopVR/Content/VirtualRealityBP/Blueprints/MotionControllerPawn_tester.uasset'
[2019.09.09-22.15.19:893][131]Cmd: OBJ SAVEPACKAGE PACKAGE="/Game/Maps/MainMenu" FILE="G:/Epic Games/UnrealProjects/CoopVR/Content/Maps/MainMenu.umap" SILENT=true AUTOSAVING=false KEEPDIRTY=false
[2019.09.09-22.15.19:940][131]LogUObjectHash: Compacting FUObjectHashTables data took   5.05ms
[2019.09.09-22.15.20:219][131]LogSavePackage: Moving 'G:/Epic Games/UnrealProjects/CoopVR/Saved/MainMenu12A89B724F15C9A24068779F2972D041.tmp' to 'G:/Epic Games/UnrealProjects/CoopVR/Content/Maps/MainMenu.umap'
[2019.09.09-22.15.21:942][301]LogUObjectHash: Compacting FUObjectHashTables data took   4.78ms
[2019.09.09-22.15.33:349][464]LogUObjectHash: Compacting FUObjectHashTables data took   1.12ms
[2019.09.09-22.15.33:514][464]LogActorComponent: UnregisterComponent: (/Engine/Transient.EditorFloorComp) Not registered. Aborting.
[2019.09.09-22.15.33:593][464]LogActorComponent: UnregisterComponent: (/Engine/Transient.EditorFloorComp) Not registered. Aborting.
[2019.09.09-22.15.33:656][464]LogSlate: Window 'CoopVR - Unreal Editor' being destroyed
[2019.09.09-22.15.33:870][465]Cmd: QUIT_EDITOR
[2019.09.09-22.15.33:910][465]LogWindowsTextInputMethodSystem: Display: IME system now deactivated.
[2019.09.09-22.15.33:919][465]LogExit: Preparing to exit.
[2019.09.09-22.15.34:420][465]LogExit: Editor shut down
[2019.09.09-22.15.34:420][465]LogExit: Transaction tracking system shut down
[2019.09.09-22.15.34:727][465]LogExit: Object subsystem successfully closed.
[2019.09.09-22.15.34:748][465]LogShaderCompilers: Display: Shaders left to compile 0
[2019.09.09-22.15.34:752][465]LogD3D11RHI: Shutdown
[2019.09.09-22.15.34:752][465]LogD3D11RHI: CleanupD3DDevice
[2019.09.09-22.15.34:753][465]LogRendererCore: FGlobalReadBuffer::ReleaseRHI
[2019.09.09-22.15.34:753][465]LogRendererCore: FGlobalDynamicReadBuffer::Cleanup()
[2019.09.09-22.15.34:753][465]LogRendererCore: FGlobalReadBuffer::ReleaseRHI
[2019.09.09-22.15.34:753][465]LogRendererCore: FGlobalDynamicReadBuffer::Cleanup()
[2019.09.09-22.15.34:753][465]LogRendererCore: FGlobalReadBuffer::ReleaseRHI
[2019.09.09-22.15.34:753][465]LogRendererCore: FGlobalDynamicReadBuffer::Cleanup()
[2019.09.09-22.15.34:843][465]LogD3D11RHI: ~FD3D11DynamicRHI
[2019.09.09-22.15.34:878][465]LogModuleManager: Shutting down and abandoning module BlueprintGraph (688)
[2019.09.09-22.15.34:878][465]LogModuleManager: Shutting down and abandoning module HierarchicalLODOutliner (686)
[2019.09.09-22.15.34:878][465]LogModuleManager: Shutting down and abandoning module SceneOutliner (684)
[2019.09.09-22.15.34:878][465]LogModuleManager: Shutting down and abandoning module AddContentDialog (682)
[2019.09.09-22.15.34:879][465]LogModuleManager: Shutting down and abandoning module WidgetCarousel (681)
[2019.09.09-22.15.34:879][465]LogModuleManager: Shutting down and abandoning module EditorWidgets (678)
[2019.09.09-22.15.34:879][465]LogModuleManager: Shutting down and abandoning module CollectionManager (676)
[2019.09.09-22.15.34:879][465]LogModuleManager: Shutting down and abandoning module StatsViewer (674)
[2019.09.09-22.15.34:879][465]LogModuleManager: Shutting down and abandoning module FoliageEdit (672)
[2019.09.09-22.15.34:879][465]LogModuleManager: Shutting down and abandoning module LandscapeEditor (670)
[2019.09.09-22.15.34:879][465]LogModuleManager: Shutting down and abandoning module MeshPaintMode (668)
[2019.09.09-22.15.34:879][465]LogModuleManager: Shutting down and abandoning module SceneDepthPickerMode (666)
[2019.09.09-22.15.34:879][465]LogModuleManager: Shutting down and abandoning module ActorPickerMode (664)
[2019.09.09-22.15.34:879][465]LogModuleManager: Shutting down and abandoning module GeometryMode (662)
[2019.09.09-22.15.34:879][465]LogModuleManager: Shutting down and abandoning module TextureAlignMode (660)
[2019.09.09-22.15.34:879][465]LogModuleManager: Shutting down and abandoning module BspMode (658)
[2019.09.09-22.15.34:880][465]LogModuleManager: Shutting down and abandoning module PIEPreviewDeviceProfileSelector (656)
[2019.09.09-22.15.34:880][465]LogModuleManager: Shutting down and abandoning module SequenceRecorderSections (654)
[2019.09.09-22.15.34:880][465]LogModuleManager: Shutting down and abandoning module AutomationWorker (652)
[2019.09.09-22.15.34:880][465]LogModuleManager: Shutting down and abandoning module DatasmithFBXImporter (650)
[2019.09.09-22.15.34:880][465]LogModuleManager: Shutting down and abandoning module DatasmithDeltaGenImporter (648)
[2019.09.09-22.15.34:880][465]LogModuleManager: Shutting down and abandoning module DatasmithVREDImporter (646)
[2019.09.09-22.15.34:880][465]LogModuleManager: Shutting down and abandoning module OculusMR (644)
[2019.09.09-22.15.34:880][465]LogModuleManager: Shutting down and abandoning module AudioCaptureEditor (642)
[2019.09.09-22.15.34:880][465]LogModuleManager: Shutting down and abandoning module MatineeToLevelSequence (640)
[2019.09.09-22.15.34:880][465]LogModuleManager: Shutting down and abandoning module LevelSequenceEditor (638)
[2019.09.09-22.15.34:880][465]LogModuleManager: Shutting down and abandoning module PlacementMode (637)
[2019.09.09-22.15.34:880][465]LogModuleManager: Shutting down and abandoning module MaterialEditor (636)
[2019.09.09-22.15.34:880][465]LogModuleManager: Shutting down and abandoning module ActorSequenceEditor (632)
[2019.09.09-22.15.34:880][465]LogModuleManager: Shutting down and abandoning module WmfMediaFactory (630)
[2019.09.09-22.15.34:880][465]LogModuleManager: Shutting down and abandoning module WmfMediaEditor (628)
[2019.09.09-22.15.34:880][465]LogModuleManager: Shutting down and abandoning module WebMMediaFactory (626)
[2019.09.09-22.15.34:880][465]LogModuleManager: Shutting down and abandoning module WebMMediaEditor (624)
[2019.09.09-22.15.34:880][465]LogModuleManager: Shutting down and abandoning module WebMMedia (622)
[2019.09.09-22.15.34:880][465]LogModuleManager: Shutting down and abandoning module MediaPlayerEditor (620)
[2019.09.09-22.15.34:880][465]LogModuleManager: Shutting down and abandoning module MediaCompositingEditor (618)
[2019.09.09-22.15.34:880][465]LogModuleManager: Shutting down and abandoning module SequenceRecorder (617)
[2019.09.09-22.15.34:880][465]LogModuleManager: Shutting down and abandoning module OpenExrWrapper (614)
[2019.09.09-22.15.34:880][465]LogModuleManager: Shutting down and abandoning module ImgMediaFactory (612)
[2019.09.09-22.15.34:880][465]LogModuleManager: Shutting down and abandoning module ImgMediaEditor (610)
[2019.09.09-22.15.34:880][465]LogModuleManager: Shutting down and abandoning module AvfMediaFactory (608)
[2019.09.09-22.15.34:880][465]LogModuleManager: Shutting down and abandoning module AvfMediaEditor (606)
[2019.09.09-22.15.34:880][465]LogModuleManager: Shutting down and abandoning module AndroidMediaFactory (604)
[2019.09.09-22.15.34:881][465]LogModuleManager: Shutting down and abandoning module AndroidMediaEditor (602)
[2019.09.09-22.15.34:881][465]LogModuleManager: Shutting down and abandoning module MagicLeapCameraPreviewFactory (600)
[2019.09.09-22.15.34:881][465]LogModuleManager: Shutting down and abandoning module MagicLeapMediaCodecFactory (598)
[2019.09.09-22.15.34:881][465]LogModuleManager: Shutting down and abandoning module MagicLeapMediaFactory (596)
[2019.09.09-22.15.34:881][465]LogModuleManager: Shutting down and abandoning module MagicLeapMediaEditor (594)
[2019.09.09-22.15.34:881][465]LogModuleManager: Shutting down and abandoning module CharacterAI (592)
[2019.09.09-22.15.34:881][465]LogModuleManager: Shutting down and abandoning module SmartSnapping (590)
[2019.09.09-22.15.34:881][465]LogModuleManager: Shutting down and abandoning module SessionServices (588)
[2019.09.09-22.15.34:881][465]LogModuleManager: Shutting down and abandoning module MeshPaint (586)
[2019.09.09-22.15.34:881][465]LogModuleManager: Shutting down and abandoning module ViewportSnapping (584)
[2019.09.09-22.15.34:881][465]LogModuleManager: Shutting down and abandoning module ViewportInteraction (582)
[2019.09.09-22.15.34:881][465]LogModuleManager: Shutting down and abandoning module ClothPainter (580)
[2019.09.09-22.15.34:881][465]LogModuleManager: Shutting down and abandoning module SkeletalMeshEditor (579)
[2019.09.09-22.15.34:881][465]LogModuleManager: Shutting down and abandoning module LogVisualizer (576)
[2019.09.09-22.15.34:881][465]LogModuleManager: Shutting down and abandoning module IntroTutorials (574)
[2019.09.09-22.15.34:881][465]LogModuleManager: Shutting down and abandoning module GameProjectGeneration (573)
[2019.09.09-22.15.34:881][465]LogModuleManager: Shutting down and abandoning module LuminPlatformEditor (570)
[2019.09.09-22.15.34:881][465]LogModuleManager: Shutting down and abandoning module IOSPlatformEditor (568)
[2019.09.09-22.15.34:881][465]LogModuleManager: Shutting down and abandoning module HTML5PlatformEditor (566)
[2019.09.09-22.15.34:881][465]LogModuleManager: Shutting down and abandoning module AndroidPlatformEditor (564)
[2019.09.09-22.15.34:881][465]LogModuleManager: Shutting down and abandoning module AndroidDeviceDetection (563)
[2019.09.09-22.15.35:575][465]LogModuleManager: Shutting down and abandoning module WindowsPlatformEditor (560)
[2019.09.09-22.15.35:575][465]LogModuleManager: Shutting down and abandoning module LuminRuntimeSettings (558)
[2019.09.09-22.15.35:575][465]LogModuleManager: Shutting down and abandoning module IOSRuntimeSettings (556)
[2019.09.09-22.15.35:575][465]LogModuleManager: Shutting down and abandoning module AndroidRuntimeSettings (554)
[2019.09.09-22.15.35:575][465]LogModuleManager: Shutting down and abandoning module TimeManagementEditor (552)
[2019.09.09-22.15.35:575][465]LogModuleManager: Shutting down and abandoning module InputBindingEditor (550)
[2019.09.09-22.15.35:575][465]LogModuleManager: Shutting down and abandoning module MergeActors (548)
[2019.09.09-22.15.35:576][465]LogModuleManager: Shutting down and abandoning module LocalizationDashboard (546)
[2019.09.09-22.15.35:576][465]LogModuleManager: Shutting down and abandoning module LocalizationService (545)
[2019.09.09-22.15.35:576][465]LogModuleManager: Shutting down and abandoning module HardwareTargeting (542)
[2019.09.09-22.15.35:576][465]LogModuleManager: Shutting down and abandoning module DeviceProfileEditor (540)
[2019.09.09-22.15.35:576][465]LogModuleManager: Shutting down and abandoning module UndoHistory (538)
[2019.09.09-22.15.35:576][465]LogModuleManager: Shutting down and abandoning module XmlParser (536)
[2019.09.09-22.15.35:576][465]LogModuleManager: Shutting down and abandoning module Blutility (534)
[2019.09.09-22.15.35:576][465]LogModuleManager: Shutting down and abandoning module ProjectSettingsViewer (532)
[2019.09.09-22.15.35:576][465]LogModuleManager: Shutting down and abandoning module ProjectTargetPlatformEditor (531)
[2019.09.09-22.15.35:576][465]LogModuleManager: Shutting down and abandoning module EditorSettingsViewer (528)
[2019.09.09-22.15.35:576][465]LogModuleManager: Shutting down and abandoning module SettingsEditor (526)
[2019.09.09-22.15.35:576][465]LogModuleManager: Shutting down and abandoning module ProjectLauncher (524)
[2019.09.09-22.15.35:576][465]LogModuleManager: Shutting down and abandoning module SessionFrontend (522)
[2019.09.09-22.15.35:576][465]LogModuleManager: Shutting down and abandoning module ProfilerClient (520)
[2019.09.09-22.15.35:576][465]LogModuleManager: Shutting down and abandoning module DeviceManager (518)
[2019.09.09-22.15.35:576][465]LogModuleManager: Shutting down and abandoning module TargetDeviceServices (517)
[2019.09.09-22.15.35:631][465]LogModuleManager: Shutting down and abandoning module AutomationController (514)
[2019.09.09-22.15.35:631][465]LogModuleManager: Shutting down and abandoning module AutomationWindow (512)
[2019.09.09-22.15.35:631][465]LogModuleManager: Shutting down and abandoning module Layers (510)
[2019.09.09-22.15.35:631][465]LogModuleManager: Shutting down and abandoning module ComponentVisualizers (508)
[2019.09.09-22.15.35:631][465]LogModuleManager: Shutting down and abandoning module DetailCustomizations (506)
[2019.09.09-22.15.35:631][465]LogModuleManager: Shutting down and abandoning module PackagesDialog (504)
[2019.09.09-22.15.35:631][465]LogModuleManager: Shutting down and abandoning module AnimationBlueprintEditor (502)
[2019.09.09-22.15.35:631][465]LogModuleManager: Shutting down and abandoning module Persona (500)
[2019.09.09-22.15.35:631][465]LogModuleManager: Shutting down and abandoning module AnimGraph (499)
[2019.09.09-22.15.35:631][465]LogModuleManager: Shutting down and abandoning module Kismet (496)
[2019.09.09-22.15.35:638][465]LogModuleManager: Shutting down and abandoning module GraphEditor (494)
[2019.09.09-22.15.35:638][465]LogModuleManager: Shutting down and abandoning module ClassViewer (492)
[2019.09.09-22.15.35:638][465]LogModuleManager: Shutting down and abandoning module Toolbox (490)
[2019.09.09-22.15.35:638][465]LogModuleManager: Shutting down and abandoning module ModuleUI (488)
[2019.09.09-22.15.35:638][465]LogModuleManager: Shutting down and abandoning module MovieSceneTools (486)
[2019.09.09-22.15.35:639][465]LogModuleManager: Shutting down and abandoning module OutputLog (484)
[2019.09.09-22.15.35:639][465]LogModuleManager: Shutting down and abandoning module GammaUI (482)
[2019.09.09-22.15.35:639][465]LogModuleManager: Shutting down and abandoning module Documentation (480)
[2019.09.09-22.15.35:639][465]LogModuleManager: Shutting down and abandoning module LiveCoding (478)
[2019.09.09-22.15.35:639][465]LogModuleManager: Shutting down and abandoning module LevelSequence (476)
[2019.09.09-22.15.35:639][465]LogModuleManager: Shutting down and abandoning module MovieSceneTracks (474)
[2019.09.09-22.15.35:639][465]LogModuleManager: Shutting down and abandoning module MovieScene (472)
[2019.09.09-22.15.35:639][465]LogModuleManager: Shutting down and abandoning module StreamingPauseRendering (470)
[2019.09.09-22.15.35:639][465]LogModuleManager: Shutting down and abandoning module LauncherPlatform (468)
[2019.09.09-22.15.35:639][465]LogModuleManager: Shutting down and abandoning module AnalyticsET (466)
[2019.09.09-22.15.35:639][465]LogModuleManager: Shutting down and abandoning module PortalServices (464)
[2019.09.09-22.15.35:639][465]LogModuleManager: Shutting down and abandoning module PortalRpc (462)
[2019.09.09-22.15.35:639][465]LogModuleManager: Shutting down and abandoning module MessagingRpc (460)
[2019.09.09-22.15.35:639][465]LogModuleManager: Shutting down and abandoning module AIModule (458)
[2019.09.09-22.15.35:639][465]LogModuleManager: Shutting down and abandoning module GameplayDebugger (457)
[2019.09.09-22.15.35:639][465]LogModuleManager: Shutting down and abandoning module AITestSuite (455)
[2019.09.09-22.15.35:639][465]LogModuleManager: Shutting down and abandoning module NavigationSystem (453)
[2019.09.09-22.15.35:639][465]LogModuleManager: Shutting down and abandoning module DesktopPlatform (450)
[2019.09.09-22.15.35:639][465]LogModuleManager: Shutting down and abandoning module ImageWriteQueue (448)
[2019.09.09-22.15.35:643][465]LogModuleManager: Shutting down and abandoning module ProfilerService (446)
[2019.09.09-22.15.35:706][465]LogModuleManager: Shutting down and abandoning module TaskGraph (444)
[2019.09.09-22.15.35:706][465]LogModuleManager: Shutting down and abandoning module DatasmithCADImporter (442)
[2019.09.09-22.15.35:708][465]LogModuleManager: Shutting down and abandoning module VariantManager (440)
[2019.09.09-22.15.35:708][465]LogModuleManager: Shutting down and abandoning module StaticMeshEditorExtension (438)
[2019.09.09-22.15.35:708][465]LogModuleManager: Shutting down and abandoning module StaticMeshEditor (437)
[2019.09.09-22.15.35:708][465]LogModuleManager: Shutting down and abandoning module AdvancedPreviewScene (436)
[2019.09.09-22.15.35:708][465]LogModuleManager: Shutting down and abandoning module MeshProcessingLibrary (433)
[2019.09.09-22.15.35:708][465]LogModuleManager: Shutting down and abandoning module MDLImporter (430)
[2019.09.09-22.15.35:709][465]LogModuleManager: Shutting down and abandoning module DatasmithGLTFImporter (428)
[2019.09.09-22.15.35:709][465]LogModuleManager: Shutting down and abandoning module DatasmithImporter (427)
[2019.09.09-22.15.35:709][465]LogModuleManager: Shutting down and abandoning module DatasmithDataPrepLibraries (424)
[2019.09.09-22.15.35:709][465]LogModuleManager: Shutting down and abandoning module DatasmithDataPrepEditor (422)
[2019.09.09-22.15.35:709][465]LogModuleManager: Shutting down and abandoning module SteamVRController (420)
[2019.09.09-22.15.35:709][465]LogModuleManager: Shutting down and abandoning module ProceduralMeshComponentEditor (418)
[2019.09.09-22.15.35:709][465]LogModuleManager: Shutting down and abandoning module ProceduralMeshComponent (416)
[2019.09.09-22.15.35:709][465]LogModuleManager: Shutting down and abandoning module OculusEditor (414)
[2019.09.09-22.15.35:709][465]LogModuleManager: Shutting down and abandoning module OculusInput (412)
[2019.09.09-22.15.35:709][465]LogModuleManager: Shutting down and abandoning module MobilePatchingUtils (410)
[2019.09.09-22.15.35:709][465]LogModuleManager: Shutting down and abandoning module EditableMesh (408)
[2019.09.09-22.15.35:709][465]LogModuleManager: Shutting down and abandoning module CustomMeshComponent (406)
[2019.09.09-22.15.35:709][465]LogModuleManager: Shutting down and abandoning module CableComponent (404)
[2019.09.09-22.15.35:709][465]LogModuleManager: Shutting down and abandoning module AudioCapture (402)
[2019.09.09-22.15.35:709][465]LogModuleManager: Shutting down and abandoning module ArchVisCharacter (400)
[2019.09.09-22.15.35:709][465]LogModuleManager: Shutting down and abandoning module AndroidPermission (398)
[2019.09.09-22.15.35:709][465]LogModuleManager: Shutting down and abandoning module NUTUnrealEngine4 (396)
[2019.09.09-22.15.35:709][465]LogModuleManager: Shutting down and abandoning module NetcodeUnitTest (394)
[2019.09.09-22.15.35:709][465]LogModuleManager: Shutting down and abandoning module MediaCompositing (392)
[2019.09.09-22.15.35:709][465]LogModuleManager: Shutting down and abandoning module LinearTimecode (390)
[2019.09.09-22.15.35:709][465]LogModuleManager: Shutting down and abandoning module ImgMedia (388)
[2019.09.09-22.15.35:709][465]LogModuleManager: Shutting down and abandoning module MagicLeapHelperVulkan (386)
[2019.09.09-22.15.35:709][465]LogModuleManager: Shutting down and abandoning module MagicLeapHelperOpenGL (384)
[2019.09.09-22.15.35:709][465]LogModuleManager: Shutting down and abandoning module MagicLeapAudio (382)
[2019.09.09-22.15.35:709][465]LogModuleManager: Shutting down and abandoning module HTML5Networking (380)
[2019.09.09-22.15.35:709][465]LogModuleManager: Shutting down and abandoning module GeometryCollectionEditor (378)
[2019.09.09-22.15.35:709][465]LogModuleManager: Shutting down and abandoning module GeometryCollectionExampleCore (376)
[2019.09.09-22.15.35:709][465]LogModuleManager: Shutting down and abandoning module GeometryCacheTracks (374)
[2019.09.09-22.15.35:709][465]LogModuleManager: Shutting down and abandoning module GeometryCacheSequencer (372)
[2019.09.09-22.15.35:709][465]LogModuleManager: Shutting down and abandoning module ChaosSolverEditor (370)
[2019.09.09-22.15.35:709][465]LogModuleManager: Shutting down and abandoning module BlastAuthoring (368)
[2019.09.09-22.15.35:709][465]LogModuleManager: Shutting down and abandoning module BackChannel (366)
[2019.09.09-22.15.35:709][465]LogModuleManager: Shutting down and abandoning module AppleVision (364)
[2019.09.09-22.15.35:709][465]LogModuleManager: Shutting down and abandoning module AppleImageUtilsBlueprintSupport (362)
[2019.09.09-22.15.35:709][465]LogModuleManager: Shutting down and abandoning module AppleImageUtils (360)
[2019.09.09-22.15.35:709][465]LogModuleManager: Shutting down and abandoning module AlembicImporter (358)
[2019.09.09-22.15.35:710][465]LogModuleManager: Shutting down and abandoning module AlembicLibrary (357)
[2019.09.09-22.15.35:710][465]LogModuleManager: Shutting down and abandoning module GeometryCache (356)
[2019.09.09-22.15.35:710][465]LogModuleManager: Shutting down and abandoning module GeometryCacheEd (355)
[2019.09.09-22.15.35:710][465]LogModuleManager: Shutting down and abandoning module VariantManagerContent (350)
[2019.09.09-22.15.35:710][465]LogModuleManager: Shutting down and abandoning module DatasmithContentEditor (348)
[2019.09.09-22.15.35:710][465]LogModuleManager: Shutting down and abandoning module SpeedTreeImporter (346)
[2019.09.09-22.15.35:710][465]LogModuleManager: Shutting down and abandoning module PluginBrowser (344)
[2019.09.09-22.15.35:710][465]LogModuleManager: Shutting down and abandoning module MobileLauncherProfileWizard (342)
[2019.09.09-22.15.35:710][465]LogModuleManager: Shutting down and abandoning module PolygonModeling (340)
[2019.09.09-22.15.35:710][465]LogModuleManager: Shutting down and abandoning module MeshEditor (338)
[2019.09.09-22.15.35:710][465]LogModuleManager: Shutting down and abandoning module MaterialAnalyzer (336)
[2019.09.09-22.15.35:710][465]LogModuleManager: Shutting down and abandoning module GLTFImporter (334)
[2019.09.09-22.15.35:710][465]LogModuleManager: Shutting down and abandoning module EditorScriptingUtilities (332)
[2019.09.09-22.15.35:710][465]LogModuleManager: Shutting down and abandoning module CryptoKeysOpenSSL (330)
[2019.09.09-22.15.35:710][465]LogModuleManager: Shutting down and abandoning module CryptoKeys (328)
[2019.09.09-22.15.35:710][465]LogModuleManager: Shutting down and abandoning module VisualStudioSourceCodeAccess (326)
[2019.09.09-22.15.35:710][465]LogModuleManager: Shutting down and abandoning module VisualStudioCodeSourceCodeAccess (324)
[2019.09.09-22.15.35:710][465]LogModuleManager: Shutting down and abandoning module UObjectPlugin (322)
[2019.09.09-22.15.35:710][465]LogModuleManager: Shutting down and abandoning module SubversionSourceControl (320)
[2019.09.09-22.15.35:710][465]LogModuleManager: Shutting down and abandoning module PerforceSourceControl (318)
[2019.09.09-22.15.35:710][465]LogModuleManager: Shutting down and abandoning module GitSourceControl (316)
[2019.09.09-22.15.35:710][465]LogModuleManager: Shutting down and abandoning module SourceControl (315)
[2019.09.09-22.15.35:710][465]LogModuleManager: Shutting down and abandoning module CLionSourceCodeAccess (312)
[2019.09.09-22.15.35:711][465]LogModuleManager: Shutting down and abandoning module AnimationSharingEd (310)
[2019.09.09-22.15.35:711][465]LogModuleManager: Shutting down and abandoning module ActorLayerUtilitiesEditor (308)
[2019.09.09-22.15.35:711][465]LogModuleManager: Shutting down and abandoning module ActorLayerUtilities (306)
[2019.09.09-22.15.35:711][465]LogModuleManager: Shutting down and abandoning module LightPropagationVolumeEditor (304)
[2019.09.09-22.15.35:711][465]LogModuleManager: Shutting down and abandoning module PaperTiledImporter (302)
[2019.09.09-22.15.35:711][465]LogModuleManager: Shutting down and abandoning module PaperSpriteSheetImporter (300)
[2019.09.09-22.15.35:711][465]LogModuleManager: Shutting down and abandoning module Paper2DEditor (298)
[2019.09.09-22.15.35:711][465]LogModuleManager: Shutting down and abandoning module SignificanceManager (296)
[2019.09.09-22.15.35:711][465]LogModuleManager: Shutting down and abandoning module RuntimePhysXCooking (294)
[2019.09.09-22.15.35:711][465]LogModuleManager: Shutting down and abandoning module PhysXVehiclesEditor (292)
[2019.09.09-22.15.35:711][465]LogModuleManager: Shutting down and abandoning module PhysXVehicles (290)
[2019.09.09-22.15.35:711][465]LogModuleManager: Shutting down and abandoning module LocationServicesBPLibrary (288)
[2019.09.09-22.15.35:711][465]LogModuleManager: Shutting down and abandoning module ActorSequence (286)
[2019.09.09-22.15.35:711][465]LogModuleManager: Shutting down and abandoning module UdpMessaging (284)
[2019.09.09-22.15.35:812][465]LogModuleManager: Shutting down and abandoning module TcpMessaging (282)
[2019.09.09-22.15.35:913][465]LogModuleManager: Shutting down and abandoning module MagicLeapIdentity (280)
[2019.09.09-22.15.35:913][465]LogModuleManager: Shutting down and abandoning module MagicLeapSecureStorage (278)
[2019.09.09-22.15.35:913][465]LogModuleManager: Shutting down and abandoning module MagicLeapHandTracking (276)
[2019.09.09-22.15.35:913][465]LogModuleManager: Shutting down and abandoning module MagicLeapEyeTracker (274)
[2019.09.09-22.15.35:913][465]LogModuleManager: Shutting down and abandoning module MagicLeapController (272)
[2019.09.09-22.15.35:913][465]LogSlate: Slate User Destroyed.  User Index 0, Is Virtual User: 0
[2019.09.09-22.15.35:913][465]LogModuleManager: Shutting down and abandoning module MagicLeapAR (270)
[2019.09.09-22.15.35:913][465]LogModuleManager: Shutting down and abandoning module AugmentedReality (269)
[2019.09.09-22.15.35:913][465]LogModuleManager: Shutting down and abandoning module GameplayTagsEditor (266)
[2019.09.09-22.15.35:913][465]LogModuleManager: Shutting down and abandoning module FacialAnimationEditor (264)
[2019.09.09-22.15.35:913][465]LogModuleManager: Shutting down and abandoning module FacialAnimation (262)
[2019.09.09-22.15.35:913][465]LogModuleManager: Shutting down and abandoning module DataValidation (260)
[2019.09.09-22.15.35:913][465]LogModuleManager: Shutting down and abandoning module AssetManagerEditor (258)
[2019.09.09-22.15.35:913][465]LogModuleManager: Shutting down and abandoning module LevelEditor (257)
[2019.09.09-22.15.35:914][465]LogModuleManager: Shutting down and abandoning module PixelInspectorModule (256)
[2019.09.09-22.15.35:914][465]LogModuleManager: Shutting down and abandoning module CommonMenuExtensions (254)
[2019.09.09-22.15.35:914][465]LogModuleManager: Shutting down and abandoning module MainFrame (252)
[2019.09.09-22.15.35:914][465]LogModuleManager: Shutting down and abandoning module HotReload (251)
[2019.09.09-22.15.35:915][465]LogModuleManager: Shutting down and abandoning module ContentBrowser (247)
[2019.09.09-22.15.35:915][465]LogModuleManager: Shutting down and abandoning module TreeMap (245)
[2019.09.09-22.15.35:915][465]LogModuleManager: Shutting down and abandoning module AnimationSharing (242)
[2019.09.09-22.15.35:915][465]LogModuleManager: Shutting down and abandoning module LightPropagationVolumeRuntime (240)
[2019.09.09-22.15.35:915][465]LogModuleManager: Shutting down and abandoning module AISupportModule (238)
[2019.09.09-22.15.35:915][465]LogModuleManager: Shutting down and abandoning module Paper2D (236)
[2019.09.09-22.15.35:916][465]LogModuleManager: Shutting down and abandoning module WindowsMoviePlayer (234)
[2019.09.09-22.15.35:916][465]LogModuleManager: Shutting down and abandoning module WebMMoviePlayer (232)
[2019.09.09-22.15.35:916][465]LogModuleManager: Shutting down and abandoning module PacketHandler (230)
[2019.09.09-22.15.35:916][465]LogModuleManager: Shutting down and abandoning module ClothingSystemEditor (228)
[2019.09.09-22.15.35:916][465]LogModuleManager: Shutting down and abandoning module ClothingSystemRuntime (226)
[2019.09.09-22.15.35:916][465]LogModuleManager: Shutting down and abandoning module MediaAssets (224)
[2019.09.09-22.15.35:916][465]LogModuleManager: Shutting down and abandoning module Overlay (222)
[2019.09.09-22.15.35:916][465]LogModuleManager: Shutting down and abandoning module OverlayEditor (221)
[2019.09.09-22.15.35:916][465]LogModuleManager: Shutting down and abandoning module VREditor (218)
[2019.09.09-22.15.35:916][465]LogModuleManager: Shutting down and abandoning module StringTableEditor (216)
[2019.09.09-22.15.35:916][465]LogModuleManager: Shutting down and abandoning module GameplayTasksEditor (214)
[2019.09.09-22.15.35:916][465]LogModuleManager: Shutting down and abandoning module BehaviorTreeEditor (212)
[2019.09.09-22.15.35:916][465]LogModuleManager: Shutting down and abandoning module FunctionalTesting (210)
[2019.09.09-22.15.35:916][465]LogModuleManager: Shutting down and abandoning module CollisionAnalyzer (208)
[2019.09.09-22.15.35:916][465]LogModuleManager: Shutting down and abandoning module WorkspaceMenuStructure (207)
[2019.09.09-22.15.35:916][465]LogModuleManager: Shutting down and abandoning module UMG (204)
[2019.09.09-22.15.35:916][465]LogModuleManager: Shutting down and abandoning module UMGEditor (203)
[2019.09.09-22.15.35:916][465]LogModuleManager: Shutting down and abandoning module Sequencer (202)
[2019.09.09-22.15.35:916][465]LogModuleManager: Shutting down and abandoning module MessageLog (199)
[2019.09.09-22.15.35:916][465]LogModuleManager: Shutting down and abandoning module SlateReflector (194)
[2019.09.09-22.15.35:916][465]LogModuleManager: Shutting down and abandoning module Slate (192)
[2019.09.09-22.15.35:916][465]LogModuleManager: Shutting down and abandoning module EditorStyle (190)
[2019.09.09-22.15.35:917][465]LogModuleManager: Shutting down and abandoning module UnrealEd (188)
[2019.09.09-22.15.35:917][465]LogModuleManager: Shutting down and abandoning module MRMesh (186)
[2019.09.09-22.15.35:917][465]LogModuleManager: Shutting down and abandoning module SourceCodeAccess (184)
[2019.09.09-22.15.35:917][465]LogModuleManager: Shutting down and abandoning module HeadMountedDisplay (182)
[2019.09.09-22.15.35:917][465]LogModuleManager: Shutting down and abandoning module XAudio2 (180)
[2019.09.09-22.15.35:917][465]LogModuleManager: Shutting down and abandoning module Networking (178)
[2019.09.09-22.15.35:917][465]LogModuleManager: Shutting down and abandoning module Core (176)
[2019.09.09-22.15.35:918][465]LogModuleManager: Shutting down and abandoning module KismetCompiler (174)
[2019.09.09-22.15.35:918][465]LogModuleManager: Shutting down and abandoning module MeshUtilities (172)
[2019.09.09-22.15.35:918][465]LogModuleManager: Shutting down and abandoning module MeshMergeUtilities (171)
[2019.09.09-22.15.35:918][465]LogModuleManager: Shutting down and abandoning module MeshReductionInterface (170)
[2019.09.09-22.15.35:918][465]LogModuleManager: Shutting down and abandoning module SkeletalMeshReduction (169)
[2019.09.09-22.15.35:918][465]LogModuleManager: Shutting down and abandoning module ProxyLODMeshReduction (167)
[2019.09.09-22.15.35:918][465]LogModuleManager: Shutting down and abandoning module QuadricMeshReduction (165)
[2019.09.09-22.15.35:918][465]LogModuleManager: Shutting down and abandoning module MaterialBaking (161)
[2019.09.09-22.15.35:918][465]LogModuleManager: Shutting down and abandoning module DerivedDataCache (156)
[2019.09.09-22.15.35:980][465]LogDerivedDataCache: Shutdown
[2019.09.09-22.15.35:980][465]LogModuleManager: Shutting down and abandoning module XGEController (154)
[2019.09.09-22.15.35:980][465]LogXGEController: Cleaning working directory: C:/Users/broki/AppData/Local/Temp/UnrealXGEWorkingDir/
[2019.09.09-22.15.35:981][465]LogModuleManager: Shutting down and abandoning module TargetPlatform (152)
[2019.09.09-22.15.35:981][465]LogModuleManager: Shutting down and abandoning module VulkanShaderFormat (151)
[2019.09.09-22.15.35:981][465]LogModuleManager: Shutting down and abandoning module ShaderFormatVectorVM (149)
[2019.09.09-22.15.35:981][465]LogModuleManager: Shutting down and abandoning module ShaderFormatOpenGL (147)
[2019.09.09-22.15.35:981][465]LogModuleManager: Shutting down and abandoning module ShaderFormatD3D (145)
[2019.09.09-22.15.35:981][465]LogModuleManager: Shutting down and abandoning module MetalShaderFormat (143)
[2019.09.09-22.15.35:981][465]LogModuleManager: Shutting down and abandoning module TextureFormatUncompressed (141)
[2019.09.09-22.15.35:981][465]LogModuleManager: Shutting down and abandoning module TextureFormatPVR (139)
[2019.09.09-22.15.35:981][465]LogModuleManager: Shutting down and abandoning module TextureFormatDXT (137)
[2019.09.09-22.15.35:981][465]LogModuleManager: Shutting down and abandoning module TextureFormatIntelISPCTexComp (135)
[2019.09.09-22.15.35:981][465]LogModuleManager: Shutting down and abandoning module TextureFormatASTC (133)
[2019.09.09-22.15.35:981][465]LogModuleManager: Shutting down and abandoning module ImageWrapper (132)
[2019.09.09-22.15.35:981][465]LogModuleManager: Shutting down and abandoning module TextureFormatAndroid (129)
[2019.09.09-22.15.35:981][465]LogModuleManager: Shutting down and abandoning module AudioFormatOpus (127)
[2019.09.09-22.15.35:981][465]LogModuleManager: Shutting down and abandoning module AudioFormatOgg (125)
[2019.09.09-22.15.35:981][465]LogModuleManager: Shutting down and abandoning module AudioFormatADPCM (123)
[2019.09.09-22.15.35:981][465]LogModuleManager: Shutting down and abandoning module LuminTargetPlatform (121)
[2019.09.09-22.15.35:982][465]LogModuleManager: Shutting down and abandoning module LinuxTargetPlatform (119)
[2019.09.09-22.15.35:982][465]LogModuleManager: Shutting down and abandoning module LinuxServerTargetPlatform (117)
[2019.09.09-22.15.35:982][465]LogModuleManager: Shutting down and abandoning module LinuxNoEditorTargetPlatform (115)
[2019.09.09-22.15.35:982][465]LogModuleManager: Shutting down and abandoning module LinuxClientTargetPlatform (113)
[2019.09.09-22.15.35:982][465]LogModuleManager: Shutting down and abandoning module TVOSTargetPlatform (111)
[2019.09.09-22.15.35:983][465]LogModuleManager: Shutting down and abandoning module Messaging (109)
[2019.09.09-22.15.35:983][465]LogModuleManager: Shutting down and abandoning module IOSTargetPlatform (107)
[2019.09.09-22.15.35:983][465]LogModuleManager: Shutting down and abandoning module HTML5TargetPlatform (105)
[2019.09.09-22.15.35:983][465]LogModuleManager: Shutting down and abandoning module AndroidTargetPlatform (103)
[2019.09.09-22.15.35:990][465]LogModuleManager: Shutting down and abandoning module WindowsTargetPlatform (101)
[2019.09.09-22.15.35:990][465]LogModuleManager: Shutting down and abandoning module WindowsServerTargetPlatform (99)
[2019.09.09-22.15.35:990][465]LogModuleManager: Shutting down and abandoning module WindowsNoEditorTargetPlatform (97)
[2019.09.09-22.15.35:990][465]LogModuleManager: Shutting down and abandoning module WindowsClientTargetPlatform (95)
[2019.09.09-22.15.35:990][465]LogModuleManager: Shutting down and abandoning module MacTargetPlatform (93)
[2019.09.09-22.15.35:990][465]LogModuleManager: Shutting down and abandoning module MacServerTargetPlatform (91)
[2019.09.09-22.15.35:990][465]LogModuleManager: Shutting down and abandoning module MacNoEditorTargetPlatform (89)
[2019.09.09-22.15.35:990][465]LogModuleManager: Shutting down and abandoning module MacClientTargetPlatform (87)
[2019.09.09-22.15.35:990][465]LogModuleManager: Shutting down and abandoning module AllDesktopTargetPlatform (85)
[2019.09.09-22.15.35:990][465]LogModuleManager: Shutting down and abandoning module InputCore (82)
[2019.09.09-22.15.35:990][465]LogModuleManager: Shutting down and abandoning module Settings (80)
[2019.09.09-22.15.35:990][465]LogModuleManager: Shutting down and abandoning module DirectoryWatcher (78)
[2019.09.09-22.15.35:991][465]LogModuleManager: Shutting down and abandoning module PhysXCooking (76)
[2019.09.09-22.15.35:991][465]LogModuleManager: Shutting down and abandoning module SteamVR (74)
[2019.09.09-22.15.35:991][465]LogHMD: Freeing OpenVRDLLHandle.
[2019.09.09-22.15.35:991][465]LogModuleManager: Shutting down and abandoning module OculusHMD (72)
[2019.09.09-22.15.35:991][465]LogModuleManager: Shutting down and abandoning module ExampleDeviceProfileSelector (70)
[2019.09.09-22.15.35:991][465]LogModuleManager: Shutting down and abandoning module LauncherChunkInstaller (68)
[2019.09.09-22.15.35:991][465]LogModuleManager: Shutting down and abandoning module OnlineBlueprintSupport (66)
[2019.09.09-22.15.35:991][465]LogModuleManager: Shutting down and abandoning module OnlineSubsystem (62)
[2019.09.09-22.15.35:992][465]LogModuleManager: Shutting down and abandoning module XMPP (55)
[2019.09.09-22.15.35:992][465]LogModuleManager: Shutting down and abandoning module WebSockets (54)
[2019.09.09-22.15.35:999][465]LogModuleManager: Shutting down and abandoning module HTTP (51)
[2019.09.09-22.15.35:999][465]LogHttp: Display: Http module shutting down, but needs to wait on 1 outstanding Http requests:
[2019.09.09-22.15.35:999][465]LogHttp: Display: 	verb=[POST] url=[https://datarouter.ol.epicgames.com/datarouter/api/v1/public/data?SessionID=%7BCC0C66EF-4EE3-1375-0462-4AB64A59ED5A%7D&AppID=UEEditor.Rocket.Release&AppVersion=4.22.3-7053642%2B%2B%2BUE4%2BRelease-4.22&UserID=425b09eb44d67a36a37bfa8bc6e2eee4%7C554510ef1e0b414f9a5b621bd9504d7d%7Cb5e52c52-8cf8-490b-9d2f-6a5079da1523&AppEnvironment=datacollector-binary&UploadType=eteventstream] status=Processing
[2019.09.09-22.15.36:015][465]LogModuleManager: Shutting down and abandoning module SSL (50)
[2019.09.09-22.15.36:016][465]LogModuleManager: Shutting down and abandoning module WmfMedia (46)
[2019.09.09-22.15.36:017][465]LogModuleManager: Shutting down and abandoning module Media (45)
[2019.09.09-22.15.36:023][465]LogModuleManager: Shutting down and abandoning module MagicLeap (42)
[2019.09.09-22.15.36:023][465]LogModuleManager: Shutting down and abandoning module DatasmithContent (40)
[2019.09.09-22.15.36:023][465]LogModuleManager: Shutting down and abandoning module AnimationModifiers (38)
[2019.09.09-22.15.36:023][465]LogModuleManager: Shutting down and abandoning module PropertyEditor (37)
[2019.09.09-22.15.36:023][465]LogModuleManager: Shutting down and abandoning module AudioEditor (34)
[2019.09.09-22.15.36:024][465]LogModuleManager: Shutting down and abandoning module TextureCompressor (32)
[2019.09.09-22.15.36:024][465]LogModuleManager: Shutting down and abandoning module RenderCore (30)
[2019.09.09-22.15.36:024][465]LogModuleManager: Shutting down and abandoning module Landscape (28)
[2019.09.09-22.15.36:024][465]LogModuleManager: Shutting down and abandoning module SlateRHIRenderer (26)
[2019.09.09-22.15.36:025][465]LogModuleManager: Shutting down and abandoning module OpenGLDrv (24)
[2019.09.09-22.15.36:025][465]LogModuleManager: Shutting down and abandoning module D3D11RHI (22)
[2019.09.09-22.15.36:025][465]LogModuleManager: Shutting down and abandoning module AnimGraphRuntime (20)
[2019.09.09-22.15.36:025][465]LogModuleManager: Shutting down and abandoning module Renderer (18)
[2019.09.09-22.15.36:025][465]LogModuleManager: Shutting down and abandoning module Engine (16)
[2019.09.09-22.15.36:025][465]LogModuleManager: Shutting down and abandoning module CoreUObject (14)
[2019.09.09-22.15.36:025][465]LogModuleManager: Shutting down and abandoning module NetworkFile (12)
[2019.09.09-22.15.36:025][465]LogModuleManager: Shutting down and abandoning module CookedIterativeFile (10)
[2019.09.09-22.15.36:025][465]LogModuleManager: Shutting down and abandoning module StreamingFile (8)
[2019.09.09-22.15.36:025][465]LogModuleManager: Shutting down and abandoning module SandboxFile (6)
[2019.09.09-22.15.36:025][465]LogModuleManager: Shutting down and abandoning module PakFile (4)
[2019.09.09-22.15.36:025][465]LogModuleManager: Shutting down and abandoning module RSA (3)
[2019.09.09-22.15.36:031][465]LogExit: Exiting.
[2019.09.09-22.15.36:082][465]Log file closed, 09/09/19 15:15:36
