Log file open, 09/09/19 21:11:35
LogWindows: Failed to load 'aqProf.dll' (GetLastError=126)
LogWindows: File 'aqProf.dll' does not exist
LogWindows: Failed to load 'VtuneApi.dll' (GetLastError=126)
LogWindows: File 'VtuneApi.dll' does not exist
LogWindows: Failed to load 'VtuneApi32e.dll' (GetLastError=126)
LogWindows: File 'VtuneApi32e.dll' does not exist
LogConsoleResponse: Display: Failed to find resolution value strings in scalability ini. Falling back to default.
LogInit: Display: Running engine for game: CoopVR
LogPakFile: Registered encryption key '00000000000000000000000000000000': 0 pak files mounted, 0 remain pending
LogPlatformFile: Not using cached read wrapper
LogTaskGraph: Started task graph with 5 named threads and 23 total threads with 3 sets of task threads.
LogStats: Stats thread started at 0.319654
LogD3D11RHI: Loaded GFSDK_Aftermath_Lib.x64.dll
LogICUInternationalization: ICU TimeZone Detection - Raw Offset: -8:00, Platform Override: ''
LogPluginManager: Mounting plugin Paper2D
LogPluginManager: Mounting plugin AISupport
LogPluginManager: Mounting plugin LightPropagationVolume
LogPluginManager: Mounting plugin ActorLayerUtilities
LogPluginManager: Mounting plugin AnimationSharing
LogPluginManager: Mounting plugin CLionSourceCodeAccess
LogPluginManager: Mounting plugin CodeLiteSourceCodeAccess
LogPluginManager: Mounting plugin GitSourceControl
LogPluginManager: Mounting plugin KDevelopSourceCodeAccess
LogPluginManager: Mounting plugin NullSourceCodeAccess
LogPluginManager: Mounting plugin PerforceSourceControl
LogPluginManager: Mounting plugin SubversionSourceControl
LogPluginManager: Mounting plugin UObjectPlugin
LogPluginManager: Mounting plugin VisualStudioCodeSourceCodeAccess
LogPluginManager: Mounting plugin VisualStudioSourceCodeAccess
LogPluginManager: Mounting plugin XCodeSourceCodeAccess
LogPluginManager: Mounting plugin AssetManagerEditor
LogPluginManager: Mounting plugin CryptoKeys
LogPluginManager: Mounting plugin DataValidation
LogPluginManager: Mounting plugin EditorScriptingUtilities
LogPluginManager: Mounting plugin FacialAnimation
LogPluginManager: Mounting plugin GameplayTagsEditor
LogPluginManager: Mounting plugin GLTFImporter
LogPluginManager: Mounting plugin MacGraphicsSwitching
LogPluginManager: Mounting plugin MaterialAnalyzer
LogPluginManager: Mounting plugin MeshEditor
LogPluginManager: Mounting plugin MobileLauncherProfileWizard
LogPluginManager: Mounting plugin PluginBrowser
LogPluginManager: Mounting plugin SpeedTreeImporter
LogPluginManager: Mounting plugin DatasmithContent
LogPluginManager: Mounting plugin VariantManagerContent
LogPluginManager: Mounting plugin AlembicImporter
LogPluginManager: Mounting plugin AppleImageUtils
LogPluginManager: Mounting plugin AppleVision
LogPluginManager: Mounting plugin BackChannel
LogPluginManager: Mounting plugin BlastPlugin
LogPluginManager: Mounting plugin ChaosSolverPlugin
LogPluginManager: Mounting plugin CharacterAI
LogPluginManager: Mounting plugin GeometryCache
LogPluginManager: Mounting plugin GeometryCollectionPlugin
LogPluginManager: Mounting plugin HTML5Networking
LogPluginManager: Mounting plugin ProxyLODPlugin
LogPluginManager: Mounting plugin SkeletalReduction
LogPluginManager: Mounting plugin MagicLeap
LogPluginManager: Mounting plugin MagicLeapMedia
LogPluginManager: Mounting plugin AndroidMedia
LogPluginManager: Mounting plugin AvfMedia
LogPluginManager: Mounting plugin ImgMedia
LogPluginManager: Mounting plugin LinearTimecode
LogPluginManager: Mounting plugin MediaCompositing
LogPluginManager: Mounting plugin MediaPlayerEditor
LogPluginManager: Mounting plugin WebMMedia
LogPluginManager: Mounting plugin WmfMedia
LogPluginManager: Mounting plugin TcpMessaging
LogPluginManager: Mounting plugin UdpMessaging
LogPluginManager: Mounting plugin ActorSequence
LogPluginManager: Mounting plugin LevelSequenceEditor
LogPluginManager: Mounting plugin MatineeToLevelSequence
LogPluginManager: Mounting plugin NetcodeUnitTest
LogPluginManager: Mounting plugin NUTUnrealEngine4
LogPluginManager: Mounting plugin OnlineSubsystemGooglePlay
LogPluginManager: Mounting plugin OnlineSubsystemIOS
LogPluginManager: Mounting plugin OnlineSubsystem
LogPluginManager: Mounting plugin OnlineSubsystemNull
LogPluginManager: Mounting plugin OnlineSubsystemSteam
LogPluginManager: Mounting plugin OnlineSubsystemUtils
LogPluginManager: Mounting plugin LauncherChunkInstaller
LogPluginManager: Mounting plugin AndroidDeviceProfileSelector
LogPluginManager: Mounting plugin AndroidMoviePlayer
LogPluginManager: Mounting plugin AndroidPermission
LogPluginManager: Mounting plugin AppleMoviePlayer
LogPluginManager: Mounting plugin ArchVisCharacter
LogPluginManager: Mounting plugin AudioCapture
LogPluginManager: Mounting plugin CableComponent
LogPluginManager: Mounting plugin CustomMeshComponent
LogPluginManager: Mounting plugin EditableMesh
LogPluginManager: Mounting plugin ExampleDeviceProfileSelector
LogPluginManager: Mounting plugin Firebase
LogPluginManager: Mounting plugin GoogleCloudMessaging
LogPluginManager: Mounting plugin IOSDeviceProfileSelector
LogPluginManager: Mounting plugin LinuxDeviceProfileSelector
LogPluginManager: Mounting plugin LocationServicesBPLibrary
LogPluginManager: Mounting plugin MobilePatchingUtils
LogPluginManager: Mounting plugin OculusVR
LogPluginManager: Mounting plugin PhysXVehicles
LogPluginManager: Mounting plugin ProceduralMeshComponent
LogPluginManager: Mounting plugin RuntimePhysXCooking
LogPluginManager: Mounting plugin SignificanceManager
LogPluginManager: Mounting plugin SteamVR
LogPluginManager: Mounting plugin WebMMoviePlayer
LogPluginManager: Mounting plugin WindowsMoviePlayer
LogPluginManager: Mounting plugin DatasmithCADImporter
LogPluginManager: Mounting plugin DatasmithDataPrepEditor
LogPluginManager: Mounting plugin DatasmithFBXImporter
LogPluginManager: Mounting plugin DatasmithGLTFImporter
LogPluginManager: Mounting plugin DatasmithImporter
LogPluginManager: Mounting plugin MDLImporter
LogPluginManager: Mounting plugin StaticMeshEditorExtension
LogPluginManager: Mounting plugin VariantManager
LogInit: Using libcurl 7.55.1-DEV
LogInit:  - built for x86_64-pc-win32
LogInit:  - supports SSL with OpenSSL/1.1.1
LogInit:  - supports HTTP deflate (compression) using libz 1.2.8
LogInit:  - other features:
LogInit:      CURL_VERSION_SSL
LogInit:      CURL_VERSION_LIBZ
LogInit:      CURL_VERSION_IPV6
LogInit:      CURL_VERSION_ASYNCHDNS
LogInit:      CURL_VERSION_LARGEFILE
LogInit:      CURL_VERSION_IDN
LogInit:  CurlRequestOptions (configurable via config and command line):
LogInit:  - bVerifyPeer = true  - Libcurl will verify peer certificate
LogInit:  - bUseHttpProxy = false  - Libcurl will NOT use HTTP proxy
LogInit:  - bDontReuseConnections = false  - Libcurl will reuse connections
LogInit:  - MaxHostConnections = 16  - Libcurl will limit the number of connections to a host
LogInit:  - LocalHostAddr = Default
LogInit:  - BufferSize = 65536
LogOnline: Display: STEAM: Loading Steam SDK 1.39
LogOnline: Display: STEAM: OnlineSubsystemSteam::Shutdown()
LogOnline: OSS: Unable to create OnlineSubsystem module Steam
LogInit: WinSock: version 1.1 (2.2), MaxSocks=32767, MaxUdp=65467
LogInit: Build: ++UE4+Release-4.22-CL-7053642
LogInit: Engine Version: 4.22.3-7053642+++UE4+Release-4.22
LogInit: Compatible Engine Version: 4.22.0-5660361+++UE4+Release-4.22
LogInit: Net CL: 5660361
LogInit: OS: Windows 10 (Release 1803) (), CPU:        Intel(R) Core(TM) i7-3770K CPU @ 3.50GHz, GPU: NVIDIA GeForce RTX 2070
LogInit: Compiled (64-bit): Jun 18 2019 03:09:11
LogInit: Compiled with Visual C++: 19.16.27025.01
LogInit: Build Configuration: Development
LogInit: Branch Name: ++UE4+Release-4.22
LogInit: Command Line: 
LogInit: Base Directory: C:/Program Files (x86)/Epic Games/UE_4.22/Engine/Binaries/Win64/
LogInit: Installed Engine Build: 1
LogDevObjectVersion: Number of dev versions registered: 23
LogDevObjectVersion:   Dev-Blueprints (B0D832E4-1F89-4F0D-ACCF-7EB736FD4AA2): 10
LogDevObjectVersion:   Dev-Build (E1C64328-A22C-4D53-A36C-8E866417BD8C): 0
LogDevObjectVersion:   Dev-Core (375EC13C-06E4-48FB-B500-84F0262A717E): 3
LogDevObjectVersion:   Dev-Editor (E4B068ED-F494-42E9-A231-DA0B2E46BB41): 30
LogDevObjectVersion:   Dev-Framework (CFFC743F-43B0-4480-9391-14DF171D2073): 35
LogDevObjectVersion:   Dev-Mobile (B02B49B5-BB20-44E9-A304-32B752E40360): 2
LogDevObjectVersion:   Dev-Networking (A4E4105C-59A1-49B5-A7C5-40C4547EDFEE): 0
LogDevObjectVersion:   Dev-Online (39C831C9-5AE6-47DC-9A44-9C173E1C8E7C): 0
LogDevObjectVersion:   Dev-Physics (78F01B33-EBEA-4F98-B9B4-84EACCB95AA2): 0
LogDevObjectVersion:   Dev-Platform (6631380F-2D4D-43E0-8009-CF276956A95A): 0
LogDevObjectVersion:   Dev-Rendering (12F88B9F-8875-4AFC-A67C-D90C383ABD29): 28
LogDevObjectVersion:   Dev-Sequencer (7B5AE74C-D270-4C10-A958-57980B212A5A): 11
LogDevObjectVersion:   Dev-VR (D7296918-1DD6-4BDD-9DE2-64A83CC13884): 2
LogDevObjectVersion:   Dev-LoadTimes (C2A15278-BFE7-4AFE-6C17-90FF531DF755): 1
LogDevObjectVersion:   Private-Geometry (6EACA3D4-40EC-4CC1-B786-8BED09428FC5): 3
LogDevObjectVersion:   Dev-AnimPhys (29E575DD-E0A3-4627-9D10-D276232CDCEA): 17
LogDevObjectVersion:   Dev-Anim (AF43A65D-7FD3-4947-9873-3E8ED9C1BB05): 2
LogDevObjectVersion:   Dev-ReflectionCapture (6B266CEC-1EC7-4B8F-A30B-E4D90942FC07): 1
LogDevObjectVersion:   Dev-Automation (0DF73D61-A23F-47EA-B727-89E90C41499A): 1
LogDevObjectVersion:   FortniteMain (601D1886-AC64-4F84-AA16-D3DE0DEAC7D6): 25
LogDevObjectVersion:   Dev-Enterprise (9DFFBCD6-494F-0158-E221-12823C92A888): 6
LogDevObjectVersion:   Dev-Niagara (F2AED0AC-9AFE-416F-8664-AA7FFA26D6FC): 1
LogDevObjectVersion:   Dev-Destruction (174F1F0B-B4C6-45A5-B13F-2EE8D0FB917D): 2
LogInit: Presizing for max 16777216 objects, including 0 objects not considered by GC, pre-allocating 0 bytes for permanent pool.
LogInit: Object subsystem initialized
LogConfig: Setting CVar [[con.DebugEarlyDefault:1]]
LogConfig: Setting CVar [[r.setres:1280x720]]
[2019.09.10-04.11.35:812][  0]LogConfig: Setting CVar [[r.VSync:0]]
[2019.09.10-04.11.35:812][  0]LogConfig: Setting CVar [[r.RHICmdBypass:0]]
[2019.09.10-04.11.35:812][  0]LogConfig: Applying CVar settings from Section [/Script/Engine.RendererSettings] File [G:/Epic Games/UnrealProjects/CoopVR/Saved/Config/Windows/Engine.ini]
[2019.09.10-04.11.35:812][  0]LogConfig: Setting CVar [[r.GPUCrashDebugging:0]]
[2019.09.10-04.11.35:812][  0]LogConfig: Applying CVar settings from Section [/Script/Engine.RendererOverrideSettings] File [G:/Epic Games/UnrealProjects/CoopVR/Saved/Config/Windows/Engine.ini]
[2019.09.10-04.11.35:812][  0]LogConfig: Applying CVar settings from Section [/Script/Engine.StreamingSettings] File [G:/Epic Games/UnrealProjects/CoopVR/Saved/Config/Windows/Engine.ini]
[2019.09.10-04.11.35:812][  0]LogConfig: Setting CVar [[s.MinBulkDataSizeForAsyncLoading:131072]]
[2019.09.10-04.11.35:812][  0]LogConfig: Setting CVar [[s.AsyncLoadingThreadEnabled:0]]
[2019.09.10-04.11.35:812][  0]LogConfig: Setting CVar [[s.EventDrivenLoaderEnabled:1]]
[2019.09.10-04.11.35:812][  0]LogConfig: Setting CVar [[s.WarnIfTimeLimitExceeded:0]]
[2019.09.10-04.11.35:812][  0]LogConfig: Setting CVar [[s.TimeLimitExceededMultiplier:1.5]]
[2019.09.10-04.11.35:812][  0]LogConfig: Setting CVar [[s.TimeLimitExceededMinTime:0.005]]
[2019.09.10-04.11.35:812][  0]LogConfig: Setting CVar [[s.UseBackgroundLevelStreaming:1]]
[2019.09.10-04.11.35:812][  0]LogConfig: Setting CVar [[s.PriorityAsyncLoadingExtraTime:15.0]]
[2019.09.10-04.11.35:812][  0]LogConfig: Setting CVar [[s.LevelStreamingActorsUpdateTimeLimit:5.0]]
[2019.09.10-04.11.35:812][  0]LogConfig: Setting CVar [[s.PriorityLevelStreamingActorsUpdateExtraTime:5.0]]
[2019.09.10-04.11.35:812][  0]LogConfig: Setting CVar [[s.LevelStreamingComponentsRegistrationGranularity:10]]
[2019.09.10-04.11.35:812][  0]LogConfig: Setting CVar [[s.UnregisterComponentsTimeLimit:1.0]]
[2019.09.10-04.11.35:812][  0]LogConfig: Setting CVar [[s.LevelStreamingComponentsUnregistrationGranularity:5]]
[2019.09.10-04.11.35:812][  0]LogConfig: Applying CVar settings from Section [/Script/Engine.GarbageCollectionSettings] File [G:/Epic Games/UnrealProjects/CoopVR/Saved/Config/Windows/Engine.ini]
[2019.09.10-04.11.35:812][  0]LogConfig: Setting CVar [[gc.MaxObjectsNotConsideredByGC:1]]
[2019.09.10-04.11.35:813][  0]LogConfig: Setting CVar [[gc.SizeOfPermanentObjectPool:0]]
[2019.09.10-04.11.35:813][  0]LogConfig: Setting CVar [[gc.FlushStreamingOnGC:0]]
[2019.09.10-04.11.35:813][  0]LogConfig: Setting CVar [[gc.NumRetriesBeforeForcingGC:10]]
[2019.09.10-04.11.35:813][  0]LogConfig: Setting CVar [[gc.AllowParallelGC:1]]
[2019.09.10-04.11.35:813][  0]LogConfig: Setting CVar [[gc.TimeBetweenPurgingPendingKillObjects:61.1]]
[2019.09.10-04.11.35:813][  0]LogConfig: Setting CVar [[gc.MaxObjectsInEditor:16777216]]
[2019.09.10-04.11.35:813][  0]LogConfig: Setting CVar [[gc.IncrementalBeginDestroyEnabled:1]]
[2019.09.10-04.11.35:813][  0]LogConfig: Setting CVar [[gc.CreateGCClusters:1]]
[2019.09.10-04.11.35:813][  0]LogConfig: Setting CVar [[gc.MinGCClusterSize:5]]
[2019.09.10-04.11.35:813][  0]LogConfig: Setting CVar [[gc.ActorClusteringEnabled:0]]
[2019.09.10-04.11.35:813][  0]LogConfig: Setting CVar [[gc.BlueprintClusteringEnabled:0]]
[2019.09.10-04.11.35:813][  0]LogConfig: Setting CVar [[gc.UseDisregardForGCOnDedicatedServers:0]]
[2019.09.10-04.11.35:813][  0]LogConfig: Applying CVar settings from Section [/Script/Engine.NetworkSettings] File [G:/Epic Games/UnrealProjects/CoopVR/Saved/Config/Windows/Engine.ini]
[2019.09.10-04.11.35:813][  0]LogConfig: Applying CVar settings from Section [/Script/UnrealEd.CookerSettings] File [G:/Epic Games/UnrealProjects/CoopVR/Saved/Config/Windows/Engine.ini]
[2019.09.10-04.11.35:819][  0]LogConfig: Applying CVar settings from Section [ViewDistanceQuality@3] File [G:/Epic Games/UnrealProjects/CoopVR/Saved/Config/Windows/Scalability.ini]
[2019.09.10-04.11.35:819][  0]LogConfig: Setting CVar [[r.SkeletalMeshLODBias:0]]
[2019.09.10-04.11.35:819][  0]LogConfig: Setting CVar [[r.ViewDistanceScale:1.0]]
[2019.09.10-04.11.35:819][  0]LogConfig: Applying CVar settings from Section [AntiAliasingQuality@3] File [G:/Epic Games/UnrealProjects/CoopVR/Saved/Config/Windows/Scalability.ini]
[2019.09.10-04.11.35:819][  0]LogConfig: Setting CVar [[r.PostProcessAAQuality:4]]
[2019.09.10-04.11.35:819][  0]LogConfig: Applying CVar settings from Section [ShadowQuality@3] File [G:/Epic Games/UnrealProjects/CoopVR/Saved/Config/Windows/Scalability.ini]
[2019.09.10-04.11.35:819][  0]LogConfig: Setting CVar [[r.LightFunctionQuality:1]]
[2019.09.10-04.11.35:819][  0]LogConfig: Setting CVar [[r.ShadowQuality:5]]
[2019.09.10-04.11.35:819][  0]LogConfig: Setting CVar [[r.Shadow.CSM.MaxCascades:10]]
[2019.09.10-04.11.35:819][  0]LogConfig: Setting CVar [[r.Shadow.MaxResolution:2048]]
[2019.09.10-04.11.35:819][  0]LogConfig: Setting CVar [[r.Shadow.MaxCSMResolution:2048]]
[2019.09.10-04.11.35:819][  0]LogConfig: Setting CVar [[r.Shadow.RadiusThreshold:0.01]]
[2019.09.10-04.11.35:819][  0]LogConfig: Setting CVar [[r.Shadow.DistanceScale:1.0]]
[2019.09.10-04.11.35:819][  0]LogConfig: Setting CVar [[r.Shadow.CSM.TransitionScale:1.0]]
[2019.09.10-04.11.35:819][  0]LogConfig: Setting CVar [[r.Shadow.PreShadowResolutionFactor:1.0]]
[2019.09.10-04.11.35:819][  0]LogConfig: Setting CVar [[r.DistanceFieldShadowing:1]]
[2019.09.10-04.11.35:819][  0]LogConfig: Setting CVar [[r.DistanceFieldAO:1]]
[2019.09.10-04.11.35:819][  0]LogConfig: Setting CVar [[r.AOQuality:2]]
[2019.09.10-04.11.35:819][  0]LogConfig: Setting CVar [[r.VolumetricFog:1]]
[2019.09.10-04.11.35:819][  0]LogConfig: Setting CVar [[r.VolumetricFog.GridPixelSize:8]]
[2019.09.10-04.11.35:819][  0]LogConfig: Setting CVar [[r.VolumetricFog.GridSizeZ:128]]
[2019.09.10-04.11.35:819][  0]LogConfig: Setting CVar [[r.VolumetricFog.HistoryMissSupersampleCount:4]]
[2019.09.10-04.11.35:819][  0]LogConfig: Setting CVar [[r.LightMaxDrawDistanceScale:1]]
[2019.09.10-04.11.35:819][  0]LogConfig: Setting CVar [[r.CapsuleShadows:1]]
[2019.09.10-04.11.35:820][  0]LogConfig: Applying CVar settings from Section [PostProcessQuality@3] File [G:/Epic Games/UnrealProjects/CoopVR/Saved/Config/Windows/Scalability.ini]
[2019.09.10-04.11.35:820][  0]LogConfig: Setting CVar [[r.MotionBlurQuality:4]]
[2019.09.10-04.11.35:820][  0]LogConfig: Setting CVar [[r.AmbientOcclusionMipLevelFactor:0.4]]
[2019.09.10-04.11.35:820][  0]LogConfig: Setting CVar [[r.AmbientOcclusionMaxQuality:100]]
[2019.09.10-04.11.35:820][  0]LogConfig: Setting CVar [[r.AmbientOcclusionLevels:-1]]
[2019.09.10-04.11.35:820][  0]LogConfig: Setting CVar [[r.AmbientOcclusionRadiusScale:1.0]]
[2019.09.10-04.11.35:820][  0]LogConfig: Setting CVar [[r.DepthOfFieldQuality:2]]
[2019.09.10-04.11.35:820][  0]LogConfig: Setting CVar [[r.RenderTargetPoolMin:400]]
[2019.09.10-04.11.35:820][  0]LogConfig: Setting CVar [[r.LensFlareQuality:2]]
[2019.09.10-04.11.35:820][  0]LogConfig: Setting CVar [[r.SceneColorFringeQuality:1]]
[2019.09.10-04.11.35:820][  0]LogConfig: Setting CVar [[r.EyeAdaptationQuality:2]]
[2019.09.10-04.11.35:820][  0]LogConfig: Setting CVar [[r.BloomQuality:5]]
[2019.09.10-04.11.35:820][  0]LogConfig: Setting CVar [[r.FastBlurThreshold:100]]
[2019.09.10-04.11.35:820][  0]LogConfig: Setting CVar [[r.Upscale.Quality:3]]
[2019.09.10-04.11.35:820][  0]LogConfig: Setting CVar [[r.Tonemapper.GrainQuantization:1]]
[2019.09.10-04.11.35:820][  0]LogConfig: Setting CVar [[r.LightShaftQuality:1]]
[2019.09.10-04.11.35:820][  0]LogConfig: Setting CVar [[r.Filter.SizeScale:1]]
[2019.09.10-04.11.35:820][  0]LogConfig: Setting CVar [[r.Tonemapper.Quality:5]]
[2019.09.10-04.11.35:820][  0]LogConfig: Setting CVar [[r.DOF.Gather.AccumulatorQuality:1        ; higher gathering accumulator quality]]
[2019.09.10-04.11.35:820][  0]LogConfig: Setting CVar [[r.DOF.Gather.PostfilterMethod:1          ; Median3x3 postfilering method]]
[2019.09.10-04.11.35:820][  0]LogConfig: Setting CVar [[r.DOF.Gather.EnableBokehSettings:0       ; no bokeh simulation when gathering]]
[2019.09.10-04.11.35:820][  0]LogConfig: Setting CVar [[r.DOF.Gather.RingCount:4                 ; medium number of samples when gathering]]
[2019.09.10-04.11.35:820][  0]LogConfig: Setting CVar [[r.DOF.Scatter.ForegroundCompositing:1    ; additive foreground scattering]]
[2019.09.10-04.11.35:820][  0]LogConfig: Setting CVar [[r.DOF.Scatter.BackgroundCompositing:2    ; additive background scattering]]
[2019.09.10-04.11.35:820][  0]LogConfig: Setting CVar [[r.DOF.Scatter.EnableBokehSettings:1      ; bokeh simulation when scattering]]
[2019.09.10-04.11.35:820][  0]LogConfig: Setting CVar [[r.DOF.Scatter.MaxSpriteRatio:0.1         ; only a maximum of 10% of scattered bokeh]]
[2019.09.10-04.11.35:820][  0]LogConfig: Setting CVar [[r.DOF.Recombine.Quality:1                ; cheap slight out of focus]]
[2019.09.10-04.11.35:820][  0]LogConfig: Setting CVar [[r.DOF.Recombine.EnableBokehSettings:0    ; no bokeh simulation on slight out of focus]]
[2019.09.10-04.11.35:820][  0]LogConfig: Setting CVar [[r.DOF.TemporalAAQuality:1                ; more stable temporal accumulation]]
[2019.09.10-04.11.35:820][  0]LogConfig: Setting CVar [[r.DOF.Kernel.MaxForegroundRadius:0.025]]
[2019.09.10-04.11.35:820][  0]LogConfig: Setting CVar [[r.DOF.Kernel.MaxBackgroundRadius:0.025]]
[2019.09.10-04.11.35:820][  0]LogConfig: Applying CVar settings from Section [TextureQuality@3] File [G:/Epic Games/UnrealProjects/CoopVR/Saved/Config/Windows/Scalability.ini]
[2019.09.10-04.11.35:820][  0]LogConfig: Setting CVar [[r.Streaming.MipBias:0]]
[2019.09.10-04.11.35:820][  0]LogConfig: Setting CVar [[r.Streaming.AmortizeCPUToGPUCopy:0]]
[2019.09.10-04.11.35:820][  0]LogConfig: Setting CVar [[r.Streaming.MaxNumTexturesToStreamPerFrame:0]]
[2019.09.10-04.11.35:820][  0]LogConfig: Setting CVar [[r.Streaming.Boost:1]]
[2019.09.10-04.11.35:820][  0]LogConfig: Setting CVar [[r.MaxAnisotropy:8]]
[2019.09.10-04.11.35:820][  0]LogConfig: Setting CVar [[r.Streaming.LimitPoolSizeToVRAM:0]]
[2019.09.10-04.11.35:820][  0]LogConfig: Setting CVar [[r.Streaming.PoolSize:1000]]
[2019.09.10-04.11.35:820][  0]LogConfig: Setting CVar [[r.Streaming.MaxEffectiveScreenSize:0]]
[2019.09.10-04.11.35:820][  0]LogConfig: Applying CVar settings from Section [EffectsQuality@3] File [G:/Epic Games/UnrealProjects/CoopVR/Saved/Config/Windows/Scalability.ini]
[2019.09.10-04.11.35:820][  0]LogConfig: Setting CVar [[r.TranslucencyLightingVolumeDim:64]]
[2019.09.10-04.11.35:820][  0]LogConfig: Setting CVar [[r.RefractionQuality:2]]
[2019.09.10-04.11.35:820][  0]LogConfig: Setting CVar [[r.SSR.Quality:3]]
[2019.09.10-04.11.35:820][  0]LogConfig: Setting CVar [[r.SceneColorFormat:4]]
[2019.09.10-04.11.35:820][  0]LogConfig: Setting CVar [[r.DetailMode:2]]
[2019.09.10-04.11.35:820][  0]LogConfig: Setting CVar [[r.TranslucencyVolumeBlur:1]]
[2019.09.10-04.11.35:820][  0]LogConfig: Setting CVar [[r.MaterialQualityLevel:1 ; High quality]]
[2019.09.10-04.11.35:820][  0]LogConfig: Setting CVar [[r.SSS.Scale:1]]
[2019.09.10-04.11.35:820][  0]LogConfig: Setting CVar [[r.SSS.SampleSet:2]]
[2019.09.10-04.11.35:820][  0]LogConfig: Setting CVar [[r.SSS.Quality:1]]
[2019.09.10-04.11.35:820][  0]LogConfig: Setting CVar [[r.SSS.HalfRes:1]]
[2019.09.10-04.11.35:820][  0]LogConfig: Setting CVar [[r.EmitterSpawnRateScale:1.0]]
[2019.09.10-04.11.35:820][  0]LogConfig: Setting CVar [[r.ParticleLightQuality:2]]
[2019.09.10-04.11.35:820][  0]LogConfig: Applying CVar settings from Section [FoliageQuality@3] File [G:/Epic Games/UnrealProjects/CoopVR/Saved/Config/Windows/Scalability.ini]
[2019.09.10-04.11.35:820][  0]LogConfig: Setting CVar [[foliage.DensityScale:1.0]]
[2019.09.10-04.11.35:820][  0]LogConfig: Setting CVar [[grass.DensityScale:1.0]]
[2019.09.10-04.11.35:820][  0]LogInit: Selected Device Profile: [Windows]
[2019.09.10-04.11.35:820][  0]LogInit: Applying CVar settings loaded from the selected device profile: [Windows]
[2019.09.10-04.11.35:828][  0]LogHAL: Display: Platform has ~ 16 GB [17124184064 / 17179869184 / 16], which maps to Larger [LargestMinGB=32, LargerMinGB=12, DefaultMinGB=8, SmallerMinGB=6, SmallestMinGB=0)
[2019.09.10-04.11.35:828][  0]LogConfig: Setting CVar [[r.Vulkan.UseRealUBs:0		; Required until we fix HLR fall-out]]
[2019.09.10-04.11.35:829][  0]LogInit: Going up to parent DeviceProfile []
[2019.09.10-04.11.35:829][  0]LogConfig: Applying CVar settings from Section [ViewDistanceQuality@3] File [G:/Epic Games/UnrealProjects/CoopVR/Saved/Config/Windows/Scalability.ini]
[2019.09.10-04.11.35:829][  0]LogConfig: Setting CVar [[r.SkeletalMeshLODBias:0]]
[2019.09.10-04.11.35:829][  0]LogConfig: Setting CVar [[r.ViewDistanceScale:1.0]]
[2019.09.10-04.11.35:829][  0]LogConfig: Applying CVar settings from Section [AntiAliasingQuality@3] File [G:/Epic Games/UnrealProjects/CoopVR/Saved/Config/Windows/Scalability.ini]
[2019.09.10-04.11.35:829][  0]LogConfig: Setting CVar [[r.PostProcessAAQuality:4]]
[2019.09.10-04.11.35:829][  0]LogConfig: Applying CVar settings from Section [ShadowQuality@3] File [G:/Epic Games/UnrealProjects/CoopVR/Saved/Config/Windows/Scalability.ini]
[2019.09.10-04.11.35:829][  0]LogConfig: Setting CVar [[r.LightFunctionQuality:1]]
[2019.09.10-04.11.35:829][  0]LogConfig: Setting CVar [[r.ShadowQuality:5]]
[2019.09.10-04.11.35:829][  0]LogConfig: Setting CVar [[r.Shadow.CSM.MaxCascades:10]]
[2019.09.10-04.11.35:829][  0]LogConfig: Setting CVar [[r.Shadow.MaxResolution:2048]]
[2019.09.10-04.11.35:829][  0]LogConfig: Setting CVar [[r.Shadow.MaxCSMResolution:2048]]
[2019.09.10-04.11.35:829][  0]LogConfig: Setting CVar [[r.Shadow.RadiusThreshold:0.01]]
[2019.09.10-04.11.35:829][  0]LogConfig: Setting CVar [[r.Shadow.DistanceScale:1.0]]
[2019.09.10-04.11.35:829][  0]LogConfig: Setting CVar [[r.Shadow.CSM.TransitionScale:1.0]]
[2019.09.10-04.11.35:829][  0]LogConfig: Setting CVar [[r.Shadow.PreShadowResolutionFactor:1.0]]
[2019.09.10-04.11.35:829][  0]LogConfig: Setting CVar [[r.DistanceFieldShadowing:1]]
[2019.09.10-04.11.35:829][  0]LogConfig: Setting CVar [[r.DistanceFieldAO:1]]
[2019.09.10-04.11.35:829][  0]LogConfig: Setting CVar [[r.AOQuality:2]]
[2019.09.10-04.11.35:829][  0]LogConfig: Setting CVar [[r.VolumetricFog:1]]
[2019.09.10-04.11.35:829][  0]LogConfig: Setting CVar [[r.VolumetricFog.GridPixelSize:8]]
[2019.09.10-04.11.35:829][  0]LogConfig: Setting CVar [[r.VolumetricFog.GridSizeZ:128]]
[2019.09.10-04.11.35:829][  0]LogConfig: Setting CVar [[r.VolumetricFog.HistoryMissSupersampleCount:4]]
[2019.09.10-04.11.35:829][  0]LogConfig: Setting CVar [[r.LightMaxDrawDistanceScale:1]]
[2019.09.10-04.11.35:829][  0]LogConfig: Setting CVar [[r.CapsuleShadows:1]]
[2019.09.10-04.11.35:829][  0]LogConfig: Applying CVar settings from Section [PostProcessQuality@3] File [G:/Epic Games/UnrealProjects/CoopVR/Saved/Config/Windows/Scalability.ini]
[2019.09.10-04.11.35:829][  0]LogConfig: Setting CVar [[r.MotionBlurQuality:4]]
[2019.09.10-04.11.35:829][  0]LogConfig: Setting CVar [[r.AmbientOcclusionMipLevelFactor:0.4]]
[2019.09.10-04.11.35:829][  0]LogConfig: Setting CVar [[r.AmbientOcclusionMaxQuality:100]]
[2019.09.10-04.11.35:829][  0]LogConfig: Setting CVar [[r.AmbientOcclusionLevels:-1]]
[2019.09.10-04.11.35:829][  0]LogConfig: Setting CVar [[r.AmbientOcclusionRadiusScale:1.0]]
[2019.09.10-04.11.35:829][  0]LogConfig: Setting CVar [[r.DepthOfFieldQuality:2]]
[2019.09.10-04.11.35:829][  0]LogConfig: Setting CVar [[r.RenderTargetPoolMin:400]]
[2019.09.10-04.11.35:829][  0]LogConfig: Setting CVar [[r.LensFlareQuality:2]]
[2019.09.10-04.11.35:829][  0]LogConfig: Setting CVar [[r.SceneColorFringeQuality:1]]
[2019.09.10-04.11.35:829][  0]LogConfig: Setting CVar [[r.EyeAdaptationQuality:2]]
[2019.09.10-04.11.35:829][  0]LogConfig: Setting CVar [[r.BloomQuality:5]]
[2019.09.10-04.11.35:829][  0]LogConfig: Setting CVar [[r.FastBlurThreshold:100]]
[2019.09.10-04.11.35:829][  0]LogConfig: Setting CVar [[r.Upscale.Quality:3]]
[2019.09.10-04.11.35:829][  0]LogConfig: Setting CVar [[r.Tonemapper.GrainQuantization:1]]
[2019.09.10-04.11.35:829][  0]LogConfig: Setting CVar [[r.LightShaftQuality:1]]
[2019.09.10-04.11.35:829][  0]LogConfig: Setting CVar [[r.Filter.SizeScale:1]]
[2019.09.10-04.11.35:829][  0]LogConfig: Setting CVar [[r.Tonemapper.Quality:5]]
[2019.09.10-04.11.35:829][  0]LogConfig: Setting CVar [[r.DOF.Gather.AccumulatorQuality:1        ; higher gathering accumulator quality]]
[2019.09.10-04.11.35:829][  0]LogConfig: Setting CVar [[r.DOF.Gather.PostfilterMethod:1          ; Median3x3 postfilering method]]
[2019.09.10-04.11.35:829][  0]LogConfig: Setting CVar [[r.DOF.Gather.EnableBokehSettings:0       ; no bokeh simulation when gathering]]
[2019.09.10-04.11.35:829][  0]LogConfig: Setting CVar [[r.DOF.Gather.RingCount:4                 ; medium number of samples when gathering]]
[2019.09.10-04.11.35:829][  0]LogConfig: Setting CVar [[r.DOF.Scatter.ForegroundCompositing:1    ; additive foreground scattering]]
[2019.09.10-04.11.35:829][  0]LogConfig: Setting CVar [[r.DOF.Scatter.BackgroundCompositing:2    ; additive background scattering]]
[2019.09.10-04.11.35:829][  0]LogConfig: Setting CVar [[r.DOF.Scatter.EnableBokehSettings:1      ; bokeh simulation when scattering]]
[2019.09.10-04.11.35:829][  0]LogConfig: Setting CVar [[r.DOF.Scatter.MaxSpriteRatio:0.1         ; only a maximum of 10% of scattered bokeh]]
[2019.09.10-04.11.35:829][  0]LogConfig: Setting CVar [[r.DOF.Recombine.Quality:1                ; cheap slight out of focus]]
[2019.09.10-04.11.35:829][  0]LogConfig: Setting CVar [[r.DOF.Recombine.EnableBokehSettings:0    ; no bokeh simulation on slight out of focus]]
[2019.09.10-04.11.35:829][  0]LogConfig: Setting CVar [[r.DOF.TemporalAAQuality:1                ; more stable temporal accumulation]]
[2019.09.10-04.11.35:829][  0]LogConfig: Setting CVar [[r.DOF.Kernel.MaxForegroundRadius:0.025]]
[2019.09.10-04.11.35:829][  0]LogConfig: Setting CVar [[r.DOF.Kernel.MaxBackgroundRadius:0.025]]
[2019.09.10-04.11.35:829][  0]LogConfig: Applying CVar settings from Section [TextureQuality@3] File [G:/Epic Games/UnrealProjects/CoopVR/Saved/Config/Windows/Scalability.ini]
[2019.09.10-04.11.35:829][  0]LogConfig: Setting CVar [[r.Streaming.MipBias:0]]
[2019.09.10-04.11.35:829][  0]LogConfig: Setting CVar [[r.Streaming.AmortizeCPUToGPUCopy:0]]
[2019.09.10-04.11.35:829][  0]LogConfig: Setting CVar [[r.Streaming.MaxNumTexturesToStreamPerFrame:0]]
[2019.09.10-04.11.35:829][  0]LogConfig: Setting CVar [[r.Streaming.Boost:1]]
[2019.09.10-04.11.35:829][  0]LogConfig: Setting CVar [[r.MaxAnisotropy:8]]
[2019.09.10-04.11.35:829][  0]LogConfig: Setting CVar [[r.Streaming.LimitPoolSizeToVRAM:0]]
[2019.09.10-04.11.35:829][  0]LogConfig: Setting CVar [[r.Streaming.PoolSize:1000]]
[2019.09.10-04.11.35:829][  0]LogConfig: Setting CVar [[r.Streaming.MaxEffectiveScreenSize:0]]
[2019.09.10-04.11.35:829][  0]LogConfig: Applying CVar settings from Section [EffectsQuality@3] File [G:/Epic Games/UnrealProjects/CoopVR/Saved/Config/Windows/Scalability.ini]
[2019.09.10-04.11.35:830][  0]LogConfig: Setting CVar [[r.TranslucencyLightingVolumeDim:64]]
[2019.09.10-04.11.35:830][  0]LogConfig: Setting CVar [[r.RefractionQuality:2]]
[2019.09.10-04.11.35:830][  0]LogConfig: Setting CVar [[r.SSR.Quality:3]]
[2019.09.10-04.11.35:830][  0]LogConfig: Setting CVar [[r.SceneColorFormat:4]]
[2019.09.10-04.11.35:830][  0]LogConfig: Setting CVar [[r.DetailMode:2]]
[2019.09.10-04.11.35:830][  0]LogConfig: Setting CVar [[r.TranslucencyVolumeBlur:1]]
[2019.09.10-04.11.35:830][  0]LogConfig: Setting CVar [[r.MaterialQualityLevel:1 ; High quality]]
[2019.09.10-04.11.35:830][  0]LogConfig: Setting CVar [[r.SSS.Scale:1]]
[2019.09.10-04.11.35:830][  0]LogConfig: Setting CVar [[r.SSS.SampleSet:2]]
[2019.09.10-04.11.35:830][  0]LogConfig: Setting CVar [[r.SSS.Quality:1]]
[2019.09.10-04.11.35:830][  0]LogConfig: Setting CVar [[r.SSS.HalfRes:1]]
[2019.09.10-04.11.35:830][  0]LogConfig: Setting CVar [[r.EmitterSpawnRateScale:1.0]]
[2019.09.10-04.11.35:830][  0]LogConfig: Setting CVar [[r.ParticleLightQuality:2]]
[2019.09.10-04.11.35:830][  0]LogConfig: Applying CVar settings from Section [FoliageQuality@3] File [G:/Epic Games/UnrealProjects/CoopVR/Saved/Config/Windows/Scalability.ini]
[2019.09.10-04.11.35:830][  0]LogConfig: Setting CVar [[foliage.DensityScale:1.0]]
[2019.09.10-04.11.35:830][  0]LogConfig: Setting CVar [[grass.DensityScale:1.0]]
[2019.09.10-04.11.35:830][  0]LogConfig: Applying CVar settings from Section [Startup] File [../../../Engine/Config/ConsoleVariables.ini]
[2019.09.10-04.11.35:830][  0]LogConfig: Setting CVar [[net.UseAdaptiveNetUpdateFrequency:0]]
[2019.09.10-04.11.35:830][  0]LogConfig: Setting CVar [[p.chaos.AllowCreatePhysxBodies:1]]
[2019.09.10-04.11.35:830][  0]LogConfig: Applying CVar settings from Section [ConsoleVariables] File [G:/Epic Games/UnrealProjects/CoopVR/Saved/Config/Windows/Engine.ini]
[2019.09.10-04.11.35:830][  0]LogInit: Computer: DESKTOP-21FRT5R
[2019.09.10-04.11.35:830][  0]LogInit: User: broki
[2019.09.10-04.11.35:830][  0]LogInit: CPU Page size=4096, Cores=4
[2019.09.10-04.11.35:830][  0]LogInit: High frequency timer resolution =3.417995 MHz
[2019.09.10-04.11.35:830][  0]LogMemory: Memory total: Physical=15.9GB (16GB approx)
[2019.09.10-04.11.35:830][  0]LogMemory: Platform Memory Stats for Windows
[2019.09.10-04.11.35:830][  0]LogMemory: Process Physical Memory: 99.84 MB used, 99.84 MB peak
[2019.09.10-04.11.35:830][  0]LogMemory: Process Virtual Memory: 102.80 MB used, 102.80 MB peak
[2019.09.10-04.11.35:830][  0]LogMemory: Physical Memory: 6425.83 MB used,  9905.06 MB free, 16330.89 MB total
[2019.09.10-04.11.35:830][  0]LogMemory: Virtual Memory: 4655.27 MB used,  134213072.00 MB free, 134217728.00 MB total
[2019.09.10-04.11.35:867][  0]LogInit: Using OS detected language (en-US).
[2019.09.10-04.11.35:867][  0]LogInit: Using OS detected locale (en-US).
[2019.09.10-04.11.35:869][  0]LogTextLocalizationManager: No specific localization for 'en-US' exists, so the 'en' localization will be used.
[2019.09.10-04.11.36:060][  0]LogInit: Setting process to per monitor DPI aware
[2019.09.10-04.11.36:117][  0]LogSlate: New Slate User Created.  User Index 0, Is Virtual User: 0
[2019.09.10-04.11.36:117][  0]LogSlate: Slate User Registered.  User Index 0, Is Virtual User: 0
[2019.09.10-04.11.36:510][  0]LogD3D11RHI: D3D11 adapters:
[2019.09.10-04.11.36:599][  0]LogD3D11RHI:    0. 'NVIDIA GeForce RTX 2070' (Feature Level 11_0)
[2019.09.10-04.11.36:599][  0]LogD3D11RHI:       8031/0/8165 MB DedicatedVideo/DedicatedSystem/SharedSystem, Outputs:2, VendorId:0x10de
[2019.09.10-04.11.36:602][  0]LogD3D11RHI:    1. 'Microsoft Basic Render Driver' (Feature Level 11_0)
[2019.09.10-04.11.36:602][  0]LogD3D11RHI:       0/0/8165 MB DedicatedVideo/DedicatedSystem/SharedSystem, Outputs:0, VendorId:0x1414
[2019.09.10-04.11.36:602][  0]LogD3D11RHI: Chosen D3D11 Adapter: 0
[2019.09.10-04.11.36:613][  0]LogD3D11RHI: Creating new Direct3DDevice
[2019.09.10-04.11.36:613][  0]LogD3D11RHI:     GPU DeviceId: 0x1f02 (for the marketing name, search the web for "GPU Device Id")
[2019.09.10-04.11.36:613][  0]LogWindows: EnumDisplayDevices:
[2019.09.10-04.11.36:614][  0]LogWindows:    0. 'NVIDIA GeForce RTX 2070' (P:1 D:1)
[2019.09.10-04.11.36:615][  0]LogWindows:    1. 'NVIDIA GeForce RTX 2070' (P:0 D:1)
[2019.09.10-04.11.36:615][  0]LogWindows:    2. 'NVIDIA GeForce RTX 2070' (P:0 D:0)
[2019.09.10-04.11.36:616][  0]LogWindows:    3. 'NVIDIA GeForce RTX 2070' (P:0 D:0)
[2019.09.10-04.11.36:617][  0]LogWindows: DebugString: FoundDriverCount:4 
[2019.09.10-04.11.36:617][  0]LogD3D11RHI:     Adapter Name: NVIDIA GeForce RTX 2070
[2019.09.10-04.11.36:617][  0]LogD3D11RHI:   Driver Version: 431.36 (internal:26.21.14.3136, unified:431.36)
[2019.09.10-04.11.36:617][  0]LogD3D11RHI:      Driver Date: 7-3-2019
[2019.09.10-04.11.36:617][  0]LogRHI: Texture pool is 5621 MB (70% of 8031 MB)
[2019.09.10-04.11.36:682][  0]LogD3D11RHI: Async texture creation enabled
[2019.09.10-04.11.36:693][  0]LogRendererCore: FGlobalReadBuffer::InitRHI
[2019.09.10-04.11.36:694][  0]LogRendererCore: FGlobalReadBuffer::InitRHI
[2019.09.10-04.11.36:694][  0]LogRendererCore: FGlobalReadBuffer::InitRHI
[2019.09.10-04.11.36:702][  0]LogD3D11RHI: GPU Timing Frequency: 1000.000000 (Debug: 2 1)
[2019.09.10-04.11.37:165][  0]LogTemp: Display: Module 'AllDesktopTargetPlatform' loaded TargetPlatform 'AllDesktop'
[2019.09.10-04.11.37:185][  0]LogTemp: Display: Module 'MacClientTargetPlatform' loaded TargetPlatform 'MacClient'
[2019.09.10-04.11.37:206][  0]LogTemp: Display: Module 'MacNoEditorTargetPlatform' loaded TargetPlatform 'MacNoEditor'
[2019.09.10-04.11.37:225][  0]LogTemp: Display: Module 'MacServerTargetPlatform' loaded TargetPlatform 'MacServer'
[2019.09.10-04.11.37:251][  0]LogTemp: Display: Module 'MacTargetPlatform' loaded TargetPlatform 'Mac'
[2019.09.10-04.11.37:269][  0]LogTemp: Display: Module 'WindowsClientTargetPlatform' loaded TargetPlatform 'WindowsClient'
[2019.09.10-04.11.37:288][  0]LogTemp: Display: Module 'WindowsNoEditorTargetPlatform' loaded TargetPlatform 'WindowsNoEditor'
[2019.09.10-04.11.37:306][  0]LogTemp: Display: Module 'WindowsServerTargetPlatform' loaded TargetPlatform 'WindowsServer'
[2019.09.10-04.11.37:316][  0]LogTemp: Display: Module 'WindowsTargetPlatform' loaded TargetPlatform 'Windows'
[2019.09.10-04.11.37:408][  0]LogTemp: Display: Module 'AndroidTargetPlatform' loaded TargetPlatform 'Android'
[2019.09.10-04.11.37:408][  0]LogTemp: Display: Module 'AndroidTargetPlatform' loaded TargetPlatform 'Android_ASTC'
[2019.09.10-04.11.37:408][  0]LogTemp: Display: Module 'AndroidTargetPlatform' loaded TargetPlatform 'Android_ATC'
[2019.09.10-04.11.37:408][  0]LogTemp: Display: Module 'AndroidTargetPlatform' loaded TargetPlatform 'Android_DXT'
[2019.09.10-04.11.37:408][  0]LogTemp: Display: Module 'AndroidTargetPlatform' loaded TargetPlatform 'Android_ETC1'
[2019.09.10-04.11.37:408][  0]LogTemp: Display: Module 'AndroidTargetPlatform' loaded TargetPlatform 'Android_ETC1a'
[2019.09.10-04.11.37:408][  0]LogTemp: Display: Module 'AndroidTargetPlatform' loaded TargetPlatform 'Android_ETC2'
[2019.09.10-04.11.37:408][  0]LogTemp: Display: Module 'AndroidTargetPlatform' loaded TargetPlatform 'Android_PVRTC'
[2019.09.10-04.11.37:408][  0]LogTemp: Display: Module 'AndroidTargetPlatform' loaded TargetPlatform 'AndroidClient'
[2019.09.10-04.11.37:408][  0]LogTemp: Display: Module 'AndroidTargetPlatform' loaded TargetPlatform 'Android_ASTCClient'
[2019.09.10-04.11.37:408][  0]LogTemp: Display: Module 'AndroidTargetPlatform' loaded TargetPlatform 'Android_ATCClient'
[2019.09.10-04.11.37:408][  0]LogTemp: Display: Module 'AndroidTargetPlatform' loaded TargetPlatform 'Android_DXTClient'
[2019.09.10-04.11.37:408][  0]LogTemp: Display: Module 'AndroidTargetPlatform' loaded TargetPlatform 'Android_ETC1Client'
[2019.09.10-04.11.37:408][  0]LogTemp: Display: Module 'AndroidTargetPlatform' loaded TargetPlatform 'Android_ETC1aClient'
[2019.09.10-04.11.37:408][  0]LogTemp: Display: Module 'AndroidTargetPlatform' loaded TargetPlatform 'Android_ETC2Client'
[2019.09.10-04.11.37:408][  0]LogTemp: Display: Module 'AndroidTargetPlatform' loaded TargetPlatform 'Android_PVRTCClient'
[2019.09.10-04.11.37:408][  0]LogTemp: Display: Module 'AndroidTargetPlatform' loaded TargetPlatform 'Android_Multi'
[2019.09.10-04.11.37:408][  0]LogTemp: Display: Module 'AndroidTargetPlatform' loaded TargetPlatform 'Android_MultiClient'
[2019.09.10-04.11.37:411][  0]LogTemp: Display: Module 'HTML5TargetPlatform' loaded TargetPlatform 'HTML5'
[2019.09.10-04.11.37:467][  0]LogTemp: Display: Module 'IOSTargetPlatform' loaded TargetPlatform 'IOSClient'
[2019.09.10-04.11.37:467][  0]LogTemp: Display: Module 'IOSTargetPlatform' loaded TargetPlatform 'IOS'
[2019.09.10-04.11.37:495][  0]LogTemp: Display: Module 'TVOSTargetPlatform' loaded TargetPlatform 'TVOSClient'
[2019.09.10-04.11.37:495][  0]LogTemp: Display: Module 'TVOSTargetPlatform' loaded TargetPlatform 'TVOS'
[2019.09.10-04.11.37:513][  0]LogTemp: Display: Module 'LinuxClientTargetPlatform' loaded TargetPlatform 'LinuxClient'
[2019.09.10-04.11.37:527][  0]LogTemp: Display: Module 'LinuxNoEditorTargetPlatform' loaded TargetPlatform 'LinuxNoEditor'
[2019.09.10-04.11.37:541][  0]LogTemp: Display: Module 'LinuxServerTargetPlatform' loaded TargetPlatform 'LinuxServer'
[2019.09.10-04.11.37:558][  0]LogTemp: Display: Module 'LinuxTargetPlatform' loaded TargetPlatform 'Linux'
[2019.09.10-04.11.37:612][  0]LogTemp: Display: Module 'LuminTargetPlatform' loaded TargetPlatform 'Lumin'
[2019.09.10-04.11.37:612][  0]LogTemp: Display: Module 'LuminTargetPlatform' loaded TargetPlatform 'LuminClient'
[2019.09.10-04.11.37:612][  0]LogTargetPlatformManager: Display: Building Assets For Windows
[2019.09.10-04.11.37:627][  0]LogAudioDebug: Display: Lib vorbis DLL was dynamically loaded.
[2019.09.10-04.11.37:722][  0]LogShaderCompilers: Guid format shader working directory is 11 characters bigger than the processId version (G:/Epic Games/UnrealProjects/CoopVR/Intermediate/Shaders/WorkingDirectory/1132/).
[2019.09.10-04.11.37:723][  0]LogShaderCompilers: Cleaned the shader compiler working directory 'C:/Users/broki/AppData/Local/Temp/UnrealShaderWorkingDir/C5ECED4F428B0E7F95D3279AC199B90B/'.
[2019.09.10-04.11.37:728][  0]LogXGEController: Cleaning working directory: C:/Users/broki/AppData/Local/Temp/UnrealXGEWorkingDir/
[2019.09.10-04.11.37:728][  0]LogXGEController: Cannot use XGE Controller as Incredibuild is not installed on this machine.
[2019.09.10-04.11.37:728][  0]LogShaderCompilers: Cannot use XGE Shader Compiler as Incredibuild is not installed on this machine.
[2019.09.10-04.11.37:728][  0]LogShaderCompilers: Display: Using Local Shader Compiler.
[2019.09.10-04.11.38:348][  0]LogDerivedDataCache: Display: Max Cache Size: 512 MB
[2019.09.10-04.11.38:419][  0]LogDerivedDataCache: Loaded boot cache 0.07s 72MB C:/Users/broki/AppData/Local/UnrealEngine/4.22/DerivedDataCache/Boot.ddc.
[2019.09.10-04.11.38:419][  0]LogDerivedDataCache: Display: Loaded Boot cache: C:/Users/broki/AppData/Local/UnrealEngine/4.22/DerivedDataCache/Boot.ddc
[2019.09.10-04.11.38:419][  0]LogDerivedDataCache: FDerivedDataBackendGraph:  Pak pak cache file G:/Epic Games/UnrealProjects/CoopVR/DerivedDataCache/DDC.ddp not found, will not use a pak cache.
[2019.09.10-04.11.38:419][  0]LogDerivedDataCache: Unable to find inner node Pak for hierarchical cache Hierarchy.
[2019.09.10-04.11.38:419][  0]LogDerivedDataCache: FDerivedDataBackendGraph:  CompressedPak pak cache file G:/Epic Games/UnrealProjects/CoopVR/DerivedDataCache/Compressed.ddp not found, will not use a pak cache.
[2019.09.10-04.11.38:419][  0]LogDerivedDataCache: Unable to find inner node CompressedPak for hierarchical cache Hierarchy.
[2019.09.10-04.11.38:433][  0]LogDerivedDataCache: Display: Pak cache opened for reading ../../../Engine/DerivedDataCache/Compressed.ddp.
[2019.09.10-04.11.38:437][  0]LogDerivedDataCache: Display: Pak cache opened for reading ../../../Enterprise/DerivedDataCache/Compressed.ddp.
[2019.09.10-04.11.38:450][  0]LogDerivedDataCache: Using Local data cache path C:/Users/broki/AppData/Local/UnrealEngine/Common/DerivedDataCache: Writable
[2019.09.10-04.11.38:450][  0]LogDerivedDataCache: Shared data cache path not found in *engine.ini, will not use an Shared cache.
[2019.09.10-04.11.38:450][  0]LogDerivedDataCache: Unable to find inner node Shared for hierarchical cache Hierarchy.
[2019.09.10-04.11.38:475][  0]LogMaterial: Verifying Global Shaders for PCD3D_SM5
[2019.09.10-04.11.38:477][  0]LogSlate: Using FreeType 2.6.0
[2019.09.10-04.11.38:477][  0]LogSlate: SlateFontServices - WITH_FREETYPE: 1, WITH_HARFBUZZ: 1
[2019.09.10-04.11.38:584][  0]LogAssetRegistry: FAssetRegistry took 0.0339 seconds to start up
[2019.09.10-04.11.38:966][  0]LogInit: Selected Device Profile: [Windows]
[2019.09.10-04.11.39:129][  0]LogMeshReduction: Using QuadricMeshReduction for automatic static mesh reduction
[2019.09.10-04.11.39:129][  0]LogMeshReduction: Using SimplygonMeshReduction for automatic skeletal mesh reduction
[2019.09.10-04.11.39:129][  0]LogMeshReduction: Using ProxyLODMeshReduction for automatic mesh merging
[2019.09.10-04.11.39:129][  0]LogMeshReduction: No distributed automatic mesh merging module available
[2019.09.10-04.11.39:130][  0]LogMeshMerging: No distributed automatic mesh merging module available
[2019.09.10-04.11.39:143][  0]LogNetVersion: CoopVR 1.0.0, NetCL: 5660361, EngineNetVer: 10, GameNetVer: 0 (Checksum: 1173904992)
[2019.09.10-04.11.39:663][  0]LogPackageLocalizationCache: Processed 16 localized package path(s) for 1 prioritized culture(s) in 0.049535 seconds
[2019.09.10-04.11.39:669][  0]LogUObjectArray: 42214 objects as part of root set at end of initial load.
[2019.09.10-04.11.39:669][  0]LogUObjectAllocator: 7335800 out of 0 bytes used by permanent object pool.
[2019.09.10-04.11.39:669][  0]LogUObjectArray: CloseDisregardForGC: 0/0 objects in disregard for GC pool
[2019.09.10-04.11.40:816][  0]LogTcpMessaging: Initializing TcpMessaging bridge
[2019.09.10-04.11.40:830][  0]LogUdpMessaging: Initializing bridge on interface 0.0.0.0:0 to multicast group 230.0.0.1:6666.
[2019.09.10-04.11.40:949][  0]SourceControl: Source control is disabled
[2019.09.10-04.11.40:949][  0]SourceControl: Source control is disabled
[2019.09.10-04.11.40:952][  0]SourceControl: Source control is disabled
[2019.09.10-04.11.40:953][  0]SourceControl: Source control is disabled
[2019.09.10-04.11.41:118][  0]LogAndroidPermission: UAndroidPermissionCallbackProxy::GetInstance
[2019.09.10-04.11.41:483][  0]LogOcInput: OculusInput pre-init called
[2019.09.10-04.11.44:741][  0]LogEngine: Initializing Engine...
[2019.09.10-04.11.44:758][  0]LogHMD: SteamVR initialized.  Driver: lighthouse  Display: LHR-4883A031
[2019.09.10-04.11.44:760][  0]LogStats: UGameplayTagsManager::InitializeManager -  0.000 s
[2019.09.10-04.11.44:988][  0]LogInit: Initializing FReadOnlyCVARCache
[2019.09.10-04.11.45:012][  0]LogAIModule: Creating AISystem for world Untitled
[2019.09.10-04.11.45:230][  0]LogInit: XAudio2 using 'Speakers (8- HTC Vive)' : 2 channels at 44.1 kHz using 16 bits per sample (channel mask 0x3)
[2019.09.10-04.11.45:260][  0]LogInit: FAudioDevice initialized.
[2019.09.10-04.11.45:260][  0]LogNetVersion: Set ProjectVersion to 1.0.0.0. Version Checksum will be recalculated on next use.
[2019.09.10-04.11.45:376][  0]LogDerivedDataCache: Saved boot cache 0.12s 72MB C:/Users/broki/AppData/Local/UnrealEngine/4.22/DerivedDataCache/Boot.ddc.
[2019.09.10-04.11.45:377][  0]LogInit: Texture streaming: Enabled
[2019.09.10-04.11.45:413][  0]LogEngineSessionManager: EngineSessionManager initialized
[2019.09.10-04.11.45:447][  0]LogInit: Transaction tracking system initialized
[2019.09.10-04.11.45:497][  0]BlueprintLog: New page: Editor Load
[2019.09.10-04.11.45:649][  0]LocalizationService: Localization service is disabled
[2019.09.10-04.11.46:012][  0]LogFileCache: Scanning file cache for directory 'G:/Epic Games/UnrealProjects/CoopVR/Content/' took 0.03s
[2019.09.10-04.11.46:012][  0]LogCook: Display: Max memory allowance for cook 16384mb min free memory 0mb
[2019.09.10-04.11.46:012][  0]LogCook: Display: Mobile HDR setting 1
[2019.09.10-04.11.47:949][  0]SourceControl: Source control is disabled
[2019.09.10-04.11.47:949][  0]Cmd: MAP LOAD FILE="G:/Epic Games/UnrealProjects/CoopVR/Content/Maps/MainMenu.umap" TEMPLATE=0 SHOWPROGRESS=1 FEATURELEVEL=3
[2019.09.10-04.11.47:951][  0]LightingResults: New page: Lighting Build
[2019.09.10-04.11.47:957][  0]MapCheck: New page: Map Check
[2019.09.10-04.11.47:957][  0]LightingResults: New page: Lighting Build
[2019.09.10-04.11.47:981][  0]LogUObjectHash: Compacting FUObjectHashTables data took   2.27ms
[2019.09.10-04.11.48:389][  0]LogAIModule: Creating AISystem for world MainMenu
[2019.09.10-04.11.48:389][  0]LogEditorServer: Finished looking for orphan Actors (0.000 secs)
[2019.09.10-04.11.48:415][  0]LogUObjectHash: Compacting FUObjectHashTables data took   2.45ms
[2019.09.10-04.11.48:415][  0]Cmd: MAP CHECKDEP NOCLEARLOG
[2019.09.10-04.11.48:415][  0]MapCheck: Map check complete: 0 Error(s), 0 Warning(s), took 0.111ms to complete.
[2019.09.10-04.11.48:415][  0]LogFileHelpers: Loading map 'MainMenu' took 0.466
[2019.09.10-04.11.48:574][  0]LogSlate: Updating window title bar state: overlay mode, drag disabled, window buttons hidden, title bar hidden
[2019.09.10-04.11.48:583][  0]LogSlate: Updating window title bar state: overlay mode, drag disabled, window buttons hidden, title bar hidden
[2019.09.10-04.11.48:594][  0]LogSlate: Updating window title bar state: overlay mode, drag disabled, window buttons hidden, title bar hidden
[2019.09.10-04.11.48:604][  0]LogSlate: Updating window title bar state: overlay mode, drag disabled, window buttons hidden, title bar hidden
[2019.09.10-04.11.48:617][  0]LogCollectionManager: Loaded 0 collections in 0.004531 seconds
[2019.09.10-04.11.48:637][  0]LogFileCache: Scanning file cache for directory 'G:/Epic Games/UnrealProjects/CoopVR/Saved/Collections/' took 0.01s
[2019.09.10-04.11.48:637][  0]LogFileCache: Scanning file cache for directory 'G:/Epic Games/UnrealProjects/CoopVR/Content/Developers/broki/Collections/' took 0.00s
[2019.09.10-04.11.48:637][  0]LogFileCache: Scanning file cache for directory 'G:/Epic Games/UnrealProjects/CoopVR/Content/Collections/' took 0.00s
[2019.09.10-04.11.48:637][  0]LogCollectionManager: Rebuilt the GUID cache for 0 collections in 0.000000 seconds
[2019.09.10-04.11.48:649][  0]LogContentBrowser: Native class hierarchy populated in 0.0111 seconds. Added 2867 classes and 730 folders.
[2019.09.10-04.11.48:660][  0]LogContentBrowser: Native class hierarchy updated for 'WidgetCarousel' in 0.0003 seconds. Added 0 classes and 0 folders.
[2019.09.10-04.11.48:663][  0]LogPakFile: Registered encryption key '00000000000000000000000000000000': 0 pak files mounted, 0 remain pending
[2019.09.10-04.11.48:664][  0]LogPakFile: Registered encryption key '00000000000000000000000000000000': 0 pak files mounted, 0 remain pending
[2019.09.10-04.11.48:664][  0]LogPakFile: Registered encryption key '00000000000000000000000000000000': 0 pak files mounted, 0 remain pending
[2019.09.10-04.11.48:665][  0]LogPakFile: Registered encryption key '00000000000000000000000000000000': 0 pak files mounted, 0 remain pending
[2019.09.10-04.11.48:665][  0]LogPakFile: Registered encryption key '00000000000000000000000000000000': 0 pak files mounted, 0 remain pending
[2019.09.10-04.11.48:666][  0]LogPakFile: Registered encryption key '00000000000000000000000000000000': 0 pak files mounted, 0 remain pending
[2019.09.10-04.11.48:667][  0]LogPakFile: Registered encryption key '00000000000000000000000000000000': 0 pak files mounted, 0 remain pending
[2019.09.10-04.11.48:667][  0]LogPakFile: Registered encryption key '00000000000000000000000000000000': 0 pak files mounted, 0 remain pending
[2019.09.10-04.11.48:668][  0]LogPakFile: Registered encryption key '00000000000000000000000000000000': 0 pak files mounted, 0 remain pending
[2019.09.10-04.11.48:669][  0]LogPakFile: Registered encryption key '00000000000000000000000000000000': 0 pak files mounted, 0 remain pending
[2019.09.10-04.11.48:669][  0]LogPakFile: Registered encryption key '00000000000000000000000000000000': 0 pak files mounted, 0 remain pending
[2019.09.10-04.11.48:670][  0]LogPakFile: Registered encryption key '00000000000000000000000000000000': 0 pak files mounted, 0 remain pending
[2019.09.10-04.11.48:671][  0]LogPakFile: Registered encryption key '00000000000000000000000000000000': 0 pak files mounted, 0 remain pending
[2019.09.10-04.11.48:671][  0]LogPakFile: Registered encryption key '00000000000000000000000000000000': 0 pak files mounted, 0 remain pending
[2019.09.10-04.11.48:672][  0]LogPakFile: Registered encryption key '00000000000000000000000000000000': 0 pak files mounted, 0 remain pending
[2019.09.10-04.11.48:673][  0]LogPakFile: Registered encryption key '00000000000000000000000000000000': 0 pak files mounted, 0 remain pending
[2019.09.10-04.11.48:674][  0]LogPakFile: Registered encryption key '00000000000000000000000000000000': 0 pak files mounted, 0 remain pending
[2019.09.10-04.11.48:675][  0]LogPakFile: Registered encryption key '00000000000000000000000000000000': 0 pak files mounted, 0 remain pending
[2019.09.10-04.11.48:676][  0]LogPakFile: Registered encryption key '00000000000000000000000000000000': 0 pak files mounted, 0 remain pending
[2019.09.10-04.11.48:677][  0]LogPakFile: Registered encryption key '00000000000000000000000000000000': 0 pak files mounted, 0 remain pending
[2019.09.10-04.11.48:678][  0]LogPakFile: Registered encryption key '00000000000000000000000000000000': 0 pak files mounted, 0 remain pending
[2019.09.10-04.11.48:679][  0]LogPakFile: Registered encryption key '00000000000000000000000000000000': 0 pak files mounted, 0 remain pending
[2019.09.10-04.11.48:680][  0]LogPakFile: Registered encryption key '00000000000000000000000000000000': 0 pak files mounted, 0 remain pending
[2019.09.10-04.11.48:681][  0]LogPakFile: Registered encryption key '00000000000000000000000000000000': 0 pak files mounted, 0 remain pending
[2019.09.10-04.11.48:682][  0]LogPakFile: Registered encryption key '00000000000000000000000000000000': 0 pak files mounted, 0 remain pending
[2019.09.10-04.11.48:682][  0]LogPakFile: Registered encryption key '00000000000000000000000000000000': 0 pak files mounted, 0 remain pending
[2019.09.10-04.11.48:683][  0]LogPakFile: Registered encryption key '00000000000000000000000000000000': 0 pak files mounted, 0 remain pending
[2019.09.10-04.11.48:684][  0]LogPakFile: Registered encryption key '00000000000000000000000000000000': 0 pak files mounted, 0 remain pending
[2019.09.10-04.11.48:785][  0]LogContentBrowser: Native class hierarchy updated for 'AddContentDialog' in 0.0002 seconds. Added 0 classes and 0 folders.
[2019.09.10-04.11.48:793][  0]LogContentBrowser: Native class hierarchy updated for 'SceneOutliner' in 0.0003 seconds. Added 1 classes and 0 folders.
[2019.09.10-04.11.48:912][  0]LogContentBrowser: Native class hierarchy updated for 'HierarchicalLODOutliner' in 0.0003 seconds. Added 0 classes and 0 folders.
[2019.09.10-04.11.48:912][  0]LogLoad: (Engine Initialization) Total time: 16.88 seconds
[2019.09.10-04.11.48:912][  0]LogLoad: (Engine Initialization) Total Blueprint compile time: 0.00 seconds
[2019.09.10-04.11.48:922][  0]LogWindowsTextInputMethodSystem: Display: IME system now deactivated.
[2019.09.10-04.11.48:966][  0]LogAssetRegistry: Asset discovery search completed in 10.4039 seconds
[2019.09.10-04.11.48:969][  0]LogCollectionManager: Rebuilt the object cache for 0 collections in 0.000001 seconds (found 0 objects)
[2019.09.10-04.11.48:969][  0]LogCollectionManager: Fixed up redirectors for 0 collections in 0.000064 seconds (updated 0 objects)
[2019.09.10-04.11.48:970][  0]LogContentStreaming: Texture pool size now 1000 MB
[2019.09.10-04.11.48:980][  0]LogSlate: Took 0.000364 seconds to synchronously load lazily loaded font '../../../Engine/Content/Slate/Fonts/Roboto-Regular.ttf' (155K)
[2019.09.10-04.11.48:983][  0]LogSlate: Took 0.000261 seconds to synchronously load lazily loaded font '../../../Engine/Content/Slate/Fonts/Roboto-Bold.ttf' (160K)
[2019.09.10-04.11.48:988][  0]LogSlate: Took 0.000329 seconds to synchronously load lazily loaded font '../../../Engine/Content/Editor/Slate/Fonts/FontAwesome.ttf' (139K)
[2019.09.10-04.11.49:220][  1]LogRenderer: Reallocating scene render targets to support 752x364 Format 10 NumSamples 1 (Frame:1).
[2019.09.10-04.12.10:517][541]LogSlate: FSceneViewport::OnFocusLost() reason 0
[2019.09.10-04.12.10:647][551]LogRenderer: Reallocating scene render targets to support 1212x660 Format 10 NumSamples 1 (Frame:2543).
[2019.09.10-04.12.22:042][859]LogSlate: Took 0.000285 seconds to synchronously load lazily loaded font '../../../Engine/Content/Slate/Fonts/Roboto-Light.ttf' (167K)
[2019.09.10-04.12.22:051][859]LogAssetEditorManager: Opening Asset editor for Blueprint /Game/VirtualRealityBP/Blueprints/MotionControllerPawn_tester.MotionControllerPawn_tester
[2019.09.10-04.12.22:383][859]LogContentBrowser: Native class hierarchy updated for 'BlueprintGraph' in 0.0010 seconds. Added 121 classes and 0 folders.
[2019.09.10-04.12.23:528][859]LogSlate: Took 0.000307 seconds to synchronously load lazily loaded font '../../../Engine/Content/Slate/Fonts/Roboto-BoldCondensed.ttf' (158K)
[2019.09.10-04.12.23:767][860]LogSlate: Took 0.000294 seconds to synchronously load lazily loaded font '../../../Engine/Content/Slate/Fonts/Roboto-Italic.ttf' (157K)
[2019.09.10-04.15.11:408][997]LogSlate: Took 0.000420 seconds to synchronously load lazily loaded font '../../../Engine/Content/Slate/Fonts/Roboto-BoldCondensedItalic.ttf' (160K)
[2019.09.10-04.15.14:363][307]BlueprintLog: New page: Compile MotionControllerPawn_tester
[2019.09.10-04.15.14:607][307]LogUObjectHash: Compacting FUObjectHashTables data took   4.66ms
[2019.09.10-04.15.33:257][227]BlueprintLog: New page: Compile MotionControllerPawn_tester
[2019.09.10-04.15.33:462][227]LogUObjectHash: Compacting FUObjectHashTables data took   3.51ms
[2019.09.10-04.15.34:172][260]LogSavePackage: Moving 'G:/Epic Games/UnrealProjects/CoopVR/Saved/MotionControllerPawn_testerA481B0484E16B7458D10EC8D9915C762.tmp' to 'G:/Epic Games/UnrealProjects/CoopVR/Content/VirtualRealityBP/Blueprints/MotionControllerPawn_tester.uasset'
[2019.09.10-04.18.42:872][475]BlueprintLog: New page: Compile MotionControllerPawn_tester
[2019.09.10-04.18.43:101][475]LogUObjectHash: Compacting FUObjectHashTables data took   3.64ms
[2019.09.10-04.18.43:654][489]LogSavePackage: Moving 'G:/Epic Games/UnrealProjects/CoopVR/Saved/MotionControllerPawn_tester35B9304A45CB76A7E3F869A45BA73E72.tmp' to 'G:/Epic Games/UnrealProjects/CoopVR/Content/VirtualRealityBP/Blueprints/MotionControllerPawn_tester.uasset'
[2019.09.10-04.30.36:073][857]LogAssetEditorManager: Opening Asset editor for Blueprint /Game/Blueprints/Lobby/LobbyPC.LobbyPC
[2019.09.10-04.31.17:334][772]BlueprintLog: New page: Compile LobbyPC
[2019.09.10-04.31.17:825][772]LogUObjectHash: Compacting FUObjectHashTables data took   6.58ms
[2019.09.10-04.31.18:348][791]Cmd: OBJ SAVEPACKAGE PACKAGE="/Game/Blueprints/Lobby/LobbyPC" FILE="G:/Epic Games/UnrealProjects/CoopVR/Content/Blueprints/Lobby/LobbyPC.uasset" SILENT=true
[2019.09.10-04.31.18:523][791]LogSavePackage: Moving 'G:/Epic Games/UnrealProjects/CoopVR/Saved/LobbyPC5F0546A24E18C084DC5A74BC60E45D80.tmp' to 'G:/Epic Games/UnrealProjects/CoopVR/Content/Blueprints/Lobby/LobbyPC.uasset'
[2019.09.10-04.32.08:855][156]LogAssetEditorManager: Opening Asset editor for Blueprint /Game/Blueprints/Lobby/LobbyGM.LobbyGM
[2019.09.10-04.32.22:685][161]Cmd: OBJ SAVEPACKAGE PACKAGE="/Game/Blueprints/Lobby/LobbyPC" FILE="G:/Epic Games/UnrealProjects/CoopVR/Content/Blueprints/Lobby/LobbyPC.uasset" SILENT=true
[2019.09.10-04.32.22:876][161]LogSavePackage: Moving 'G:/Epic Games/UnrealProjects/CoopVR/Saved/LobbyPCA2A8E43A46060A9BF866B9BFD4454B03.tmp' to 'G:/Epic Games/UnrealProjects/CoopVR/Content/Blueprints/Lobby/LobbyPC.uasset'
[2019.09.10-04.33.25:850][ 47]BlueprintLog: New page: Compile LobbyPC
[2019.09.10-04.33.26:320][ 47]LogUObjectHash: Compacting FUObjectHashTables data took   4.94ms
[2019.09.10-04.33.26:725][ 83]Cmd: OBJ SAVEPACKAGE PACKAGE="/Game/Blueprints/Lobby/LobbyPC" FILE="G:/Epic Games/UnrealProjects/CoopVR/Content/Blueprints/Lobby/LobbyPC.uasset" SILENT=true
[2019.09.10-04.33.26:900][ 83]LogSavePackage: Moving 'G:/Epic Games/UnrealProjects/CoopVR/Saved/LobbyPC9D61EB3946397521BDAA23BC02F7DC18.tmp' to 'G:/Epic Games/UnrealProjects/CoopVR/Content/Blueprints/Lobby/LobbyPC.uasset'
[2019.09.10-04.34.01:574][385]LogUObjectHash: Compacting FUObjectHashTables data took   4.47ms
[2019.09.10-04.34.02:611][504]LogUObjectHash: Compacting FUObjectHashTables data took   0.82ms
[2019.09.10-04.34.12:502][ 55]LogUObjectHash: Compacting FUObjectHashTables data took   0.87ms
[2019.09.10-04.34.12:684][ 55]LogActorComponent: UnregisterComponent: (/Engine/Transient.EditorFloorComp) Not registered. Aborting.
[2019.09.10-04.34.12:761][ 55]LogActorComponent: UnregisterComponent: (/Engine/Transient.EditorFloorComp) Not registered. Aborting.
[2019.09.10-04.34.12:820][ 55]LogSlate: Window 'CoopVR - Unreal Editor' being destroyed
[2019.09.10-04.34.13:013][ 56]Cmd: QUIT_EDITOR
[2019.09.10-04.34.13:036][ 56]LogHMD: SteamVR Shutting down.
[2019.09.10-04.34.13:038][ 56]LogWindowsTextInputMethodSystem: Display: IME system now deactivated.
[2019.09.10-04.34.13:048][ 56]LogExit: Preparing to exit.
[2019.09.10-04.34.13:803][ 56]LogExit: Editor shut down
[2019.09.10-04.34.13:804][ 56]LogExit: Transaction tracking system shut down
[2019.09.10-04.34.14:097][ 56]LogExit: Object subsystem successfully closed.
[2019.09.10-04.34.14:122][ 56]LogShaderCompilers: Display: Shaders left to compile 0
[2019.09.10-04.34.14:127][ 56]LogD3D11RHI: Shutdown
[2019.09.10-04.34.14:127][ 56]LogD3D11RHI: CleanupD3DDevice
[2019.09.10-04.34.14:127][ 56]LogRendererCore: FGlobalReadBuffer::ReleaseRHI
[2019.09.10-04.34.14:128][ 56]LogRendererCore: FGlobalDynamicReadBuffer::Cleanup()
[2019.09.10-04.34.14:128][ 56]LogRendererCore: FGlobalReadBuffer::ReleaseRHI
[2019.09.10-04.34.14:128][ 56]LogRendererCore: FGlobalDynamicReadBuffer::Cleanup()
[2019.09.10-04.34.14:128][ 56]LogRendererCore: FGlobalReadBuffer::ReleaseRHI
[2019.09.10-04.34.14:128][ 56]LogRendererCore: FGlobalDynamicReadBuffer::Cleanup()
[2019.09.10-04.34.14:200][ 56]LogD3D11RHI: ~FD3D11DynamicRHI
[2019.09.10-04.34.14:236][ 56]LogModuleManager: Shutting down and abandoning module BlueprintGraph (688)
[2019.09.10-04.34.14:236][ 56]LogModuleManager: Shutting down and abandoning module HierarchicalLODOutliner (686)
[2019.09.10-04.34.14:236][ 56]LogModuleManager: Shutting down and abandoning module SceneOutliner (684)
[2019.09.10-04.34.14:236][ 56]LogModuleManager: Shutting down and abandoning module AddContentDialog (682)
[2019.09.10-04.34.14:236][ 56]LogModuleManager: Shutting down and abandoning module WidgetCarousel (681)
[2019.09.10-04.34.14:236][ 56]LogModuleManager: Shutting down and abandoning module EditorWidgets (678)
[2019.09.10-04.34.14:236][ 56]LogModuleManager: Shutting down and abandoning module CollectionManager (676)
[2019.09.10-04.34.14:237][ 56]LogModuleManager: Shutting down and abandoning module StatsViewer (674)
[2019.09.10-04.34.14:237][ 56]LogModuleManager: Shutting down and abandoning module FoliageEdit (672)
[2019.09.10-04.34.14:237][ 56]LogModuleManager: Shutting down and abandoning module LandscapeEditor (670)
[2019.09.10-04.34.14:237][ 56]LogModuleManager: Shutting down and abandoning module MeshPaintMode (668)
[2019.09.10-04.34.14:237][ 56]LogModuleManager: Shutting down and abandoning module SceneDepthPickerMode (666)
[2019.09.10-04.34.14:237][ 56]LogModuleManager: Shutting down and abandoning module ActorPickerMode (664)
[2019.09.10-04.34.14:237][ 56]LogModuleManager: Shutting down and abandoning module GeometryMode (662)
[2019.09.10-04.34.14:237][ 56]LogModuleManager: Shutting down and abandoning module TextureAlignMode (660)
[2019.09.10-04.34.14:237][ 56]LogModuleManager: Shutting down and abandoning module BspMode (658)
[2019.09.10-04.34.14:237][ 56]LogModuleManager: Shutting down and abandoning module PIEPreviewDeviceProfileSelector (656)
[2019.09.10-04.34.14:237][ 56]LogModuleManager: Shutting down and abandoning module SequenceRecorderSections (654)
[2019.09.10-04.34.14:237][ 56]LogModuleManager: Shutting down and abandoning module AutomationWorker (652)
[2019.09.10-04.34.14:237][ 56]LogModuleManager: Shutting down and abandoning module DatasmithFBXImporter (650)
[2019.09.10-04.34.14:237][ 56]LogModuleManager: Shutting down and abandoning module DatasmithDeltaGenImporter (648)
[2019.09.10-04.34.14:237][ 56]LogModuleManager: Shutting down and abandoning module DatasmithVREDImporter (646)
[2019.09.10-04.34.14:237][ 56]LogModuleManager: Shutting down and abandoning module OculusMR (644)
[2019.09.10-04.34.14:237][ 56]LogModuleManager: Shutting down and abandoning module AudioCaptureEditor (642)
[2019.09.10-04.34.14:237][ 56]LogModuleManager: Shutting down and abandoning module MatineeToLevelSequence (640)
[2019.09.10-04.34.14:237][ 56]LogModuleManager: Shutting down and abandoning module LevelSequenceEditor (638)
[2019.09.10-04.34.14:237][ 56]LogModuleManager: Shutting down and abandoning module PlacementMode (637)
[2019.09.10-04.34.14:237][ 56]LogModuleManager: Shutting down and abandoning module MaterialEditor (636)
[2019.09.10-04.34.14:237][ 56]LogModuleManager: Shutting down and abandoning module ActorSequenceEditor (632)
[2019.09.10-04.34.14:237][ 56]LogModuleManager: Shutting down and abandoning module WmfMediaFactory (630)
[2019.09.10-04.34.14:237][ 56]LogModuleManager: Shutting down and abandoning module WmfMediaEditor (628)
[2019.09.10-04.34.14:237][ 56]LogModuleManager: Shutting down and abandoning module WebMMediaFactory (626)
[2019.09.10-04.34.14:237][ 56]LogModuleManager: Shutting down and abandoning module WebMMediaEditor (624)
[2019.09.10-04.34.14:237][ 56]LogModuleManager: Shutting down and abandoning module WebMMedia (622)
[2019.09.10-04.34.14:237][ 56]LogModuleManager: Shutting down and abandoning module MediaPlayerEditor (620)
[2019.09.10-04.34.14:238][ 56]LogModuleManager: Shutting down and abandoning module MediaCompositingEditor (618)
[2019.09.10-04.34.14:238][ 56]LogModuleManager: Shutting down and abandoning module SequenceRecorder (617)
[2019.09.10-04.34.14:238][ 56]LogModuleManager: Shutting down and abandoning module OpenExrWrapper (614)
[2019.09.10-04.34.14:238][ 56]LogModuleManager: Shutting down and abandoning module ImgMediaFactory (612)
[2019.09.10-04.34.14:238][ 56]LogModuleManager: Shutting down and abandoning module ImgMediaEditor (610)
[2019.09.10-04.34.14:238][ 56]LogModuleManager: Shutting down and abandoning module AvfMediaFactory (608)
[2019.09.10-04.34.14:238][ 56]LogModuleManager: Shutting down and abandoning module AvfMediaEditor (606)
[2019.09.10-04.34.14:238][ 56]LogModuleManager: Shutting down and abandoning module AndroidMediaFactory (604)
[2019.09.10-04.34.14:238][ 56]LogModuleManager: Shutting down and abandoning module AndroidMediaEditor (602)
[2019.09.10-04.34.14:238][ 56]LogModuleManager: Shutting down and abandoning module MagicLeapCameraPreviewFactory (600)
[2019.09.10-04.34.14:238][ 56]LogModuleManager: Shutting down and abandoning module MagicLeapMediaCodecFactory (598)
[2019.09.10-04.34.14:238][ 56]LogModuleManager: Shutting down and abandoning module MagicLeapMediaFactory (596)
[2019.09.10-04.34.14:238][ 56]LogModuleManager: Shutting down and abandoning module MagicLeapMediaEditor (594)
[2019.09.10-04.34.14:238][ 56]LogModuleManager: Shutting down and abandoning module CharacterAI (592)
[2019.09.10-04.34.14:238][ 56]LogModuleManager: Shutting down and abandoning module SmartSnapping (590)
[2019.09.10-04.34.14:238][ 56]LogModuleManager: Shutting down and abandoning module SessionServices (588)
[2019.09.10-04.34.14:238][ 56]LogModuleManager: Shutting down and abandoning module MeshPaint (586)
[2019.09.10-04.34.14:238][ 56]LogModuleManager: Shutting down and abandoning module ViewportSnapping (584)
[2019.09.10-04.34.14:238][ 56]LogModuleManager: Shutting down and abandoning module ViewportInteraction (582)
[2019.09.10-04.34.14:238][ 56]LogModuleManager: Shutting down and abandoning module ClothPainter (580)
[2019.09.10-04.34.14:238][ 56]LogModuleManager: Shutting down and abandoning module SkeletalMeshEditor (579)
[2019.09.10-04.34.14:238][ 56]LogModuleManager: Shutting down and abandoning module LogVisualizer (576)
[2019.09.10-04.34.14:238][ 56]LogModuleManager: Shutting down and abandoning module IntroTutorials (574)
[2019.09.10-04.34.14:238][ 56]LogModuleManager: Shutting down and abandoning module GameProjectGeneration (573)
[2019.09.10-04.34.14:238][ 56]LogModuleManager: Shutting down and abandoning module LuminPlatformEditor (570)
[2019.09.10-04.34.14:238][ 56]LogModuleManager: Shutting down and abandoning module IOSPlatformEditor (568)
[2019.09.10-04.34.14:238][ 56]LogModuleManager: Shutting down and abandoning module HTML5PlatformEditor (566)
[2019.09.10-04.34.14:239][ 56]LogModuleManager: Shutting down and abandoning module AndroidPlatformEditor (564)
[2019.09.10-04.34.14:239][ 56]LogModuleManager: Shutting down and abandoning module AndroidDeviceDetection (563)
[2019.09.10-04.34.14:625][ 56]LogModuleManager: Shutting down and abandoning module WindowsPlatformEditor (560)
[2019.09.10-04.34.14:625][ 56]LogModuleManager: Shutting down and abandoning module LuminRuntimeSettings (558)
[2019.09.10-04.34.14:625][ 56]LogModuleManager: Shutting down and abandoning module IOSRuntimeSettings (556)
[2019.09.10-04.34.14:625][ 56]LogModuleManager: Shutting down and abandoning module AndroidRuntimeSettings (554)
[2019.09.10-04.34.14:625][ 56]LogModuleManager: Shutting down and abandoning module TimeManagementEditor (552)
[2019.09.10-04.34.14:625][ 56]LogModuleManager: Shutting down and abandoning module InputBindingEditor (550)
[2019.09.10-04.34.14:625][ 56]LogModuleManager: Shutting down and abandoning module MergeActors (548)
[2019.09.10-04.34.14:625][ 56]LogModuleManager: Shutting down and abandoning module LocalizationDashboard (546)
[2019.09.10-04.34.14:625][ 56]LogModuleManager: Shutting down and abandoning module LocalizationService (545)
[2019.09.10-04.34.14:625][ 56]LogModuleManager: Shutting down and abandoning module HardwareTargeting (542)
[2019.09.10-04.34.14:625][ 56]LogModuleManager: Shutting down and abandoning module DeviceProfileEditor (540)
[2019.09.10-04.34.14:625][ 56]LogModuleManager: Shutting down and abandoning module UndoHistory (538)
[2019.09.10-04.34.14:625][ 56]LogModuleManager: Shutting down and abandoning module XmlParser (536)
[2019.09.10-04.34.14:625][ 56]LogModuleManager: Shutting down and abandoning module Blutility (534)
[2019.09.10-04.34.14:625][ 56]LogModuleManager: Shutting down and abandoning module ProjectSettingsViewer (532)
[2019.09.10-04.34.14:625][ 56]LogModuleManager: Shutting down and abandoning module ProjectTargetPlatformEditor (531)
[2019.09.10-04.34.14:625][ 56]LogModuleManager: Shutting down and abandoning module EditorSettingsViewer (528)
[2019.09.10-04.34.14:625][ 56]LogModuleManager: Shutting down and abandoning module SettingsEditor (526)
[2019.09.10-04.34.14:625][ 56]LogModuleManager: Shutting down and abandoning module ProjectLauncher (524)
[2019.09.10-04.34.14:625][ 56]LogModuleManager: Shutting down and abandoning module SessionFrontend (522)
[2019.09.10-04.34.14:625][ 56]LogModuleManager: Shutting down and abandoning module ProfilerClient (520)
[2019.09.10-04.34.14:625][ 56]LogModuleManager: Shutting down and abandoning module DeviceManager (518)
[2019.09.10-04.34.14:625][ 56]LogModuleManager: Shutting down and abandoning module TargetDeviceServices (517)
[2019.09.10-04.34.14:680][ 56]LogModuleManager: Shutting down and abandoning module AutomationController (514)
[2019.09.10-04.34.14:680][ 56]LogModuleManager: Shutting down and abandoning module AutomationWindow (512)
[2019.09.10-04.34.14:680][ 56]LogModuleManager: Shutting down and abandoning module Layers (510)
[2019.09.10-04.34.14:680][ 56]LogModuleManager: Shutting down and abandoning module ComponentVisualizers (508)
[2019.09.10-04.34.14:680][ 56]LogModuleManager: Shutting down and abandoning module DetailCustomizations (506)
[2019.09.10-04.34.14:680][ 56]LogModuleManager: Shutting down and abandoning module PackagesDialog (504)
[2019.09.10-04.34.14:680][ 56]LogModuleManager: Shutting down and abandoning module AnimationBlueprintEditor (502)
[2019.09.10-04.34.14:680][ 56]LogModuleManager: Shutting down and abandoning module Persona (500)
[2019.09.10-04.34.14:680][ 56]LogModuleManager: Shutting down and abandoning module AnimGraph (499)
[2019.09.10-04.34.14:680][ 56]LogModuleManager: Shutting down and abandoning module Kismet (496)
[2019.09.10-04.34.14:689][ 56]LogModuleManager: Shutting down and abandoning module GraphEditor (494)
[2019.09.10-04.34.14:689][ 56]LogModuleManager: Shutting down and abandoning module ClassViewer (492)
[2019.09.10-04.34.14:689][ 56]LogModuleManager: Shutting down and abandoning module Toolbox (490)
[2019.09.10-04.34.14:689][ 56]LogModuleManager: Shutting down and abandoning module ModuleUI (488)
[2019.09.10-04.34.14:689][ 56]LogModuleManager: Shutting down and abandoning module MovieSceneTools (486)
[2019.09.10-04.34.14:689][ 56]LogModuleManager: Shutting down and abandoning module OutputLog (484)
[2019.09.10-04.34.14:689][ 56]LogModuleManager: Shutting down and abandoning module GammaUI (482)
[2019.09.10-04.34.14:689][ 56]LogModuleManager: Shutting down and abandoning module Documentation (480)
[2019.09.10-04.34.14:689][ 56]LogModuleManager: Shutting down and abandoning module LiveCoding (478)
[2019.09.10-04.34.14:689][ 56]LogModuleManager: Shutting down and abandoning module LevelSequence (476)
[2019.09.10-04.34.14:689][ 56]LogModuleManager: Shutting down and abandoning module MovieSceneTracks (474)
[2019.09.10-04.34.14:689][ 56]LogModuleManager: Shutting down and abandoning module MovieScene (472)
[2019.09.10-04.34.14:689][ 56]LogModuleManager: Shutting down and abandoning module StreamingPauseRendering (470)
[2019.09.10-04.34.14:689][ 56]LogModuleManager: Shutting down and abandoning module LauncherPlatform (468)
[2019.09.10-04.34.14:689][ 56]LogModuleManager: Shutting down and abandoning module AnalyticsET (466)
[2019.09.10-04.34.14:689][ 56]LogModuleManager: Shutting down and abandoning module PortalServices (464)
[2019.09.10-04.34.14:689][ 56]LogModuleManager: Shutting down and abandoning module PortalRpc (462)
[2019.09.10-04.34.14:689][ 56]LogModuleManager: Shutting down and abandoning module MessagingRpc (460)
[2019.09.10-04.34.14:689][ 56]LogModuleManager: Shutting down and abandoning module AIModule (458)
[2019.09.10-04.34.14:689][ 56]LogModuleManager: Shutting down and abandoning module GameplayDebugger (457)
[2019.09.10-04.34.14:689][ 56]LogModuleManager: Shutting down and abandoning module AITestSuite (455)
[2019.09.10-04.34.14:689][ 56]LogModuleManager: Shutting down and abandoning module NavigationSystem (453)
[2019.09.10-04.34.14:689][ 56]LogModuleManager: Shutting down and abandoning module DesktopPlatform (450)
[2019.09.10-04.34.14:689][ 56]LogModuleManager: Shutting down and abandoning module ImageWriteQueue (448)
[2019.09.10-04.34.14:693][ 56]LogModuleManager: Shutting down and abandoning module ProfilerService (446)
[2019.09.10-04.34.14:937][ 56]LogModuleManager: Shutting down and abandoning module TaskGraph (444)
[2019.09.10-04.34.14:937][ 56]LogModuleManager: Shutting down and abandoning module DatasmithCADImporter (442)
[2019.09.10-04.34.14:939][ 56]LogModuleManager: Shutting down and abandoning module VariantManager (440)
[2019.09.10-04.34.14:940][ 56]LogModuleManager: Shutting down and abandoning module StaticMeshEditorExtension (438)
[2019.09.10-04.34.14:940][ 56]LogModuleManager: Shutting down and abandoning module StaticMeshEditor (437)
[2019.09.10-04.34.14:940][ 56]LogModuleManager: Shutting down and abandoning module AdvancedPreviewScene (436)
[2019.09.10-04.34.14:940][ 56]LogModuleManager: Shutting down and abandoning module MeshProcessingLibrary (433)
[2019.09.10-04.34.14:940][ 56]LogModuleManager: Shutting down and abandoning module MDLImporter (430)
[2019.09.10-04.34.14:940][ 56]LogModuleManager: Shutting down and abandoning module DatasmithGLTFImporter (428)
[2019.09.10-04.34.14:940][ 56]LogModuleManager: Shutting down and abandoning module DatasmithImporter (427)
[2019.09.10-04.34.14:940][ 56]LogModuleManager: Shutting down and abandoning module DatasmithDataPrepLibraries (424)
[2019.09.10-04.34.14:940][ 56]LogModuleManager: Shutting down and abandoning module DatasmithDataPrepEditor (422)
[2019.09.10-04.34.14:940][ 56]LogModuleManager: Shutting down and abandoning module SteamVRController (420)
[2019.09.10-04.34.14:940][ 56]LogModuleManager: Shutting down and abandoning module ProceduralMeshComponentEditor (418)
[2019.09.10-04.34.14:940][ 56]LogModuleManager: Shutting down and abandoning module ProceduralMeshComponent (416)
[2019.09.10-04.34.14:940][ 56]LogModuleManager: Shutting down and abandoning module OculusEditor (414)
[2019.09.10-04.34.14:940][ 56]LogModuleManager: Shutting down and abandoning module OculusInput (412)
[2019.09.10-04.34.14:940][ 56]LogModuleManager: Shutting down and abandoning module MobilePatchingUtils (410)
[2019.09.10-04.34.14:940][ 56]LogModuleManager: Shutting down and abandoning module EditableMesh (408)
[2019.09.10-04.34.14:940][ 56]LogModuleManager: Shutting down and abandoning module CustomMeshComponent (406)
[2019.09.10-04.34.14:940][ 56]LogModuleManager: Shutting down and abandoning module CableComponent (404)
[2019.09.10-04.34.14:940][ 56]LogModuleManager: Shutting down and abandoning module AudioCapture (402)
[2019.09.10-04.34.14:940][ 56]LogModuleManager: Shutting down and abandoning module ArchVisCharacter (400)
[2019.09.10-04.34.14:940][ 56]LogModuleManager: Shutting down and abandoning module AndroidPermission (398)
[2019.09.10-04.34.14:940][ 56]LogModuleManager: Shutting down and abandoning module NUTUnrealEngine4 (396)
[2019.09.10-04.34.14:940][ 56]LogModuleManager: Shutting down and abandoning module NetcodeUnitTest (394)
[2019.09.10-04.34.14:940][ 56]LogModuleManager: Shutting down and abandoning module MediaCompositing (392)
[2019.09.10-04.34.14:940][ 56]LogModuleManager: Shutting down and abandoning module LinearTimecode (390)
[2019.09.10-04.34.14:940][ 56]LogModuleManager: Shutting down and abandoning module ImgMedia (388)
[2019.09.10-04.34.14:940][ 56]LogModuleManager: Shutting down and abandoning module MagicLeapHelperVulkan (386)
[2019.09.10-04.34.14:940][ 56]LogModuleManager: Shutting down and abandoning module MagicLeapHelperOpenGL (384)
[2019.09.10-04.34.14:940][ 56]LogModuleManager: Shutting down and abandoning module MagicLeapAudio (382)
[2019.09.10-04.34.14:940][ 56]LogModuleManager: Shutting down and abandoning module HTML5Networking (380)
[2019.09.10-04.34.14:940][ 56]LogModuleManager: Shutting down and abandoning module GeometryCollectionEditor (378)
[2019.09.10-04.34.14:940][ 56]LogModuleManager: Shutting down and abandoning module GeometryCollectionExampleCore (376)
[2019.09.10-04.34.14:940][ 56]LogModuleManager: Shutting down and abandoning module GeometryCacheTracks (374)
[2019.09.10-04.34.14:940][ 56]LogModuleManager: Shutting down and abandoning module GeometryCacheSequencer (372)
[2019.09.10-04.34.14:940][ 56]LogModuleManager: Shutting down and abandoning module ChaosSolverEditor (370)
[2019.09.10-04.34.14:940][ 56]LogModuleManager: Shutting down and abandoning module BlastAuthoring (368)
[2019.09.10-04.34.14:940][ 56]LogModuleManager: Shutting down and abandoning module BackChannel (366)
[2019.09.10-04.34.14:940][ 56]LogModuleManager: Shutting down and abandoning module AppleVision (364)
[2019.09.10-04.34.14:940][ 56]LogModuleManager: Shutting down and abandoning module AppleImageUtilsBlueprintSupport (362)
[2019.09.10-04.34.14:940][ 56]LogModuleManager: Shutting down and abandoning module AppleImageUtils (360)
[2019.09.10-04.34.14:941][ 56]LogModuleManager: Shutting down and abandoning module AlembicImporter (358)
[2019.09.10-04.34.14:941][ 56]LogModuleManager: Shutting down and abandoning module AlembicLibrary (357)
[2019.09.10-04.34.14:941][ 56]LogModuleManager: Shutting down and abandoning module GeometryCache (356)
[2019.09.10-04.34.14:941][ 56]LogModuleManager: Shutting down and abandoning module GeometryCacheEd (355)
[2019.09.10-04.34.14:941][ 56]LogModuleManager: Shutting down and abandoning module VariantManagerContent (350)
[2019.09.10-04.34.14:941][ 56]LogModuleManager: Shutting down and abandoning module DatasmithContentEditor (348)
[2019.09.10-04.34.14:941][ 56]LogModuleManager: Shutting down and abandoning module SpeedTreeImporter (346)
[2019.09.10-04.34.14:941][ 56]LogModuleManager: Shutting down and abandoning module PluginBrowser (344)
[2019.09.10-04.34.14:941][ 56]LogModuleManager: Shutting down and abandoning module MobileLauncherProfileWizard (342)
[2019.09.10-04.34.14:941][ 56]LogModuleManager: Shutting down and abandoning module PolygonModeling (340)
[2019.09.10-04.34.14:941][ 56]LogModuleManager: Shutting down and abandoning module MeshEditor (338)
[2019.09.10-04.34.14:941][ 56]LogModuleManager: Shutting down and abandoning module MaterialAnalyzer (336)
[2019.09.10-04.34.14:941][ 56]LogModuleManager: Shutting down and abandoning module GLTFImporter (334)
[2019.09.10-04.34.14:941][ 56]LogModuleManager: Shutting down and abandoning module EditorScriptingUtilities (332)
[2019.09.10-04.34.14:941][ 56]LogModuleManager: Shutting down and abandoning module CryptoKeysOpenSSL (330)
[2019.09.10-04.34.14:941][ 56]LogModuleManager: Shutting down and abandoning module CryptoKeys (328)
[2019.09.10-04.34.14:941][ 56]LogModuleManager: Shutting down and abandoning module VisualStudioSourceCodeAccess (326)
[2019.09.10-04.34.14:941][ 56]LogModuleManager: Shutting down and abandoning module VisualStudioCodeSourceCodeAccess (324)
[2019.09.10-04.34.14:941][ 56]LogModuleManager: Shutting down and abandoning module UObjectPlugin (322)
[2019.09.10-04.34.14:941][ 56]LogModuleManager: Shutting down and abandoning module SubversionSourceControl (320)
[2019.09.10-04.34.14:941][ 56]LogModuleManager: Shutting down and abandoning module PerforceSourceControl (318)
[2019.09.10-04.34.14:941][ 56]LogModuleManager: Shutting down and abandoning module GitSourceControl (316)
[2019.09.10-04.34.14:941][ 56]LogModuleManager: Shutting down and abandoning module SourceControl (315)
[2019.09.10-04.34.14:942][ 56]LogModuleManager: Shutting down and abandoning module CLionSourceCodeAccess (312)
[2019.09.10-04.34.14:942][ 56]LogModuleManager: Shutting down and abandoning module AnimationSharingEd (310)
[2019.09.10-04.34.14:942][ 56]LogModuleManager: Shutting down and abandoning module ActorLayerUtilitiesEditor (308)
[2019.09.10-04.34.14:942][ 56]LogModuleManager: Shutting down and abandoning module ActorLayerUtilities (306)
[2019.09.10-04.34.14:942][ 56]LogModuleManager: Shutting down and abandoning module LightPropagationVolumeEditor (304)
[2019.09.10-04.34.14:942][ 56]LogModuleManager: Shutting down and abandoning module PaperTiledImporter (302)
[2019.09.10-04.34.14:942][ 56]LogModuleManager: Shutting down and abandoning module PaperSpriteSheetImporter (300)
[2019.09.10-04.34.14:942][ 56]LogModuleManager: Shutting down and abandoning module Paper2DEditor (298)
[2019.09.10-04.34.14:942][ 56]LogModuleManager: Shutting down and abandoning module SignificanceManager (296)
[2019.09.10-04.34.14:942][ 56]LogModuleManager: Shutting down and abandoning module RuntimePhysXCooking (294)
[2019.09.10-04.34.14:942][ 56]LogModuleManager: Shutting down and abandoning module PhysXVehiclesEditor (292)
[2019.09.10-04.34.14:942][ 56]LogModuleManager: Shutting down and abandoning module PhysXVehicles (290)
[2019.09.10-04.34.14:942][ 56]LogModuleManager: Shutting down and abandoning module LocationServicesBPLibrary (288)
[2019.09.10-04.34.14:942][ 56]LogModuleManager: Shutting down and abandoning module ActorSequence (286)
[2019.09.10-04.34.14:942][ 56]LogModuleManager: Shutting down and abandoning module UdpMessaging (284)
[2019.09.10-04.34.15:043][ 56]LogModuleManager: Shutting down and abandoning module TcpMessaging (282)
[2019.09.10-04.34.15:144][ 56]LogModuleManager: Shutting down and abandoning module MagicLeapIdentity (280)
[2019.09.10-04.34.15:144][ 56]LogModuleManager: Shutting down and abandoning module MagicLeapSecureStorage (278)
[2019.09.10-04.34.15:144][ 56]LogModuleManager: Shutting down and abandoning module MagicLeapHandTracking (276)
[2019.09.10-04.34.15:144][ 56]LogModuleManager: Shutting down and abandoning module MagicLeapEyeTracker (274)
[2019.09.10-04.34.15:144][ 56]LogModuleManager: Shutting down and abandoning module MagicLeapController (272)
[2019.09.10-04.34.15:144][ 56]LogSlate: Slate User Destroyed.  User Index 0, Is Virtual User: 0
[2019.09.10-04.34.15:144][ 56]LogModuleManager: Shutting down and abandoning module MagicLeapAR (270)
[2019.09.10-04.34.15:144][ 56]LogModuleManager: Shutting down and abandoning module AugmentedReality (269)
[2019.09.10-04.34.15:144][ 56]LogModuleManager: Shutting down and abandoning module GameplayTagsEditor (266)
[2019.09.10-04.34.15:144][ 56]LogModuleManager: Shutting down and abandoning module FacialAnimationEditor (264)
[2019.09.10-04.34.15:144][ 56]LogModuleManager: Shutting down and abandoning module FacialAnimation (262)
[2019.09.10-04.34.15:144][ 56]LogModuleManager: Shutting down and abandoning module DataValidation (260)
[2019.09.10-04.34.15:144][ 56]LogModuleManager: Shutting down and abandoning module AssetManagerEditor (258)
[2019.09.10-04.34.15:144][ 56]LogModuleManager: Shutting down and abandoning module LevelEditor (257)
[2019.09.10-04.34.15:145][ 56]LogModuleManager: Shutting down and abandoning module PixelInspectorModule (256)
[2019.09.10-04.34.15:145][ 56]LogModuleManager: Shutting down and abandoning module CommonMenuExtensions (254)
[2019.09.10-04.34.15:145][ 56]LogModuleManager: Shutting down and abandoning module MainFrame (252)
[2019.09.10-04.34.15:145][ 56]LogModuleManager: Shutting down and abandoning module HotReload (251)
[2019.09.10-04.34.15:145][ 56]LogModuleManager: Shutting down and abandoning module ContentBrowser (247)
[2019.09.10-04.34.15:146][ 56]LogModuleManager: Shutting down and abandoning module TreeMap (245)
[2019.09.10-04.34.15:146][ 56]LogModuleManager: Shutting down and abandoning module AnimationSharing (242)
[2019.09.10-04.34.15:146][ 56]LogModuleManager: Shutting down and abandoning module LightPropagationVolumeRuntime (240)
[2019.09.10-04.34.15:147][ 56]LogModuleManager: Shutting down and abandoning module AISupportModule (238)
[2019.09.10-04.34.15:147][ 56]LogModuleManager: Shutting down and abandoning module Paper2D (236)
[2019.09.10-04.34.15:147][ 56]LogModuleManager: Shutting down and abandoning module WindowsMoviePlayer (234)
[2019.09.10-04.34.15:147][ 56]LogModuleManager: Shutting down and abandoning module WebMMoviePlayer (232)
[2019.09.10-04.34.15:147][ 56]LogModuleManager: Shutting down and abandoning module PacketHandler (230)
[2019.09.10-04.34.15:147][ 56]LogModuleManager: Shutting down and abandoning module ClothingSystemEditor (228)
[2019.09.10-04.34.15:147][ 56]LogModuleManager: Shutting down and abandoning module ClothingSystemRuntime (226)
[2019.09.10-04.34.15:147][ 56]LogModuleManager: Shutting down and abandoning module MediaAssets (224)
[2019.09.10-04.34.15:147][ 56]LogModuleManager: Shutting down and abandoning module Overlay (222)
[2019.09.10-04.34.15:147][ 56]LogModuleManager: Shutting down and abandoning module OverlayEditor (221)
[2019.09.10-04.34.15:147][ 56]LogModuleManager: Shutting down and abandoning module VREditor (218)
[2019.09.10-04.34.15:147][ 56]LogModuleManager: Shutting down and abandoning module StringTableEditor (216)
[2019.09.10-04.34.15:147][ 56]LogModuleManager: Shutting down and abandoning module GameplayTasksEditor (214)
[2019.09.10-04.34.15:147][ 56]LogModuleManager: Shutting down and abandoning module BehaviorTreeEditor (212)
[2019.09.10-04.34.15:147][ 56]LogModuleManager: Shutting down and abandoning module FunctionalTesting (210)
[2019.09.10-04.34.15:147][ 56]LogModuleManager: Shutting down and abandoning module CollisionAnalyzer (208)
[2019.09.10-04.34.15:147][ 56]LogModuleManager: Shutting down and abandoning module WorkspaceMenuStructure (207)
[2019.09.10-04.34.15:147][ 56]LogModuleManager: Shutting down and abandoning module UMG (204)
[2019.09.10-04.34.15:147][ 56]LogModuleManager: Shutting down and abandoning module UMGEditor (203)
[2019.09.10-04.34.15:147][ 56]LogModuleManager: Shutting down and abandoning module Sequencer (202)
[2019.09.10-04.34.15:147][ 56]LogModuleManager: Shutting down and abandoning module MessageLog (199)
[2019.09.10-04.34.15:147][ 56]LogModuleManager: Shutting down and abandoning module SlateReflector (194)
[2019.09.10-04.34.15:147][ 56]LogModuleManager: Shutting down and abandoning module Slate (192)
[2019.09.10-04.34.15:147][ 56]LogModuleManager: Shutting down and abandoning module EditorStyle (190)
[2019.09.10-04.34.15:149][ 56]LogModuleManager: Shutting down and abandoning module UnrealEd (188)
[2019.09.10-04.34.15:149][ 56]LogModuleManager: Shutting down and abandoning module MRMesh (186)
[2019.09.10-04.34.15:149][ 56]LogModuleManager: Shutting down and abandoning module SourceCodeAccess (184)
[2019.09.10-04.34.15:149][ 56]LogModuleManager: Shutting down and abandoning module HeadMountedDisplay (182)
[2019.09.10-04.34.15:149][ 56]LogModuleManager: Shutting down and abandoning module XAudio2 (180)
[2019.09.10-04.34.15:149][ 56]LogModuleManager: Shutting down and abandoning module Networking (178)
[2019.09.10-04.34.15:149][ 56]LogModuleManager: Shutting down and abandoning module Core (176)
[2019.09.10-04.34.15:149][ 56]LogModuleManager: Shutting down and abandoning module KismetCompiler (174)
[2019.09.10-04.34.15:149][ 56]LogModuleManager: Shutting down and abandoning module MeshUtilities (172)
[2019.09.10-04.34.15:149][ 56]LogModuleManager: Shutting down and abandoning module MeshMergeUtilities (171)
[2019.09.10-04.34.15:149][ 56]LogModuleManager: Shutting down and abandoning module MeshReductionInterface (170)
[2019.09.10-04.34.15:149][ 56]LogModuleManager: Shutting down and abandoning module SkeletalMeshReduction (169)
[2019.09.10-04.34.15:149][ 56]LogModuleManager: Shutting down and abandoning module ProxyLODMeshReduction (167)
[2019.09.10-04.34.15:149][ 56]LogModuleManager: Shutting down and abandoning module QuadricMeshReduction (165)
[2019.09.10-04.34.15:149][ 56]LogModuleManager: Shutting down and abandoning module MaterialBaking (161)
[2019.09.10-04.34.15:149][ 56]LogModuleManager: Shutting down and abandoning module DerivedDataCache (156)
[2019.09.10-04.34.15:169][ 56]LogDerivedDataCache: Shutdown
[2019.09.10-04.34.15:169][ 56]LogModuleManager: Shutting down and abandoning module XGEController (154)
[2019.09.10-04.34.15:169][ 56]LogXGEController: Cleaning working directory: C:/Users/broki/AppData/Local/Temp/UnrealXGEWorkingDir/
[2019.09.10-04.34.15:170][ 56]LogModuleManager: Shutting down and abandoning module TargetPlatform (152)
[2019.09.10-04.34.15:170][ 56]LogModuleManager: Shutting down and abandoning module VulkanShaderFormat (151)
[2019.09.10-04.34.15:170][ 56]LogModuleManager: Shutting down and abandoning module ShaderFormatVectorVM (149)
[2019.09.10-04.34.15:170][ 56]LogModuleManager: Shutting down and abandoning module ShaderFormatOpenGL (147)
[2019.09.10-04.34.15:170][ 56]LogModuleManager: Shutting down and abandoning module ShaderFormatD3D (145)
[2019.09.10-04.34.15:170][ 56]LogModuleManager: Shutting down and abandoning module MetalShaderFormat (143)
[2019.09.10-04.34.15:170][ 56]LogModuleManager: Shutting down and abandoning module TextureFormatUncompressed (141)
[2019.09.10-04.34.15:170][ 56]LogModuleManager: Shutting down and abandoning module TextureFormatPVR (139)
[2019.09.10-04.34.15:170][ 56]LogModuleManager: Shutting down and abandoning module TextureFormatDXT (137)
[2019.09.10-04.34.15:170][ 56]LogModuleManager: Shutting down and abandoning module TextureFormatIntelISPCTexComp (135)
[2019.09.10-04.34.15:170][ 56]LogModuleManager: Shutting down and abandoning module TextureFormatASTC (133)
[2019.09.10-04.34.15:170][ 56]LogModuleManager: Shutting down and abandoning module ImageWrapper (132)
[2019.09.10-04.34.15:170][ 56]LogModuleManager: Shutting down and abandoning module TextureFormatAndroid (129)
[2019.09.10-04.34.15:170][ 56]LogModuleManager: Shutting down and abandoning module AudioFormatOpus (127)
[2019.09.10-04.34.15:170][ 56]LogModuleManager: Shutting down and abandoning module AudioFormatOgg (125)
[2019.09.10-04.34.15:170][ 56]LogModuleManager: Shutting down and abandoning module AudioFormatADPCM (123)
[2019.09.10-04.34.15:170][ 56]LogModuleManager: Shutting down and abandoning module LuminTargetPlatform (121)
[2019.09.10-04.34.15:171][ 56]LogModuleManager: Shutting down and abandoning module LinuxTargetPlatform (119)
[2019.09.10-04.34.15:171][ 56]LogModuleManager: Shutting down and abandoning module LinuxServerTargetPlatform (117)
[2019.09.10-04.34.15:171][ 56]LogModuleManager: Shutting down and abandoning module LinuxNoEditorTargetPlatform (115)
[2019.09.10-04.34.15:171][ 56]LogModuleManager: Shutting down and abandoning module LinuxClientTargetPlatform (113)
[2019.09.10-04.34.15:171][ 56]LogModuleManager: Shutting down and abandoning module TVOSTargetPlatform (111)
[2019.09.10-04.34.15:172][ 56]LogModuleManager: Shutting down and abandoning module Messaging (109)
[2019.09.10-04.34.15:172][ 56]LogModuleManager: Shutting down and abandoning module IOSTargetPlatform (107)
[2019.09.10-04.34.15:173][ 56]LogModuleManager: Shutting down and abandoning module HTML5TargetPlatform (105)
[2019.09.10-04.34.15:173][ 56]LogModuleManager: Shutting down and abandoning module AndroidTargetPlatform (103)
[2019.09.10-04.34.15:179][ 56]LogModuleManager: Shutting down and abandoning module WindowsTargetPlatform (101)
[2019.09.10-04.34.15:179][ 56]LogModuleManager: Shutting down and abandoning module WindowsServerTargetPlatform (99)
[2019.09.10-04.34.15:179][ 56]LogModuleManager: Shutting down and abandoning module WindowsNoEditorTargetPlatform (97)
[2019.09.10-04.34.15:179][ 56]LogModuleManager: Shutting down and abandoning module WindowsClientTargetPlatform (95)
[2019.09.10-04.34.15:179][ 56]LogModuleManager: Shutting down and abandoning module MacTargetPlatform (93)
[2019.09.10-04.34.15:179][ 56]LogModuleManager: Shutting down and abandoning module MacServerTargetPlatform (91)
[2019.09.10-04.34.15:179][ 56]LogModuleManager: Shutting down and abandoning module MacNoEditorTargetPlatform (89)
[2019.09.10-04.34.15:179][ 56]LogModuleManager: Shutting down and abandoning module MacClientTargetPlatform (87)
[2019.09.10-04.34.15:179][ 56]LogModuleManager: Shutting down and abandoning module AllDesktopTargetPlatform (85)
[2019.09.10-04.34.15:179][ 56]LogModuleManager: Shutting down and abandoning module InputCore (82)
[2019.09.10-04.34.15:179][ 56]LogModuleManager: Shutting down and abandoning module Settings (80)
[2019.09.10-04.34.15:179][ 56]LogModuleManager: Shutting down and abandoning module DirectoryWatcher (78)
[2019.09.10-04.34.15:179][ 56]LogModuleManager: Shutting down and abandoning module PhysXCooking (76)
[2019.09.10-04.34.15:179][ 56]LogModuleManager: Shutting down and abandoning module SteamVR (74)
[2019.09.10-04.34.15:179][ 56]LogHMD: Freeing OpenVRDLLHandle.
[2019.09.10-04.34.15:179][ 56]LogModuleManager: Shutting down and abandoning module OculusHMD (72)
[2019.09.10-04.34.15:179][ 56]LogModuleManager: Shutting down and abandoning module ExampleDeviceProfileSelector (70)
[2019.09.10-04.34.15:179][ 56]LogModuleManager: Shutting down and abandoning module LauncherChunkInstaller (68)
[2019.09.10-04.34.15:179][ 56]LogModuleManager: Shutting down and abandoning module OnlineBlueprintSupport (66)
[2019.09.10-04.34.15:179][ 56]LogModuleManager: Shutting down and abandoning module OnlineSubsystem (62)
[2019.09.10-04.34.15:180][ 56]LogModuleManager: Shutting down and abandoning module XMPP (55)
[2019.09.10-04.34.15:180][ 56]LogModuleManager: Shutting down and abandoning module WebSockets (54)
[2019.09.10-04.34.15:187][ 56]LogModuleManager: Shutting down and abandoning module HTTP (51)
[2019.09.10-04.34.15:187][ 56]LogHttp: Display: Http module shutting down, but needs to wait on 1 outstanding Http requests:
[2019.09.10-04.34.15:187][ 56]LogHttp: Display: 	verb=[POST] url=[https://datarouter.ol.epicgames.com/datarouter/api/v1/public/data?SessionID=%7BC8D20B30-4B2B-74F3-07A6-1EB07FBDCB18%7D&AppID=UEEditor.Rocket.Release&AppVersion=4.22.3-7053642%2B%2B%2BUE4%2BRelease-4.22&UserID=425b09eb44d67a36a37bfa8bc6e2eee4%7C554510ef1e0b414f9a5b621bd9504d7d%7Cb5e52c52-8cf8-490b-9d2f-6a5079da1523&AppEnvironment=datacollector-binary&UploadType=eteventstream] status=Processing
[2019.09.10-04.34.15:198][ 56]LogModuleManager: Shutting down and abandoning module SSL (50)
[2019.09.10-04.34.15:200][ 56]LogModuleManager: Shutting down and abandoning module WmfMedia (46)
[2019.09.10-04.34.15:201][ 56]LogModuleManager: Shutting down and abandoning module Media (45)
[2019.09.10-04.34.15:207][ 56]LogModuleManager: Shutting down and abandoning module MagicLeap (42)
[2019.09.10-04.34.15:207][ 56]LogModuleManager: Shutting down and abandoning module DatasmithContent (40)
[2019.09.10-04.34.15:208][ 56]LogModuleManager: Shutting down and abandoning module AnimationModifiers (38)
[2019.09.10-04.34.15:208][ 56]LogModuleManager: Shutting down and abandoning module PropertyEditor (37)
[2019.09.10-04.34.15:208][ 56]LogModuleManager: Shutting down and abandoning module AudioEditor (34)
[2019.09.10-04.34.15:208][ 56]LogModuleManager: Shutting down and abandoning module TextureCompressor (32)
[2019.09.10-04.34.15:208][ 56]LogModuleManager: Shutting down and abandoning module RenderCore (30)
[2019.09.10-04.34.15:208][ 56]LogModuleManager: Shutting down and abandoning module Landscape (28)
[2019.09.10-04.34.15:208][ 56]LogModuleManager: Shutting down and abandoning module SlateRHIRenderer (26)
[2019.09.10-04.34.15:209][ 56]LogModuleManager: Shutting down and abandoning module OpenGLDrv (24)
[2019.09.10-04.34.15:209][ 56]LogModuleManager: Shutting down and abandoning module D3D11RHI (22)
[2019.09.10-04.34.15:209][ 56]LogModuleManager: Shutting down and abandoning module AnimGraphRuntime (20)
[2019.09.10-04.34.15:209][ 56]LogModuleManager: Shutting down and abandoning module Renderer (18)
[2019.09.10-04.34.15:209][ 56]LogModuleManager: Shutting down and abandoning module Engine (16)
[2019.09.10-04.34.15:209][ 56]LogModuleManager: Shutting down and abandoning module CoreUObject (14)
[2019.09.10-04.34.15:209][ 56]LogModuleManager: Shutting down and abandoning module NetworkFile (12)
[2019.09.10-04.34.15:209][ 56]LogModuleManager: Shutting down and abandoning module CookedIterativeFile (10)
[2019.09.10-04.34.15:209][ 56]LogModuleManager: Shutting down and abandoning module StreamingFile (8)
[2019.09.10-04.34.15:209][ 56]LogModuleManager: Shutting down and abandoning module SandboxFile (6)
[2019.09.10-04.34.15:209][ 56]LogModuleManager: Shutting down and abandoning module PakFile (4)
[2019.09.10-04.34.15:209][ 56]LogModuleManager: Shutting down and abandoning module RSA (3)
[2019.09.10-04.34.15:215][ 56]LogExit: Exiting.
[2019.09.10-04.34.15:228][ 56]Log file closed, 09/09/19 21:34:15
