Log file open, 09/15/19 15:06:18
LogWindows: Failed to load 'aqProf.dll' (GetLastError=126)
LogWindows: File 'aqProf.dll' does not exist
LogWindows: Failed to load 'VtuneApi.dll' (GetLastError=126)
LogWindows: File 'VtuneApi.dll' does not exist
LogWindows: Failed to load 'VtuneApi32e.dll' (GetLastError=126)
LogWindows: File 'VtuneApi32e.dll' does not exist
LogConsoleResponse: Display: Failed to find resolution value strings in scalability ini. Falling back to default.
LogInit: Display: Running engine for game: CoopVR
LogPakFile: Registered encryption key '00000000000000000000000000000000': 0 pak files mounted, 0 remain pending
LogPlatformFile: Not using cached read wrapper
LogTaskGraph: Started task graph with 5 named threads and 23 total threads with 3 sets of task threads.
LogStats: Stats thread started at 0.306839
LogD3D11RHI: Loaded GFSDK_Aftermath_Lib.x64.dll
LogICUInternationalization: ICU TimeZone Detection - Raw Offset: -8:00, Platform Override: ''
LogPluginManager: Mounting plugin Paper2D
LogPluginManager: Mounting plugin AISupport
LogPluginManager: Mounting plugin LightPropagationVolume
LogPluginManager: Mounting plugin ActorLayerUtilities
LogPluginManager: Mounting plugin AnimationSharing
LogPluginManager: Mounting plugin CLionSourceCodeAccess
LogPluginManager: Mounting plugin CodeLiteSourceCodeAccess
LogPluginManager: Mounting plugin GitSourceControl
LogPluginManager: Mounting plugin KDevelopSourceCodeAccess
LogPluginManager: Mounting plugin NullSourceCodeAccess
LogPluginManager: Mounting plugin PerforceSourceControl
LogPluginManager: Mounting plugin SubversionSourceControl
LogPluginManager: Mounting plugin UObjectPlugin
LogPluginManager: Mounting plugin VisualStudioCodeSourceCodeAccess
LogPluginManager: Mounting plugin VisualStudioSourceCodeAccess
LogPluginManager: Mounting plugin XCodeSourceCodeAccess
LogPluginManager: Mounting plugin AssetManagerEditor
LogPluginManager: Mounting plugin CryptoKeys
LogPluginManager: Mounting plugin DataValidation
LogPluginManager: Mounting plugin EditorScriptingUtilities
LogPluginManager: Mounting plugin FacialAnimation
LogPluginManager: Mounting plugin GameplayTagsEditor
LogPluginManager: Mounting plugin GLTFImporter
LogPluginManager: Mounting plugin MacGraphicsSwitching
LogPluginManager: Mounting plugin MaterialAnalyzer
LogPluginManager: Mounting plugin MeshEditor
LogPluginManager: Mounting plugin MobileLauncherProfileWizard
LogPluginManager: Mounting plugin PluginBrowser
LogPluginManager: Mounting plugin SpeedTreeImporter
LogPluginManager: Mounting plugin DatasmithContent
LogPluginManager: Mounting plugin VariantManagerContent
LogPluginManager: Mounting plugin AlembicImporter
LogPluginManager: Mounting plugin AppleImageUtils
LogPluginManager: Mounting plugin AppleVision
LogPluginManager: Mounting plugin BackChannel
LogPluginManager: Mounting plugin BlastPlugin
LogPluginManager: Mounting plugin ChaosSolverPlugin
LogPluginManager: Mounting plugin CharacterAI
LogPluginManager: Mounting plugin GeometryCache
LogPluginManager: Mounting plugin GeometryCollectionPlugin
LogPluginManager: Mounting plugin HTML5Networking
LogPluginManager: Mounting plugin ProxyLODPlugin
LogPluginManager: Mounting plugin SkeletalReduction
LogPluginManager: Mounting plugin MagicLeap
LogPluginManager: Mounting plugin MagicLeapMedia
LogPluginManager: Mounting plugin AndroidMedia
LogPluginManager: Mounting plugin AvfMedia
LogPluginManager: Mounting plugin ImgMedia
LogPluginManager: Mounting plugin LinearTimecode
LogPluginManager: Mounting plugin MediaCompositing
LogPluginManager: Mounting plugin MediaPlayerEditor
LogPluginManager: Mounting plugin WebMMedia
LogPluginManager: Mounting plugin WmfMedia
LogPluginManager: Mounting plugin TcpMessaging
LogPluginManager: Mounting plugin UdpMessaging
LogPluginManager: Mounting plugin ActorSequence
LogPluginManager: Mounting plugin LevelSequenceEditor
LogPluginManager: Mounting plugin MatineeToLevelSequence
LogPluginManager: Mounting plugin NetcodeUnitTest
LogPluginManager: Mounting plugin NUTUnrealEngine4
LogPluginManager: Mounting plugin OnlineSubsystemGooglePlay
LogPluginManager: Mounting plugin OnlineSubsystemIOS
LogPluginManager: Mounting plugin OnlineSubsystem
LogPluginManager: Mounting plugin OnlineSubsystemNull
LogPluginManager: Mounting plugin OnlineSubsystemSteam
LogPluginManager: Mounting plugin OnlineSubsystemUtils
LogPluginManager: Mounting plugin LauncherChunkInstaller
LogPluginManager: Mounting plugin AndroidDeviceProfileSelector
LogPluginManager: Mounting plugin AndroidMoviePlayer
LogPluginManager: Mounting plugin AndroidPermission
LogPluginManager: Mounting plugin AppleMoviePlayer
LogPluginManager: Mounting plugin ArchVisCharacter
LogPluginManager: Mounting plugin AudioCapture
LogPluginManager: Mounting plugin CableComponent
LogPluginManager: Mounting plugin CustomMeshComponent
LogPluginManager: Mounting plugin EditableMesh
LogPluginManager: Mounting plugin ExampleDeviceProfileSelector
LogPluginManager: Mounting plugin Firebase
LogPluginManager: Mounting plugin GoogleCloudMessaging
LogPluginManager: Mounting plugin IOSDeviceProfileSelector
LogPluginManager: Mounting plugin LinuxDeviceProfileSelector
LogPluginManager: Mounting plugin LocationServicesBPLibrary
LogPluginManager: Mounting plugin MobilePatchingUtils
LogPluginManager: Mounting plugin OculusVR
LogPluginManager: Mounting plugin PhysXVehicles
LogPluginManager: Mounting plugin ProceduralMeshComponent
LogPluginManager: Mounting plugin RuntimePhysXCooking
LogPluginManager: Mounting plugin SignificanceManager
LogPluginManager: Mounting plugin SteamVR
LogPluginManager: Mounting plugin WebMMoviePlayer
LogPluginManager: Mounting plugin WindowsMoviePlayer
LogPluginManager: Mounting plugin OpenVRExpansionPlugin
LogPluginManager: Mounting plugin VRExpansionPlugin
LogPluginManager: Mounting plugin DatasmithCADImporter
LogPluginManager: Mounting plugin DatasmithDataPrepEditor
LogPluginManager: Mounting plugin DatasmithFBXImporter
LogPluginManager: Mounting plugin DatasmithGLTFImporter
LogPluginManager: Mounting plugin DatasmithImporter
LogPluginManager: Mounting plugin MDLImporter
LogPluginManager: Mounting plugin StaticMeshEditorExtension
LogPluginManager: Mounting plugin VariantManager
LogInit: Using libcurl 7.55.1-DEV
LogInit:  - built for x86_64-pc-win32
LogInit:  - supports SSL with OpenSSL/1.1.1
LogInit:  - supports HTTP deflate (compression) using libz 1.2.8
LogInit:  - other features:
LogInit:      CURL_VERSION_SSL
LogInit:      CURL_VERSION_LIBZ
LogInit:      CURL_VERSION_IPV6
LogInit:      CURL_VERSION_ASYNCHDNS
LogInit:      CURL_VERSION_LARGEFILE
LogInit:      CURL_VERSION_IDN
LogInit:  CurlRequestOptions (configurable via config and command line):
LogInit:  - bVerifyPeer = true  - Libcurl will verify peer certificate
LogInit:  - bUseHttpProxy = false  - Libcurl will NOT use HTTP proxy
LogInit:  - bDontReuseConnections = false  - Libcurl will reuse connections
LogInit:  - MaxHostConnections = 16  - Libcurl will limit the number of connections to a host
LogInit:  - LocalHostAddr = Default
LogInit:  - BufferSize = 65536
LogOnline: Display: STEAM: Loading Steam SDK 1.39
LogOnline: Warning: STEAM: Steamworks: SteamUtils() failed!
LogOnline: Warning: STEAM: Steamworks: SteamUser() failed!
LogOnline: Warning: STEAM: Steamworks: SteamFriends() failed!
LogOnline: Warning: STEAM: Steamworks: SteamRemoteStorage() failed!
LogOnline: Warning: STEAM: Steamworks: SteamUserStats() failed!
LogOnline: Warning: STEAM: Steamworks: SteamMatchmakingServers() failed!
LogOnline: Warning: STEAM: Steamworks: SteamApps() failed!
LogOnline: Warning: STEAM: Steamworks: SteamNetworking() failed!
LogOnline: Warning: STEAM: Steamworks: SteamMatchmaking() failed!
LogOnline: STEAM: [AppId: 0] Client API initialized 0
LogOnline: Display: STEAM: OnlineSubsystemSteam::Shutdown()
LogOnline: Warning: STEAM: Steam API failed to initialize!
LogOnline: Display: STEAM: OnlineSubsystemSteam::Shutdown()
LogOnline: OSS: Unable to create OnlineSubsystem module Steam
LogInit: WinSock: version 1.1 (2.2), MaxSocks=32767, MaxUdp=65467
LogInit: Build: ++UE4+Release-4.22-CL-7053642
LogInit: Engine Version: 4.22.3-7053642+++UE4+Release-4.22
LogInit: Compatible Engine Version: 4.22.0-5660361+++UE4+Release-4.22
LogInit: Net CL: 5660361
LogInit: OS: Windows 10 (Release 1803) (), CPU:        Intel(R) Core(TM) i7-3770K CPU @ 3.50GHz, GPU: NVIDIA GeForce RTX 2070
LogInit: Compiled (64-bit): Jun 18 2019 03:09:11
LogInit: Compiled with Visual C++: 19.16.27025.01
LogInit: Build Configuration: Development
LogInit: Branch Name: ++UE4+Release-4.22
LogInit: Command Line:  -game
LogInit: Base Directory: C:/Program Files (x86)/Epic Games/UE_4.22/Engine/Binaries/Win64/
LogInit: Installed Engine Build: 1
LogDevObjectVersion: Number of dev versions registered: 23
LogDevObjectVersion:   Dev-Blueprints (B0D832E4-1F89-4F0D-ACCF-7EB736FD4AA2): 10
LogDevObjectVersion:   Dev-Build (E1C64328-A22C-4D53-A36C-8E866417BD8C): 0
LogDevObjectVersion:   Dev-Core (375EC13C-06E4-48FB-B500-84F0262A717E): 3
LogDevObjectVersion:   Dev-Editor (E4B068ED-F494-42E9-A231-DA0B2E46BB41): 30
LogDevObjectVersion:   Dev-Framework (CFFC743F-43B0-4480-9391-14DF171D2073): 35
LogDevObjectVersion:   Dev-Mobile (B02B49B5-BB20-44E9-A304-32B752E40360): 2
LogDevObjectVersion:   Dev-Networking (A4E4105C-59A1-49B5-A7C5-40C4547EDFEE): 0
LogDevObjectVersion:   Dev-Online (39C831C9-5AE6-47DC-9A44-9C173E1C8E7C): 0
LogDevObjectVersion:   Dev-Physics (78F01B33-EBEA-4F98-B9B4-84EACCB95AA2): 0
LogDevObjectVersion:   Dev-Platform (6631380F-2D4D-43E0-8009-CF276956A95A): 0
LogDevObjectVersion:   Dev-Rendering (12F88B9F-8875-4AFC-A67C-D90C383ABD29): 28
LogDevObjectVersion:   Dev-Sequencer (7B5AE74C-D270-4C10-A958-57980B212A5A): 11
LogDevObjectVersion:   Dev-VR (D7296918-1DD6-4BDD-9DE2-64A83CC13884): 2
LogDevObjectVersion:   Dev-LoadTimes (C2A15278-BFE7-4AFE-6C17-90FF531DF755): 1
LogDevObjectVersion:   Private-Geometry (6EACA3D4-40EC-4CC1-B786-8BED09428FC5): 3
LogDevObjectVersion:   Dev-AnimPhys (29E575DD-E0A3-4627-9D10-D276232CDCEA): 17
LogDevObjectVersion:   Dev-Anim (AF43A65D-7FD3-4947-9873-3E8ED9C1BB05): 2
LogDevObjectVersion:   Dev-ReflectionCapture (6B266CEC-1EC7-4B8F-A30B-E4D90942FC07): 1
LogDevObjectVersion:   Dev-Automation (0DF73D61-A23F-47EA-B727-89E90C41499A): 1
LogDevObjectVersion:   FortniteMain (601D1886-AC64-4F84-AA16-D3DE0DEAC7D6): 25
LogDevObjectVersion:   Dev-Enterprise (9DFFBCD6-494F-0158-E221-12823C92A888): 6
LogDevObjectVersion:   Dev-Niagara (F2AED0AC-9AFE-416F-8664-AA7FFA26D6FC): 1
LogDevObjectVersion:   Dev-Destruction (174F1F0B-B4C6-45A5-B13F-2EE8D0FB917D): 2
LogInit: Presizing for max 16777216 objects, including 0 objects not considered by GC, pre-allocating 0 bytes for permanent pool.
LogInit: Object subsystem initialized
LogConfig: Setting CVar [[con.DebugEarlyDefault:1]]
LogConfig: Setting CVar [[r.setres:1280x720]]
[2019.09.15-22.06.18:548][  0]LogConfig: Setting CVar [[con.DebugEarlyDefault:1]]
[2019.09.15-22.06.18:548][  0]LogConfig: Setting CVar [[r.setres:1280x720]]
[2019.09.15-22.06.18:548][  0]LogConfig: Applying CVar settings from Section [/Script/Engine.RendererSettings] File [G:/Epic Games/UnrealProjects/CoopVR/Saved/Config/Windows/Engine.ini]
[2019.09.15-22.06.18:548][  0]LogConfig: Setting CVar [[r.GPUCrashDebugging:0]]
[2019.09.15-22.06.18:548][  0]LogConfig: Applying CVar settings from Section [/Script/Engine.RendererOverrideSettings] File [G:/Epic Games/UnrealProjects/CoopVR/Saved/Config/Windows/Engine.ini]
[2019.09.15-22.06.18:548][  0]LogConfig: Applying CVar settings from Section [/Script/Engine.StreamingSettings] File [G:/Epic Games/UnrealProjects/CoopVR/Saved/Config/Windows/Engine.ini]
[2019.09.15-22.06.18:548][  0]LogConfig: Setting CVar [[s.MinBulkDataSizeForAsyncLoading:131072]]
[2019.09.15-22.06.18:548][  0]LogConfig: Setting CVar [[s.AsyncLoadingThreadEnabled:0]]
[2019.09.15-22.06.18:548][  0]LogConfig: Setting CVar [[s.EventDrivenLoaderEnabled:1]]
[2019.09.15-22.06.18:548][  0]LogConfig: Setting CVar [[s.WarnIfTimeLimitExceeded:0]]
[2019.09.15-22.06.18:548][  0]LogConfig: Setting CVar [[s.TimeLimitExceededMultiplier:1.5]]
[2019.09.15-22.06.18:548][  0]LogConfig: Setting CVar [[s.TimeLimitExceededMinTime:0.005]]
[2019.09.15-22.06.18:548][  0]LogConfig: Setting CVar [[s.UseBackgroundLevelStreaming:1]]
[2019.09.15-22.06.18:548][  0]LogConfig: Setting CVar [[s.PriorityAsyncLoadingExtraTime:15.0]]
[2019.09.15-22.06.18:548][  0]LogConfig: Setting CVar [[s.LevelStreamingActorsUpdateTimeLimit:5.0]]
[2019.09.15-22.06.18:548][  0]LogConfig: Setting CVar [[s.PriorityLevelStreamingActorsUpdateExtraTime:5.0]]
[2019.09.15-22.06.18:548][  0]LogConfig: Setting CVar [[s.LevelStreamingComponentsRegistrationGranularity:10]]
[2019.09.15-22.06.18:548][  0]LogConfig: Setting CVar [[s.UnregisterComponentsTimeLimit:1.0]]
[2019.09.15-22.06.18:548][  0]LogConfig: Setting CVar [[s.LevelStreamingComponentsUnregistrationGranularity:5]]
[2019.09.15-22.06.18:548][  0]LogConfig: Applying CVar settings from Section [/Script/Engine.GarbageCollectionSettings] File [G:/Epic Games/UnrealProjects/CoopVR/Saved/Config/Windows/Engine.ini]
[2019.09.15-22.06.18:548][  0]LogConfig: Setting CVar [[gc.MaxObjectsNotConsideredByGC:1]]
[2019.09.15-22.06.18:548][  0]LogConfig: Setting CVar [[gc.SizeOfPermanentObjectPool:0]]
[2019.09.15-22.06.18:548][  0]LogConfig: Setting CVar [[gc.FlushStreamingOnGC:0]]
[2019.09.15-22.06.18:548][  0]LogConfig: Setting CVar [[gc.NumRetriesBeforeForcingGC:10]]
[2019.09.15-22.06.18:548][  0]LogConfig: Setting CVar [[gc.AllowParallelGC:1]]
[2019.09.15-22.06.18:549][  0]LogConfig: Setting CVar [[gc.TimeBetweenPurgingPendingKillObjects:61.1]]
[2019.09.15-22.06.18:549][  0]LogConfig: Setting CVar [[gc.MaxObjectsInEditor:16777216]]
[2019.09.15-22.06.18:549][  0]LogConfig: Setting CVar [[gc.IncrementalBeginDestroyEnabled:1]]
[2019.09.15-22.06.18:549][  0]LogConfig: Setting CVar [[gc.CreateGCClusters:1]]
[2019.09.15-22.06.18:549][  0]LogConfig: Setting CVar [[gc.MinGCClusterSize:5]]
[2019.09.15-22.06.18:549][  0]LogConfig: Setting CVar [[gc.ActorClusteringEnabled:0]]
[2019.09.15-22.06.18:549][  0]LogConfig: Setting CVar [[gc.BlueprintClusteringEnabled:0]]
[2019.09.15-22.06.18:549][  0]LogConfig: Setting CVar [[gc.UseDisregardForGCOnDedicatedServers:0]]
[2019.09.15-22.06.18:549][  0]LogConfig: Applying CVar settings from Section [/Script/Engine.NetworkSettings] File [G:/Epic Games/UnrealProjects/CoopVR/Saved/Config/Windows/Engine.ini]
[2019.09.15-22.06.18:549][  0]LogConfig: Applying CVar settings from Section [/Script/UnrealEd.CookerSettings] File [G:/Epic Games/UnrealProjects/CoopVR/Saved/Config/Windows/Engine.ini]
[2019.09.15-22.06.18:555][  0]LogConfig: Applying CVar settings from Section [ViewDistanceQuality@3] File [G:/Epic Games/UnrealProjects/CoopVR/Saved/Config/Windows/Scalability.ini]
[2019.09.15-22.06.18:555][  0]LogConfig: Setting CVar [[r.SkeletalMeshLODBias:0]]
[2019.09.15-22.06.18:555][  0]LogConfig: Setting CVar [[r.ViewDistanceScale:1.0]]
[2019.09.15-22.06.18:555][  0]LogConfig: Applying CVar settings from Section [AntiAliasingQuality@3] File [G:/Epic Games/UnrealProjects/CoopVR/Saved/Config/Windows/Scalability.ini]
[2019.09.15-22.06.18:555][  0]LogConfig: Setting CVar [[r.PostProcessAAQuality:4]]
[2019.09.15-22.06.18:555][  0]LogConfig: Applying CVar settings from Section [ShadowQuality@3] File [G:/Epic Games/UnrealProjects/CoopVR/Saved/Config/Windows/Scalability.ini]
[2019.09.15-22.06.18:555][  0]LogConfig: Setting CVar [[r.LightFunctionQuality:1]]
[2019.09.15-22.06.18:555][  0]LogConfig: Setting CVar [[r.ShadowQuality:5]]
[2019.09.15-22.06.18:555][  0]LogConfig: Setting CVar [[r.Shadow.CSM.MaxCascades:10]]
[2019.09.15-22.06.18:555][  0]LogConfig: Setting CVar [[r.Shadow.MaxResolution:2048]]
[2019.09.15-22.06.18:555][  0]LogConfig: Setting CVar [[r.Shadow.MaxCSMResolution:2048]]
[2019.09.15-22.06.18:555][  0]LogConfig: Setting CVar [[r.Shadow.RadiusThreshold:0.01]]
[2019.09.15-22.06.18:555][  0]LogConfig: Setting CVar [[r.Shadow.DistanceScale:1.0]]
[2019.09.15-22.06.18:555][  0]LogConfig: Setting CVar [[r.Shadow.CSM.TransitionScale:1.0]]
[2019.09.15-22.06.18:555][  0]LogConfig: Setting CVar [[r.Shadow.PreShadowResolutionFactor:1.0]]
[2019.09.15-22.06.18:555][  0]LogConfig: Setting CVar [[r.DistanceFieldShadowing:1]]
[2019.09.15-22.06.18:555][  0]LogConfig: Setting CVar [[r.DistanceFieldAO:1]]
[2019.09.15-22.06.18:555][  0]LogConfig: Setting CVar [[r.AOQuality:2]]
[2019.09.15-22.06.18:555][  0]LogConfig: Setting CVar [[r.VolumetricFog:1]]
[2019.09.15-22.06.18:555][  0]LogConfig: Setting CVar [[r.VolumetricFog.GridPixelSize:8]]
[2019.09.15-22.06.18:555][  0]LogConfig: Setting CVar [[r.VolumetricFog.GridSizeZ:128]]
[2019.09.15-22.06.18:555][  0]LogConfig: Setting CVar [[r.VolumetricFog.HistoryMissSupersampleCount:4]]
[2019.09.15-22.06.18:555][  0]LogConfig: Setting CVar [[r.LightMaxDrawDistanceScale:1]]
[2019.09.15-22.06.18:555][  0]LogConfig: Setting CVar [[r.CapsuleShadows:1]]
[2019.09.15-22.06.18:555][  0]LogConfig: Applying CVar settings from Section [PostProcessQuality@3] File [G:/Epic Games/UnrealProjects/CoopVR/Saved/Config/Windows/Scalability.ini]
[2019.09.15-22.06.18:555][  0]LogConfig: Setting CVar [[r.MotionBlurQuality:4]]
[2019.09.15-22.06.18:555][  0]LogConfig: Setting CVar [[r.AmbientOcclusionMipLevelFactor:0.4]]
[2019.09.15-22.06.18:555][  0]LogConfig: Setting CVar [[r.AmbientOcclusionMaxQuality:100]]
[2019.09.15-22.06.18:555][  0]LogConfig: Setting CVar [[r.AmbientOcclusionLevels:-1]]
[2019.09.15-22.06.18:555][  0]LogConfig: Setting CVar [[r.AmbientOcclusionRadiusScale:1.0]]
[2019.09.15-22.06.18:555][  0]LogConfig: Setting CVar [[r.DepthOfFieldQuality:2]]
[2019.09.15-22.06.18:555][  0]LogConfig: Setting CVar [[r.RenderTargetPoolMin:400]]
[2019.09.15-22.06.18:555][  0]LogConfig: Setting CVar [[r.LensFlareQuality:2]]
[2019.09.15-22.06.18:555][  0]LogConfig: Setting CVar [[r.SceneColorFringeQuality:1]]
[2019.09.15-22.06.18:555][  0]LogConfig: Setting CVar [[r.EyeAdaptationQuality:2]]
[2019.09.15-22.06.18:555][  0]LogConfig: Setting CVar [[r.BloomQuality:5]]
[2019.09.15-22.06.18:555][  0]LogConfig: Setting CVar [[r.FastBlurThreshold:100]]
[2019.09.15-22.06.18:555][  0]LogConfig: Setting CVar [[r.Upscale.Quality:3]]
[2019.09.15-22.06.18:555][  0]LogConfig: Setting CVar [[r.Tonemapper.GrainQuantization:1]]
[2019.09.15-22.06.18:555][  0]LogConfig: Setting CVar [[r.LightShaftQuality:1]]
[2019.09.15-22.06.18:555][  0]LogConfig: Setting CVar [[r.Filter.SizeScale:1]]
[2019.09.15-22.06.18:555][  0]LogConfig: Setting CVar [[r.Tonemapper.Quality:5]]
[2019.09.15-22.06.18:555][  0]LogConfig: Setting CVar [[r.DOF.Gather.AccumulatorQuality:1        ; higher gathering accumulator quality]]
[2019.09.15-22.06.18:555][  0]LogConfig: Setting CVar [[r.DOF.Gather.PostfilterMethod:1          ; Median3x3 postfilering method]]
[2019.09.15-22.06.18:556][  0]LogConfig: Setting CVar [[r.DOF.Gather.EnableBokehSettings:0       ; no bokeh simulation when gathering]]
[2019.09.15-22.06.18:556][  0]LogConfig: Setting CVar [[r.DOF.Gather.RingCount:4                 ; medium number of samples when gathering]]
[2019.09.15-22.06.18:556][  0]LogConfig: Setting CVar [[r.DOF.Scatter.ForegroundCompositing:1    ; additive foreground scattering]]
[2019.09.15-22.06.18:556][  0]LogConfig: Setting CVar [[r.DOF.Scatter.BackgroundCompositing:2    ; additive background scattering]]
[2019.09.15-22.06.18:556][  0]LogConfig: Setting CVar [[r.DOF.Scatter.EnableBokehSettings:1      ; bokeh simulation when scattering]]
[2019.09.15-22.06.18:556][  0]LogConfig: Setting CVar [[r.DOF.Scatter.MaxSpriteRatio:0.1         ; only a maximum of 10% of scattered bokeh]]
[2019.09.15-22.06.18:556][  0]LogConfig: Setting CVar [[r.DOF.Recombine.Quality:1                ; cheap slight out of focus]]
[2019.09.15-22.06.18:556][  0]LogConfig: Setting CVar [[r.DOF.Recombine.EnableBokehSettings:0    ; no bokeh simulation on slight out of focus]]
[2019.09.15-22.06.18:556][  0]LogConfig: Setting CVar [[r.DOF.TemporalAAQuality:1                ; more stable temporal accumulation]]
[2019.09.15-22.06.18:556][  0]LogConfig: Setting CVar [[r.DOF.Kernel.MaxForegroundRadius:0.025]]
[2019.09.15-22.06.18:556][  0]LogConfig: Setting CVar [[r.DOF.Kernel.MaxBackgroundRadius:0.025]]
[2019.09.15-22.06.18:556][  0]LogConfig: Applying CVar settings from Section [TextureQuality@3] File [G:/Epic Games/UnrealProjects/CoopVR/Saved/Config/Windows/Scalability.ini]
[2019.09.15-22.06.18:556][  0]LogConfig: Setting CVar [[r.Streaming.MipBias:0]]
[2019.09.15-22.06.18:556][  0]LogConfig: Setting CVar [[r.Streaming.AmortizeCPUToGPUCopy:0]]
[2019.09.15-22.06.18:556][  0]LogConfig: Setting CVar [[r.Streaming.MaxNumTexturesToStreamPerFrame:0]]
[2019.09.15-22.06.18:556][  0]LogConfig: Setting CVar [[r.Streaming.Boost:1]]
[2019.09.15-22.06.18:556][  0]LogConfig: Setting CVar [[r.MaxAnisotropy:8]]
[2019.09.15-22.06.18:556][  0]LogConfig: Setting CVar [[r.Streaming.LimitPoolSizeToVRAM:0]]
[2019.09.15-22.06.18:556][  0]LogConfig: Setting CVar [[r.Streaming.PoolSize:1000]]
[2019.09.15-22.06.18:556][  0]LogConfig: Setting CVar [[r.Streaming.MaxEffectiveScreenSize:0]]
[2019.09.15-22.06.18:556][  0]LogConfig: Applying CVar settings from Section [EffectsQuality@3] File [G:/Epic Games/UnrealProjects/CoopVR/Saved/Config/Windows/Scalability.ini]
[2019.09.15-22.06.18:556][  0]LogConfig: Setting CVar [[r.TranslucencyLightingVolumeDim:64]]
[2019.09.15-22.06.18:556][  0]LogConfig: Setting CVar [[r.RefractionQuality:2]]
[2019.09.15-22.06.18:556][  0]LogConfig: Setting CVar [[r.SSR.Quality:3]]
[2019.09.15-22.06.18:556][  0]LogConfig: Setting CVar [[r.SceneColorFormat:4]]
[2019.09.15-22.06.18:556][  0]LogConfig: Setting CVar [[r.DetailMode:2]]
[2019.09.15-22.06.18:556][  0]LogConfig: Setting CVar [[r.TranslucencyVolumeBlur:1]]
[2019.09.15-22.06.18:556][  0]LogConfig: Setting CVar [[r.MaterialQualityLevel:1 ; High quality]]
[2019.09.15-22.06.18:556][  0]LogConfig: Setting CVar [[r.SSS.Scale:1]]
[2019.09.15-22.06.18:556][  0]LogConfig: Setting CVar [[r.SSS.SampleSet:2]]
[2019.09.15-22.06.18:556][  0]LogConfig: Setting CVar [[r.SSS.Quality:1]]
[2019.09.15-22.06.18:556][  0]LogConfig: Setting CVar [[r.SSS.HalfRes:1]]
[2019.09.15-22.06.18:556][  0]LogConfig: Setting CVar [[r.EmitterSpawnRateScale:1.0]]
[2019.09.15-22.06.18:556][  0]LogConfig: Setting CVar [[r.ParticleLightQuality:2]]
[2019.09.15-22.06.18:556][  0]LogConfig: Applying CVar settings from Section [FoliageQuality@3] File [G:/Epic Games/UnrealProjects/CoopVR/Saved/Config/Windows/Scalability.ini]
[2019.09.15-22.06.18:556][  0]LogConfig: Setting CVar [[foliage.DensityScale:1.0]]
[2019.09.15-22.06.18:556][  0]LogConfig: Setting CVar [[grass.DensityScale:1.0]]
[2019.09.15-22.06.18:556][  0]LogInit: Selected Device Profile: [Windows]
[2019.09.15-22.06.18:556][  0]LogInit: Applying CVar settings loaded from the selected device profile: [Windows]
[2019.09.15-22.06.18:569][  0]LogHAL: Display: Platform has ~ 16 GB [17124184064 / 17179869184 / 16], which maps to Larger [LargestMinGB=32, LargerMinGB=12, DefaultMinGB=8, SmallerMinGB=6, SmallestMinGB=0)
[2019.09.15-22.06.18:569][  0]LogConfig: Setting CVar [[r.Vulkan.UseRealUBs:0		; Required until we fix HLR fall-out]]
[2019.09.15-22.06.18:569][  0]LogInit: Going up to parent DeviceProfile []
[2019.09.15-22.06.18:569][  0]LogConfig: Applying CVar settings from Section [ViewDistanceQuality@3] File [G:/Epic Games/UnrealProjects/CoopVR/Saved/Config/Windows/Scalability.ini]
[2019.09.15-22.06.18:569][  0]LogConfig: Setting CVar [[r.SkeletalMeshLODBias:0]]
[2019.09.15-22.06.18:569][  0]LogConfig: Setting CVar [[r.ViewDistanceScale:1.0]]
[2019.09.15-22.06.18:569][  0]LogConfig: Applying CVar settings from Section [AntiAliasingQuality@3] File [G:/Epic Games/UnrealProjects/CoopVR/Saved/Config/Windows/Scalability.ini]
[2019.09.15-22.06.18:569][  0]LogConfig: Setting CVar [[r.PostProcessAAQuality:4]]
[2019.09.15-22.06.18:569][  0]LogConfig: Applying CVar settings from Section [ShadowQuality@3] File [G:/Epic Games/UnrealProjects/CoopVR/Saved/Config/Windows/Scalability.ini]
[2019.09.15-22.06.18:569][  0]LogConfig: Setting CVar [[r.LightFunctionQuality:1]]
[2019.09.15-22.06.18:569][  0]LogConfig: Setting CVar [[r.ShadowQuality:5]]
[2019.09.15-22.06.18:569][  0]LogConfig: Setting CVar [[r.Shadow.CSM.MaxCascades:10]]
[2019.09.15-22.06.18:569][  0]LogConfig: Setting CVar [[r.Shadow.MaxResolution:2048]]
[2019.09.15-22.06.18:569][  0]LogConfig: Setting CVar [[r.Shadow.MaxCSMResolution:2048]]
[2019.09.15-22.06.18:569][  0]LogConfig: Setting CVar [[r.Shadow.RadiusThreshold:0.01]]
[2019.09.15-22.06.18:569][  0]LogConfig: Setting CVar [[r.Shadow.DistanceScale:1.0]]
[2019.09.15-22.06.18:569][  0]LogConfig: Setting CVar [[r.Shadow.CSM.TransitionScale:1.0]]
[2019.09.15-22.06.18:569][  0]LogConfig: Setting CVar [[r.Shadow.PreShadowResolutionFactor:1.0]]
[2019.09.15-22.06.18:569][  0]LogConfig: Setting CVar [[r.DistanceFieldShadowing:1]]
[2019.09.15-22.06.18:569][  0]LogConfig: Setting CVar [[r.DistanceFieldAO:1]]
[2019.09.15-22.06.18:569][  0]LogConfig: Setting CVar [[r.AOQuality:2]]
[2019.09.15-22.06.18:569][  0]LogConfig: Setting CVar [[r.VolumetricFog:1]]
[2019.09.15-22.06.18:569][  0]LogConfig: Setting CVar [[r.VolumetricFog.GridPixelSize:8]]
[2019.09.15-22.06.18:569][  0]LogConfig: Setting CVar [[r.VolumetricFog.GridSizeZ:128]]
[2019.09.15-22.06.18:569][  0]LogConfig: Setting CVar [[r.VolumetricFog.HistoryMissSupersampleCount:4]]
[2019.09.15-22.06.18:569][  0]LogConfig: Setting CVar [[r.LightMaxDrawDistanceScale:1]]
[2019.09.15-22.06.18:569][  0]LogConfig: Setting CVar [[r.CapsuleShadows:1]]
[2019.09.15-22.06.18:569][  0]LogConfig: Applying CVar settings from Section [PostProcessQuality@3] File [G:/Epic Games/UnrealProjects/CoopVR/Saved/Config/Windows/Scalability.ini]
[2019.09.15-22.06.18:569][  0]LogConfig: Setting CVar [[r.MotionBlurQuality:4]]
[2019.09.15-22.06.18:569][  0]LogConfig: Setting CVar [[r.AmbientOcclusionMipLevelFactor:0.4]]
[2019.09.15-22.06.18:569][  0]LogConfig: Setting CVar [[r.AmbientOcclusionMaxQuality:100]]
[2019.09.15-22.06.18:569][  0]LogConfig: Setting CVar [[r.AmbientOcclusionLevels:-1]]
[2019.09.15-22.06.18:569][  0]LogConfig: Setting CVar [[r.AmbientOcclusionRadiusScale:1.0]]
[2019.09.15-22.06.18:569][  0]LogConfig: Setting CVar [[r.DepthOfFieldQuality:2]]
[2019.09.15-22.06.18:569][  0]LogConfig: Setting CVar [[r.RenderTargetPoolMin:400]]
[2019.09.15-22.06.18:569][  0]LogConfig: Setting CVar [[r.LensFlareQuality:2]]
[2019.09.15-22.06.18:569][  0]LogConfig: Setting CVar [[r.SceneColorFringeQuality:1]]
[2019.09.15-22.06.18:569][  0]LogConfig: Setting CVar [[r.EyeAdaptationQuality:2]]
[2019.09.15-22.06.18:569][  0]LogConfig: Setting CVar [[r.BloomQuality:5]]
[2019.09.15-22.06.18:569][  0]LogConfig: Setting CVar [[r.FastBlurThreshold:100]]
[2019.09.15-22.06.18:569][  0]LogConfig: Setting CVar [[r.Upscale.Quality:3]]
[2019.09.15-22.06.18:569][  0]LogConfig: Setting CVar [[r.Tonemapper.GrainQuantization:1]]
[2019.09.15-22.06.18:569][  0]LogConfig: Setting CVar [[r.LightShaftQuality:1]]
[2019.09.15-22.06.18:569][  0]LogConfig: Setting CVar [[r.Filter.SizeScale:1]]
[2019.09.15-22.06.18:569][  0]LogConfig: Setting CVar [[r.Tonemapper.Quality:5]]
[2019.09.15-22.06.18:569][  0]LogConfig: Setting CVar [[r.DOF.Gather.AccumulatorQuality:1        ; higher gathering accumulator quality]]
[2019.09.15-22.06.18:569][  0]LogConfig: Setting CVar [[r.DOF.Gather.PostfilterMethod:1          ; Median3x3 postfilering method]]
[2019.09.15-22.06.18:569][  0]LogConfig: Setting CVar [[r.DOF.Gather.EnableBokehSettings:0       ; no bokeh simulation when gathering]]
[2019.09.15-22.06.18:569][  0]LogConfig: Setting CVar [[r.DOF.Gather.RingCount:4                 ; medium number of samples when gathering]]
[2019.09.15-22.06.18:569][  0]LogConfig: Setting CVar [[r.DOF.Scatter.ForegroundCompositing:1    ; additive foreground scattering]]
[2019.09.15-22.06.18:569][  0]LogConfig: Setting CVar [[r.DOF.Scatter.BackgroundCompositing:2    ; additive background scattering]]
[2019.09.15-22.06.18:569][  0]LogConfig: Setting CVar [[r.DOF.Scatter.EnableBokehSettings:1      ; bokeh simulation when scattering]]
[2019.09.15-22.06.18:569][  0]LogConfig: Setting CVar [[r.DOF.Scatter.MaxSpriteRatio:0.1         ; only a maximum of 10% of scattered bokeh]]
[2019.09.15-22.06.18:569][  0]LogConfig: Setting CVar [[r.DOF.Recombine.Quality:1                ; cheap slight out of focus]]
[2019.09.15-22.06.18:569][  0]LogConfig: Setting CVar [[r.DOF.Recombine.EnableBokehSettings:0    ; no bokeh simulation on slight out of focus]]
[2019.09.15-22.06.18:569][  0]LogConfig: Setting CVar [[r.DOF.TemporalAAQuality:1                ; more stable temporal accumulation]]
[2019.09.15-22.06.18:569][  0]LogConfig: Setting CVar [[r.DOF.Kernel.MaxForegroundRadius:0.025]]
[2019.09.15-22.06.18:569][  0]LogConfig: Setting CVar [[r.DOF.Kernel.MaxBackgroundRadius:0.025]]
[2019.09.15-22.06.18:569][  0]LogConfig: Applying CVar settings from Section [TextureQuality@3] File [G:/Epic Games/UnrealProjects/CoopVR/Saved/Config/Windows/Scalability.ini]
[2019.09.15-22.06.18:569][  0]LogConfig: Setting CVar [[r.Streaming.MipBias:0]]
[2019.09.15-22.06.18:569][  0]LogConfig: Setting CVar [[r.Streaming.AmortizeCPUToGPUCopy:0]]
[2019.09.15-22.06.18:569][  0]LogConfig: Setting CVar [[r.Streaming.MaxNumTexturesToStreamPerFrame:0]]
[2019.09.15-22.06.18:569][  0]LogConfig: Setting CVar [[r.Streaming.Boost:1]]
[2019.09.15-22.06.18:569][  0]LogConfig: Setting CVar [[r.MaxAnisotropy:8]]
[2019.09.15-22.06.18:569][  0]LogConfig: Setting CVar [[r.Streaming.LimitPoolSizeToVRAM:0]]
[2019.09.15-22.06.18:569][  0]LogConfig: Setting CVar [[r.Streaming.PoolSize:1000]]
[2019.09.15-22.06.18:569][  0]LogConfig: Setting CVar [[r.Streaming.MaxEffectiveScreenSize:0]]
[2019.09.15-22.06.18:569][  0]LogConfig: Applying CVar settings from Section [EffectsQuality@3] File [G:/Epic Games/UnrealProjects/CoopVR/Saved/Config/Windows/Scalability.ini]
[2019.09.15-22.06.18:569][  0]LogConfig: Setting CVar [[r.TranslucencyLightingVolumeDim:64]]
[2019.09.15-22.06.18:569][  0]LogConfig: Setting CVar [[r.RefractionQuality:2]]
[2019.09.15-22.06.18:570][  0]LogConfig: Setting CVar [[r.SSR.Quality:3]]
[2019.09.15-22.06.18:570][  0]LogConfig: Setting CVar [[r.SceneColorFormat:4]]
[2019.09.15-22.06.18:570][  0]LogConfig: Setting CVar [[r.DetailMode:2]]
[2019.09.15-22.06.18:570][  0]LogConfig: Setting CVar [[r.TranslucencyVolumeBlur:1]]
[2019.09.15-22.06.18:570][  0]LogConfig: Setting CVar [[r.MaterialQualityLevel:1 ; High quality]]
[2019.09.15-22.06.18:570][  0]LogConfig: Setting CVar [[r.SSS.Scale:1]]
[2019.09.15-22.06.18:570][  0]LogConfig: Setting CVar [[r.SSS.SampleSet:2]]
[2019.09.15-22.06.18:570][  0]LogConfig: Setting CVar [[r.SSS.Quality:1]]
[2019.09.15-22.06.18:570][  0]LogConfig: Setting CVar [[r.SSS.HalfRes:1]]
[2019.09.15-22.06.18:570][  0]LogConfig: Setting CVar [[r.EmitterSpawnRateScale:1.0]]
[2019.09.15-22.06.18:570][  0]LogConfig: Setting CVar [[r.ParticleLightQuality:2]]
[2019.09.15-22.06.18:570][  0]LogConfig: Applying CVar settings from Section [FoliageQuality@3] File [G:/Epic Games/UnrealProjects/CoopVR/Saved/Config/Windows/Scalability.ini]
[2019.09.15-22.06.18:570][  0]LogConfig: Setting CVar [[foliage.DensityScale:1.0]]
[2019.09.15-22.06.18:570][  0]LogConfig: Setting CVar [[grass.DensityScale:1.0]]
[2019.09.15-22.06.18:570][  0]LogConfig: Applying CVar settings from Section [Startup] File [../../../Engine/Config/ConsoleVariables.ini]
[2019.09.15-22.06.18:570][  0]LogConfig: Setting CVar [[net.UseAdaptiveNetUpdateFrequency:0]]
[2019.09.15-22.06.18:570][  0]LogConfig: Setting CVar [[p.chaos.AllowCreatePhysxBodies:1]]
[2019.09.15-22.06.18:570][  0]LogConfig: Applying CVar settings from Section [ConsoleVariables] File [G:/Epic Games/UnrealProjects/CoopVR/Saved/Config/Windows/Engine.ini]
[2019.09.15-22.06.18:570][  0]LogInit: Computer: DESKTOP-21FRT5R
[2019.09.15-22.06.18:570][  0]LogInit: User: broki
[2019.09.15-22.06.18:570][  0]LogInit: CPU Page size=4096, Cores=4
[2019.09.15-22.06.18:570][  0]LogInit: High frequency timer resolution =3.417993 MHz
[2019.09.15-22.06.18:570][  0]LogMemory: Memory total: Physical=15.9GB (16GB approx)
[2019.09.15-22.06.18:570][  0]LogMemory: Platform Memory Stats for Windows
[2019.09.15-22.06.18:570][  0]LogMemory: Process Physical Memory: 99.90 MB used, 99.90 MB peak
[2019.09.15-22.06.18:570][  0]LogMemory: Process Virtual Memory: 102.98 MB used, 102.98 MB peak
[2019.09.15-22.06.18:570][  0]LogMemory: Physical Memory: 4908.49 MB used,  11422.41 MB free, 16330.89 MB total
[2019.09.15-22.06.18:570][  0]LogMemory: Virtual Memory: 4655.28 MB used,  134213072.00 MB free, 134217728.00 MB total
[2019.09.15-22.06.18:600][  0]LogInit: Using OS detected language (en-US).
[2019.09.15-22.06.18:600][  0]LogInit: Using OS detected locale (en-US).
[2019.09.15-22.06.18:602][  0]LogTextLocalizationManager: No specific localization for 'en-US' exists, so the 'en' localization will be used.
[2019.09.15-22.06.18:804][  0]LogSlate: New Slate User Created.  User Index 0, Is Virtual User: 0
[2019.09.15-22.06.18:804][  0]LogSlate: Slate User Registered.  User Index 0, Is Virtual User: 0
[2019.09.15-22.06.18:840][  0]LogHMD: Failed to initialize OpenVR with code 126
[2019.09.15-22.06.18:840][  0]LogD3D11RHI: D3D11 adapters:
[2019.09.15-22.06.18:942][  0]LogD3D11RHI:    0. 'NVIDIA GeForce RTX 2070' (Feature Level 11_0)
[2019.09.15-22.06.18:942][  0]LogD3D11RHI:       8031/0/8165 MB DedicatedVideo/DedicatedSystem/SharedSystem, Outputs:2, VendorId:0x10de
[2019.09.15-22.06.18:945][  0]LogD3D11RHI:    1. 'Microsoft Basic Render Driver' (Feature Level 11_0)
[2019.09.15-22.06.18:945][  0]LogD3D11RHI:       0/0/8165 MB DedicatedVideo/DedicatedSystem/SharedSystem, Outputs:0, VendorId:0x1414
[2019.09.15-22.06.18:945][  0]LogD3D11RHI: Chosen D3D11 Adapter: 0
[2019.09.15-22.06.18:953][  0]LogD3D11RHI: Creating new Direct3DDevice
[2019.09.15-22.06.18:953][  0]LogD3D11RHI:     GPU DeviceId: 0x1f02 (for the marketing name, search the web for "GPU Device Id")
[2019.09.15-22.06.18:953][  0]LogWindows: EnumDisplayDevices:
[2019.09.15-22.06.18:953][  0]LogWindows:    0. 'NVIDIA GeForce RTX 2070' (P:1 D:1)
[2019.09.15-22.06.18:954][  0]LogWindows:    1. 'NVIDIA GeForce RTX 2070' (P:0 D:1)
[2019.09.15-22.06.18:954][  0]LogWindows:    2. 'NVIDIA GeForce RTX 2070' (P:0 D:0)
[2019.09.15-22.06.18:955][  0]LogWindows:    3. 'NVIDIA GeForce RTX 2070' (P:0 D:0)
[2019.09.15-22.06.18:955][  0]LogWindows: DebugString: FoundDriverCount:4 
[2019.09.15-22.06.18:955][  0]LogD3D11RHI:     Adapter Name: NVIDIA GeForce RTX 2070
[2019.09.15-22.06.18:955][  0]LogD3D11RHI:   Driver Version: 431.36 (internal:26.21.14.3136, unified:431.36)
[2019.09.15-22.06.18:955][  0]LogD3D11RHI:      Driver Date: 7-3-2019
[2019.09.15-22.06.18:955][  0]LogRHI: Texture pool is 5621 MB (70% of 8031 MB)
[2019.09.15-22.06.19:020][  0]LogD3D11RHI: Async texture creation enabled
[2019.09.15-22.06.19:029][  0]LogRendererCore: FGlobalReadBuffer::InitRHI
[2019.09.15-22.06.19:029][  0]LogRendererCore: FGlobalReadBuffer::InitRHI
[2019.09.15-22.06.19:029][  0]LogRendererCore: FGlobalReadBuffer::InitRHI
[2019.09.15-22.06.19:037][  0]LogD3D11RHI: GPU Timing Frequency: 1000.000000 (Debug: 2 1)
[2019.09.15-22.06.19:434][  0]LogTemp: Display: Module 'WindowsClientTargetPlatform' loaded TargetPlatform 'WindowsClient'
[2019.09.15-22.06.19:451][  0]LogTemp: Display: Module 'WindowsNoEditorTargetPlatform' loaded TargetPlatform 'WindowsNoEditor'
[2019.09.15-22.06.19:467][  0]LogTemp: Display: Module 'WindowsServerTargetPlatform' loaded TargetPlatform 'WindowsServer'
[2019.09.15-22.06.19:476][  0]LogTemp: Display: Module 'WindowsTargetPlatform' loaded TargetPlatform 'Windows'
[2019.09.15-22.06.19:476][  0]LogTargetPlatformManager: Display: Building Assets For Windows
[2019.09.15-22.06.19:490][  0]LogAudioDebug: Display: Lib vorbis DLL was dynamically loaded.
[2019.09.15-22.06.19:575][  0]LogShaderCompilers: Guid format shader working directory is 11 characters bigger than the processId version (G:/Epic Games/UnrealProjects/CoopVR/Intermediate/Shaders/WorkingDirectory/6272/).
[2019.09.15-22.06.19:575][  0]LogShaderCompilers: Cleaned the shader compiler working directory 'C:/Users/broki/AppData/Local/Temp/UnrealShaderWorkingDir/699C2FC44074B8791A1F55A07F6E8FE8/'.
[2019.09.15-22.06.19:580][  0]LogXGEController: Cleaning working directory: C:/Users/broki/AppData/Local/Temp/UnrealXGEWorkingDir/
[2019.09.15-22.06.19:580][  0]LogXGEController: Cannot use XGE Controller as Incredibuild is not installed on this machine.
[2019.09.15-22.06.19:580][  0]LogShaderCompilers: Cannot use XGE Shader Compiler as Incredibuild is not installed on this machine.
[2019.09.15-22.06.19:580][  0]LogShaderCompilers: Display: Using Local Shader Compiler.
[2019.09.15-22.06.20:129][  0]LogDerivedDataCache: Display: Max Cache Size: 512 MB
[2019.09.15-22.06.20:200][  0]LogDerivedDataCache: Loaded boot cache 0.07s 72MB C:/Users/broki/AppData/Local/UnrealEngine/4.22/DerivedDataCache/Boot.ddc.
[2019.09.15-22.06.20:200][  0]LogDerivedDataCache: Display: Loaded Boot cache: C:/Users/broki/AppData/Local/UnrealEngine/4.22/DerivedDataCache/Boot.ddc
[2019.09.15-22.06.20:200][  0]LogDerivedDataCache: FDerivedDataBackendGraph:  Pak pak cache file G:/Epic Games/UnrealProjects/CoopVR/DerivedDataCache/DDC.ddp not found, will not use a pak cache.
[2019.09.15-22.06.20:200][  0]LogDerivedDataCache: Unable to find inner node Pak for hierarchical cache Hierarchy.
[2019.09.15-22.06.20:200][  0]LogDerivedDataCache: FDerivedDataBackendGraph:  CompressedPak pak cache file G:/Epic Games/UnrealProjects/CoopVR/DerivedDataCache/Compressed.ddp not found, will not use a pak cache.
[2019.09.15-22.06.20:200][  0]LogDerivedDataCache: Unable to find inner node CompressedPak for hierarchical cache Hierarchy.
[2019.09.15-22.06.20:211][  0]LogDerivedDataCache: Display: Pak cache opened for reading ../../../Engine/DerivedDataCache/Compressed.ddp.
[2019.09.15-22.06.20:214][  0]LogDerivedDataCache: Display: Pak cache opened for reading ../../../Enterprise/DerivedDataCache/Compressed.ddp.
[2019.09.15-22.06.20:226][  0]LogDerivedDataCache: Using Local data cache path C:/Users/broki/AppData/Local/UnrealEngine/Common/DerivedDataCache: Writable
[2019.09.15-22.06.20:226][  0]LogDerivedDataCache: Shared data cache path not found in *engine.ini, will not use an Shared cache.
[2019.09.15-22.06.20:226][  0]LogDerivedDataCache: Unable to find inner node Shared for hierarchical cache Hierarchy.
[2019.09.15-22.06.20:248][  0]LogMaterial: Verifying Global Shaders for PCD3D_SM5
[2019.09.15-22.06.20:250][  0]LogSlate: Using FreeType 2.6.0
[2019.09.15-22.06.20:250][  0]LogSlate: SlateFontServices - WITH_FREETYPE: 1, WITH_HARFBUZZ: 1
[2019.09.15-22.06.20:377][  0]LogInit: Using OS detected language (en-US).
[2019.09.15-22.06.20:377][  0]LogInit: Using OS detected locale (en-US).
[2019.09.15-22.06.20:377][  0]LogTextLocalizationManager: No localization for 'en-US' exists, so 'en' will be used for the language.
[2019.09.15-22.06.20:377][  0]LogTextLocalizationManager: No localization for 'en-US' exists, so 'en' will be used for the locale.
[2019.09.15-22.06.20:377][  0]LogSlate: FontCache flush requested. Reason: Culture for localization was changed
[2019.09.15-22.06.20:377][  0]LogSlate: FontCache flush requested. Reason: Culture for localization was changed
[2019.09.15-22.06.20:379][  0]LogTextLocalizationManager: Compacting localization data took   0.00ms
[2019.09.15-22.06.20:389][  0]LogAssetRegistry: FAssetRegistry took 0.0045 seconds to start up
[2019.09.15-22.06.20:649][  0]LogPackageLocalizationCache: Processed 16 localized package path(s) for 1 prioritized culture(s) in 0.055599 seconds
[2019.09.15-22.06.20:775][  0]LogInit: Selected Device Profile: [Windows]
[2019.09.15-22.06.20:843][  0]LogMeshReduction: Using QuadricMeshReduction for automatic static mesh reduction
[2019.09.15-22.06.20:843][  0]LogMeshReduction: Using SimplygonMeshReduction for automatic skeletal mesh reduction
[2019.09.15-22.06.20:843][  0]LogMeshReduction: Using ProxyLODMeshReduction for automatic mesh merging
[2019.09.15-22.06.20:843][  0]LogMeshReduction: No distributed automatic mesh merging module available
[2019.09.15-22.06.20:843][  0]LogMeshMerging: No distributed automatic mesh merging module available
[2019.09.15-22.06.20:926][  0]LogNetVersion: CoopVR 1.0.0, NetCL: 5660361, EngineNetVer: 10, GameNetVer: 0 (Checksum: 1173904992)
[2019.09.15-22.06.21:518][  0]LogMoviePlayer: Initializing movie player
[2019.09.15-22.06.21:673][  0]SourceControl: Source control is disabled
[2019.09.15-22.06.21:673][  0]SourceControl: Source control is disabled
[2019.09.15-22.06.21:674][  0]SourceControl: Source control is disabled
[2019.09.15-22.06.21:737][  0]LogAndroidPermission: UAndroidPermissionCallbackProxy::GetInstance
[2019.09.15-22.06.22:083][  0]LogOcInput: OculusInput pre-init called
[2019.09.15-22.06.22:117][  0]LogUObjectArray: 49653 objects as part of root set at end of initial load.
[2019.09.15-22.06.22:117][  0]LogUObjectAllocator: 8811744 out of 0 bytes used by permanent object pool.
[2019.09.15-22.06.22:117][  0]LogUObjectArray: CloseDisregardForGC: 0/0 objects in disregard for GC pool
[2019.09.15-22.06.22:254][  0]LogEngine: Initializing Engine...
[2019.09.15-22.06.22:285][  0]LogHMD: Failed to initialize OpenVR with code 126
[2019.09.15-22.06.22:298][  0]LogStats: UGameplayTagsManager::InitializeManager -  0.000 s
[2019.09.15-22.06.22:461][  0]LogInit: Initializing FReadOnlyCVARCache
[2019.09.15-22.06.22:592][  0]LogInit: XAudio2 using 'Speakers (Realtek High Definition Audio)' : 2 channels at 48 kHz using 32 bits per sample (channel mask 0x3)
[2019.09.15-22.06.22:685][  0]LogInit: FAudioDevice initialized.
[2019.09.15-22.06.22:697][  0]LogNetVersion: Set ProjectVersion to 1.0.0.0. Version Checksum will be recalculated on next use.
[2019.09.15-22.06.22:808][  0]LogDerivedDataCache: Saved boot cache 0.11s 72MB C:/Users/broki/AppData/Local/UnrealEngine/4.22/DerivedDataCache/Boot.ddc.
[2019.09.15-22.06.22:809][  0]LogInit: Texture streaming: Enabled
[2019.09.15-22.06.23:014][  0]LogProperty: Error: UStructProperty::Serialize Loading: Property 'StructProperty /Game/UI/MainMenu/OptionsMenu.OptionsMenu_C:PlayerInfo'. Unknown structure.
[2019.09.15-22.06.23:014][  0]LogProperty: Error: UStructProperty::Serialize Loading: Property 'StructProperty /Game/Blueprints/AllLevels/PlayerSaveGame.PlayerSaveGame_C:S_PlayerInfo'. Unknown structure.
[2019.09.15-22.06.23:015][  0]LogClass: Warning: Property S_PlayerInfo of S_PlayerInfo has a struct type mismatch (tag STRUCT_REINST_PlayerInfo_2 != prop FallbackStruct) in package:  G:/Epic Games/UnrealProjects/CoopVR/Content/Blueprints/AllLevels/PlayerSaveGame.uasset. If that struct got renamed, add an entry to ActiveStructRedirects.
[2019.09.15-22.06.23:106][  0]LogGameplayTags: Warning: Invalid GameplayTag GripType.OnTrigger found while loading property /Game/VRExpansion/Vive/Vive_PawnCharacter.Vive_PawnCharacter_C:DefaultGripTag.
[2019.09.15-22.06.23:106][  0]LogGameplayTags: Warning: Invalid GameplayTag DropType.OnTriggerRelease found while loading property /Game/VRExpansion/Vive/Vive_PawnCharacter.Vive_PawnCharacter_C:DefaultDropTag.
[2019.09.15-22.06.23:106][  0]LogGameplayTags: Warning: Invalid GameplayTag DropType.Secondary.OnSideGrip found while loading property /Game/VRExpansion/Vive/Vive_PawnCharacter.Vive_PawnCharacter_C:DefaultSecondaryDropTag.
[2019.09.15-22.06.23:106][  0]LogGameplayTags: Warning: Invalid GameplayTag GripType.Secondary.OnTrigger found while loading property /Game/VRExpansion/Vive/Vive_PawnCharacter.Vive_PawnCharacter_C:DefaultSecondaryGripTag.
[2019.09.15-22.06.23:106][  0]LogGameplayTags: Warning: Invalid GameplayTag UseType.OnTrigger found while loading property /Game/VRExpansion/Vive/Vive_PawnCharacter.Vive_PawnCharacter_C:DefaultUseTag.
[2019.09.15-22.06.23:106][  0]LogGameplayTags: Warning: Invalid GameplayTag UseType.EndUse.OnTriggerRelease found while loading property /Game/VRExpansion/Vive/Vive_PawnCharacter.Vive_PawnCharacter_C:DefaultEndUseTag.
[2019.09.15-22.06.23:247][  0]LogClass: Warning: Property PlayerInfo of PlayerInfo has a struct type mismatch (tag STRUCT_REINST_PlayerInfo_2 != prop FallbackStruct) in package:  G:/Epic Games/UnrealProjects/CoopVR/Content/UI/MainMenu/OptionsMenu.uasset. If that struct got renamed, add an entry to ActiveStructRedirects.
[2019.09.15-22.06.23:640][  0]LogClass: Warning: Property S_PlayerInfo of S_PlayerInfo has a struct type mismatch (tag FallbackStruct != prop PlayerInfo) in package:  FObjectReader. If that struct got renamed, add an entry to ActiveStructRedirects.
[2019.09.15-22.06.23:641][  0]LogClass: Warning: Property PlayerInfo of PlayerInfo has a struct type mismatch (tag FallbackStruct != prop PlayerInfo) in package:  FObjectReader. If that struct got renamed, add an entry to ActiveStructRedirects.
[2019.09.15-22.06.23:772][  0]LogSlate: Updating window title bar state: overlay mode, drag disabled, window buttons hidden, title bar hidden
[2019.09.15-22.06.23:772][  0]LogInit: Display: Game Engine Initialized.
[2019.09.15-22.06.23:828][  0]LogInit: Display: Starting Game.
[2019.09.15-22.06.23:829][  0]LogNet: Browse: /Game/Maps/MainMenu?Name=Player
[2019.09.15-22.06.23:829][  0]LogLoad: LoadMap: /Game/Maps/MainMenu?Name=Player
[2019.09.15-22.06.23:863][  0]LogUObjectHash: Compacting FUObjectHashTables data took   2.75ms
[2019.09.15-22.06.23:889][  0]LogAIModule: Creating AISystem for world MainMenu
[2019.09.15-22.06.24:118][  0]LogLoad: Game class is 'ThirdPersonGameMode_C'
[2019.09.15-22.06.24:118][  0]LogWorld: Bringing World /Game/Maps/MainMenu.MainMenu up for play (max tick rate 0) at 2019.09.15-15.06.24
[2019.09.15-22.06.24:119][  0]LogWorld: Bringing up level for play took: 0.000490
[2019.09.15-22.06.24:119][  0]LogGameMode: FindPlayerStart: PATHS NOT DEFINED or NO PLAYERSTART with positive rating
[2019.09.15-22.06.24:129][  0]LogLoad: Took 0.299659 seconds to LoadMap(/Game/Maps/MainMenu)
[2019.09.15-22.06.24:198][  0]LogRenderer: Reallocating scene render targets to support 2048x1152 Format 10 NumSamples 1 (Frame:1).
[2019.09.15-22.06.24:199][  0]LogLoad: (Engine Initialization) Total time: 9.18 seconds
[2019.09.15-22.06.24:199][  0]LogLoad: (Engine Initialization) Total Blueprint compile time: 0.00 seconds
[2019.09.15-22.06.24:217][  0]LogWindowsTextInputMethodSystem: Display: IME system now deactivated.
[2019.09.15-22.06.24:219][  0]LogContentStreaming: Texture pool size now 1000 MB
[2019.09.15-22.06.41:403][ 60]Closing by request
[2019.09.15-22.06.41:403][ 60]LogWindows: FPlatformMisc::RequestExit(0)
[2019.09.15-22.06.42:324][ 61]LogSlate: Window 'CoopVR (64-bit Development PCD3D_SM5) ' being destroyed
[2019.09.15-22.06.42:324][ 61]LogWindowsTextInputMethodSystem: Display: IME system now deactivated.
[2019.09.15-22.06.42:331][ 61]LogWindowsTextInputMethodSystem: Display: IME system now deactivated.
[2019.09.15-22.06.42:339][ 61]LogExit: Preparing to exit.
[2019.09.15-22.06.42:339][ 61]LogMoviePlayer: Shutting down movie player
[2019.09.15-22.06.42:361][ 61]LogSlate: Updating window title bar state: overlay mode, drag disabled, window buttons hidden, title bar hidden
[2019.09.15-22.06.42:369][ 61]LogExit: Game engine shut down
[2019.09.15-22.06.42:451][ 61]LogExit: Object subsystem successfully closed.
[2019.09.15-22.06.42:466][ 61]LogShaderCompilers: Display: Shaders left to compile 0
[2019.09.15-22.06.42:468][ 61]LogD3D11RHI: Shutdown
[2019.09.15-22.06.42:468][ 61]LogD3D11RHI: CleanupD3DDevice
[2019.09.15-22.06.42:468][ 61]LogRendererCore: FGlobalReadBuffer::ReleaseRHI
[2019.09.15-22.06.42:468][ 61]LogRendererCore: FGlobalDynamicReadBuffer::Cleanup()
[2019.09.15-22.06.42:469][ 61]LogRendererCore: FGlobalReadBuffer::ReleaseRHI
[2019.09.15-22.06.42:469][ 61]LogRendererCore: FGlobalDynamicReadBuffer::Cleanup()
[2019.09.15-22.06.42:469][ 61]LogRendererCore: FGlobalReadBuffer::ReleaseRHI
[2019.09.15-22.06.42:469][ 61]LogRendererCore: FGlobalDynamicReadBuffer::Cleanup()
[2019.09.15-22.06.42:509][ 61]LogD3D11RHI: ~FD3D11DynamicRHI
[2019.09.15-22.06.42:530][ 61]LogModuleManager: Shutting down and abandoning module SequenceRecorderSections (406)
[2019.09.15-22.06.42:530][ 61]LogModuleManager: Shutting down and abandoning module SequenceRecorder (404)
[2019.09.15-22.06.42:530][ 61]LogModuleManager: Shutting down and abandoning module AutomationController (402)
[2019.09.15-22.06.42:530][ 61]LogModuleManager: Shutting down and abandoning module AutomationWorker (400)
[2019.09.15-22.06.42:530][ 61]LogModuleManager: Shutting down and abandoning module Voice (398)
[2019.09.15-22.06.42:531][ 61]LogModuleManager: Shutting down and abandoning module AIModule (396)
[2019.09.15-22.06.42:531][ 61]LogModuleManager: Shutting down and abandoning module GameplayDebugger (395)
[2019.09.15-22.06.42:531][ 61]LogModuleManager: Shutting down and abandoning module AITestSuite (393)
[2019.09.15-22.06.42:531][ 61]LogModuleManager: Shutting down and abandoning module NavigationSystem (391)
[2019.09.15-22.06.42:531][ 61]LogModuleManager: Shutting down and abandoning module OculusMR (388)
[2019.09.15-22.06.42:531][ 61]LogModuleManager: Shutting down and abandoning module WmfMediaFactory (386)
[2019.09.15-22.06.42:531][ 61]LogModuleManager: Shutting down and abandoning module WebMMediaFactory (384)
[2019.09.15-22.06.42:531][ 61]LogModuleManager: Shutting down and abandoning module WebMMedia (382)
[2019.09.15-22.06.42:531][ 61]LogModuleManager: Shutting down and abandoning module OpenExrWrapper (380)
[2019.09.15-22.06.42:531][ 61]LogModuleManager: Shutting down and abandoning module ImgMediaFactory (378)
[2019.09.15-22.06.42:531][ 61]LogModuleManager: Shutting down and abandoning module AvfMediaFactory (376)
[2019.09.15-22.06.42:531][ 61]LogModuleManager: Shutting down and abandoning module MagicLeapCameraPreviewFactory (374)
[2019.09.15-22.06.42:531][ 61]LogModuleManager: Shutting down and abandoning module MagicLeapMediaCodecFactory (372)
[2019.09.15-22.06.42:531][ 61]LogModuleManager: Shutting down and abandoning module MagicLeapMediaFactory (370)
[2019.09.15-22.06.42:531][ 61]LogModuleManager: Shutting down and abandoning module CharacterAI (368)
[2019.09.15-22.06.42:531][ 61]LogModuleManager: Shutting down and abandoning module SessionServices (366)
[2019.09.15-22.06.42:531][ 61]LogModuleManager: Shutting down and abandoning module MovieSceneCapture (364)
[2019.09.15-22.06.42:531][ 61]LogModuleManager: Shutting down and abandoning module LiveCoding (362)
[2019.09.15-22.06.42:531][ 61]LogModuleManager: Shutting down and abandoning module LevelSequence (360)
[2019.09.15-22.06.42:531][ 61]LogModuleManager: Shutting down and abandoning module MovieSceneTracks (358)
[2019.09.15-22.06.42:531][ 61]LogModuleManager: Shutting down and abandoning module MovieScene (356)
[2019.09.15-22.06.42:531][ 61]LogModuleManager: Shutting down and abandoning module StreamingPauseRendering (354)
[2019.09.15-22.06.42:531][ 61]LogModuleManager: Shutting down and abandoning module PortalServices (352)
[2019.09.15-22.06.42:531][ 61]LogModuleManager: Shutting down and abandoning module PortalRpc (350)
[2019.09.15-22.06.42:531][ 61]LogModuleManager: Shutting down and abandoning module MessagingRpc (348)
[2019.09.15-22.06.42:531][ 61]LogModuleManager: Shutting down and abandoning module ImageWriteQueue (346)
[2019.09.15-22.06.42:532][ 61]LogModuleManager: Shutting down and abandoning module ProfilerService (344)
[2019.09.15-22.06.42:670][ 61]LogModuleManager: Shutting down and abandoning module TaskGraph (342)
[2019.09.15-22.06.42:670][ 61]LogModuleManager: Shutting down and abandoning module VRExpansionPlugin (340)
[2019.09.15-22.06.42:670][ 61]LogModuleManager: Shutting down and abandoning module OpenVRExpansionPlugin (338)
[2019.09.15-22.06.42:670][ 61]LogModuleManager: Shutting down and abandoning module SteamVRController (336)
[2019.09.15-22.06.42:670][ 61]LogModuleManager: Shutting down and abandoning module ProceduralMeshComponent (334)
[2019.09.15-22.06.42:670][ 61]LogModuleManager: Shutting down and abandoning module OculusInput (332)
[2019.09.15-22.06.42:670][ 61]LogModuleManager: Shutting down and abandoning module MobilePatchingUtils (330)
[2019.09.15-22.06.42:670][ 61]LogModuleManager: Shutting down and abandoning module EditableMesh (328)
[2019.09.15-22.06.42:670][ 61]LogModuleManager: Shutting down and abandoning module CustomMeshComponent (326)
[2019.09.15-22.06.42:670][ 61]LogModuleManager: Shutting down and abandoning module CableComponent (324)
[2019.09.15-22.06.42:670][ 61]LogModuleManager: Shutting down and abandoning module AudioCapture (322)
[2019.09.15-22.06.42:670][ 61]LogModuleManager: Shutting down and abandoning module ArchVisCharacter (320)
[2019.09.15-22.06.42:670][ 61]LogModuleManager: Shutting down and abandoning module AndroidPermission (318)
[2019.09.15-22.06.42:670][ 61]LogModuleManager: Shutting down and abandoning module NUTUnrealEngine4 (316)
[2019.09.15-22.06.42:670][ 61]LogModuleManager: Shutting down and abandoning module NetcodeUnitTest (314)
[2019.09.15-22.06.42:670][ 61]LogModuleManager: Shutting down and abandoning module MediaCompositing (312)
[2019.09.15-22.06.42:670][ 61]LogModuleManager: Shutting down and abandoning module LinearTimecode (310)
[2019.09.15-22.06.42:670][ 61]LogModuleManager: Shutting down and abandoning module ImgMedia (308)
[2019.09.15-22.06.42:670][ 61]LogModuleManager: Shutting down and abandoning module MagicLeapHelperVulkan (306)
[2019.09.15-22.06.42:670][ 61]LogModuleManager: Shutting down and abandoning module MagicLeapHelperOpenGL (304)
[2019.09.15-22.06.42:670][ 61]LogModuleManager: Shutting down and abandoning module MagicLeapAudio (302)
[2019.09.15-22.06.42:670][ 61]LogModuleManager: Shutting down and abandoning module HTML5Networking (300)
[2019.09.15-22.06.42:670][ 61]LogModuleManager: Shutting down and abandoning module GeometryCollectionExampleCore (298)
[2019.09.15-22.06.42:670][ 61]LogModuleManager: Shutting down and abandoning module GeometryCacheTracks (296)
[2019.09.15-22.06.42:670][ 61]LogModuleManager: Shutting down and abandoning module GeometryCacheSequencer (295)
[2019.09.15-22.06.42:670][ 61]LogModuleManager: Shutting down and abandoning module GeometryCache (292)
[2019.09.15-22.06.42:670][ 61]LogModuleManager: Shutting down and abandoning module GeometryCacheEd (291)
[2019.09.15-22.06.42:670][ 61]LogModuleManager: Shutting down and abandoning module BackChannel (288)
[2019.09.15-22.06.42:670][ 61]LogModuleManager: Shutting down and abandoning module AppleVision (286)
[2019.09.15-22.06.42:670][ 61]LogModuleManager: Shutting down and abandoning module AppleImageUtilsBlueprintSupport (284)
[2019.09.15-22.06.42:670][ 61]LogModuleManager: Shutting down and abandoning module AppleImageUtils (282)
[2019.09.15-22.06.42:670][ 61]LogModuleManager: Shutting down and abandoning module VariantManagerContent (280)
[2019.09.15-22.06.42:670][ 61]LogModuleManager: Shutting down and abandoning module CryptoKeysOpenSSL (278)
[2019.09.15-22.06.42:670][ 61]LogModuleManager: Shutting down and abandoning module CryptoKeys (276)
[2019.09.15-22.06.42:670][ 61]LogModuleManager: Shutting down and abandoning module VisualStudioSourceCodeAccess (274)
[2019.09.15-22.06.42:670][ 61]LogModuleManager: Shutting down and abandoning module HotReload (273)
[2019.09.15-22.06.42:670][ 61]LogModuleManager: Shutting down and abandoning module DirectoryWatcher (272)
[2019.09.15-22.06.42:670][ 61]LogModuleManager: Shutting down and abandoning module VisualStudioCodeSourceCodeAccess (268)
[2019.09.15-22.06.42:670][ 61]LogModuleManager: Shutting down and abandoning module UObjectPlugin (266)
[2019.09.15-22.06.42:670][ 61]LogModuleManager: Shutting down and abandoning module SubversionSourceControl (264)
[2019.09.15-22.06.42:670][ 61]LogModuleManager: Shutting down and abandoning module PerforceSourceControl (262)
[2019.09.15-22.06.42:671][ 61]LogModuleManager: Shutting down and abandoning module SourceControl (261)
[2019.09.15-22.06.42:671][ 61]LogModuleManager: Shutting down and abandoning module CLionSourceCodeAccess (258)
[2019.09.15-22.06.42:671][ 61]LogModuleManager: Shutting down and abandoning module ActorLayerUtilities (256)
[2019.09.15-22.06.42:671][ 61]LogModuleManager: Shutting down and abandoning module SignificanceManager (254)
[2019.09.15-22.06.42:671][ 61]LogModuleManager: Shutting down and abandoning module RuntimePhysXCooking (252)
[2019.09.15-22.06.42:671][ 61]LogModuleManager: Shutting down and abandoning module PhysXVehiclesEditor (250)
[2019.09.15-22.06.42:671][ 61]LogModuleManager: Shutting down and abandoning module PhysXVehicles (248)
[2019.09.15-22.06.42:671][ 61]LogModuleManager: Shutting down and abandoning module LocationServicesBPLibrary (246)
[2019.09.15-22.06.42:671][ 61]LogModuleManager: Shutting down and abandoning module ActorSequence (244)
[2019.09.15-22.06.42:671][ 61]LogModuleManager: Shutting down and abandoning module UdpMessaging (242)
[2019.09.15-22.06.42:671][ 61]LogModuleManager: Shutting down and abandoning module TcpMessaging (240)
[2019.09.15-22.06.42:671][ 61]LogModuleManager: Shutting down and abandoning module MagicLeapIdentity (238)
[2019.09.15-22.06.42:671][ 61]LogModuleManager: Shutting down and abandoning module MagicLeapSecureStorage (236)
[2019.09.15-22.06.42:671][ 61]LogModuleManager: Shutting down and abandoning module MagicLeapHandTracking (234)
[2019.09.15-22.06.42:671][ 61]LogModuleManager: Shutting down and abandoning module MagicLeapEyeTracker (232)
[2019.09.15-22.06.42:671][ 61]LogModuleManager: Shutting down and abandoning module MagicLeapController (230)
[2019.09.15-22.06.42:671][ 61]LogSlate: Slate User Destroyed.  User Index 0, Is Virtual User: 0
[2019.09.15-22.06.42:671][ 61]LogModuleManager: Shutting down and abandoning module MagicLeapAR (228)
[2019.09.15-22.06.42:671][ 61]LogModuleManager: Shutting down and abandoning module AugmentedReality (227)
[2019.09.15-22.06.42:671][ 61]LogModuleManager: Shutting down and abandoning module GameplayTagsEditor (224)
[2019.09.15-22.06.42:671][ 61]LogModuleManager: Shutting down and abandoning module FacialAnimation (222)
[2019.09.15-22.06.42:671][ 61]LogModuleManager: Shutting down and abandoning module DataValidation (220)
[2019.09.15-22.06.42:671][ 61]LogModuleManager: Shutting down and abandoning module AssetManagerEditor (218)
[2019.09.15-22.06.42:671][ 61]LogModuleManager: Shutting down and abandoning module TreeMap (217)
[2019.09.15-22.06.42:671][ 61]LogModuleManager: Shutting down and abandoning module AnimationSharing (214)
[2019.09.15-22.06.42:671][ 61]LogModuleManager: Shutting down and abandoning module LightPropagationVolumeRuntime (212)
[2019.09.15-22.06.42:671][ 61]LogModuleManager: Shutting down and abandoning module AISupportModule (210)
[2019.09.15-22.06.42:671][ 61]LogModuleManager: Shutting down and abandoning module Paper2D (208)
[2019.09.15-22.06.42:671][ 61]LogModuleManager: Shutting down and abandoning module WindowsMoviePlayer (206)
[2019.09.15-22.06.42:671][ 61]LogModuleManager: Shutting down and abandoning module WebMMoviePlayer (204)
[2019.09.15-22.06.42:671][ 61]LogModuleManager: Shutting down and abandoning module PacketHandler (202)
[2019.09.15-22.06.42:671][ 61]LogModuleManager: Shutting down and abandoning module ClothingSystemEditor (200)
[2019.09.15-22.06.42:671][ 61]LogModuleManager: Shutting down and abandoning module ClothingSystemRuntime (198)
[2019.09.15-22.06.42:671][ 61]LogModuleManager: Shutting down and abandoning module MediaAssets (196)
[2019.09.15-22.06.42:671][ 61]LogModuleManager: Shutting down and abandoning module Overlay (194)
[2019.09.15-22.06.42:671][ 61]LogModuleManager: Shutting down and abandoning module OverlayEditor (193)
[2019.09.15-22.06.42:671][ 61]LogModuleManager: Shutting down and abandoning module VREditor (190)
[2019.09.15-22.06.42:671][ 61]LogModuleManager: Shutting down and abandoning module StringTableEditor (188)
[2019.09.15-22.06.42:671][ 61]LogModuleManager: Shutting down and abandoning module GameplayTasksEditor (186)
[2019.09.15-22.06.42:671][ 61]LogModuleManager: Shutting down and abandoning module BehaviorTreeEditor (184)
[2019.09.15-22.06.42:671][ 61]LogModuleManager: Shutting down and abandoning module FunctionalTesting (182)
[2019.09.15-22.06.42:671][ 61]LogModuleManager: Shutting down and abandoning module CollisionAnalyzer (180)
[2019.09.15-22.06.42:671][ 61]LogModuleManager: Shutting down and abandoning module WorkspaceMenuStructure (179)
[2019.09.15-22.06.42:671][ 61]LogModuleManager: Shutting down and abandoning module UMG (176)
[2019.09.15-22.06.42:671][ 61]LogModuleManager: Shutting down and abandoning module UMGEditor (175)
[2019.09.15-22.06.42:671][ 61]LogModuleManager: Shutting down and abandoning module Sequencer (174)
[2019.09.15-22.06.42:672][ 61]LogModuleManager: Shutting down and abandoning module MessageLog (171)
[2019.09.15-22.06.42:672][ 61]LogModuleManager: Shutting down and abandoning module SlateReflector (166)
[2019.09.15-22.06.42:672][ 61]LogModuleManager: Shutting down and abandoning module Slate (164)
[2019.09.15-22.06.42:672][ 61]LogModuleManager: Shutting down and abandoning module EditorStyle (162)
[2019.09.15-22.06.42:673][ 61]LogModuleManager: Shutting down and abandoning module UnrealEd (160)
[2019.09.15-22.06.42:673][ 61]LogModuleManager: Shutting down and abandoning module MRMesh (158)
[2019.09.15-22.06.42:673][ 61]LogModuleManager: Shutting down and abandoning module Messaging (156)
[2019.09.15-22.06.42:673][ 61]LogModuleManager: Shutting down and abandoning module SourceCodeAccess (154)
[2019.09.15-22.06.42:673][ 61]LogModuleManager: Shutting down and abandoning module HeadMountedDisplay (152)
[2019.09.15-22.06.42:673][ 61]LogModuleManager: Shutting down and abandoning module XAudio2 (150)
[2019.09.15-22.06.42:673][ 61]LogModuleManager: Shutting down and abandoning module Networking (148)
[2019.09.15-22.06.42:673][ 61]LogModuleManager: Shutting down and abandoning module Core (146)
[2019.09.15-22.06.42:673][ 61]LogModuleManager: Shutting down and abandoning module KismetCompiler (144)
[2019.09.15-22.06.42:673][ 61]LogModuleManager: Shutting down and abandoning module MeshUtilities (142)
[2019.09.15-22.06.42:673][ 61]LogModuleManager: Shutting down and abandoning module MeshMergeUtilities (141)
[2019.09.15-22.06.42:673][ 61]LogModuleManager: Shutting down and abandoning module MeshReductionInterface (140)
[2019.09.15-22.06.42:673][ 61]LogModuleManager: Shutting down and abandoning module SkeletalMeshReduction (139)
[2019.09.15-22.06.42:673][ 61]LogModuleManager: Shutting down and abandoning module ProxyLODMeshReduction (137)
[2019.09.15-22.06.42:673][ 61]LogModuleManager: Shutting down and abandoning module QuadricMeshReduction (135)
[2019.09.15-22.06.42:673][ 61]LogModuleManager: Shutting down and abandoning module MaterialBaking (131)
[2019.09.15-22.06.42:673][ 61]LogModuleManager: Shutting down and abandoning module PIEPreviewDeviceProfileSelector (126)
[2019.09.15-22.06.42:673][ 61]LogModuleManager: Shutting down and abandoning module DerivedDataCache (124)
[2019.09.15-22.06.42:735][ 61]LogDerivedDataCache: Shutdown
[2019.09.15-22.06.42:735][ 61]LogModuleManager: Shutting down and abandoning module XGEController (122)
[2019.09.15-22.06.42:735][ 61]LogXGEController: Cleaning working directory: C:/Users/broki/AppData/Local/Temp/UnrealXGEWorkingDir/
[2019.09.15-22.06.42:735][ 61]LogModuleManager: Shutting down and abandoning module TargetPlatform (120)
[2019.09.15-22.06.42:735][ 61]LogModuleManager: Shutting down and abandoning module VulkanShaderFormat (119)
[2019.09.15-22.06.42:735][ 61]LogModuleManager: Shutting down and abandoning module ShaderFormatVectorVM (117)
[2019.09.15-22.06.42:735][ 61]LogModuleManager: Shutting down and abandoning module ShaderFormatOpenGL (115)
[2019.09.15-22.06.42:735][ 61]LogModuleManager: Shutting down and abandoning module ShaderFormatD3D (113)
[2019.09.15-22.06.42:735][ 61]LogModuleManager: Shutting down and abandoning module MetalShaderFormat (111)
[2019.09.15-22.06.42:735][ 61]LogModuleManager: Shutting down and abandoning module TextureFormatUncompressed (109)
[2019.09.15-22.06.42:735][ 61]LogModuleManager: Shutting down and abandoning module TextureFormatPVR (107)
[2019.09.15-22.06.42:735][ 61]LogModuleManager: Shutting down and abandoning module TextureFormatDXT (105)
[2019.09.15-22.06.42:735][ 61]LogModuleManager: Shutting down and abandoning module TextureFormatIntelISPCTexComp (103)
[2019.09.15-22.06.42:735][ 61]LogModuleManager: Shutting down and abandoning module TextureFormatASTC (101)
[2019.09.15-22.06.42:735][ 61]LogModuleManager: Shutting down and abandoning module ImageWrapper (100)
[2019.09.15-22.06.42:735][ 61]LogModuleManager: Shutting down and abandoning module TextureFormatAndroid (97)
[2019.09.15-22.06.42:735][ 61]LogModuleManager: Shutting down and abandoning module AudioFormatOpus (95)
[2019.09.15-22.06.42:735][ 61]LogModuleManager: Shutting down and abandoning module AudioFormatOgg (93)
[2019.09.15-22.06.42:735][ 61]LogModuleManager: Shutting down and abandoning module AudioFormatADPCM (91)
[2019.09.15-22.06.42:735][ 61]LogModuleManager: Shutting down and abandoning module WindowsTargetPlatform (89)
[2019.09.15-22.06.42:735][ 61]LogModuleManager: Shutting down and abandoning module WindowsServerTargetPlatform (87)
[2019.09.15-22.06.42:735][ 61]LogModuleManager: Shutting down and abandoning module WindowsNoEditorTargetPlatform (85)
[2019.09.15-22.06.42:735][ 61]LogModuleManager: Shutting down and abandoning module WindowsClientTargetPlatform (83)
[2019.09.15-22.06.42:735][ 61]LogModuleManager: Shutting down and abandoning module InputCore (80)
[2019.09.15-22.06.42:735][ 61]LogModuleManager: Shutting down and abandoning module Settings (78)
[2019.09.15-22.06.42:735][ 61]LogModuleManager: Shutting down and abandoning module PhysXCooking (76)
[2019.09.15-22.06.42:735][ 61]LogModuleManager: Shutting down and abandoning module SteamVR (74)
[2019.09.15-22.06.42:735][ 61]LogHMD: Freeing OpenVRDLLHandle.
[2019.09.15-22.06.42:736][ 61]LogModuleManager: Shutting down and abandoning module OculusHMD (72)
[2019.09.15-22.06.42:736][ 61]LogModuleManager: Shutting down and abandoning module ExampleDeviceProfileSelector (70)
[2019.09.15-22.06.42:736][ 61]LogModuleManager: Shutting down and abandoning module LauncherChunkInstaller (68)
[2019.09.15-22.06.42:736][ 61]LogModuleManager: Shutting down and abandoning module OnlineBlueprintSupport (66)
[2019.09.15-22.06.42:736][ 61]LogModuleManager: Shutting down and abandoning module OnlineSubsystem (62)
[2019.09.15-22.06.42:736][ 61]LogModuleManager: Shutting down and abandoning module XMPP (55)
[2019.09.15-22.06.42:736][ 61]LogModuleManager: Shutting down and abandoning module WebSockets (54)
[2019.09.15-22.06.42:740][ 61]LogModuleManager: Shutting down and abandoning module HTTP (51)
[2019.09.15-22.06.42:773][ 61]LogModuleManager: Shutting down and abandoning module SSL (50)
[2019.09.15-22.06.42:775][ 61]LogModuleManager: Shutting down and abandoning module WmfMedia (46)
[2019.09.15-22.06.42:775][ 61]LogModuleManager: Shutting down and abandoning module Media (45)
[2019.09.15-22.06.42:781][ 61]LogModuleManager: Shutting down and abandoning module MagicLeap (42)
[2019.09.15-22.06.42:782][ 61]LogModuleManager: Shutting down and abandoning module DatasmithContent (40)
[2019.09.15-22.06.42:782][ 61]LogModuleManager: Shutting down and abandoning module AnimationModifiers (38)
[2019.09.15-22.06.42:782][ 61]LogModuleManager: Shutting down and abandoning module PropertyEditor (37)
[2019.09.15-22.06.42:782][ 61]LogModuleManager: Shutting down and abandoning module AudioEditor (34)
[2019.09.15-22.06.42:789][ 61]LogModuleManager: Shutting down and abandoning module TextureCompressor (32)
[2019.09.15-22.06.42:789][ 61]LogModuleManager: Shutting down and abandoning module RenderCore (30)
[2019.09.15-22.06.42:789][ 61]LogModuleManager: Shutting down and abandoning module Landscape (28)
[2019.09.15-22.06.42:789][ 61]LogModuleManager: Shutting down and abandoning module SlateRHIRenderer (26)
[2019.09.15-22.06.42:789][ 61]LogModuleManager: Shutting down and abandoning module OpenGLDrv (24)
[2019.09.15-22.06.42:789][ 61]LogModuleManager: Shutting down and abandoning module D3D11RHI (22)
[2019.09.15-22.06.42:789][ 61]LogModuleManager: Shutting down and abandoning module AnimGraphRuntime (20)
[2019.09.15-22.06.42:789][ 61]LogModuleManager: Shutting down and abandoning module Renderer (18)
[2019.09.15-22.06.42:789][ 61]LogModuleManager: Shutting down and abandoning module Engine (16)
[2019.09.15-22.06.42:789][ 61]LogModuleManager: Shutting down and abandoning module CoreUObject (14)
[2019.09.15-22.06.42:789][ 61]LogModuleManager: Shutting down and abandoning module NetworkFile (12)
[2019.09.15-22.06.42:789][ 61]LogModuleManager: Shutting down and abandoning module CookedIterativeFile (10)
[2019.09.15-22.06.42:789][ 61]LogModuleManager: Shutting down and abandoning module StreamingFile (8)
[2019.09.15-22.06.42:789][ 61]LogModuleManager: Shutting down and abandoning module SandboxFile (6)
[2019.09.15-22.06.42:789][ 61]LogModuleManager: Shutting down and abandoning module PakFile (4)
[2019.09.15-22.06.42:789][ 61]LogModuleManager: Shutting down and abandoning module RSA (3)
[2019.09.15-22.06.42:804][ 61]LogExit: Exiting.
[2019.09.15-22.06.42:832][ 61]Log file closed, 09/15/19 15:06:42
