Log file open, 09/09/19 21:07:01
LogWindows: Failed to load 'aqProf.dll' (GetLastError=126)
LogWindows: File 'aqProf.dll' does not exist
LogWindows: Failed to load 'VtuneApi.dll' (GetLastError=126)
LogWindows: File 'VtuneApi.dll' does not exist
LogWindows: Failed to load 'VtuneApi32e.dll' (GetLastError=126)
LogWindows: File 'VtuneApi32e.dll' does not exist
LogConsoleResponse: Display: Failed to find resolution value strings in scalability ini. Falling back to default.
LogInit: Display: Running engine for game: CoopVR
LogPakFile: Registered encryption key '00000000000000000000000000000000': 0 pak files mounted, 0 remain pending
LogPlatformFile: Not using cached read wrapper
LogTaskGraph: Started task graph with 5 named threads and 23 total threads with 3 sets of task threads.
LogStats: Stats thread started at 0.305299
LogD3D11RHI: Loaded GFSDK_Aftermath_Lib.x64.dll
LogICUInternationalization: ICU TimeZone Detection - Raw Offset: -8:00, Platform Override: ''
LogPluginManager: Mounting plugin Paper2D
LogPluginManager: Mounting plugin AISupport
LogPluginManager: Mounting plugin LightPropagationVolume
LogPluginManager: Mounting plugin ActorLayerUtilities
LogPluginManager: Mounting plugin AnimationSharing
LogPluginManager: Mounting plugin CLionSourceCodeAccess
LogPluginManager: Mounting plugin CodeLiteSourceCodeAccess
LogPluginManager: Mounting plugin GitSourceControl
LogPluginManager: Mounting plugin KDevelopSourceCodeAccess
LogPluginManager: Mounting plugin NullSourceCodeAccess
LogPluginManager: Mounting plugin PerforceSourceControl
LogPluginManager: Mounting plugin SubversionSourceControl
LogPluginManager: Mounting plugin UObjectPlugin
LogPluginManager: Mounting plugin VisualStudioCodeSourceCodeAccess
LogPluginManager: Mounting plugin VisualStudioSourceCodeAccess
LogPluginManager: Mounting plugin XCodeSourceCodeAccess
LogPluginManager: Mounting plugin AssetManagerEditor
LogPluginManager: Mounting plugin CryptoKeys
LogPluginManager: Mounting plugin DataValidation
LogPluginManager: Mounting plugin EditorScriptingUtilities
LogPluginManager: Mounting plugin FacialAnimation
LogPluginManager: Mounting plugin GameplayTagsEditor
LogPluginManager: Mounting plugin GLTFImporter
LogPluginManager: Mounting plugin MacGraphicsSwitching
LogPluginManager: Mounting plugin MaterialAnalyzer
LogPluginManager: Mounting plugin MeshEditor
LogPluginManager: Mounting plugin MobileLauncherProfileWizard
LogPluginManager: Mounting plugin PluginBrowser
LogPluginManager: Mounting plugin SpeedTreeImporter
LogPluginManager: Mounting plugin DatasmithContent
LogPluginManager: Mounting plugin VariantManagerContent
LogPluginManager: Mounting plugin AlembicImporter
LogPluginManager: Mounting plugin AppleImageUtils
LogPluginManager: Mounting plugin AppleVision
LogPluginManager: Mounting plugin BackChannel
LogPluginManager: Mounting plugin BlastPlugin
LogPluginManager: Mounting plugin ChaosSolverPlugin
LogPluginManager: Mounting plugin CharacterAI
LogPluginManager: Mounting plugin GeometryCache
LogPluginManager: Mounting plugin GeometryCollectionPlugin
LogPluginManager: Mounting plugin HTML5Networking
LogPluginManager: Mounting plugin ProxyLODPlugin
LogPluginManager: Mounting plugin SkeletalReduction
LogPluginManager: Mounting plugin MagicLeap
LogPluginManager: Mounting plugin MagicLeapMedia
LogPluginManager: Mounting plugin AndroidMedia
LogPluginManager: Mounting plugin AvfMedia
LogPluginManager: Mounting plugin ImgMedia
LogPluginManager: Mounting plugin LinearTimecode
LogPluginManager: Mounting plugin MediaCompositing
LogPluginManager: Mounting plugin MediaPlayerEditor
LogPluginManager: Mounting plugin WebMMedia
LogPluginManager: Mounting plugin WmfMedia
LogPluginManager: Mounting plugin TcpMessaging
LogPluginManager: Mounting plugin UdpMessaging
LogPluginManager: Mounting plugin ActorSequence
LogPluginManager: Mounting plugin LevelSequenceEditor
LogPluginManager: Mounting plugin MatineeToLevelSequence
LogPluginManager: Mounting plugin NetcodeUnitTest
LogPluginManager: Mounting plugin NUTUnrealEngine4
LogPluginManager: Mounting plugin OnlineSubsystemGooglePlay
LogPluginManager: Mounting plugin OnlineSubsystemIOS
LogPluginManager: Mounting plugin OnlineSubsystem
LogPluginManager: Mounting plugin OnlineSubsystemNull
LogPluginManager: Mounting plugin OnlineSubsystemSteam
LogPluginManager: Mounting plugin OnlineSubsystemUtils
LogPluginManager: Mounting plugin LauncherChunkInstaller
LogPluginManager: Mounting plugin AndroidDeviceProfileSelector
LogPluginManager: Mounting plugin AndroidMoviePlayer
LogPluginManager: Mounting plugin AndroidPermission
LogPluginManager: Mounting plugin AppleMoviePlayer
LogPluginManager: Mounting plugin ArchVisCharacter
LogPluginManager: Mounting plugin AudioCapture
LogPluginManager: Mounting plugin CableComponent
LogPluginManager: Mounting plugin CustomMeshComponent
LogPluginManager: Mounting plugin EditableMesh
LogPluginManager: Mounting plugin ExampleDeviceProfileSelector
LogPluginManager: Mounting plugin Firebase
LogPluginManager: Mounting plugin GoogleCloudMessaging
LogPluginManager: Mounting plugin IOSDeviceProfileSelector
LogPluginManager: Mounting plugin LinuxDeviceProfileSelector
LogPluginManager: Mounting plugin LocationServicesBPLibrary
LogPluginManager: Mounting plugin MobilePatchingUtils
LogPluginManager: Mounting plugin OculusVR
LogPluginManager: Mounting plugin PhysXVehicles
LogPluginManager: Mounting plugin ProceduralMeshComponent
LogPluginManager: Mounting plugin RuntimePhysXCooking
LogPluginManager: Mounting plugin SignificanceManager
LogPluginManager: Mounting plugin SteamVR
LogPluginManager: Mounting plugin WebMMoviePlayer
LogPluginManager: Mounting plugin WindowsMoviePlayer
LogPluginManager: Mounting plugin DatasmithCADImporter
LogPluginManager: Mounting plugin DatasmithDataPrepEditor
LogPluginManager: Mounting plugin DatasmithFBXImporter
LogPluginManager: Mounting plugin DatasmithGLTFImporter
LogPluginManager: Mounting plugin DatasmithImporter
LogPluginManager: Mounting plugin MDLImporter
LogPluginManager: Mounting plugin StaticMeshEditorExtension
LogPluginManager: Mounting plugin VariantManager
LogInit: Using libcurl 7.55.1-DEV
LogInit:  - built for x86_64-pc-win32
LogInit:  - supports SSL with OpenSSL/1.1.1
LogInit:  - supports HTTP deflate (compression) using libz 1.2.8
LogInit:  - other features:
LogInit:      CURL_VERSION_SSL
LogInit:      CURL_VERSION_LIBZ
LogInit:      CURL_VERSION_IPV6
LogInit:      CURL_VERSION_ASYNCHDNS
LogInit:      CURL_VERSION_LARGEFILE
LogInit:      CURL_VERSION_IDN
LogInit:  CurlRequestOptions (configurable via config and command line):
LogInit:  - bVerifyPeer = true  - Libcurl will verify peer certificate
LogInit:  - bUseHttpProxy = false  - Libcurl will NOT use HTTP proxy
LogInit:  - bDontReuseConnections = false  - Libcurl will reuse connections
LogInit:  - MaxHostConnections = 16  - Libcurl will limit the number of connections to a host
LogInit:  - LocalHostAddr = Default
LogInit:  - BufferSize = 65536
LogOnline: Display: STEAM: Loading Steam SDK 1.39
LogOnline: STEAM: Steam User is subscribed 1
LogOnline: STEAM: [AppId: 480] Client API initialized 1
LogOnline: STEAM: [AppId: 480] Game Server API initialized 1
LogOnline: STEAM: Missing P2PCleanupTimeout key in OnlineSubsystemSteam of DefaultEngine.ini, using default
LogInit: WinSock: version 1.1 (2.2), MaxSocks=32767, MaxUdp=65467
LogInit: Build: ++UE4+Release-4.22-CL-7053642
LogInit: Engine Version: 4.22.3-7053642+++UE4+Release-4.22
LogInit: Compatible Engine Version: 4.22.0-5660361+++UE4+Release-4.22
LogInit: Net CL: 5660361
LogInit: OS: Windows 10 (Release 1803) (), CPU:        Intel(R) Core(TM) i7-3770K CPU @ 3.50GHz, GPU: NVIDIA GeForce RTX 2070
LogInit: Compiled (64-bit): Jun 18 2019 03:09:11
LogInit: Compiled with Visual C++: 19.16.27025.01
LogInit: Build Configuration: Development
LogInit: Branch Name: ++UE4+Release-4.22
LogInit: Command Line:  -game
LogInit: Base Directory: C:/Program Files (x86)/Epic Games/UE_4.22/Engine/Binaries/Win64/
LogInit: Installed Engine Build: 1
LogDevObjectVersion: Number of dev versions registered: 23
LogDevObjectVersion:   Dev-Blueprints (B0D832E4-1F89-4F0D-ACCF-7EB736FD4AA2): 10
LogDevObjectVersion:   Dev-Build (E1C64328-A22C-4D53-A36C-8E866417BD8C): 0
LogDevObjectVersion:   Dev-Core (375EC13C-06E4-48FB-B500-84F0262A717E): 3
LogDevObjectVersion:   Dev-Editor (E4B068ED-F494-42E9-A231-DA0B2E46BB41): 30
LogDevObjectVersion:   Dev-Framework (CFFC743F-43B0-4480-9391-14DF171D2073): 35
LogDevObjectVersion:   Dev-Mobile (B02B49B5-BB20-44E9-A304-32B752E40360): 2
LogDevObjectVersion:   Dev-Networking (A4E4105C-59A1-49B5-A7C5-40C4547EDFEE): 0
LogDevObjectVersion:   Dev-Online (39C831C9-5AE6-47DC-9A44-9C173E1C8E7C): 0
LogDevObjectVersion:   Dev-Physics (78F01B33-EBEA-4F98-B9B4-84EACCB95AA2): 0
LogDevObjectVersion:   Dev-Platform (6631380F-2D4D-43E0-8009-CF276956A95A): 0
LogDevObjectVersion:   Dev-Rendering (12F88B9F-8875-4AFC-A67C-D90C383ABD29): 28
LogDevObjectVersion:   Dev-Sequencer (7B5AE74C-D270-4C10-A958-57980B212A5A): 11
LogDevObjectVersion:   Dev-VR (D7296918-1DD6-4BDD-9DE2-64A83CC13884): 2
LogDevObjectVersion:   Dev-LoadTimes (C2A15278-BFE7-4AFE-6C17-90FF531DF755): 1
LogDevObjectVersion:   Private-Geometry (6EACA3D4-40EC-4CC1-B786-8BED09428FC5): 3
LogDevObjectVersion:   Dev-AnimPhys (29E575DD-E0A3-4627-9D10-D276232CDCEA): 17
LogDevObjectVersion:   Dev-Anim (AF43A65D-7FD3-4947-9873-3E8ED9C1BB05): 2
LogDevObjectVersion:   Dev-ReflectionCapture (6B266CEC-1EC7-4B8F-A30B-E4D90942FC07): 1
LogDevObjectVersion:   Dev-Automation (0DF73D61-A23F-47EA-B727-89E90C41499A): 1
LogDevObjectVersion:   FortniteMain (601D1886-AC64-4F84-AA16-D3DE0DEAC7D6): 25
LogDevObjectVersion:   Dev-Enterprise (9DFFBCD6-494F-0158-E221-12823C92A888): 6
LogDevObjectVersion:   Dev-Niagara (F2AED0AC-9AFE-416F-8664-AA7FFA26D6FC): 1
LogDevObjectVersion:   Dev-Destruction (174F1F0B-B4C6-45A5-B13F-2EE8D0FB917D): 2
LogInit: Presizing for max 16777216 objects, including 0 objects not considered by GC, pre-allocating 0 bytes for permanent pool.
LogInit: Object subsystem initialized
LogConfig: Setting CVar [[con.DebugEarlyDefault:1]]
LogConfig: Setting CVar [[r.setres:1280x720]]
[2019.09.10-04.07.02:304][  0]LogConfig: Setting CVar [[con.DebugEarlyDefault:1]]
[2019.09.10-04.07.02:304][  0]LogConfig: Setting CVar [[r.setres:1280x720]]
[2019.09.10-04.07.02:304][  0]LogConfig: Applying CVar settings from Section [/Script/Engine.RendererSettings] File [G:/Epic Games/UnrealProjects/CoopVR/Saved/Config/Windows/Engine.ini]
[2019.09.10-04.07.02:304][  0]LogConfig: Setting CVar [[r.GPUCrashDebugging:0]]
[2019.09.10-04.07.02:304][  0]LogConfig: Applying CVar settings from Section [/Script/Engine.RendererOverrideSettings] File [G:/Epic Games/UnrealProjects/CoopVR/Saved/Config/Windows/Engine.ini]
[2019.09.10-04.07.02:304][  0]LogConfig: Applying CVar settings from Section [/Script/Engine.StreamingSettings] File [G:/Epic Games/UnrealProjects/CoopVR/Saved/Config/Windows/Engine.ini]
[2019.09.10-04.07.02:304][  0]LogConfig: Setting CVar [[s.MinBulkDataSizeForAsyncLoading:131072]]
[2019.09.10-04.07.02:304][  0]LogConfig: Setting CVar [[s.AsyncLoadingThreadEnabled:0]]
[2019.09.10-04.07.02:304][  0]LogConfig: Setting CVar [[s.EventDrivenLoaderEnabled:1]]
[2019.09.10-04.07.02:304][  0]LogConfig: Setting CVar [[s.WarnIfTimeLimitExceeded:0]]
[2019.09.10-04.07.02:304][  0]LogConfig: Setting CVar [[s.TimeLimitExceededMultiplier:1.5]]
[2019.09.10-04.07.02:304][  0]LogConfig: Setting CVar [[s.TimeLimitExceededMinTime:0.005]]
[2019.09.10-04.07.02:304][  0]LogConfig: Setting CVar [[s.UseBackgroundLevelStreaming:1]]
[2019.09.10-04.07.02:304][  0]LogConfig: Setting CVar [[s.PriorityAsyncLoadingExtraTime:15.0]]
[2019.09.10-04.07.02:304][  0]LogConfig: Setting CVar [[s.LevelStreamingActorsUpdateTimeLimit:5.0]]
[2019.09.10-04.07.02:304][  0]LogConfig: Setting CVar [[s.PriorityLevelStreamingActorsUpdateExtraTime:5.0]]
[2019.09.10-04.07.02:304][  0]LogConfig: Setting CVar [[s.LevelStreamingComponentsRegistrationGranularity:10]]
[2019.09.10-04.07.02:304][  0]LogConfig: Setting CVar [[s.UnregisterComponentsTimeLimit:1.0]]
[2019.09.10-04.07.02:304][  0]LogConfig: Setting CVar [[s.LevelStreamingComponentsUnregistrationGranularity:5]]
[2019.09.10-04.07.02:304][  0]LogConfig: Applying CVar settings from Section [/Script/Engine.GarbageCollectionSettings] File [G:/Epic Games/UnrealProjects/CoopVR/Saved/Config/Windows/Engine.ini]
[2019.09.10-04.07.02:304][  0]LogConfig: Setting CVar [[gc.MaxObjectsNotConsideredByGC:1]]
[2019.09.10-04.07.02:304][  0]LogConfig: Setting CVar [[gc.SizeOfPermanentObjectPool:0]]
[2019.09.10-04.07.02:304][  0]LogConfig: Setting CVar [[gc.FlushStreamingOnGC:0]]
[2019.09.10-04.07.02:304][  0]LogConfig: Setting CVar [[gc.NumRetriesBeforeForcingGC:10]]
[2019.09.10-04.07.02:304][  0]LogConfig: Setting CVar [[gc.AllowParallelGC:1]]
[2019.09.10-04.07.02:305][  0]LogConfig: Setting CVar [[gc.TimeBetweenPurgingPendingKillObjects:61.1]]
[2019.09.10-04.07.02:305][  0]LogConfig: Setting CVar [[gc.MaxObjectsInEditor:16777216]]
[2019.09.10-04.07.02:305][  0]LogConfig: Setting CVar [[gc.IncrementalBeginDestroyEnabled:1]]
[2019.09.10-04.07.02:305][  0]LogConfig: Setting CVar [[gc.CreateGCClusters:1]]
[2019.09.10-04.07.02:305][  0]LogConfig: Setting CVar [[gc.MinGCClusterSize:5]]
[2019.09.10-04.07.02:305][  0]LogConfig: Setting CVar [[gc.ActorClusteringEnabled:0]]
[2019.09.10-04.07.02:305][  0]LogConfig: Setting CVar [[gc.BlueprintClusteringEnabled:0]]
[2019.09.10-04.07.02:305][  0]LogConfig: Setting CVar [[gc.UseDisregardForGCOnDedicatedServers:0]]
[2019.09.10-04.07.02:305][  0]LogConfig: Applying CVar settings from Section [/Script/Engine.NetworkSettings] File [G:/Epic Games/UnrealProjects/CoopVR/Saved/Config/Windows/Engine.ini]
[2019.09.10-04.07.02:305][  0]LogConfig: Applying CVar settings from Section [/Script/UnrealEd.CookerSettings] File [G:/Epic Games/UnrealProjects/CoopVR/Saved/Config/Windows/Engine.ini]
[2019.09.10-04.07.02:310][  0]LogConfig: Applying CVar settings from Section [ViewDistanceQuality@3] File [G:/Epic Games/UnrealProjects/CoopVR/Saved/Config/Windows/Scalability.ini]
[2019.09.10-04.07.02:310][  0]LogConfig: Setting CVar [[r.SkeletalMeshLODBias:0]]
[2019.09.10-04.07.02:310][  0]LogConfig: Setting CVar [[r.ViewDistanceScale:1.0]]
[2019.09.10-04.07.02:310][  0]LogConfig: Applying CVar settings from Section [AntiAliasingQuality@3] File [G:/Epic Games/UnrealProjects/CoopVR/Saved/Config/Windows/Scalability.ini]
[2019.09.10-04.07.02:310][  0]LogConfig: Setting CVar [[r.PostProcessAAQuality:4]]
[2019.09.10-04.07.02:310][  0]LogConfig: Applying CVar settings from Section [ShadowQuality@3] File [G:/Epic Games/UnrealProjects/CoopVR/Saved/Config/Windows/Scalability.ini]
[2019.09.10-04.07.02:310][  0]LogConfig: Setting CVar [[r.LightFunctionQuality:1]]
[2019.09.10-04.07.02:310][  0]LogConfig: Setting CVar [[r.ShadowQuality:5]]
[2019.09.10-04.07.02:310][  0]LogConfig: Setting CVar [[r.Shadow.CSM.MaxCascades:10]]
[2019.09.10-04.07.02:310][  0]LogConfig: Setting CVar [[r.Shadow.MaxResolution:2048]]
[2019.09.10-04.07.02:310][  0]LogConfig: Setting CVar [[r.Shadow.MaxCSMResolution:2048]]
[2019.09.10-04.07.02:310][  0]LogConfig: Setting CVar [[r.Shadow.RadiusThreshold:0.01]]
[2019.09.10-04.07.02:310][  0]LogConfig: Setting CVar [[r.Shadow.DistanceScale:1.0]]
[2019.09.10-04.07.02:310][  0]LogConfig: Setting CVar [[r.Shadow.CSM.TransitionScale:1.0]]
[2019.09.10-04.07.02:310][  0]LogConfig: Setting CVar [[r.Shadow.PreShadowResolutionFactor:1.0]]
[2019.09.10-04.07.02:310][  0]LogConfig: Setting CVar [[r.DistanceFieldShadowing:1]]
[2019.09.10-04.07.02:310][  0]LogConfig: Setting CVar [[r.DistanceFieldAO:1]]
[2019.09.10-04.07.02:310][  0]LogConfig: Setting CVar [[r.AOQuality:2]]
[2019.09.10-04.07.02:310][  0]LogConfig: Setting CVar [[r.VolumetricFog:1]]
[2019.09.10-04.07.02:310][  0]LogConfig: Setting CVar [[r.VolumetricFog.GridPixelSize:8]]
[2019.09.10-04.07.02:310][  0]LogConfig: Setting CVar [[r.VolumetricFog.GridSizeZ:128]]
[2019.09.10-04.07.02:310][  0]LogConfig: Setting CVar [[r.VolumetricFog.HistoryMissSupersampleCount:4]]
[2019.09.10-04.07.02:310][  0]LogConfig: Setting CVar [[r.LightMaxDrawDistanceScale:1]]
[2019.09.10-04.07.02:310][  0]LogConfig: Setting CVar [[r.CapsuleShadows:1]]
[2019.09.10-04.07.02:310][  0]LogConfig: Applying CVar settings from Section [PostProcessQuality@3] File [G:/Epic Games/UnrealProjects/CoopVR/Saved/Config/Windows/Scalability.ini]
[2019.09.10-04.07.02:310][  0]LogConfig: Setting CVar [[r.MotionBlurQuality:4]]
[2019.09.10-04.07.02:310][  0]LogConfig: Setting CVar [[r.AmbientOcclusionMipLevelFactor:0.4]]
[2019.09.10-04.07.02:310][  0]LogConfig: Setting CVar [[r.AmbientOcclusionMaxQuality:100]]
[2019.09.10-04.07.02:310][  0]LogConfig: Setting CVar [[r.AmbientOcclusionLevels:-1]]
[2019.09.10-04.07.02:310][  0]LogConfig: Setting CVar [[r.AmbientOcclusionRadiusScale:1.0]]
[2019.09.10-04.07.02:310][  0]LogConfig: Setting CVar [[r.DepthOfFieldQuality:2]]
[2019.09.10-04.07.02:310][  0]LogConfig: Setting CVar [[r.RenderTargetPoolMin:400]]
[2019.09.10-04.07.02:310][  0]LogConfig: Setting CVar [[r.LensFlareQuality:2]]
[2019.09.10-04.07.02:310][  0]LogConfig: Setting CVar [[r.SceneColorFringeQuality:1]]
[2019.09.10-04.07.02:310][  0]LogConfig: Setting CVar [[r.EyeAdaptationQuality:2]]
[2019.09.10-04.07.02:310][  0]LogConfig: Setting CVar [[r.BloomQuality:5]]
[2019.09.10-04.07.02:310][  0]LogConfig: Setting CVar [[r.FastBlurThreshold:100]]
[2019.09.10-04.07.02:310][  0]LogConfig: Setting CVar [[r.Upscale.Quality:3]]
[2019.09.10-04.07.02:310][  0]LogConfig: Setting CVar [[r.Tonemapper.GrainQuantization:1]]
[2019.09.10-04.07.02:310][  0]LogConfig: Setting CVar [[r.LightShaftQuality:1]]
[2019.09.10-04.07.02:310][  0]LogConfig: Setting CVar [[r.Filter.SizeScale:1]]
[2019.09.10-04.07.02:310][  0]LogConfig: Setting CVar [[r.Tonemapper.Quality:5]]
[2019.09.10-04.07.02:310][  0]LogConfig: Setting CVar [[r.DOF.Gather.AccumulatorQuality:1        ; higher gathering accumulator quality]]
[2019.09.10-04.07.02:310][  0]LogConfig: Setting CVar [[r.DOF.Gather.PostfilterMethod:1          ; Median3x3 postfilering method]]
[2019.09.10-04.07.02:310][  0]LogConfig: Setting CVar [[r.DOF.Gather.EnableBokehSettings:0       ; no bokeh simulation when gathering]]
[2019.09.10-04.07.02:310][  0]LogConfig: Setting CVar [[r.DOF.Gather.RingCount:4                 ; medium number of samples when gathering]]
[2019.09.10-04.07.02:310][  0]LogConfig: Setting CVar [[r.DOF.Scatter.ForegroundCompositing:1    ; additive foreground scattering]]
[2019.09.10-04.07.02:310][  0]LogConfig: Setting CVar [[r.DOF.Scatter.BackgroundCompositing:2    ; additive background scattering]]
[2019.09.10-04.07.02:310][  0]LogConfig: Setting CVar [[r.DOF.Scatter.EnableBokehSettings:1      ; bokeh simulation when scattering]]
[2019.09.10-04.07.02:310][  0]LogConfig: Setting CVar [[r.DOF.Scatter.MaxSpriteRatio:0.1         ; only a maximum of 10% of scattered bokeh]]
[2019.09.10-04.07.02:310][  0]LogConfig: Setting CVar [[r.DOF.Recombine.Quality:1                ; cheap slight out of focus]]
[2019.09.10-04.07.02:310][  0]LogConfig: Setting CVar [[r.DOF.Recombine.EnableBokehSettings:0    ; no bokeh simulation on slight out of focus]]
[2019.09.10-04.07.02:310][  0]LogConfig: Setting CVar [[r.DOF.TemporalAAQuality:1                ; more stable temporal accumulation]]
[2019.09.10-04.07.02:310][  0]LogConfig: Setting CVar [[r.DOF.Kernel.MaxForegroundRadius:0.025]]
[2019.09.10-04.07.02:310][  0]LogConfig: Setting CVar [[r.DOF.Kernel.MaxBackgroundRadius:0.025]]
[2019.09.10-04.07.02:310][  0]LogConfig: Applying CVar settings from Section [TextureQuality@3] File [G:/Epic Games/UnrealProjects/CoopVR/Saved/Config/Windows/Scalability.ini]
[2019.09.10-04.07.02:310][  0]LogConfig: Setting CVar [[r.Streaming.MipBias:0]]
[2019.09.10-04.07.02:310][  0]LogConfig: Setting CVar [[r.Streaming.AmortizeCPUToGPUCopy:0]]
[2019.09.10-04.07.02:310][  0]LogConfig: Setting CVar [[r.Streaming.MaxNumTexturesToStreamPerFrame:0]]
[2019.09.10-04.07.02:310][  0]LogConfig: Setting CVar [[r.Streaming.Boost:1]]
[2019.09.10-04.07.02:310][  0]LogConfig: Setting CVar [[r.MaxAnisotropy:8]]
[2019.09.10-04.07.02:310][  0]LogConfig: Setting CVar [[r.Streaming.LimitPoolSizeToVRAM:0]]
[2019.09.10-04.07.02:310][  0]LogConfig: Setting CVar [[r.Streaming.PoolSize:1000]]
[2019.09.10-04.07.02:310][  0]LogConfig: Setting CVar [[r.Streaming.MaxEffectiveScreenSize:0]]
[2019.09.10-04.07.02:310][  0]LogConfig: Applying CVar settings from Section [EffectsQuality@3] File [G:/Epic Games/UnrealProjects/CoopVR/Saved/Config/Windows/Scalability.ini]
[2019.09.10-04.07.02:310][  0]LogConfig: Setting CVar [[r.TranslucencyLightingVolumeDim:64]]
[2019.09.10-04.07.02:310][  0]LogConfig: Setting CVar [[r.RefractionQuality:2]]
[2019.09.10-04.07.02:310][  0]LogConfig: Setting CVar [[r.SSR.Quality:3]]
[2019.09.10-04.07.02:310][  0]LogConfig: Setting CVar [[r.SceneColorFormat:4]]
[2019.09.10-04.07.02:310][  0]LogConfig: Setting CVar [[r.DetailMode:2]]
[2019.09.10-04.07.02:310][  0]LogConfig: Setting CVar [[r.TranslucencyVolumeBlur:1]]
[2019.09.10-04.07.02:310][  0]LogConfig: Setting CVar [[r.MaterialQualityLevel:1 ; High quality]]
[2019.09.10-04.07.02:311][  0]LogConfig: Setting CVar [[r.SSS.Scale:1]]
[2019.09.10-04.07.02:311][  0]LogConfig: Setting CVar [[r.SSS.SampleSet:2]]
[2019.09.10-04.07.02:311][  0]LogConfig: Setting CVar [[r.SSS.Quality:1]]
[2019.09.10-04.07.02:311][  0]LogConfig: Setting CVar [[r.SSS.HalfRes:1]]
[2019.09.10-04.07.02:311][  0]LogConfig: Setting CVar [[r.EmitterSpawnRateScale:1.0]]
[2019.09.10-04.07.02:311][  0]LogConfig: Setting CVar [[r.ParticleLightQuality:2]]
[2019.09.10-04.07.02:311][  0]LogConfig: Applying CVar settings from Section [FoliageQuality@3] File [G:/Epic Games/UnrealProjects/CoopVR/Saved/Config/Windows/Scalability.ini]
[2019.09.10-04.07.02:311][  0]LogConfig: Setting CVar [[foliage.DensityScale:1.0]]
[2019.09.10-04.07.02:311][  0]LogConfig: Setting CVar [[grass.DensityScale:1.0]]
[2019.09.10-04.07.02:311][  0]LogInit: Selected Device Profile: [Windows]
[2019.09.10-04.07.02:311][  0]LogInit: Applying CVar settings loaded from the selected device profile: [Windows]
[2019.09.10-04.07.02:318][  0]LogHAL: Display: Platform has ~ 16 GB [17124184064 / 17179869184 / 16], which maps to Larger [LargestMinGB=32, LargerMinGB=12, DefaultMinGB=8, SmallerMinGB=6, SmallestMinGB=0)
[2019.09.10-04.07.02:318][  0]LogConfig: Setting CVar [[r.Vulkan.UseRealUBs:0		; Required until we fix HLR fall-out]]
[2019.09.10-04.07.02:318][  0]LogInit: Going up to parent DeviceProfile []
[2019.09.10-04.07.02:318][  0]LogConfig: Applying CVar settings from Section [ViewDistanceQuality@3] File [G:/Epic Games/UnrealProjects/CoopVR/Saved/Config/Windows/Scalability.ini]
[2019.09.10-04.07.02:318][  0]LogConfig: Setting CVar [[r.SkeletalMeshLODBias:0]]
[2019.09.10-04.07.02:318][  0]LogConfig: Setting CVar [[r.ViewDistanceScale:1.0]]
[2019.09.10-04.07.02:318][  0]LogConfig: Applying CVar settings from Section [AntiAliasingQuality@3] File [G:/Epic Games/UnrealProjects/CoopVR/Saved/Config/Windows/Scalability.ini]
[2019.09.10-04.07.02:318][  0]LogConfig: Setting CVar [[r.PostProcessAAQuality:4]]
[2019.09.10-04.07.02:318][  0]LogConfig: Applying CVar settings from Section [ShadowQuality@3] File [G:/Epic Games/UnrealProjects/CoopVR/Saved/Config/Windows/Scalability.ini]
[2019.09.10-04.07.02:318][  0]LogConfig: Setting CVar [[r.LightFunctionQuality:1]]
[2019.09.10-04.07.02:318][  0]LogConfig: Setting CVar [[r.ShadowQuality:5]]
[2019.09.10-04.07.02:318][  0]LogConfig: Setting CVar [[r.Shadow.CSM.MaxCascades:10]]
[2019.09.10-04.07.02:319][  0]LogConfig: Setting CVar [[r.Shadow.MaxResolution:2048]]
[2019.09.10-04.07.02:319][  0]LogConfig: Setting CVar [[r.Shadow.MaxCSMResolution:2048]]
[2019.09.10-04.07.02:319][  0]LogConfig: Setting CVar [[r.Shadow.RadiusThreshold:0.01]]
[2019.09.10-04.07.02:319][  0]LogConfig: Setting CVar [[r.Shadow.DistanceScale:1.0]]
[2019.09.10-04.07.02:319][  0]LogConfig: Setting CVar [[r.Shadow.CSM.TransitionScale:1.0]]
[2019.09.10-04.07.02:319][  0]LogConfig: Setting CVar [[r.Shadow.PreShadowResolutionFactor:1.0]]
[2019.09.10-04.07.02:319][  0]LogConfig: Setting CVar [[r.DistanceFieldShadowing:1]]
[2019.09.10-04.07.02:319][  0]LogConfig: Setting CVar [[r.DistanceFieldAO:1]]
[2019.09.10-04.07.02:319][  0]LogConfig: Setting CVar [[r.AOQuality:2]]
[2019.09.10-04.07.02:319][  0]LogConfig: Setting CVar [[r.VolumetricFog:1]]
[2019.09.10-04.07.02:319][  0]LogConfig: Setting CVar [[r.VolumetricFog.GridPixelSize:8]]
[2019.09.10-04.07.02:319][  0]LogConfig: Setting CVar [[r.VolumetricFog.GridSizeZ:128]]
[2019.09.10-04.07.02:319][  0]LogConfig: Setting CVar [[r.VolumetricFog.HistoryMissSupersampleCount:4]]
[2019.09.10-04.07.02:319][  0]LogConfig: Setting CVar [[r.LightMaxDrawDistanceScale:1]]
[2019.09.10-04.07.02:319][  0]LogConfig: Setting CVar [[r.CapsuleShadows:1]]
[2019.09.10-04.07.02:319][  0]LogConfig: Applying CVar settings from Section [PostProcessQuality@3] File [G:/Epic Games/UnrealProjects/CoopVR/Saved/Config/Windows/Scalability.ini]
[2019.09.10-04.07.02:319][  0]LogConfig: Setting CVar [[r.MotionBlurQuality:4]]
[2019.09.10-04.07.02:319][  0]LogConfig: Setting CVar [[r.AmbientOcclusionMipLevelFactor:0.4]]
[2019.09.10-04.07.02:319][  0]LogConfig: Setting CVar [[r.AmbientOcclusionMaxQuality:100]]
[2019.09.10-04.07.02:319][  0]LogConfig: Setting CVar [[r.AmbientOcclusionLevels:-1]]
[2019.09.10-04.07.02:319][  0]LogConfig: Setting CVar [[r.AmbientOcclusionRadiusScale:1.0]]
[2019.09.10-04.07.02:319][  0]LogConfig: Setting CVar [[r.DepthOfFieldQuality:2]]
[2019.09.10-04.07.02:319][  0]LogConfig: Setting CVar [[r.RenderTargetPoolMin:400]]
[2019.09.10-04.07.02:319][  0]LogConfig: Setting CVar [[r.LensFlareQuality:2]]
[2019.09.10-04.07.02:319][  0]LogConfig: Setting CVar [[r.SceneColorFringeQuality:1]]
[2019.09.10-04.07.02:319][  0]LogConfig: Setting CVar [[r.EyeAdaptationQuality:2]]
[2019.09.10-04.07.02:319][  0]LogConfig: Setting CVar [[r.BloomQuality:5]]
[2019.09.10-04.07.02:319][  0]LogConfig: Setting CVar [[r.FastBlurThreshold:100]]
[2019.09.10-04.07.02:319][  0]LogConfig: Setting CVar [[r.Upscale.Quality:3]]
[2019.09.10-04.07.02:319][  0]LogConfig: Setting CVar [[r.Tonemapper.GrainQuantization:1]]
[2019.09.10-04.07.02:319][  0]LogConfig: Setting CVar [[r.LightShaftQuality:1]]
[2019.09.10-04.07.02:319][  0]LogConfig: Setting CVar [[r.Filter.SizeScale:1]]
[2019.09.10-04.07.02:319][  0]LogConfig: Setting CVar [[r.Tonemapper.Quality:5]]
[2019.09.10-04.07.02:319][  0]LogConfig: Setting CVar [[r.DOF.Gather.AccumulatorQuality:1        ; higher gathering accumulator quality]]
[2019.09.10-04.07.02:319][  0]LogConfig: Setting CVar [[r.DOF.Gather.PostfilterMethod:1          ; Median3x3 postfilering method]]
[2019.09.10-04.07.02:319][  0]LogConfig: Setting CVar [[r.DOF.Gather.EnableBokehSettings:0       ; no bokeh simulation when gathering]]
[2019.09.10-04.07.02:319][  0]LogConfig: Setting CVar [[r.DOF.Gather.RingCount:4                 ; medium number of samples when gathering]]
[2019.09.10-04.07.02:319][  0]LogConfig: Setting CVar [[r.DOF.Scatter.ForegroundCompositing:1    ; additive foreground scattering]]
[2019.09.10-04.07.02:319][  0]LogConfig: Setting CVar [[r.DOF.Scatter.BackgroundCompositing:2    ; additive background scattering]]
[2019.09.10-04.07.02:319][  0]LogConfig: Setting CVar [[r.DOF.Scatter.EnableBokehSettings:1      ; bokeh simulation when scattering]]
[2019.09.10-04.07.02:319][  0]LogConfig: Setting CVar [[r.DOF.Scatter.MaxSpriteRatio:0.1         ; only a maximum of 10% of scattered bokeh]]
[2019.09.10-04.07.02:319][  0]LogConfig: Setting CVar [[r.DOF.Recombine.Quality:1                ; cheap slight out of focus]]
[2019.09.10-04.07.02:319][  0]LogConfig: Setting CVar [[r.DOF.Recombine.EnableBokehSettings:0    ; no bokeh simulation on slight out of focus]]
[2019.09.10-04.07.02:319][  0]LogConfig: Setting CVar [[r.DOF.TemporalAAQuality:1                ; more stable temporal accumulation]]
[2019.09.10-04.07.02:319][  0]LogConfig: Setting CVar [[r.DOF.Kernel.MaxForegroundRadius:0.025]]
[2019.09.10-04.07.02:319][  0]LogConfig: Setting CVar [[r.DOF.Kernel.MaxBackgroundRadius:0.025]]
[2019.09.10-04.07.02:319][  0]LogConfig: Applying CVar settings from Section [TextureQuality@3] File [G:/Epic Games/UnrealProjects/CoopVR/Saved/Config/Windows/Scalability.ini]
[2019.09.10-04.07.02:319][  0]LogConfig: Setting CVar [[r.Streaming.MipBias:0]]
[2019.09.10-04.07.02:319][  0]LogConfig: Setting CVar [[r.Streaming.AmortizeCPUToGPUCopy:0]]
[2019.09.10-04.07.02:319][  0]LogConfig: Setting CVar [[r.Streaming.MaxNumTexturesToStreamPerFrame:0]]
[2019.09.10-04.07.02:319][  0]LogConfig: Setting CVar [[r.Streaming.Boost:1]]
[2019.09.10-04.07.02:319][  0]LogConfig: Setting CVar [[r.MaxAnisotropy:8]]
[2019.09.10-04.07.02:319][  0]LogConfig: Setting CVar [[r.Streaming.LimitPoolSizeToVRAM:0]]
[2019.09.10-04.07.02:319][  0]LogConfig: Setting CVar [[r.Streaming.PoolSize:1000]]
[2019.09.10-04.07.02:319][  0]LogConfig: Setting CVar [[r.Streaming.MaxEffectiveScreenSize:0]]
[2019.09.10-04.07.02:319][  0]LogConfig: Applying CVar settings from Section [EffectsQuality@3] File [G:/Epic Games/UnrealProjects/CoopVR/Saved/Config/Windows/Scalability.ini]
[2019.09.10-04.07.02:319][  0]LogConfig: Setting CVar [[r.TranslucencyLightingVolumeDim:64]]
[2019.09.10-04.07.02:319][  0]LogConfig: Setting CVar [[r.RefractionQuality:2]]
[2019.09.10-04.07.02:319][  0]LogConfig: Setting CVar [[r.SSR.Quality:3]]
[2019.09.10-04.07.02:319][  0]LogConfig: Setting CVar [[r.SceneColorFormat:4]]
[2019.09.10-04.07.02:319][  0]LogConfig: Setting CVar [[r.DetailMode:2]]
[2019.09.10-04.07.02:319][  0]LogConfig: Setting CVar [[r.TranslucencyVolumeBlur:1]]
[2019.09.10-04.07.02:319][  0]LogConfig: Setting CVar [[r.MaterialQualityLevel:1 ; High quality]]
[2019.09.10-04.07.02:319][  0]LogConfig: Setting CVar [[r.SSS.Scale:1]]
[2019.09.10-04.07.02:319][  0]LogConfig: Setting CVar [[r.SSS.SampleSet:2]]
[2019.09.10-04.07.02:319][  0]LogConfig: Setting CVar [[r.SSS.Quality:1]]
[2019.09.10-04.07.02:319][  0]LogConfig: Setting CVar [[r.SSS.HalfRes:1]]
[2019.09.10-04.07.02:319][  0]LogConfig: Setting CVar [[r.EmitterSpawnRateScale:1.0]]
[2019.09.10-04.07.02:319][  0]LogConfig: Setting CVar [[r.ParticleLightQuality:2]]
[2019.09.10-04.07.02:319][  0]LogConfig: Applying CVar settings from Section [FoliageQuality@3] File [G:/Epic Games/UnrealProjects/CoopVR/Saved/Config/Windows/Scalability.ini]
[2019.09.10-04.07.02:319][  0]LogConfig: Setting CVar [[foliage.DensityScale:1.0]]
[2019.09.10-04.07.02:319][  0]LogConfig: Setting CVar [[grass.DensityScale:1.0]]
[2019.09.10-04.07.02:319][  0]LogConfig: Applying CVar settings from Section [Startup] File [../../../Engine/Config/ConsoleVariables.ini]
[2019.09.10-04.07.02:320][  0]LogConfig: Setting CVar [[net.UseAdaptiveNetUpdateFrequency:0]]
[2019.09.10-04.07.02:320][  0]LogConfig: Setting CVar [[p.chaos.AllowCreatePhysxBodies:1]]
[2019.09.10-04.07.02:320][  0]LogConfig: Applying CVar settings from Section [ConsoleVariables] File [G:/Epic Games/UnrealProjects/CoopVR/Saved/Config/Windows/Engine.ini]
[2019.09.10-04.07.02:320][  0]LogInit: Computer: DESKTOP-21FRT5R
[2019.09.10-04.07.02:320][  0]LogInit: User: broki
[2019.09.10-04.07.02:320][  0]LogInit: CPU Page size=4096, Cores=4
[2019.09.10-04.07.02:320][  0]LogInit: High frequency timer resolution =3.417995 MHz
[2019.09.10-04.07.02:320][  0]LogMemory: Memory total: Physical=15.9GB (16GB approx)
[2019.09.10-04.07.02:320][  0]LogMemory: Platform Memory Stats for Windows
[2019.09.10-04.07.02:320][  0]LogMemory: Process Physical Memory: 128.49 MB used, 128.49 MB peak
[2019.09.10-04.07.02:320][  0]LogMemory: Process Virtual Memory: 112.37 MB used, 112.37 MB peak
[2019.09.10-04.07.02:320][  0]LogMemory: Physical Memory: 5601.19 MB used,  10729.70 MB free, 16330.89 MB total
[2019.09.10-04.07.02:320][  0]LogMemory: Virtual Memory: 4774.22 MB used,  134212952.00 MB free, 134217728.00 MB total
[2019.09.10-04.07.02:371][  0]LogInit: Using OS detected language (en-US).
[2019.09.10-04.07.02:371][  0]LogInit: Using OS detected locale (en-US).
[2019.09.10-04.07.02:372][  0]LogTextLocalizationManager: No specific localization for 'en-US' exists, so the 'en' localization will be used.
[2019.09.10-04.07.02:587][  0]LogSlate: New Slate User Created.  User Index 0, Is Virtual User: 0
[2019.09.10-04.07.02:587][  0]LogSlate: Slate User Registered.  User Index 0, Is Virtual User: 0
[2019.09.10-04.07.07:422][  0]LogD3D11RHI: D3D11 adapters:
[2019.09.10-04.07.07:588][  0]LogD3D11RHI:    0. 'NVIDIA GeForce RTX 2070' (Feature Level 11_0)
[2019.09.10-04.07.07:588][  0]LogD3D11RHI:       8031/0/8165 MB DedicatedVideo/DedicatedSystem/SharedSystem, Outputs:2, VendorId:0x10de
[2019.09.10-04.07.07:595][  0]LogD3D11RHI:    1. 'Microsoft Basic Render Driver' (Feature Level 11_0)
[2019.09.10-04.07.07:595][  0]LogD3D11RHI:       0/0/8165 MB DedicatedVideo/DedicatedSystem/SharedSystem, Outputs:0, VendorId:0x1414
[2019.09.10-04.07.07:595][  0]LogD3D11RHI: Chosen D3D11 Adapter: 0
[2019.09.10-04.07.07:612][  0]LogD3D11RHI: Creating new Direct3DDevice
[2019.09.10-04.07.07:613][  0]LogD3D11RHI:     GPU DeviceId: 0x1f02 (for the marketing name, search the web for "GPU Device Id")
[2019.09.10-04.07.07:613][  0]LogWindows: EnumDisplayDevices:
[2019.09.10-04.07.07:613][  0]LogWindows:    0. 'NVIDIA GeForce RTX 2070' (P:1 D:1)
[2019.09.10-04.07.07:614][  0]LogWindows:    1. 'NVIDIA GeForce RTX 2070' (P:0 D:1)
[2019.09.10-04.07.07:615][  0]LogWindows:    2. 'NVIDIA GeForce RTX 2070' (P:0 D:0)
[2019.09.10-04.07.07:616][  0]LogWindows:    3. 'NVIDIA GeForce RTX 2070' (P:0 D:0)
[2019.09.10-04.07.07:617][  0]LogWindows: DebugString: FoundDriverCount:4 
[2019.09.10-04.07.07:617][  0]LogD3D11RHI:     Adapter Name: NVIDIA GeForce RTX 2070
[2019.09.10-04.07.07:617][  0]LogD3D11RHI:   Driver Version: 431.36 (internal:26.21.14.3136, unified:431.36)
[2019.09.10-04.07.07:617][  0]LogD3D11RHI:      Driver Date: 7-3-2019
[2019.09.10-04.07.07:617][  0]LogRHI: Texture pool is 5621 MB (70% of 8031 MB)
[2019.09.10-04.07.07:736][  0]LogD3D11RHI: Async texture creation enabled
[2019.09.10-04.07.07:756][  0]LogRendererCore: FGlobalReadBuffer::InitRHI
[2019.09.10-04.07.07:756][  0]LogRendererCore: FGlobalReadBuffer::InitRHI
[2019.09.10-04.07.07:756][  0]LogRendererCore: FGlobalReadBuffer::InitRHI
[2019.09.10-04.07.07:765][  0]LogD3D11RHI: GPU Timing Frequency: 1000.000000 (Debug: 2 1)
[2019.09.10-04.07.08:605][  0]LogTemp: Display: Module 'WindowsClientTargetPlatform' loaded TargetPlatform 'WindowsClient'
[2019.09.10-04.07.08:635][  0]LogTemp: Display: Module 'WindowsNoEditorTargetPlatform' loaded TargetPlatform 'WindowsNoEditor'
[2019.09.10-04.07.08:670][  0]LogTemp: Display: Module 'WindowsServerTargetPlatform' loaded TargetPlatform 'WindowsServer'
[2019.09.10-04.07.08:687][  0]LogTemp: Display: Module 'WindowsTargetPlatform' loaded TargetPlatform 'Windows'
[2019.09.10-04.07.08:687][  0]LogTargetPlatformManager: Display: Building Assets For Windows
[2019.09.10-04.07.08:713][  0]LogAudioDebug: Display: Lib vorbis DLL was dynamically loaded.
[2019.09.10-04.07.08:850][  0]LogShaderCompilers: Guid format shader working directory is 11 characters bigger than the processId version (G:/Epic Games/UnrealProjects/CoopVR/Intermediate/Shaders/WorkingDirectory/3604/).
[2019.09.10-04.07.08:851][  0]LogShaderCompilers: Cleaned the shader compiler working directory 'C:/Users/broki/AppData/Local/Temp/UnrealShaderWorkingDir/C94324B444906731ED4CDA8113A79093/'.
[2019.09.10-04.07.08:859][  0]LogXGEController: Cleaning working directory: C:/Users/broki/AppData/Local/Temp/UnrealXGEWorkingDir/
[2019.09.10-04.07.08:859][  0]LogXGEController: Cannot use XGE Controller as Incredibuild is not installed on this machine.
[2019.09.10-04.07.08:859][  0]LogShaderCompilers: Cannot use XGE Shader Compiler as Incredibuild is not installed on this machine.
[2019.09.10-04.07.08:859][  0]LogShaderCompilers: Display: Using Local Shader Compiler.
[2019.09.10-04.07.09:783][  0]LogDerivedDataCache: Display: Max Cache Size: 512 MB
[2019.09.10-04.07.09:865][  0]LogDerivedDataCache: Loaded boot cache 0.08s 72MB C:/Users/broki/AppData/Local/UnrealEngine/4.22/DerivedDataCache/Boot.ddc.
[2019.09.10-04.07.09:865][  0]LogDerivedDataCache: Display: Loaded Boot cache: C:/Users/broki/AppData/Local/UnrealEngine/4.22/DerivedDataCache/Boot.ddc
[2019.09.10-04.07.09:865][  0]LogDerivedDataCache: FDerivedDataBackendGraph:  Pak pak cache file G:/Epic Games/UnrealProjects/CoopVR/DerivedDataCache/DDC.ddp not found, will not use a pak cache.
[2019.09.10-04.07.09:865][  0]LogDerivedDataCache: Unable to find inner node Pak for hierarchical cache Hierarchy.
[2019.09.10-04.07.09:865][  0]LogDerivedDataCache: FDerivedDataBackendGraph:  CompressedPak pak cache file G:/Epic Games/UnrealProjects/CoopVR/DerivedDataCache/Compressed.ddp not found, will not use a pak cache.
[2019.09.10-04.07.09:865][  0]LogDerivedDataCache: Unable to find inner node CompressedPak for hierarchical cache Hierarchy.
[2019.09.10-04.07.09:879][  0]LogDerivedDataCache: Display: Pak cache opened for reading ../../../Engine/DerivedDataCache/Compressed.ddp.
[2019.09.10-04.07.09:882][  0]LogDerivedDataCache: Display: Pak cache opened for reading ../../../Enterprise/DerivedDataCache/Compressed.ddp.
[2019.09.10-04.07.09:895][  0]LogDerivedDataCache: Using Local data cache path C:/Users/broki/AppData/Local/UnrealEngine/Common/DerivedDataCache: Writable
[2019.09.10-04.07.09:895][  0]LogDerivedDataCache: Shared data cache path not found in *engine.ini, will not use an Shared cache.
[2019.09.10-04.07.09:895][  0]LogDerivedDataCache: Unable to find inner node Shared for hierarchical cache Hierarchy.
[2019.09.10-04.07.09:924][  0]LogMaterial: Verifying Global Shaders for PCD3D_SM5
[2019.09.10-04.07.09:926][  0]LogSlate: Using FreeType 2.6.0
[2019.09.10-04.07.09:927][  0]LogSlate: SlateFontServices - WITH_FREETYPE: 1, WITH_HARFBUZZ: 1
[2019.09.10-04.07.10:138][  0]LogInit: Using OS detected language (en-US).
[2019.09.10-04.07.10:138][  0]LogInit: Using OS detected locale (en-US).
[2019.09.10-04.07.10:138][  0]LogTextLocalizationManager: No localization for 'en-US' exists, so 'en' will be used for the language.
[2019.09.10-04.07.10:138][  0]LogTextLocalizationManager: No localization for 'en-US' exists, so 'en' will be used for the locale.
[2019.09.10-04.07.10:138][  0]LogSlate: FontCache flush requested. Reason: Culture for localization was changed
[2019.09.10-04.07.10:138][  0]LogSlate: FontCache flush requested. Reason: Culture for localization was changed
[2019.09.10-04.07.10:140][  0]LogTextLocalizationManager: Compacting localization data took   0.00ms
[2019.09.10-04.07.10:156][  0]LogAssetRegistry: FAssetRegistry took 0.0084 seconds to start up
[2019.09.10-04.07.10:578][  0]LogPackageLocalizationCache: Processed 16 localized package path(s) for 1 prioritized culture(s) in 0.021019 seconds
[2019.09.10-04.07.10:806][  0]LogInit: Selected Device Profile: [Windows]
[2019.09.10-04.07.10:930][  0]LogMeshReduction: Using QuadricMeshReduction for automatic static mesh reduction
[2019.09.10-04.07.10:930][  0]LogMeshReduction: Using SimplygonMeshReduction for automatic skeletal mesh reduction
[2019.09.10-04.07.10:930][  0]LogMeshReduction: Using ProxyLODMeshReduction for automatic mesh merging
[2019.09.10-04.07.10:930][  0]LogMeshReduction: No distributed automatic mesh merging module available
[2019.09.10-04.07.10:931][  0]LogMeshMerging: No distributed automatic mesh merging module available
[2019.09.10-04.07.11:051][  0]LogNetVersion: CoopVR 1.0.0, NetCL: 5660361, EngineNetVer: 10, GameNetVer: 0 (Checksum: 1173904992)
[2019.09.10-04.07.11:984][  0]LogMoviePlayer: Initializing movie player
[2019.09.10-04.07.12:223][  0]SourceControl: Source control is disabled
[2019.09.10-04.07.12:223][  0]SourceControl: Source control is disabled
[2019.09.10-04.07.12:226][  0]SourceControl: Source control is disabled
[2019.09.10-04.07.12:339][  0]LogAndroidPermission: UAndroidPermissionCallbackProxy::GetInstance
[2019.09.10-04.07.12:803][  0]LogOcInput: OculusInput pre-init called
[2019.09.10-04.07.12:822][  0]LogUObjectArray: 46468 objects as part of root set at end of initial load.
[2019.09.10-04.07.12:822][  0]LogUObjectAllocator: 8170472 out of 0 bytes used by permanent object pool.
[2019.09.10-04.07.12:822][  0]LogUObjectArray: CloseDisregardForGC: 0/0 objects in disregard for GC pool
[2019.09.10-04.07.12:987][  0]LogEngine: Initializing Engine...
[2019.09.10-04.07.12:999][  0]LogHMD: SteamVR initialized.  Driver: lighthouse  Display: LHR-4883A031
[2019.09.10-04.07.13:012][  0]LogStats: UGameplayTagsManager::InitializeManager -  0.000 s
[2019.09.10-04.07.13:199][  0]LogInit: Initializing FReadOnlyCVARCache
[2019.09.10-04.07.13:342][  0]LogInit: XAudio2 using 'Speakers (8- HTC Vive)' : 2 channels at 44.1 kHz using 16 bits per sample (channel mask 0x3)
[2019.09.10-04.07.13:366][  0]LogInit: FAudioDevice initialized.
[2019.09.10-04.07.13:377][  0]LogNetVersion: Set ProjectVersion to 1.0.0.0. Version Checksum will be recalculated on next use.
[2019.09.10-04.07.13:494][  0]LogDerivedDataCache: Saved boot cache 0.12s 72MB C:/Users/broki/AppData/Local/UnrealEngine/4.22/DerivedDataCache/Boot.ddc.
[2019.09.10-04.07.13:513][  0]LogInit: Texture streaming: Enabled
[2019.09.10-04.07.13:682][  0]LogConsoleManager: Warning: Setting the console variable 'r.VSync' with 'SetByGameSetting' was ignored as it is lower priority than the previous 'SetByCode'. Value remains '0'
[2019.09.10-04.07.14:051][  0]LogSlate: Updating window title bar state: overlay mode, drag disabled, window buttons hidden, title bar hidden
[2019.09.10-04.07.14:051][  0]LogInit: Display: Game Engine Initialized.
[2019.09.10-04.07.14:126][  0]LogInit: Display: Starting Game.
[2019.09.10-04.07.14:126][  0]LogNet: Browse: /Game/Maps/MainMenu?Name=Player
[2019.09.10-04.07.14:126][  0]LogLoad: LoadMap: /Game/Maps/MainMenu?Name=Player
[2019.09.10-04.07.14:155][  0]LogUObjectHash: Compacting FUObjectHashTables data took   2.38ms
[2019.09.10-04.07.14:187][  0]LogAIModule: Creating AISystem for world MainMenu
[2019.09.10-04.07.14:858][  0]LogLoad: Game class is 'ThirdPersonGameMode_C'
[2019.09.10-04.07.14:859][  0]LogWorld: Bringing World /Game/Maps/MainMenu.MainMenu up for play (max tick rate 0) at 2019.09.09-21.07.14
[2019.09.10-04.07.14:860][  0]LogWorld: Bringing up level for play took: 0.000619
[2019.09.10-04.07.14:861][  0]LogGameMode: FindPlayerStart: PATHS NOT DEFINED or NO PLAYERSTART with positive rating
[2019.09.10-04.07.14:871][  0]LogLoad: Took 0.744507 seconds to LoadMap(/Game/Maps/MainMenu)
[2019.09.10-04.07.14:950][  0]LogRenderer: Reallocating scene render targets to support 2048x1152 Format 10 NumSamples 1 (Frame:1).
[2019.09.10-04.07.14:950][  0]LogLoad: (Engine Initialization) Total time: 16.33 seconds
[2019.09.10-04.07.14:950][  0]LogLoad: (Engine Initialization) Total Blueprint compile time: 0.00 seconds
[2019.09.10-04.07.14:968][  0]LogWindowsTextInputMethodSystem: Display: IME system now deactivated.
[2019.09.10-04.07.14:976][  0]LogContentStreaming: Texture pool size now 1000 MB
[2019.09.10-04.07.16:972][124]LogSlate: FSceneViewport::OnFocusLost() reason 0
[2019.09.10-04.07.17:073][130]LogSlate: Took 0.000329 seconds to synchronously load lazily loaded font '../../../Engine/Content/Slate/Fonts/Roboto-Regular.ttf' (155K)
[2019.09.10-04.07.20:571][348]LogOnlineSession: Verbose: OSS: dumping NamedSession: 
[2019.09.10-04.07.20:571][348]LogOnlineSession: Verbose: OSS: 	SessionName: GameSession
[2019.09.10-04.07.20:571][348]LogOnlineSession: Verbose: OSS: 	HostingPlayerNum: 0
[2019.09.10-04.07.20:571][348]LogOnlineSession: Verbose: OSS: 	SessionState: Pending
[2019.09.10-04.07.20:571][348]LogOnlineSession: Verbose: OSS: 	RegisteredPlayers: 
[2019.09.10-04.07.20:571][348]LogOnlineSession: Verbose: OSS: 	    0 registered players
[2019.09.10-04.07.20:571][348]LogOnlineSession: Verbose: OSS: dumping Session: 
[2019.09.10-04.07.20:571][348]LogOnlineSession: Verbose: OSS: 	OwningPlayerName: lookachoo
[2019.09.10-04.07.20:571][348]LogOnlineSession: Verbose: OSS: 	OwningPlayerId: lookachoo [0x1EF70DBF520]
[2019.09.10-04.07.20:571][348]LogOnlineSession: Verbose: OSS: 	NumOpenPrivateConnections: 0
[2019.09.10-04.07.20:571][348]LogOnlineSession: Verbose: OSS: 	NumOpenPublicConnections: 1
[2019.09.10-04.07.20:571][348]LogOnlineSession: Verbose: OSS: 	SessionInfo: HostIP: INVALID SteamP2P: 76561198042121704:7777 Type: Lobby session SessionId: Lobby[0x18600000165AA5C]
[2019.09.10-04.07.20:571][348]LogOnlineSession: Verbose: OSS: dumping SessionSettings: 
[2019.09.10-04.07.20:571][348]LogOnlineSession: Verbose: OSS: 	NumPublicConnections: 2
[2019.09.10-04.07.20:571][348]LogOnlineSession: Verbose: OSS: 	NumPrivateConnections: 0
[2019.09.10-04.07.20:571][348]LogOnlineSession: Verbose: OSS: 	bIsLanMatch: false
[2019.09.10-04.07.20:571][348]LogOnlineSession: Verbose: OSS: 	bIsDedicated: false
[2019.09.10-04.07.20:571][348]LogOnlineSession: Verbose: OSS: 	bUsesStats: false
[2019.09.10-04.07.20:571][348]LogOnlineSession: Verbose: OSS: 	bShouldAdvertise: true
[2019.09.10-04.07.20:571][348]LogOnlineSession: Verbose: OSS: 	bAllowJoinInProgress: true
[2019.09.10-04.07.20:571][348]LogOnlineSession: Verbose: OSS: 	bAllowInvites: false
[2019.09.10-04.07.20:571][348]LogOnlineSession: Verbose: OSS: 	bUsesPresence: true
[2019.09.10-04.07.20:571][348]LogOnlineSession: Verbose: OSS: 	bAllowJoinViaPresence: true
[2019.09.10-04.07.20:571][348]LogOnlineSession: Verbose: OSS: 	bAllowJoinViaPresenceFriendsOnly: false
[2019.09.10-04.07.20:571][348]LogOnlineSession: Verbose: OSS: 	BuildUniqueId: 0x00565ec9
[2019.09.10-04.07.20:571][348]LogOnlineSession: Verbose: OSS: 	Settings:
[2019.09.10-04.07.20:875][348]LogPackageName: SearchForPackageOnDisk took   0.303s to resolve Lobby.umap.
[2019.09.10-04.07.21:189][348]LogPackageName: SearchForPackageOnDisk took   0.312s to resolve Lobby.umap.
[2019.09.10-04.07.21:189][348]LogNet: Browse: /Game/Maps/Lobby?listen
[2019.09.10-04.07.21:189][348]LogLoad: LoadMap: /Game/Maps/Lobby?listen
[2019.09.10-04.07.21:219][348]LogUObjectHash: Compacting FUObjectHashTables data took   2.70ms
[2019.09.10-04.07.24:101][348]LogAIModule: Creating AISystem for world Lobby
[2019.09.10-04.07.24:101][348]LogLoad: Game class is 'LobbyGM_C'
[2019.09.10-04.07.24:102][348]LogTemp: Display: ParseSettings for GameNetDriver
[2019.09.10-04.07.24:102][348]LogTemp: Display: ParseSettings for SteamNetDriver_0
[2019.09.10-04.07.24:102][348]LogTemp: Display: ParseSettings for GameNetDriver
[2019.09.10-04.07.24:102][348]LogNet: ReplicationDriverClass is null! Not using ReplicationDriver.
[2019.09.10-04.07.24:102][348]PacketHandlerLog: DDoS detection status: detection enabled: 0 analytics enabled: 0
[2019.09.10-04.07.24:102][348]LogNet: Display: SteamNetDriver_0 bound to port 7777
[2019.09.10-04.07.24:102][348]PacketHandlerLog: Loaded PacketHandler component: Engine.EngineHandlerComponentFactory (StatelessConnectHandlerComponent)
[2019.09.10-04.07.24:102][348]LogNet: GameNetDriver SteamNetDriver_0 IpNetDriver listening on port 7777
[2019.09.10-04.07.24:109][348]LogWorld: Bringing World /Game/Maps/Lobby.Lobby up for play (max tick rate 0) at 2019.09.09-21.07.24
[2019.09.10-04.07.24:110][348]LogWorld: Bringing up level for play took: 0.006389
[2019.09.10-04.07.24:131][348]LogLoad: Took 2.942707 seconds to LoadMap(/Game/Maps/Lobby)
[2019.09.10-04.07.29:357][671]PIE: Warning: This widget does not support focus.  If this is a UserWidget, you should set bIsFocusable to true.
[2019.09.10-04.07.30:297][727]LogRenderer: Reallocating scene render targets to support 2160x1200 Format 10 NumSamples 1 (Frame:381).
[2019.09.10-04.07.30:338][728]LogRenderer: Reallocating scene render targets to support 3704x2056 Format 10 NumSamples 1 (Frame:382).
[2019.09.10-04.07.30:378][729]LogProfilingDebugging: Allocated a 1024 x 1024 texture for HMD canvas layer
[2019.09.10-04.08.51:424][941]LogOnlineSession: STEAM: Updating lobby joinability to false.
[2019.09.10-04.08.51:827][977]LogOnline: STEAM: Adding P2P connection information with user 76561198985156413 (Name: minamejep [0x1EF7CDF45E0])
[2019.09.10-04.08.55:301][288]LogNet: NotifyAcceptingConnection accepted from: 76561198985156413:7777
[2019.09.10-04.08.55:302][288]LogHandshake: SendConnectChallenge. Timestamp: 94.732185, Cookie: 177254195185142071109108183205205121182152020204249089074102
[2019.09.10-04.08.55:302][288]LogNet: NotifyAcceptingConnection accepted from: 76561198985156413:7777
[2019.09.10-04.08.55:302][288]LogHandshake: SendConnectChallenge. Timestamp: 94.732185, Cookie: 177254195185142071109108183205205121182152020204249089074102
[2019.09.10-04.08.55:302][288]LogNet: NotifyAcceptingConnection accepted from: 76561198985156413:7777
[2019.09.10-04.08.55:302][288]LogHandshake: SendConnectChallenge. Timestamp: 94.732185, Cookie: 177254195185142071109108183205205121182152020204249089074102
[2019.09.10-04.08.55:302][288]LogNet: NotifyAcceptingConnection accepted from: 76561198985156413:7777
[2019.09.10-04.08.55:302][288]LogHandshake: SendConnectChallenge. Timestamp: 94.732185, Cookie: 177254195185142071109108183205205121182152020204249089074102
[2019.09.10-04.08.55:312][289]LogNet: NotifyAcceptingConnection accepted from: 76561198985156413:7777
[2019.09.10-04.08.55:312][289]LogHandshake: SendChallengeAck. InCookie: 177254195185142071109108183205205121182152020204249089074102
[2019.09.10-04.08.55:312][289]LogNet: Server accepting post-challenge connection from: 76561198985156413:7777
[2019.09.10-04.08.55:313][289]PacketHandlerLog: Loaded PacketHandler component: Engine.EngineHandlerComponentFactory (StatelessConnectHandlerComponent)
[2019.09.10-04.08.55:316][289]LogOnline: STEAM: Adding user 76561198985156413:7777 from RegisterConnection
[2019.09.10-04.08.55:316][289]LogNet: NotifyAcceptedConnection: Name: Lobby, TimeStamp: 09/09/19 21:08:55, [UNetConnection] RemoteAddr: 76561198985156413:7777, Name: SteamNetConnection_0, Driver: GameNetDriver SteamNetDriver_0, IsServer: YES, PC: NULL, Owner: NULL, UniqueId: INVALID
[2019.09.10-04.08.55:316][289]LogNet: AddClientConnection: Added client connection: [UNetConnection] RemoteAddr: 76561198985156413:7777, Name: SteamNetConnection_0, Driver: GameNetDriver SteamNetDriver_0, IsServer: YES, PC: NULL, Owner: NULL, UniqueId: INVALID
[2019.09.10-04.08.55:316][289]LogHandshake: Received unexpected post-connect handshake packet - resending ack for LastChallengeSuccessAddress 76561198985156413:7777 and LastCookie 177254195185142071109108183205205121182152020204249089074102.
[2019.09.10-04.08.55:317][289]LogHandshake: SendChallengeAck. InCookie: 177254195185142071109108183205205121182152020204249089074102
[2019.09.10-04.08.55:317][289]LogHandshake: Received unexpected post-connect handshake packet - resending ack for LastChallengeSuccessAddress 76561198985156413:7777 and LastCookie 177254195185142071109108183205205121182152020204249089074102.
[2019.09.10-04.08.55:317][289]LogHandshake: SendChallengeAck. InCookie: 177254195185142071109108183205205121182152020204249089074102
[2019.09.10-04.08.55:317][289]LogHandshake: Received unexpected post-connect handshake packet - resending ack for LastChallengeSuccessAddress 76561198985156413:7777 and LastCookie 177254195185142071109108183205205121182152020204249089074102.
[2019.09.10-04.08.55:317][289]LogHandshake: SendChallengeAck. InCookie: 177254195185142071109108183205205121182152020204249089074102
[2019.09.10-04.08.55:335][291]LogNet: NotifyAcceptingChannel Control 0 server World /Game/Maps/Lobby.Lobby: Accepted
[2019.09.10-04.08.55:335][291]LogNet: Remote platform little endian=1
[2019.09.10-04.08.55:335][291]LogNet: This platform little endian=1
[2019.09.10-04.08.55:335][291]LogNetVersion: CoopVR 1.0.0.0, NetCL: 5660361, EngineNetVer: 10, GameNetVer: 0 (Checksum: 1225428817)
[2019.09.10-04.08.55:346][292]LogNet: Login request: /Game/Maps/MainMenu?Name=minamejep userId: STEAM:minamejep [0x1EF7CDF45E0] platform: STEAM
[2019.09.10-04.08.55:371][294]LogNet: Client netspeed is 10000
[2019.09.10-04.08.58:931][613]LogNet: Join request: /Game/Maps/MainMenu?Name=minamejep?SplitscreenCount=1
[2019.09.10-04.08.58:936][613]LogNet: Join succeeded: minamejep
[2019.09.10-04.09.00:730][774]LogScript: Warning: UGameplayStatics::BeginSpawningActorFromClass: can not spawn an actor from a NULL class
[2019.09.10-04.09.06:537][294]LogScript: Warning: UGameplayStatics::BeginSpawningActorFromClass: can not spawn an actor from a NULL class
[2019.09.10-04.09.10:528][650]LogSlate: FSceneViewport::OnFocusLost() reason 2
[2019.09.10-04.09.12:043][786]LogSlate: FSceneViewport::OnFocusLost() reason 0
[2019.09.10-04.09.12:122][793]PIE: Warning: This widget does not support focus.  If this is a UserWidget, you should set bIsFocusable to true.
[2019.09.10-04.09.12:911][858]LogRenderer: Reallocating scene render targets to support 2048x1152 Format 10 NumSamples 1 (Frame:9512).
[2019.09.10-04.09.22:224][435]PIE: Warning: This widget does not support focus.  If this is a UserWidget, you should set bIsFocusable to true.
[2019.09.10-04.09.22:866][472]LogRenderer: Reallocating scene render targets to support 2160x1200 Format 10 NumSamples 1 (Frame:10128).
[2019.09.10-04.09.22:898][473]LogRenderer: Reallocating scene render targets to support 3704x2056 Format 10 NumSamples 1 (Frame:10129).
[2019.09.10-04.09.22:926][474]LogProfilingDebugging: Allocated a 1024 x 1024 texture for HMD canvas layer
[2019.09.10-04.10.39:159][260]LogSlate: FSceneViewport::OnFocusLost() reason 2
[2019.09.10-04.10.41:159][439]LogSlate: FSceneViewport::OnFocusLost() reason 2
[2019.09.10-04.10.44:507][739]LogSlate: FSceneViewport::OnFocusLost() reason 0
[2019.09.10-04.10.44:773][763]LogOnline: STEAM: AUTH: Revoking all tickets.
[2019.09.10-04.10.45:069][763]LogPackageName: SearchForPackageOnDisk took   0.295s to resolve MainMenu.umap.
[2019.09.10-04.10.45:352][763]LogPackageName: SearchForPackageOnDisk took   0.283s to resolve MainMenu.umap.
[2019.09.10-04.10.45:352][763]LogNet: Browse: /Game/Maps/MainMenu
[2019.09.10-04.10.45:352][763]LogLoad: LoadMap: /Game/Maps/MainMenu
[2019.09.10-04.10.45:353][763]LogNet: World NetDriver shutdown SteamNetDriver_0 [GameNetDriver]
[2019.09.10-04.10.45:353][763]LogNet: DestroyNamedNetDriver SteamNetDriver_0 [GameNetDriver]
[2019.09.10-04.10.45:354][763]LogNet: UNetConnection::Cleanup: Closing open connection. [UNetConnection] RemoteAddr: 76561198985156413:7777, Name: SteamNetConnection_0, Driver: GameNetDriver SteamNetDriver_0, IsServer: YES, PC: LobbyPC_C_1, Owner: LobbyPC_C_1, UniqueId: STEAM:minamejep [0x1EF54531AE0]
[2019.09.10-04.10.45:354][763]LogNet: UNetConnection::Close: [UNetConnection] RemoteAddr: 76561198985156413:7777, Name: SteamNetConnection_0, Driver: GameNetDriver SteamNetDriver_0, IsServer: YES, PC: LobbyPC_C_1, Owner: LobbyPC_C_1, UniqueId: STEAM:minamejep [0x1EF54531AE0], Channels: 22, Time: 2019.09.10-04.10.45
[2019.09.10-04.10.45:354][763]LogNet: UChannel::Close: Sending CloseBunch. ChIndex == 0. Name: [UChannel] ChIndex: 0, Closing: 0 [UNetConnection] RemoteAddr: 76561198985156413:7777, Name: SteamNetConnection_0, Driver: GameNetDriver SteamNetDriver_0, IsServer: YES, PC: LobbyPC_C_1, Owner: LobbyPC_C_1, UniqueId: STEAM:minamejep [0x1EF54531AE0]
[2019.09.10-04.10.45:355][763]LogScript: Warning: Script Msg: DestroySession - Invalid player state
[2019.09.10-04.10.45:355][763]LogOnline: STEAM: Removing P2P Session Id: minamejep [0x1EF545318A0], Channel: 7777, IdleTime: 0.592
[2019.09.10-04.10.45:356][763]LogExit: GameNetDriver SteamNetDriver_0 shut down
[2019.09.10-04.10.45:357][763]LogScript: Warning: Script Msg: DestroySession - Invalid player state
[2019.09.10-04.10.45:416][763]LogUObjectHash: Compacting FUObjectHashTables data took   3.57ms
[2019.09.10-04.10.45:430][763]LogAIModule: Creating AISystem for world MainMenu
[2019.09.10-04.10.45:556][763]LogLoad: Game class is 'ThirdPersonGameMode_C'
[2019.09.10-04.10.45:557][763]LogWorld: Bringing World /Game/Maps/MainMenu.MainMenu up for play (max tick rate 0) at 2019.09.09-21.10.45
[2019.09.10-04.10.45:557][763]LogWorld: Bringing up level for play took: 0.000618
[2019.09.10-04.10.45:558][763]LogGameMode: FindPlayerStart: PATHS NOT DEFINED or NO PLAYERSTART with positive rating
[2019.09.10-04.10.45:560][763]LogLoad: Took 0.207792 seconds to LoadMap(/Game/Maps/MainMenu)
[2019.09.10-04.10.46:864][871]LogOnline: STEAM: Closing channel 7777 with user 76561198985156413
[2019.09.10-04.10.46:866][871]LogOnline: STEAM: 76561198985156413 has been removed.
[2019.09.10-04.11.06:413][618]Closing by request
[2019.09.10-04.11.06:413][618]LogWindows: FPlatformMisc::RequestExit(0)
[2019.09.10-04.11.06:413][618]LogSlate: FSceneViewport::OnFocusLost() reason 2
[2019.09.10-04.11.07:123][619]LogHMD: SteamVR Shutting down.
[2019.09.10-04.11.07:151][619]LogSlate: Window 'CoopVR (64-bit Development PCD3D_SM5) ' being destroyed
[2019.09.10-04.11.07:152][619]LogWindowsTextInputMethodSystem: Display: IME system now deactivated.
[2019.09.10-04.11.07:155][619]LogWindowsTextInputMethodSystem: Display: IME system now deactivated.
[2019.09.10-04.11.07:164][619]LogExit: Preparing to exit.
[2019.09.10-04.11.07:165][619]LogMoviePlayer: Shutting down movie player
[2019.09.10-04.11.07:183][619]LogSlate: Updating window title bar state: overlay mode, drag disabled, window buttons hidden, title bar hidden
[2019.09.10-04.11.07:194][619]LogExit: Game engine shut down
[2019.09.10-04.11.07:266][619]LogExit: Object subsystem successfully closed.
[2019.09.10-04.11.07:287][619]LogShaderCompilers: Display: Shaders left to compile 0
[2019.09.10-04.11.07:291][619]LogD3D11RHI: Shutdown
[2019.09.10-04.11.07:291][619]LogD3D11RHI: CleanupD3DDevice
[2019.09.10-04.11.07:291][619]LogRendererCore: FGlobalReadBuffer::ReleaseRHI
[2019.09.10-04.11.07:291][619]LogRendererCore: FGlobalDynamicReadBuffer::Cleanup()
[2019.09.10-04.11.07:291][619]LogRendererCore: FGlobalReadBuffer::ReleaseRHI
[2019.09.10-04.11.07:291][619]LogRendererCore: FGlobalDynamicReadBuffer::Cleanup()
[2019.09.10-04.11.07:291][619]LogRendererCore: FGlobalReadBuffer::ReleaseRHI
[2019.09.10-04.11.07:291][619]LogRendererCore: FGlobalDynamicReadBuffer::Cleanup()
[2019.09.10-04.11.07:292][619]LogD3D11RHI: ~FD3D11DynamicRHI
[2019.09.10-04.11.07:314][619]LogModuleManager: Shutting down and abandoning module SequenceRecorderSections (402)
[2019.09.10-04.11.07:314][619]LogModuleManager: Shutting down and abandoning module SequenceRecorder (400)
[2019.09.10-04.11.07:314][619]LogModuleManager: Shutting down and abandoning module AutomationController (398)
[2019.09.10-04.11.07:314][619]LogModuleManager: Shutting down and abandoning module AutomationWorker (396)
[2019.09.10-04.11.07:314][619]LogModuleManager: Shutting down and abandoning module Voice (394)
[2019.09.10-04.11.07:314][619]LogModuleManager: Shutting down and abandoning module AIModule (392)
[2019.09.10-04.11.07:314][619]LogModuleManager: Shutting down and abandoning module GameplayDebugger (391)
[2019.09.10-04.11.07:314][619]LogModuleManager: Shutting down and abandoning module AITestSuite (389)
[2019.09.10-04.11.07:314][619]LogModuleManager: Shutting down and abandoning module NavigationSystem (387)
[2019.09.10-04.11.07:314][619]LogModuleManager: Shutting down and abandoning module OculusMR (384)
[2019.09.10-04.11.07:314][619]LogModuleManager: Shutting down and abandoning module WmfMediaFactory (382)
[2019.09.10-04.11.07:314][619]LogModuleManager: Shutting down and abandoning module WebMMediaFactory (380)
[2019.09.10-04.11.07:314][619]LogModuleManager: Shutting down and abandoning module WebMMedia (378)
[2019.09.10-04.11.07:314][619]LogModuleManager: Shutting down and abandoning module OpenExrWrapper (376)
[2019.09.10-04.11.07:314][619]LogModuleManager: Shutting down and abandoning module ImgMediaFactory (374)
[2019.09.10-04.11.07:314][619]LogModuleManager: Shutting down and abandoning module AvfMediaFactory (372)
[2019.09.10-04.11.07:314][619]LogModuleManager: Shutting down and abandoning module MagicLeapCameraPreviewFactory (370)
[2019.09.10-04.11.07:314][619]LogModuleManager: Shutting down and abandoning module MagicLeapMediaCodecFactory (368)
[2019.09.10-04.11.07:314][619]LogModuleManager: Shutting down and abandoning module MagicLeapMediaFactory (366)
[2019.09.10-04.11.07:314][619]LogModuleManager: Shutting down and abandoning module CharacterAI (364)
[2019.09.10-04.11.07:314][619]LogModuleManager: Shutting down and abandoning module SessionServices (362)
[2019.09.10-04.11.07:314][619]LogModuleManager: Shutting down and abandoning module MovieSceneCapture (360)
[2019.09.10-04.11.07:314][619]LogModuleManager: Shutting down and abandoning module LiveCoding (358)
[2019.09.10-04.11.07:314][619]LogModuleManager: Shutting down and abandoning module LevelSequence (356)
[2019.09.10-04.11.07:314][619]LogModuleManager: Shutting down and abandoning module MovieSceneTracks (354)
[2019.09.10-04.11.07:314][619]LogModuleManager: Shutting down and abandoning module MovieScene (352)
[2019.09.10-04.11.07:314][619]LogModuleManager: Shutting down and abandoning module StreamingPauseRendering (350)
[2019.09.10-04.11.07:314][619]LogModuleManager: Shutting down and abandoning module PortalServices (348)
[2019.09.10-04.11.07:314][619]LogModuleManager: Shutting down and abandoning module PortalRpc (346)
[2019.09.10-04.11.07:314][619]LogModuleManager: Shutting down and abandoning module MessagingRpc (344)
[2019.09.10-04.11.07:314][619]LogModuleManager: Shutting down and abandoning module ImageWriteQueue (342)
[2019.09.10-04.11.07:316][619]LogModuleManager: Shutting down and abandoning module ProfilerService (340)
[2019.09.10-04.11.07:386][619]LogModuleManager: Shutting down and abandoning module TaskGraph (338)
[2019.09.10-04.11.07:386][619]LogModuleManager: Shutting down and abandoning module SteamVRController (336)
[2019.09.10-04.11.07:386][619]LogModuleManager: Shutting down and abandoning module ProceduralMeshComponent (334)
[2019.09.10-04.11.07:386][619]LogModuleManager: Shutting down and abandoning module OculusInput (332)
[2019.09.10-04.11.07:386][619]LogModuleManager: Shutting down and abandoning module MobilePatchingUtils (330)
[2019.09.10-04.11.07:386][619]LogModuleManager: Shutting down and abandoning module EditableMesh (328)
[2019.09.10-04.11.07:386][619]LogModuleManager: Shutting down and abandoning module CustomMeshComponent (326)
[2019.09.10-04.11.07:386][619]LogModuleManager: Shutting down and abandoning module CableComponent (324)
[2019.09.10-04.11.07:386][619]LogModuleManager: Shutting down and abandoning module AudioCapture (322)
[2019.09.10-04.11.07:386][619]LogModuleManager: Shutting down and abandoning module ArchVisCharacter (320)
[2019.09.10-04.11.07:386][619]LogModuleManager: Shutting down and abandoning module AndroidPermission (318)
[2019.09.10-04.11.07:386][619]LogModuleManager: Shutting down and abandoning module NUTUnrealEngine4 (314)
[2019.09.10-04.11.07:386][619]LogModuleManager: Shutting down and abandoning module NetcodeUnitTest (312)
[2019.09.10-04.11.07:386][619]LogModuleManager: Shutting down and abandoning module MediaCompositing (310)
[2019.09.10-04.11.07:386][619]LogModuleManager: Shutting down and abandoning module LinearTimecode (308)
[2019.09.10-04.11.07:386][619]LogModuleManager: Shutting down and abandoning module ImgMedia (306)
[2019.09.10-04.11.07:386][619]LogModuleManager: Shutting down and abandoning module MagicLeapHelperVulkan (304)
[2019.09.10-04.11.07:386][619]LogModuleManager: Shutting down and abandoning module MagicLeapHelperOpenGL (302)
[2019.09.10-04.11.07:387][619]LogModuleManager: Shutting down and abandoning module MagicLeapAudio (300)
[2019.09.10-04.11.07:387][619]LogModuleManager: Shutting down and abandoning module HTML5Networking (298)
[2019.09.10-04.11.07:387][619]LogModuleManager: Shutting down and abandoning module GeometryCollectionExampleCore (296)
[2019.09.10-04.11.07:387][619]LogModuleManager: Shutting down and abandoning module GeometryCacheTracks (294)
[2019.09.10-04.11.07:387][619]LogModuleManager: Shutting down and abandoning module GeometryCacheSequencer (293)
[2019.09.10-04.11.07:387][619]LogModuleManager: Shutting down and abandoning module GeometryCache (290)
[2019.09.10-04.11.07:387][619]LogModuleManager: Shutting down and abandoning module GeometryCacheEd (289)
[2019.09.10-04.11.07:387][619]LogModuleManager: Shutting down and abandoning module BackChannel (286)
[2019.09.10-04.11.07:387][619]LogModuleManager: Shutting down and abandoning module AppleVision (284)
[2019.09.10-04.11.07:387][619]LogModuleManager: Shutting down and abandoning module AppleImageUtilsBlueprintSupport (282)
[2019.09.10-04.11.07:387][619]LogModuleManager: Shutting down and abandoning module AppleImageUtils (280)
[2019.09.10-04.11.07:387][619]LogModuleManager: Shutting down and abandoning module VariantManagerContent (278)
[2019.09.10-04.11.07:387][619]LogModuleManager: Shutting down and abandoning module CryptoKeysOpenSSL (276)
[2019.09.10-04.11.07:387][619]LogModuleManager: Shutting down and abandoning module CryptoKeys (274)
[2019.09.10-04.11.07:387][619]LogModuleManager: Shutting down and abandoning module VisualStudioSourceCodeAccess (272)
[2019.09.10-04.11.07:387][619]LogModuleManager: Shutting down and abandoning module HotReload (271)
[2019.09.10-04.11.07:387][619]LogModuleManager: Shutting down and abandoning module DirectoryWatcher (270)
[2019.09.10-04.11.07:387][619]LogModuleManager: Shutting down and abandoning module VisualStudioCodeSourceCodeAccess (266)
[2019.09.10-04.11.07:387][619]LogModuleManager: Shutting down and abandoning module UObjectPlugin (264)
[2019.09.10-04.11.07:387][619]LogModuleManager: Shutting down and abandoning module SubversionSourceControl (262)
[2019.09.10-04.11.07:387][619]LogModuleManager: Shutting down and abandoning module PerforceSourceControl (260)
[2019.09.10-04.11.07:387][619]LogModuleManager: Shutting down and abandoning module SourceControl (259)
[2019.09.10-04.11.07:387][619]LogModuleManager: Shutting down and abandoning module CLionSourceCodeAccess (256)
[2019.09.10-04.11.07:387][619]LogModuleManager: Shutting down and abandoning module ActorLayerUtilities (254)
[2019.09.10-04.11.07:387][619]LogModuleManager: Shutting down and abandoning module SignificanceManager (252)
[2019.09.10-04.11.07:387][619]LogModuleManager: Shutting down and abandoning module RuntimePhysXCooking (250)
[2019.09.10-04.11.07:387][619]LogModuleManager: Shutting down and abandoning module PhysXVehiclesEditor (248)
[2019.09.10-04.11.07:387][619]LogModuleManager: Shutting down and abandoning module PhysXVehicles (246)
[2019.09.10-04.11.07:387][619]LogModuleManager: Shutting down and abandoning module LocationServicesBPLibrary (244)
[2019.09.10-04.11.07:387][619]LogModuleManager: Shutting down and abandoning module ActorSequence (242)
[2019.09.10-04.11.07:387][619]LogModuleManager: Shutting down and abandoning module UdpMessaging (240)
[2019.09.10-04.11.07:387][619]LogModuleManager: Shutting down and abandoning module TcpMessaging (238)
[2019.09.10-04.11.07:387][619]LogModuleManager: Shutting down and abandoning module MagicLeapIdentity (236)
[2019.09.10-04.11.07:387][619]LogModuleManager: Shutting down and abandoning module MagicLeapSecureStorage (234)
[2019.09.10-04.11.07:387][619]LogModuleManager: Shutting down and abandoning module MagicLeapHandTracking (232)
[2019.09.10-04.11.07:387][619]LogModuleManager: Shutting down and abandoning module MagicLeapEyeTracker (230)
[2019.09.10-04.11.07:387][619]LogModuleManager: Shutting down and abandoning module MagicLeapController (228)
[2019.09.10-04.11.07:387][619]LogSlate: Slate User Destroyed.  User Index 0, Is Virtual User: 0
[2019.09.10-04.11.07:387][619]LogModuleManager: Shutting down and abandoning module MagicLeapAR (226)
[2019.09.10-04.11.07:387][619]LogModuleManager: Shutting down and abandoning module AugmentedReality (225)
[2019.09.10-04.11.07:388][619]LogModuleManager: Shutting down and abandoning module GameplayTagsEditor (222)
[2019.09.10-04.11.07:388][619]LogModuleManager: Shutting down and abandoning module FacialAnimation (220)
[2019.09.10-04.11.07:388][619]LogModuleManager: Shutting down and abandoning module DataValidation (218)
[2019.09.10-04.11.07:388][619]LogModuleManager: Shutting down and abandoning module AssetManagerEditor (216)
[2019.09.10-04.11.07:388][619]LogModuleManager: Shutting down and abandoning module TreeMap (215)
[2019.09.10-04.11.07:388][619]LogModuleManager: Shutting down and abandoning module AnimationSharing (212)
[2019.09.10-04.11.07:388][619]LogModuleManager: Shutting down and abandoning module LightPropagationVolumeRuntime (210)
[2019.09.10-04.11.07:388][619]LogModuleManager: Shutting down and abandoning module AISupportModule (208)
[2019.09.10-04.11.07:388][619]LogModuleManager: Shutting down and abandoning module Paper2D (206)
[2019.09.10-04.11.07:388][619]LogModuleManager: Shutting down and abandoning module WindowsMoviePlayer (204)
[2019.09.10-04.11.07:388][619]LogModuleManager: Shutting down and abandoning module WebMMoviePlayer (202)
[2019.09.10-04.11.07:388][619]LogModuleManager: Shutting down and abandoning module PacketHandler (200)
[2019.09.10-04.11.07:388][619]LogModuleManager: Shutting down and abandoning module ClothingSystemEditor (198)
[2019.09.10-04.11.07:388][619]LogModuleManager: Shutting down and abandoning module ClothingSystemRuntime (196)
[2019.09.10-04.11.07:388][619]LogModuleManager: Shutting down and abandoning module MediaAssets (194)
[2019.09.10-04.11.07:388][619]LogModuleManager: Shutting down and abandoning module Overlay (192)
[2019.09.10-04.11.07:388][619]LogModuleManager: Shutting down and abandoning module OverlayEditor (191)
[2019.09.10-04.11.07:388][619]LogModuleManager: Shutting down and abandoning module VREditor (188)
[2019.09.10-04.11.07:388][619]LogModuleManager: Shutting down and abandoning module StringTableEditor (186)
[2019.09.10-04.11.07:388][619]LogModuleManager: Shutting down and abandoning module GameplayTasksEditor (184)
[2019.09.10-04.11.07:388][619]LogModuleManager: Shutting down and abandoning module BehaviorTreeEditor (182)
[2019.09.10-04.11.07:388][619]LogModuleManager: Shutting down and abandoning module FunctionalTesting (180)
[2019.09.10-04.11.07:388][619]LogModuleManager: Shutting down and abandoning module CollisionAnalyzer (178)
[2019.09.10-04.11.07:388][619]LogModuleManager: Shutting down and abandoning module WorkspaceMenuStructure (177)
[2019.09.10-04.11.07:388][619]LogModuleManager: Shutting down and abandoning module UMG (174)
[2019.09.10-04.11.07:388][619]LogModuleManager: Shutting down and abandoning module UMGEditor (173)
[2019.09.10-04.11.07:388][619]LogModuleManager: Shutting down and abandoning module Sequencer (172)
[2019.09.10-04.11.07:388][619]LogModuleManager: Shutting down and abandoning module MessageLog (169)
[2019.09.10-04.11.07:388][619]LogModuleManager: Shutting down and abandoning module SlateReflector (164)
[2019.09.10-04.11.07:388][619]LogModuleManager: Shutting down and abandoning module Slate (162)
[2019.09.10-04.11.07:388][619]LogModuleManager: Shutting down and abandoning module EditorStyle (160)
[2019.09.10-04.11.07:390][619]LogModuleManager: Shutting down and abandoning module UnrealEd (158)
[2019.09.10-04.11.07:390][619]LogModuleManager: Shutting down and abandoning module MRMesh (156)
[2019.09.10-04.11.07:390][619]LogModuleManager: Shutting down and abandoning module Messaging (154)
[2019.09.10-04.11.07:390][619]LogModuleManager: Shutting down and abandoning module SourceCodeAccess (152)
[2019.09.10-04.11.07:390][619]LogModuleManager: Shutting down and abandoning module HeadMountedDisplay (150)
[2019.09.10-04.11.07:390][619]LogModuleManager: Shutting down and abandoning module XAudio2 (148)
[2019.09.10-04.11.07:390][619]LogModuleManager: Shutting down and abandoning module Networking (146)
[2019.09.10-04.11.07:390][619]LogModuleManager: Shutting down and abandoning module Core (144)
[2019.09.10-04.11.07:390][619]LogModuleManager: Shutting down and abandoning module KismetCompiler (142)
[2019.09.10-04.11.07:390][619]LogModuleManager: Shutting down and abandoning module MeshUtilities (140)
[2019.09.10-04.11.07:390][619]LogModuleManager: Shutting down and abandoning module MeshMergeUtilities (139)
[2019.09.10-04.11.07:390][619]LogModuleManager: Shutting down and abandoning module MeshReductionInterface (138)
[2019.09.10-04.11.07:390][619]LogModuleManager: Shutting down and abandoning module SkeletalMeshReduction (137)
[2019.09.10-04.11.07:390][619]LogModuleManager: Shutting down and abandoning module ProxyLODMeshReduction (135)
[2019.09.10-04.11.07:390][619]LogModuleManager: Shutting down and abandoning module QuadricMeshReduction (133)
[2019.09.10-04.11.07:390][619]LogModuleManager: Shutting down and abandoning module MaterialBaking (129)
[2019.09.10-04.11.07:390][619]LogModuleManager: Shutting down and abandoning module PIEPreviewDeviceProfileSelector (124)
[2019.09.10-04.11.07:390][619]LogModuleManager: Shutting down and abandoning module DerivedDataCache (122)
[2019.09.10-04.11.07:425][619]LogDerivedDataCache: Shutdown
[2019.09.10-04.11.07:425][619]LogModuleManager: Shutting down and abandoning module XGEController (120)
[2019.09.10-04.11.07:425][619]LogXGEController: Cleaning working directory: C:/Users/broki/AppData/Local/Temp/UnrealXGEWorkingDir/
[2019.09.10-04.11.07:425][619]LogModuleManager: Shutting down and abandoning module TargetPlatform (118)
[2019.09.10-04.11.07:425][619]LogModuleManager: Shutting down and abandoning module VulkanShaderFormat (117)
[2019.09.10-04.11.07:425][619]LogModuleManager: Shutting down and abandoning module ShaderFormatVectorVM (115)
[2019.09.10-04.11.07:425][619]LogModuleManager: Shutting down and abandoning module ShaderFormatOpenGL (113)
[2019.09.10-04.11.07:425][619]LogModuleManager: Shutting down and abandoning module ShaderFormatD3D (111)
[2019.09.10-04.11.07:425][619]LogModuleManager: Shutting down and abandoning module MetalShaderFormat (109)
[2019.09.10-04.11.07:426][619]LogModuleManager: Shutting down and abandoning module TextureFormatUncompressed (107)
[2019.09.10-04.11.07:426][619]LogModuleManager: Shutting down and abandoning module TextureFormatPVR (105)
[2019.09.10-04.11.07:426][619]LogModuleManager: Shutting down and abandoning module TextureFormatDXT (103)
[2019.09.10-04.11.07:426][619]LogModuleManager: Shutting down and abandoning module TextureFormatIntelISPCTexComp (101)
[2019.09.10-04.11.07:426][619]LogModuleManager: Shutting down and abandoning module TextureFormatASTC (99)
[2019.09.10-04.11.07:426][619]LogModuleManager: Shutting down and abandoning module ImageWrapper (98)
[2019.09.10-04.11.07:426][619]LogModuleManager: Shutting down and abandoning module TextureFormatAndroid (95)
[2019.09.10-04.11.07:426][619]LogModuleManager: Shutting down and abandoning module AudioFormatOpus (93)
[2019.09.10-04.11.07:426][619]LogModuleManager: Shutting down and abandoning module AudioFormatOgg (91)
[2019.09.10-04.11.07:426][619]LogModuleManager: Shutting down and abandoning module AudioFormatADPCM (89)
[2019.09.10-04.11.07:426][619]LogModuleManager: Shutting down and abandoning module WindowsTargetPlatform (87)
[2019.09.10-04.11.07:426][619]LogModuleManager: Shutting down and abandoning module WindowsServerTargetPlatform (85)
[2019.09.10-04.11.07:426][619]LogModuleManager: Shutting down and abandoning module WindowsNoEditorTargetPlatform (83)
[2019.09.10-04.11.07:426][619]LogModuleManager: Shutting down and abandoning module WindowsClientTargetPlatform (81)
[2019.09.10-04.11.07:426][619]LogModuleManager: Shutting down and abandoning module InputCore (78)
[2019.09.10-04.11.07:426][619]LogModuleManager: Shutting down and abandoning module Settings (76)
[2019.09.10-04.11.07:426][619]LogModuleManager: Shutting down and abandoning module PhysXCooking (74)
[2019.09.10-04.11.07:426][619]LogModuleManager: Shutting down and abandoning module SteamVR (72)
[2019.09.10-04.11.07:426][619]LogHMD: Freeing OpenVRDLLHandle.
[2019.09.10-04.11.07:426][619]LogModuleManager: Shutting down and abandoning module OculusHMD (70)
[2019.09.10-04.11.07:426][619]LogModuleManager: Shutting down and abandoning module ExampleDeviceProfileSelector (68)
[2019.09.10-04.11.07:426][619]LogModuleManager: Shutting down and abandoning module LauncherChunkInstaller (66)
[2019.09.10-04.11.07:426][619]LogModuleManager: Shutting down and abandoning module OnlineBlueprintSupport (64)
[2019.09.10-04.11.07:426][619]LogModuleManager: Shutting down and abandoning module OnlineSubsystem (60)
[2019.09.10-04.11.07:426][619]LogOnline: Display: STEAM: OnlineSubsystemSteam::Shutdown()
[2019.09.10-04.11.07:427][619]LogOnline: STEAM: AUTH: Revoking all tickets.
[2019.09.10-04.11.07:445][619]LogOnline: Display: STEAM: OnlineSubsystemSteam::Shutdown()
[2019.09.10-04.11.07:445][619]LogModuleManager: Shutting down and abandoning module XMPP (55)
[2019.09.10-04.11.07:445][619]LogModuleManager: Shutting down and abandoning module WebSockets (54)
[2019.09.10-04.11.07:470][619]LogModuleManager: Shutting down and abandoning module HTTP (51)
[2019.09.10-04.11.07:501][619]LogModuleManager: Shutting down and abandoning module SSL (50)
[2019.09.10-04.11.07:502][619]LogModuleManager: Shutting down and abandoning module WmfMedia (46)
[2019.09.10-04.11.07:503][619]LogModuleManager: Shutting down and abandoning module Media (45)
[2019.09.10-04.11.07:509][619]LogModuleManager: Shutting down and abandoning module MagicLeap (42)
[2019.09.10-04.11.07:509][619]LogModuleManager: Shutting down and abandoning module DatasmithContent (40)
[2019.09.10-04.11.07:510][619]LogModuleManager: Shutting down and abandoning module AnimationModifiers (38)
[2019.09.10-04.11.07:510][619]LogModuleManager: Shutting down and abandoning module PropertyEditor (37)
[2019.09.10-04.11.07:510][619]LogModuleManager: Shutting down and abandoning module AudioEditor (34)
[2019.09.10-04.11.07:510][619]LogModuleManager: Shutting down and abandoning module TextureCompressor (32)
[2019.09.10-04.11.07:510][619]LogModuleManager: Shutting down and abandoning module RenderCore (30)
[2019.09.10-04.11.07:510][619]LogModuleManager: Shutting down and abandoning module Landscape (28)
[2019.09.10-04.11.07:510][619]LogModuleManager: Shutting down and abandoning module SlateRHIRenderer (26)
[2019.09.10-04.11.07:510][619]LogModuleManager: Shutting down and abandoning module OpenGLDrv (24)
[2019.09.10-04.11.07:510][619]LogModuleManager: Shutting down and abandoning module D3D11RHI (22)
[2019.09.10-04.11.07:510][619]LogModuleManager: Shutting down and abandoning module AnimGraphRuntime (20)
[2019.09.10-04.11.07:510][619]LogModuleManager: Shutting down and abandoning module Renderer (18)
[2019.09.10-04.11.07:510][619]LogModuleManager: Shutting down and abandoning module Engine (16)
[2019.09.10-04.11.07:510][619]LogModuleManager: Shutting down and abandoning module CoreUObject (14)
[2019.09.10-04.11.07:511][619]LogModuleManager: Shutting down and abandoning module NetworkFile (12)
[2019.09.10-04.11.07:511][619]LogModuleManager: Shutting down and abandoning module CookedIterativeFile (10)
[2019.09.10-04.11.07:511][619]LogModuleManager: Shutting down and abandoning module StreamingFile (8)
[2019.09.10-04.11.07:511][619]LogModuleManager: Shutting down and abandoning module SandboxFile (6)
[2019.09.10-04.11.07:511][619]LogModuleManager: Shutting down and abandoning module PakFile (4)
[2019.09.10-04.11.07:511][619]LogModuleManager: Shutting down and abandoning module RSA (3)
[2019.09.10-04.11.07:516][619]LogExit: Exiting.
[2019.09.10-04.11.07:529][619]Log file closed, 09/09/19 21:11:07
